[ T-SED ]
    title = microdosimetric_spectra_water_photon_PHITS
     mesh =  reg            # mesh type is region-wise
      reg = 1
  se-type =    3            # se-mesh is log given by emin, emax and ne
     emin =  1.0000000E-02  # minimum value of e-mesh points
     emax =   10000.00      # maximum value of e-mesh points
#    edel =  7.6752836E-02  # mesh width of e-mesh points
       ne =  180            # number of e-mesh points
#    data = ( e(i), i = 1, ne + 1 )
#           1.00000E-02  1.07978E-02  1.16591E-02  1.25893E-02  1.35936E-02
#           1.46780E-02  1.58489E-02  1.71133E-02  1.84785E-02  1.99526E-02
#           2.15443E-02  2.32631E-02  2.51189E-02  2.71227E-02  2.92864E-02
#           3.16228E-02  3.41455E-02  3.68695E-02  3.98107E-02  4.29866E-02
#           4.64159E-02  5.01187E-02  5.41170E-02  5.84341E-02  6.30957E-02
#           6.81292E-02  7.35642E-02  7.94328E-02  8.57696E-02  9.26119E-02
#           1.00000E-01  1.07978E-01  1.16591E-01  1.25893E-01  1.35936E-01
#           1.46780E-01  1.58489E-01  1.71133E-01  1.84785E-01  1.99526E-01
#           2.15443E-01  2.32631E-01  2.51189E-01  2.71227E-01  2.92864E-01
#           3.16228E-01  3.41455E-01  3.68695E-01  3.98107E-01  4.29866E-01
#           4.64159E-01  5.01187E-01  5.41170E-01  5.84341E-01  6.30957E-01
#           6.81292E-01  7.35642E-01  7.94328E-01  8.57696E-01  9.26119E-01
#           1.00000E+00  1.07978E+00  1.16591E+00  1.25893E+00  1.35936E+00
#           1.46780E+00  1.58489E+00  1.71133E+00  1.84785E+00  1.99526E+00
#           2.15443E+00  2.32631E+00  2.51189E+00  2.71227E+00  2.92864E+00
#           3.16228E+00  3.41455E+00  3.68695E+00  3.98107E+00  4.29866E+00
#           4.64159E+00  5.01187E+00  5.41170E+00  5.84341E+00  6.30957E+00
#           6.81292E+00  7.35642E+00  7.94328E+00  8.57696E+00  9.26119E+00
#           1.00000E+01  1.07978E+01  1.16591E+01  1.25893E+01  1.35936E+01
#           1.46780E+01  1.58489E+01  1.71133E+01  1.84785E+01  1.99526E+01
#           2.15443E+01  2.32631E+01  2.51189E+01  2.71227E+01  2.92864E+01
#           3.16228E+01  3.41455E+01  3.68695E+01  3.98107E+01  4.29866E+01
#           4.64159E+01  5.01187E+01  5.41170E+01  5.84341E+01  6.30957E+01
#           6.81292E+01  7.35642E+01  7.94328E+01  8.57696E+01  9.26119E+01
#           1.00000E+02  1.07978E+02  1.16591E+02  1.25893E+02  1.35936E+02
#           1.46780E+02  1.58489E+02  1.71133E+02  1.84785E+02  1.99526E+02
#           2.15443E+02  2.32631E+02  2.51189E+02  2.71227E+02  2.92864E+02
#           3.16228E+02  3.41455E+02  3.68695E+02  3.98107E+02  4.29866E+02
#           4.64159E+02  5.01187E+02  5.41170E+02  5.84341E+02  6.30957E+02
#           6.81292E+02  7.35642E+02  7.94328E+02  8.57696E+02  9.26119E+02
#           1.00000E+03  1.07978E+03  1.16591E+03  1.25893E+03  1.35936E+03
#           1.46780E+03  1.58489E+03  1.71133E+03  1.84785E+03  1.99526E+03
#           2.15443E+03  2.32631E+03  2.51189E+03  2.71227E+03  2.92864E+03
#           3.16228E+03  3.41455E+03  3.68695E+03  3.98107E+03  4.29866E+03
#           4.64159E+03  5.01187E+03  5.41170E+03  5.84341E+03  6.30957E+03
#           6.81292E+03  7.35642E+03  7.94328E+03  8.57696E+03  9.26119E+03
#           1.00000E+04
  se-unit =    2            # se-unit is [keV/um]
     unit =    8            # unit is z*d(z) [Gy]
    model =    1            # (D=0) Model type 0:old, 1:new
    cdiam = -1.000000       # (D=1.0) diameter of target sphere [um]
   letmat =   -5            # (D=0) mat ID for LET, 0:real mat, <0: electron for H2O
 material =  all            # (D=all) number of specific material
     axis =  sed            # axis of output
     file = ydy_PMMA.out    # file name of output for the above axis
     part =  all      
# kf/name :  0        
#    used :        main (  %)        temp (  %)       total (  %)
#  memory :         183 (  0)           0 (  0)         183 (  0)

#------------------------------------------------------------------------------
#newpage:
#   no. =  1   reg =      1

x: y [keV/um]  
y: y*d(y) [keV/um]               
p: xlog ylog afac(0.8) form(0.9)
h: n            x            y(all     ),hh0l n  
#  sed-lwr      sed-upr        all       r.err 
   1.0000E-02   1.0798E-02   8.2121E-04  0.0016
   1.0798E-02   1.1659E-02   9.6446E-04  0.0016
   1.1659E-02   1.2589E-02   1.1333E-03  0.0016
   1.2589E-02   1.3594E-02   1.3326E-03  0.0016
   1.3594E-02   1.4678E-02   1.5679E-03  0.0016
   1.4678E-02   1.5849E-02   1.8461E-03  0.0016
   1.5849E-02   1.7113E-02   2.1752E-03  0.0016
   1.7113E-02   1.8478E-02   2.5651E-03  0.0016
   1.8478E-02   1.9953E-02   3.0275E-03  0.0016
   1.9953E-02   2.1544E-02   3.5765E-03  0.0016
   2.1544E-02   2.3263E-02   4.2292E-03  0.0016
   2.3263E-02   2.5119E-02   5.0063E-03  0.0016
   2.5119E-02   2.7123E-02   5.9327E-03  0.0016
   2.7123E-02   2.9286E-02   7.0389E-03  0.0016
   2.9286E-02   3.1623E-02   8.3619E-03  0.0015
   3.1623E-02   3.4145E-02   9.9466E-03  0.0015
   3.4145E-02   3.6869E-02   1.1848E-02  0.0015
   3.6869E-02   3.9811E-02   1.4133E-02  0.0015
   3.9811E-02   4.2987E-02   1.6884E-02  0.0015
   4.2987E-02   4.6416E-02   2.0200E-02  0.0015
   4.6416E-02   5.0119E-02   2.4203E-02  0.0015
   5.0119E-02   5.4117E-02   2.9039E-02  0.0015
   5.4117E-02   5.8434E-02   3.4875E-02  0.0015
   5.8434E-02   6.3096E-02   4.1881E-02  0.0015
   6.3096E-02   6.8129E-02   4.8868E-02  0.0015
   6.8129E-02   7.3564E-02   5.6356E-02  0.0015
   7.3564E-02   7.9433E-02   6.4818E-02  0.0015
   7.9433E-02   8.5770E-02   7.4206E-02  0.0015
   8.5770E-02   9.2612E-02   8.3588E-02  0.0015
   9.2612E-02   1.0000E-01   9.3524E-02  0.0016
   1.0000E-01   1.0798E-01   1.0354E-01  0.0016
   1.0798E-01   1.1659E-01   1.1385E-01  0.0016
   1.1659E-01   1.2589E-01   1.2435E-01  0.0017
   1.2589E-01   1.3594E-01   1.3472E-01  0.0017
   1.3594E-01   1.4678E-01   1.4444E-01  0.0018
   1.4678E-01   1.5849E-01   1.5346E-01  0.0019
   1.5849E-01   1.7113E-01   1.6153E-01  0.0021
   1.7113E-01   1.8478E-01   1.6834E-01  0.0023
   1.8478E-01   1.9953E-01   1.7363E-01  0.0025
   1.9953E-01   2.1544E-01   1.7709E-01  0.0029
   2.1544E-01   2.3263E-01   1.7826E-01  0.0034
   2.3263E-01   2.5119E-01   1.7719E-01  0.0040
   2.5119E-01   2.7123E-01   1.7390E-01  0.0048
   2.7123E-01   2.9286E-01   1.6812E-01  0.0056
   2.9286E-01   3.1623E-01   1.6028E-01  0.0065
   3.1623E-01   3.4145E-01   1.5090E-01  0.0075
   3.4145E-01   3.6869E-01   1.4055E-01  0.0088
   3.6869E-01   3.9811E-01   1.2992E-01  0.0103
   3.9811E-01   4.2987E-01   1.1978E-01  0.0119
   4.2987E-01   4.6416E-01   1.1086E-01  0.0136
   4.6416E-01   5.0119E-01   1.0385E-01  0.0153
   5.0119E-01   5.4117E-01   9.8894E-02  0.0167
   5.4117E-01   5.8434E-01   9.5860E-02  0.0177
   5.8434E-01   6.3096E-01   9.3888E-02  0.0184
   6.3096E-01   6.8129E-01   9.3204E-02  0.0186
   6.8129E-01   7.3564E-01   9.3575E-02  0.0185
   7.3564E-01   7.9433E-01   9.4791E-02  0.0180
   7.9433E-01   8.5770E-01   9.6540E-02  0.0174
   8.5770E-01   9.2612E-01   9.8353E-02  0.0167
   9.2612E-01   1.0000E+00   1.0006E-01  0.0162
   1.0000E+00   1.0798E+00   1.0156E-01  0.0158
   1.0798E+00   1.1659E+00   1.0274E-01  0.0157
   1.1659E+00   1.2589E+00   1.0335E-01  0.0154
   1.2589E+00   1.3594E+00   1.0371E-01  0.0151
   1.3594E+00   1.4678E+00   1.0408E-01  0.0149
   1.4678E+00   1.5849E+00   1.0478E-01  0.0147
   1.5849E+00   1.7113E+00   1.0607E-01  0.0144
   1.7113E+00   1.8478E+00   1.0814E-01  0.0141
   1.8478E+00   1.9953E+00   1.1109E-01  0.0137
   1.9953E+00   2.1544E+00   1.1492E-01  0.0131
   2.1544E+00   2.3263E+00   1.1952E-01  0.0126
   2.3263E+00   2.5119E+00   1.2468E-01  0.0120
   2.5119E+00   2.7123E+00   1.3016E-01  0.0115
   2.7123E+00   2.9286E+00   1.3568E-01  0.0110
   2.9286E+00   3.1623E+00   1.4097E-01  0.0106
   3.1623E+00   3.4145E+00   1.4577E-01  0.0104
   3.4145E+00   3.6869E+00   1.4983E-01  0.0102
   3.6869E+00   3.9811E+00   1.5297E-01  0.0101
   3.9811E+00   4.2987E+00   1.5502E-01  0.0100
   4.2987E+00   4.6416E+00   1.5583E-01  0.0100
   4.6416E+00   5.0119E+00   1.5530E-01  0.0101
   5.0119E+00   5.4117E+00   1.5337E-01  0.0101
   5.4117E+00   5.8434E+00   1.5005E-01  0.0103
   5.8434E+00   6.3096E+00   1.4542E-01  0.0105
   6.3096E+00   6.8129E+00   1.3964E-01  0.0107
   6.8129E+00   7.3564E+00   1.3293E-01  0.0112
   7.3564E+00   7.9433E+00   1.2557E-01  0.0118
   7.9433E+00   8.5770E+00   1.1788E-01  0.0126
   8.5770E+00   9.2612E+00   1.1019E-01  0.0136
   9.2612E+00   1.0000E+01   1.0282E-01  0.0149
   1.0000E+01   1.0798E+01   9.6032E-02  0.0165
   1.0798E+01   1.1659E+01   9.0040E-02  0.0183
   1.1659E+01   1.2589E+01   8.4973E-02  0.0202
   1.2589E+01   1.3594E+01   8.0871E-02  0.0222
   1.3594E+01   1.4678E+01   7.7681E-02  0.0242
   1.4678E+01   1.5849E+01   7.5288E-02  0.0261
   1.5849E+01   1.7113E+01   7.3576E-02  0.0279
   1.7113E+01   1.8478E+01   7.2493E-02  0.0295
   1.8478E+01   1.9953E+01   7.2056E-02  0.0311
   1.9953E+01   2.1544E+01   7.2299E-02  0.0326
   2.1544E+01   2.3263E+01   7.3216E-02  0.0340
   2.3263E+01   2.5119E+01   7.4776E-02  0.0353
   2.5119E+01   2.7123E+01   7.6920E-02  0.0365
   2.7123E+01   2.9286E+01   7.9529E-02  0.0375
   2.9286E+01   3.1623E+01   8.2405E-02  0.0382
   3.1623E+01   3.4145E+01   8.5387E-02  0.0389
   3.4145E+01   3.6869E+01   8.8599E-02  0.0396
   3.6869E+01   3.9811E+01   9.2294E-02  0.0404
   3.9811E+01   4.2987E+01   9.6529E-02  0.0412
   4.2987E+01   4.6416E+01   1.0134E-01  0.0420
   4.6416E+01   5.0119E+01   1.0663E-01  0.0427
   5.0119E+01   5.4117E+01   1.1213E-01  0.0435
   5.4117E+01   5.8434E+01   1.1801E-01  0.0443
   5.8434E+01   6.3096E+01   1.2354E-01  0.0453
   6.3096E+01   6.8129E+01   1.2737E-01  0.0467
   6.8129E+01   7.3564E+01   1.3025E-01  0.0487
   7.3564E+01   7.9433E+01   1.3263E-01  0.0510
   7.9433E+01   8.5770E+01   1.2969E-01  0.0535
   8.5770E+01   9.2612E+01   1.2168E-01  0.0568
   9.2612E+01   1.0000E+02   1.0900E-01  0.0609
   1.0000E+02   1.0798E+02   9.1759E-02  0.0667
   1.0798E+02   1.1659E+02   6.8085E-02  0.0725
   1.1659E+02   1.2589E+02   4.7398E-02  0.0898
   1.2589E+02   1.3594E+02   4.5212E-02  0.0979
   1.3594E+02   1.4678E+02   4.5762E-02  0.1012
   1.4678E+02   1.5849E+02   4.6212E-02  0.1040
   1.5849E+02   1.7113E+02   4.6289E-02  0.1060
   1.7113E+02   1.8478E+02   4.6751E-02  0.1099
   1.8478E+02   1.9953E+02   4.7605E-02  0.1130
   1.9953E+02   2.1544E+02   4.7979E-02  0.1154
   2.1544E+02   2.3263E+02   4.7738E-02  0.1170
   2.3263E+02   2.5119E+02   4.7733E-02  0.1184
   2.5119E+02   2.7123E+02   4.7901E-02  0.1211
   2.7123E+02   2.9286E+02   4.8501E-02  0.1233
   2.9286E+02   3.1623E+02   4.7460E-02  0.1226
   3.1623E+02   3.4145E+02   4.6080E-02  0.1270
   3.4145E+02   3.6869E+02   4.5699E-02  0.1343
   3.6869E+02   3.9811E+02   4.7125E-02  0.1402
   3.9811E+02   4.2987E+02   5.0277E-02  0.1446
   4.2987E+02   4.6416E+02   5.4740E-02  0.1495
   4.6416E+02   5.0119E+02   5.9822E-02  0.1560
   5.0119E+02   5.4117E+02   6.5630E-02  0.1624
   5.4117E+02   5.8434E+02   7.1670E-02  0.1678
   5.8434E+02   6.3096E+02   7.3937E-02  0.1737
   6.3096E+02   6.8129E+02   7.3402E-02  0.1800
   6.8129E+02   7.3564E+02   7.1883E-02  0.1865
   7.3564E+02   7.9433E+02   6.7574E-02  0.2014
   7.9433E+02   8.5770E+02   6.1028E-02  0.2185
   8.5770E+02   9.2612E+02   5.2104E-02  0.2449
   9.2612E+02   1.0000E+03   4.8727E-02  0.2626
   1.0000E+03   1.0798E+03   4.4297E-02  0.2877
   1.0798E+03   1.1659E+03   3.5861E-02  0.3116
   1.1659E+03   1.2589E+03   2.0146E-02  0.3832
   1.2589E+03   1.3594E+03   3.8886E-03  0.6501
   1.3594E+03   1.4678E+03   3.0880E-05  0.9749
   1.4678E+03   1.5849E+03   5.0104E-08  1.0000
   1.5849E+03   1.7113E+03   0.0000E+00  0.0000
   1.7113E+03   1.8478E+03   0.0000E+00  0.0000
   1.8478E+03   1.9953E+03   0.0000E+00  0.0000
   1.9953E+03   2.1544E+03   0.0000E+00  0.0000
   2.1544E+03   2.3263E+03   0.0000E+00  0.0000
   2.3263E+03   2.5119E+03   0.0000E+00  0.0000
   2.5119E+03   2.7123E+03   0.0000E+00  0.0000
   2.7123E+03   2.9286E+03   0.0000E+00  0.0000
   2.9286E+03   3.1623E+03   0.0000E+00  0.0000
   3.1623E+03   3.4145E+03   0.0000E+00  0.0000
   3.4145E+03   3.6869E+03   0.0000E+00  0.0000
   3.6869E+03   3.9811E+03   0.0000E+00  0.0000
   3.9811E+03   4.2987E+03   0.0000E+00  0.0000
   4.2987E+03   4.6416E+03   0.0000E+00  0.0000
   4.6416E+03   5.0119E+03   0.0000E+00  0.0000
   5.0119E+03   5.4117E+03   0.0000E+00  0.0000
   5.4117E+03   5.8434E+03   0.0000E+00  0.0000
   5.8434E+03   6.3096E+03   0.0000E+00  0.0000
   6.3096E+03   6.8129E+03   0.0000E+00  0.0000
   6.8129E+03   7.3564E+03   0.0000E+00  0.0000
   7.3564E+03   7.9433E+03   0.0000E+00  0.0000
   7.9433E+03   8.5770E+03   0.0000E+00  0.0000
   8.5770E+03   9.2612E+03   0.0000E+00  0.0000
   9.2612E+03   1.0000E+04   0.0000E+00  0.0000

#               Dose mean    7.2767E+01

'no. =  1,  reg  =      1'
msuc: {\huge microdosimetric_spectra_water_photon_PHITS}
msdr: {\it plotted by \ANGEL \version}
msdl: {\it calculated by \PHITS  3.33}
 
# Information for Restart Calculation
# This calculation was newly started
# istdev =  2 # 1:Batch variance, 2:History variance
# resc2  = 1.00000000000000000E+10 # Total source weight or Total source weight / maxcas
# resc3  = 1.00000000000000000E+10 # Total history number or Total batch number
# maxcas =   100000000 # History / Batch, only used for istdev=1
# bitrseed = 0010000011001111010110011001111001111011001011010111110001110101 # bit data of rseed
