[ T-SED ]
    title = microdosimetric_spectra_water_photon_PHITS
     mesh =  reg            # mesh type is region-wise
      reg = 1
  se-type =    3            # se-mesh is log given by emin, emax and ne
     emin =  1.0000000E-02  # minimum value of e-mesh points
     emax =   10000.00      # maximum value of e-mesh points
#    edel =  7.6752836E-02  # mesh width of e-mesh points
       ne =  180            # number of e-mesh points
#    data = ( e(i), i = 1, ne + 1 )
#           1.00000E-02  1.07978E-02  1.16591E-02  1.25893E-02  1.35936E-02
#           1.46780E-02  1.58489E-02  1.71133E-02  1.84785E-02  1.99526E-02
#           2.15443E-02  2.32631E-02  2.51189E-02  2.71227E-02  2.92864E-02
#           3.16228E-02  3.41455E-02  3.68695E-02  3.98107E-02  4.29866E-02
#           4.64159E-02  5.01187E-02  5.41170E-02  5.84341E-02  6.30957E-02
#           6.81292E-02  7.35642E-02  7.94328E-02  8.57696E-02  9.26119E-02
#           1.00000E-01  1.07978E-01  1.16591E-01  1.25893E-01  1.35936E-01
#           1.46780E-01  1.58489E-01  1.71133E-01  1.84785E-01  1.99526E-01
#           2.15443E-01  2.32631E-01  2.51189E-01  2.71227E-01  2.92864E-01
#           3.16228E-01  3.41455E-01  3.68695E-01  3.98107E-01  4.29866E-01
#           4.64159E-01  5.01187E-01  5.41170E-01  5.84341E-01  6.30957E-01
#           6.81292E-01  7.35642E-01  7.94328E-01  8.57696E-01  9.26119E-01
#           1.00000E+00  1.07978E+00  1.16591E+00  1.25893E+00  1.35936E+00
#           1.46780E+00  1.58489E+00  1.71133E+00  1.84785E+00  1.99526E+00
#           2.15443E+00  2.32631E+00  2.51189E+00  2.71227E+00  2.92864E+00
#           3.16228E+00  3.41455E+00  3.68695E+00  3.98107E+00  4.29866E+00
#           4.64159E+00  5.01187E+00  5.41170E+00  5.84341E+00  6.30957E+00
#           6.81292E+00  7.35642E+00  7.94328E+00  8.57696E+00  9.26119E+00
#           1.00000E+01  1.07978E+01  1.16591E+01  1.25893E+01  1.35936E+01
#           1.46780E+01  1.58489E+01  1.71133E+01  1.84785E+01  1.99526E+01
#           2.15443E+01  2.32631E+01  2.51189E+01  2.71227E+01  2.92864E+01
#           3.16228E+01  3.41455E+01  3.68695E+01  3.98107E+01  4.29866E+01
#           4.64159E+01  5.01187E+01  5.41170E+01  5.84341E+01  6.30957E+01
#           6.81292E+01  7.35642E+01  7.94328E+01  8.57696E+01  9.26119E+01
#           1.00000E+02  1.07978E+02  1.16591E+02  1.25893E+02  1.35936E+02
#           1.46780E+02  1.58489E+02  1.71133E+02  1.84785E+02  1.99526E+02
#           2.15443E+02  2.32631E+02  2.51189E+02  2.71227E+02  2.92864E+02
#           3.16228E+02  3.41455E+02  3.68695E+02  3.98107E+02  4.29866E+02
#           4.64159E+02  5.01187E+02  5.41170E+02  5.84341E+02  6.30957E+02
#           6.81292E+02  7.35642E+02  7.94328E+02  8.57696E+02  9.26119E+02
#           1.00000E+03  1.07978E+03  1.16591E+03  1.25893E+03  1.35936E+03
#           1.46780E+03  1.58489E+03  1.71133E+03  1.84785E+03  1.99526E+03
#           2.15443E+03  2.32631E+03  2.51189E+03  2.71227E+03  2.92864E+03
#           3.16228E+03  3.41455E+03  3.68695E+03  3.98107E+03  4.29866E+03
#           4.64159E+03  5.01187E+03  5.41170E+03  5.84341E+03  6.30957E+03
#           6.81292E+03  7.35642E+03  7.94328E+03  8.57696E+03  9.26119E+03
#           1.00000E+04
  se-unit =    2            # se-unit is [keV/um]
     unit =    8            # unit is z*d(z) [Gy]
    model =    1            # (D=0) Model type 0:old, 1:new
    cdiam = -1.000000       # (D=1.0) diameter of target sphere [um]
   letmat =   -5            # (D=0) mat ID for LET, 0:real mat, <0: electron for H2O
 material =  all            # (D=all) number of specific material
     axis =  sed            # axis of output
     file = ydy_PMMA.out    # file name of output for the above axis
     part =  all      
# kf/name :  0        
#    used :        main (  %)        temp (  %)       total (  %)
#  memory :         183 (  0)           0 (  0)         183 (  0)

#------------------------------------------------------------------------------
#newpage:
#   no. =  1   reg =      1

x: y [keV/um]  
y: y*d(y) [keV/um]               
p: xlog ylog afac(0.8) form(0.9)
h: n            x            y(all     ),hh0l n  
#  sed-lwr      sed-upr        all       r.err 
   1.0000E-02   1.0798E-02   8.1262E-06  0.0020
   1.0798E-02   1.1659E-02   9.5392E-06  0.0020
   1.1659E-02   1.2589E-02   1.1203E-05  0.0020
   1.2589E-02   1.3594E-02   1.3164E-05  0.0020
   1.3594E-02   1.4678E-02   1.5477E-05  0.0020
   1.4678E-02   1.5849E-02   1.8205E-05  0.0020
   1.5849E-02   1.7113E-02   2.1426E-05  0.0020
   1.7113E-02   1.8478E-02   2.5232E-05  0.0020
   1.8478E-02   1.9953E-02   2.9731E-05  0.0020
   1.9953E-02   2.1544E-02   3.5053E-05  0.0020
   2.1544E-02   2.3263E-02   4.1350E-05  0.0020
   2.3263E-02   2.5119E-02   4.8806E-05  0.0020
   2.5119E-02   2.7123E-02   5.7639E-05  0.0020
   2.7123E-02   2.9286E-02   6.8109E-05  0.0020
   2.9286E-02   3.1623E-02   8.0528E-05  0.0020
   3.1623E-02   3.4145E-02   9.5275E-05  0.0020
   3.4145E-02   3.6869E-02   1.1281E-04  0.0020
   3.6869E-02   3.9811E-02   1.3371E-04  0.0020
   3.9811E-02   4.2987E-02   1.5868E-04  0.0020
   4.2987E-02   4.6416E-02   1.8859E-04  0.0020
   4.6416E-02   5.0119E-02   2.2453E-04  0.0020
   5.0119E-02   5.4117E-02   2.6779E-04  0.0020
   5.4117E-02   5.8434E-02   3.1991E-04  0.0020
   5.8434E-02   6.3096E-02   3.8276E-04  0.0020
   6.3096E-02   6.8129E-02   4.5854E-04  0.0020
   6.8129E-02   7.3564E-02   5.5001E-04  0.0020
   7.3564E-02   7.9433E-02   6.6054E-04  0.0020
   7.9433E-02   8.5770E-02   7.9425E-04  0.0019
   8.5770E-02   9.2612E-02   9.5616E-04  0.0019
   9.2612E-02   1.0000E-01   1.1525E-03  0.0019
   1.0000E-01   1.0798E-01   1.3907E-03  0.0019
   1.0798E-01   1.1659E-01   1.6800E-03  0.0019
   1.1659E-01   1.2589E-01   2.0319E-03  0.0019
   1.2589E-01   1.3594E-01   2.4600E-03  0.0019
   1.3594E-01   1.4678E-01   2.9813E-03  0.0019
   1.4678E-01   1.5849E-01   3.6165E-03  0.0019
   1.5849E-01   1.7113E-01   4.3908E-03  0.0019
   1.7113E-01   1.8478E-01   5.3350E-03  0.0019
   1.8478E-01   1.9953E-01   6.4866E-03  0.0019
   1.9953E-01   2.1544E-01   7.8913E-03  0.0019
   2.1544E-01   2.3263E-01   9.6044E-03  0.0019
   2.3263E-01   2.5119E-01   1.1693E-02  0.0019
   2.5119E-01   2.7123E-01   1.4237E-02  0.0019
   2.7123E-01   2.9286E-01   1.7334E-02  0.0019
   2.9286E-01   3.1623E-01   2.1100E-02  0.0019
   3.1623E-01   3.4145E-01   2.5670E-02  0.0019
   3.4145E-01   3.6869E-01   3.1208E-02  0.0019
   3.6869E-01   3.9811E-01   3.7900E-02  0.0019
   3.9811E-01   4.2987E-01   4.5964E-02  0.0019
   4.2987E-01   4.6416E-01   5.5645E-02  0.0019
   4.6416E-01   5.0119E-01   6.7219E-02  0.0019
   5.0119E-01   5.4117E-01   8.0984E-02  0.0019
   5.4117E-01   5.8434E-01   9.7254E-02  0.0019
   5.8434E-01   6.3096E-01   1.1635E-01  0.0019
   6.3096E-01   6.8129E-01   1.3856E-01  0.0019
   6.8129E-01   7.3564E-01   1.6415E-01  0.0019
   7.3564E-01   7.9433E-01   1.9327E-01  0.0019
   7.9433E-01   8.5770E-01   2.2596E-01  0.0019
   8.5770E-01   9.2612E-01   2.6207E-01  0.0019
   9.2612E-01   1.0000E+00   3.0118E-01  0.0019
   1.0000E+00   1.0798E+00   3.4259E-01  0.0019
   1.0798E+00   1.1659E+00   3.8525E-01  0.0019
   1.1659E+00   1.2589E+00   4.2774E-01  0.0019
   1.2589E+00   1.3594E+00   4.6834E-01  0.0019
   1.3594E+00   1.4678E+00   5.0505E-01  0.0019
   1.4678E+00   1.5849E+00   5.3580E-01  0.0019
   1.5849E+00   1.7113E+00   5.5863E-01  0.0019
   1.7113E+00   1.8478E+00   5.7192E-01  0.0019
   1.8478E+00   1.9953E+00   5.7465E-01  0.0019
   1.9953E+00   2.1544E+00   5.6653E-01  0.0019
   2.1544E+00   2.3263E+00   5.4817E-01  0.0019
   2.3263E+00   2.5119E+00   5.2099E-01  0.0019
   2.5119E+00   2.7123E+00   4.8708E-01  0.0019
   2.7123E+00   2.9286E+00   4.4897E-01  0.0019
   2.9286E+00   3.1623E+00   4.0932E-01  0.0019
   3.1623E+00   3.4145E+00   3.7057E-01  0.0019
   3.4145E+00   3.6869E+00   3.3472E-01  0.0019
   3.6869E+00   3.9811E+00   3.0311E-01  0.0019
   3.9811E+00   4.2987E+00   2.7633E-01  0.0019
   4.2987E+00   4.6416E+00   2.5428E-01  0.0020
   4.6416E+00   5.0119E+00   2.3628E-01  0.0020
   5.0119E+00   5.4117E+00   2.2130E-01  0.0020
   5.4117E+00   5.8434E+00   2.0813E-01  0.0020
   5.8434E+00   6.3096E+00   1.9565E-01  0.0021
   6.3096E+00   6.8129E+00   1.8295E-01  0.0021
   6.8129E+00   7.3564E+00   1.6943E-01  0.0021
   7.3564E+00   7.9433E+00   1.5485E-01  0.0022
   7.9433E+00   8.5770E+00   1.3923E-01  0.0023
   8.5770E+00   9.2612E+00   1.2287E-01  0.0024
   9.2612E+00   1.0000E+01   1.0620E-01  0.0026
   1.0000E+01   1.0798E+01   8.9747E-02  0.0029
   1.0798E+01   1.1659E+01   7.4024E-02  0.0033
   1.1659E+01   1.2589E+01   5.9505E-02  0.0040
   1.2589E+01   1.3594E+01   4.6556E-02  0.0050
   1.3594E+01   1.4678E+01   3.5412E-02  0.0066
   1.4678E+01   1.5849E+01   2.6167E-02  0.0090
   1.5849E+01   1.7113E+01   1.8781E-02  0.0125
   1.7113E+01   1.8478E+01   1.3106E-02  0.0179
   1.8478E+01   1.9953E+01   8.9140E-03  0.0260
   1.9953E+01   2.1544E+01   5.9325E-03  0.0381
   2.1544E+01   2.3263E+01   3.8816E-03  0.0557
   2.3263E+01   2.5119E+01   2.5135E-03  0.0811
   2.5119E+01   2.7123E+01   1.6339E-03  0.1193
   2.7123E+01   2.9286E+01   1.0912E-03  0.1723
   2.9286E+01   3.1623E+01   7.6212E-04  0.2301
   3.1623E+01   3.4145E+01   5.6404E-04  0.2862
   3.4145E+01   3.6869E+01   4.6155E-04  0.3488
   3.6869E+01   3.9811E+01   4.3536E-04  0.4025
   3.9811E+01   4.2987E+01   4.5482E-04  0.4287
   4.2987E+01   4.6416E+01   4.9399E-04  0.4270
   4.6416E+01   5.0119E+01   5.2730E-04  0.4260
   5.0119E+01   5.4117E+01   5.7967E-04  0.4312
   5.4117E+01   5.8434E+01   6.6542E-04  0.4271
   5.8434E+01   6.3096E+01   7.7062E-04  0.4173
   6.3096E+01   6.8129E+01   8.6866E-04  0.4110
   6.8129E+01   7.3564E+01   9.4490E-04  0.4122
   7.3564E+01   7.9433E+01   1.0345E-03  0.4108
   7.9433E+01   8.5770E+01   1.1547E-03  0.4071
   8.5770E+01   9.2612E+01   1.3198E-03  0.3997
   9.2612E+01   1.0000E+02   1.5367E-03  0.3894
   1.0000E+02   1.0798E+02   1.7983E-03  0.3780
   1.0798E+02   1.1659E+02   1.9822E-03  0.3640
   1.1659E+02   1.2589E+02   2.1273E-03  0.3805
   1.2589E+02   1.3594E+02   2.5361E-03  0.3827
   1.3594E+02   1.4678E+02   2.9524E-03  0.3819
   1.4678E+02   1.5849E+02   3.1496E-03  0.3870
   1.5849E+02   1.7113E+02   3.2110E-03  0.4085
   1.7113E+02   1.8478E+02   3.3353E-03  0.4232
   1.8478E+02   1.9953E+02   3.1467E-03  0.4470
   1.9953E+02   2.1544E+02   2.6191E-03  0.4674
   2.1544E+02   2.3263E+02   2.1950E-03  0.5436
   2.3263E+02   2.5119E+02   2.4955E-03  0.5810
   2.5119E+02   2.7123E+02   2.9886E-03  0.5897
   2.7123E+02   2.9286E+02   3.2354E-03  0.5981
   2.9286E+02   3.1623E+02   2.1489E-03  0.6817
   3.1623E+02   3.4145E+02   9.3458E-04  0.8545
   3.4145E+02   3.6869E+02   8.0031E-04  0.9966
   3.6869E+02   3.9811E+02   7.9835E-04  1.0000
   3.9811E+02   4.2987E+02   7.8304E-04  1.0000
   4.2987E+02   4.6416E+02   7.4632E-04  1.0000
   4.6416E+02   5.0119E+02   6.8119E-04  1.0000
   5.0119E+02   5.4117E+02   5.7875E-04  1.0000
   5.4117E+02   5.8434E+02   4.2775E-04  1.0000
   5.8434E+02   6.3096E+02   2.1675E-04  1.0000
   6.3096E+02   6.8129E+02   2.4174E-05  1.0000
   6.8129E+02   7.3564E+02   4.3909E-07  1.0000
   7.3564E+02   7.9433E+02   4.7078E-09  1.0000
   7.9433E+02   8.5770E+02   0.0000E+00  0.0000
   8.5770E+02   9.2612E+02   0.0000E+00  0.0000
   9.2612E+02   1.0000E+03   0.0000E+00  0.0000
   1.0000E+03   1.0798E+03   0.0000E+00  0.0000
   1.0798E+03   1.1659E+03   0.0000E+00  0.0000
   1.1659E+03   1.2589E+03   0.0000E+00  0.0000
   1.2589E+03   1.3594E+03   0.0000E+00  0.0000
   1.3594E+03   1.4678E+03   0.0000E+00  0.0000
   1.4678E+03   1.5849E+03   0.0000E+00  0.0000
   1.5849E+03   1.7113E+03   0.0000E+00  0.0000
   1.7113E+03   1.8478E+03   0.0000E+00  0.0000
   1.8478E+03   1.9953E+03   0.0000E+00  0.0000
   1.9953E+03   2.1544E+03   0.0000E+00  0.0000
   2.1544E+03   2.3263E+03   0.0000E+00  0.0000
   2.3263E+03   2.5119E+03   0.0000E+00  0.0000
   2.5119E+03   2.7123E+03   0.0000E+00  0.0000
   2.7123E+03   2.9286E+03   0.0000E+00  0.0000
   2.9286E+03   3.1623E+03   0.0000E+00  0.0000
   3.1623E+03   3.4145E+03   0.0000E+00  0.0000
   3.4145E+03   3.6869E+03   0.0000E+00  0.0000
   3.6869E+03   3.9811E+03   0.0000E+00  0.0000
   3.9811E+03   4.2987E+03   0.0000E+00  0.0000
   4.2987E+03   4.6416E+03   0.0000E+00  0.0000
   4.6416E+03   5.0119E+03   0.0000E+00  0.0000
   5.0119E+03   5.4117E+03   0.0000E+00  0.0000
   5.4117E+03   5.8434E+03   0.0000E+00  0.0000
   5.8434E+03   6.3096E+03   0.0000E+00  0.0000
   6.3096E+03   6.8129E+03   0.0000E+00  0.0000
   6.8129E+03   7.3564E+03   0.0000E+00  0.0000
   7.3564E+03   7.9433E+03   0.0000E+00  0.0000
   7.9433E+03   8.5770E+03   0.0000E+00  0.0000
   8.5770E+03   9.2612E+03   0.0000E+00  0.0000
   9.2612E+03   1.0000E+04   0.0000E+00  0.0000

#               Dose mean    4.7390E+00

'no. =  1,  reg  =      1'
msuc: {\huge microdosimetric_spectra_water_photon_PHITS}
msdr: {\it plotted by \ANGEL \version}
msdl: {\it calculated by \PHITS  3.32}
 
# Information for Restart Calculation
# This calculation was newly started
# istdev =  2 # 1:Batch variance, 2:History variance
# resc2  = 1.00000000000000000E+06 # Total source weight or Total source weight / maxcas
# resc3  = 1.00000000000000000E+06 # Total history number or Total batch number
# maxcas =      100000 # History / Batch, only used for istdev=1
# bitrseed = 0101101000001110011101111011110101001001010001111010111000101101 # bit data of rseed
