[ T-SED ]
    title = microdosimetric_spectra_water_photon_PHITS
     mesh =  reg            # mesh type is region-wise
      reg = 1
  se-type =    3            # se-mesh is log given by emin, emax and ne
     emin =  1.0000000E-02  # minimum value of e-mesh points
     emax =   10000.00      # maximum value of e-mesh points
#    edel =  7.6752836E-02  # mesh width of e-mesh points
       ne =  180            # number of e-mesh points
#    data = ( e(i), i = 1, ne + 1 )
#           1.00000E-02  1.07978E-02  1.16591E-02  1.25893E-02  1.35936E-02
#           1.46780E-02  1.58489E-02  1.71133E-02  1.84785E-02  1.99526E-02
#           2.15443E-02  2.32631E-02  2.51189E-02  2.71227E-02  2.92864E-02
#           3.16228E-02  3.41455E-02  3.68695E-02  3.98107E-02  4.29866E-02
#           4.64159E-02  5.01187E-02  5.41170E-02  5.84341E-02  6.30957E-02
#           6.81292E-02  7.35642E-02  7.94328E-02  8.57696E-02  9.26119E-02
#           1.00000E-01  1.07978E-01  1.16591E-01  1.25893E-01  1.35936E-01
#           1.46780E-01  1.58489E-01  1.71133E-01  1.84785E-01  1.99526E-01
#           2.15443E-01  2.32631E-01  2.51189E-01  2.71227E-01  2.92864E-01
#           3.16228E-01  3.41455E-01  3.68695E-01  3.98107E-01  4.29866E-01
#           4.64159E-01  5.01187E-01  5.41170E-01  5.84341E-01  6.30957E-01
#           6.81292E-01  7.35642E-01  7.94328E-01  8.57696E-01  9.26119E-01
#           1.00000E+00  1.07978E+00  1.16591E+00  1.25893E+00  1.35936E+00
#           1.46780E+00  1.58489E+00  1.71133E+00  1.84785E+00  1.99526E+00
#           2.15443E+00  2.32631E+00  2.51189E+00  2.71227E+00  2.92864E+00
#           3.16228E+00  3.41455E+00  3.68695E+00  3.98107E+00  4.29866E+00
#           4.64159E+00  5.01187E+00  5.41170E+00  5.84341E+00  6.30957E+00
#           6.81292E+00  7.35642E+00  7.94328E+00  8.57696E+00  9.26119E+00
#           1.00000E+01  1.07978E+01  1.16591E+01  1.25893E+01  1.35936E+01
#           1.46780E+01  1.58489E+01  1.71133E+01  1.84785E+01  1.99526E+01
#           2.15443E+01  2.32631E+01  2.51189E+01  2.71227E+01  2.92864E+01
#           3.16228E+01  3.41455E+01  3.68695E+01  3.98107E+01  4.29866E+01
#           4.64159E+01  5.01187E+01  5.41170E+01  5.84341E+01  6.30957E+01
#           6.81292E+01  7.35642E+01  7.94328E+01  8.57696E+01  9.26119E+01
#           1.00000E+02  1.07978E+02  1.16591E+02  1.25893E+02  1.35936E+02
#           1.46780E+02  1.58489E+02  1.71133E+02  1.84785E+02  1.99526E+02
#           2.15443E+02  2.32631E+02  2.51189E+02  2.71227E+02  2.92864E+02
#           3.16228E+02  3.41455E+02  3.68695E+02  3.98107E+02  4.29866E+02
#           4.64159E+02  5.01187E+02  5.41170E+02  5.84341E+02  6.30957E+02
#           6.81292E+02  7.35642E+02  7.94328E+02  8.57696E+02  9.26119E+02
#           1.00000E+03  1.07978E+03  1.16591E+03  1.25893E+03  1.35936E+03
#           1.46780E+03  1.58489E+03  1.71133E+03  1.84785E+03  1.99526E+03
#           2.15443E+03  2.32631E+03  2.51189E+03  2.71227E+03  2.92864E+03
#           3.16228E+03  3.41455E+03  3.68695E+03  3.98107E+03  4.29866E+03
#           4.64159E+03  5.01187E+03  5.41170E+03  5.84341E+03  6.30957E+03
#           6.81292E+03  7.35642E+03  7.94328E+03  8.57696E+03  9.26119E+03
#           1.00000E+04
  se-unit =    2            # se-unit is [keV/um]
     unit =    8            # unit is z*d(z) [Gy]
    model =    1            # (D=0) Model type 0:old, 1:new
    cdiam = -1.000000       # (D=1.0) diameter of target sphere [um]
   letmat =   -5            # (D=0) mat ID for LET, 0:real mat, <0: electron for H2O
 material =  all            # (D=all) number of specific material
     axis =  sed            # axis of output
     file = ydy_gold.out    # file name of output for the above axis
     part =  all      
# kf/name :  0        
#    used :        main (  %)        temp (  %)       total (  %)
#  memory :         183 (  0)           0 (  0)         183 (  0)

#------------------------------------------------------------------------------
#newpage:
#   no. =  1   reg =      1

x: y [keV/um]  
y: y*d(y) [keV/um]               
p: xlog ylog afac(0.8) form(0.9)
h: n            x            y(all     ),hh0l n  
#  sed-lwr      sed-upr        all       r.err 
   1.0000E-02   1.0798E-02   8.7844E-06  0.0020
   1.0798E-02   1.1659E-02   1.0315E-05  0.0020
   1.1659E-02   1.2589E-02   1.2119E-05  0.0020
   1.2589E-02   1.3594E-02   1.4246E-05  0.0020
   1.3594E-02   1.4678E-02   1.6754E-05  0.0020
   1.4678E-02   1.5849E-02   1.9714E-05  0.0020
   1.5849E-02   1.7113E-02   2.3210E-05  0.0020
   1.7113E-02   1.8478E-02   2.7340E-05  0.0020
   1.8478E-02   1.9953E-02   3.2220E-05  0.0020
   1.9953E-02   2.1544E-02   3.7989E-05  0.0020
   2.1544E-02   2.3263E-02   4.4810E-05  0.0020
   2.3263E-02   2.5119E-02   5.2874E-05  0.0020
   2.5119E-02   2.7123E-02   6.2409E-05  0.0020
   2.7123E-02   2.9286E-02   7.3684E-05  0.0020
   2.9286E-02   3.1623E-02   8.7022E-05  0.0020
   3.1623E-02   3.4145E-02   1.0282E-04  0.0020
   3.4145E-02   3.6869E-02   1.2155E-04  0.0020
   3.6869E-02   3.9811E-02   1.4385E-04  0.0020
   3.9811E-02   4.2987E-02   1.7048E-04  0.0020
   4.2987E-02   4.6416E-02   2.0244E-04  0.0020
   4.6416E-02   5.0119E-02   2.4095E-04  0.0020
   5.0119E-02   5.4117E-02   2.8747E-04  0.0020
   5.4117E-02   5.8434E-02   3.4373E-04  0.0020
   5.8434E-02   6.3096E-02   4.1174E-04  0.0020
   6.3096E-02   6.8129E-02   4.9389E-04  0.0020
   6.8129E-02   7.3564E-02   5.9316E-04  0.0020
   7.3564E-02   7.9433E-02   7.1327E-04  0.0020
   7.9433E-02   8.5770E-02   8.5875E-04  0.0020
   8.5770E-02   9.2612E-02   1.0351E-03  0.0020
   9.2612E-02   1.0000E-01   1.2491E-03  0.0019
   1.0000E-01   1.0798E-01   1.5090E-03  0.0019
   1.0798E-01   1.1659E-01   1.8251E-03  0.0019
   1.1659E-01   1.2589E-01   2.2097E-03  0.0019
   1.2589E-01   1.3594E-01   2.6781E-03  0.0019
   1.3594E-01   1.4678E-01   3.2488E-03  0.0019
   1.4678E-01   1.5849E-01   3.9446E-03  0.0019
   1.5849E-01   1.7113E-01   4.7933E-03  0.0019
   1.7113E-01   1.8478E-01   5.8286E-03  0.0019
   1.8478E-01   1.9953E-01   7.0917E-03  0.0019
   1.9953E-01   2.1544E-01   8.6326E-03  0.0019
   2.1544E-01   2.3263E-01   1.0512E-02  0.0019
   2.3263E-01   2.5119E-01   1.2802E-02  0.0019
   2.5119E-01   2.7123E-01   1.5591E-02  0.0019
   2.7123E-01   2.9286E-01   1.8984E-02  0.0019
   2.9286E-01   3.1623E-01   2.3105E-02  0.0019
   3.1623E-01   3.4145E-01   2.8100E-02  0.0019
   3.4145E-01   3.6869E-01   3.4143E-02  0.0019
   3.6869E-01   3.9811E-01   4.1429E-02  0.0019
   3.9811E-01   4.2987E-01   5.0186E-02  0.0019
   4.2987E-01   4.6416E-01   6.0667E-02  0.0019
   4.6416E-01   5.0119E-01   7.3148E-02  0.0019
   5.0119E-01   5.4117E-01   8.7923E-02  0.0019
   5.4117E-01   5.8434E-01   1.0529E-01  0.0019
   5.8434E-01   6.3096E-01   1.2555E-01  0.0019
   6.3096E-01   6.8129E-01   1.4894E-01  0.0019
   6.8129E-01   7.3564E-01   1.7566E-01  0.0019
   7.3564E-01   7.9433E-01   2.0578E-01  0.0019
   7.9433E-01   8.5770E-01   2.3924E-01  0.0019
   8.5770E-01   9.2612E-01   2.7576E-01  0.0019
   9.2612E-01   1.0000E+00   3.1482E-01  0.0019
   1.0000E+00   1.0798E+00   3.5561E-01  0.0019
   1.0798E+00   1.1659E+00   3.9702E-01  0.0019
   1.1659E+00   1.2589E+00   4.3762E-01  0.0019
   1.2589E+00   1.3594E+00   4.7573E-01  0.0019
   1.3594E+00   1.4678E+00   5.0950E-01  0.0019
   1.4678E+00   1.5849E+00   5.3704E-01  0.0019
   1.5849E+00   1.7113E+00   5.5662E-01  0.0019
   1.7113E+00   1.8478E+00   5.6688E-01  0.0019
   1.8478E+00   1.9953E+00   5.6701E-01  0.0019
   1.9953E+00   2.1544E+00   5.5692E-01  0.0019
   2.1544E+00   2.3263E+00   5.3731E-01  0.0019
   2.3263E+00   2.5119E+00   5.0961E-01  0.0019
   2.5119E+00   2.7123E+00   4.7587E-01  0.0019
   2.7123E+00   2.9286E+00   4.3850E-01  0.0019
   2.9286E+00   3.1623E+00   3.9996E-01  0.0019
   3.1623E+00   3.4145E+00   3.6255E-01  0.0019
   3.4145E+00   3.6869E+00   3.2808E-01  0.0019
   3.6869E+00   3.9811E+00   2.9775E-01  0.0019
   3.9811E+00   4.2987E+00   2.7205E-01  0.0019
   4.2987E+00   4.6416E+00   2.5085E-01  0.0019
   4.6416E+00   5.0119E+00   2.3343E-01  0.0019
   5.0119E+00   5.4117E+00   2.1878E-01  0.0019
   5.4117E+00   5.8434E+00   2.0573E-01  0.0020
   5.8434E+00   6.3096E+00   1.9323E-01  0.0020
   6.3096E+00   6.8129E+00   1.8041E-01  0.0020
   6.8129E+00   7.3564E+00   1.6672E-01  0.0020
   7.3564E+00   7.9433E+00   1.5197E-01  0.0021
   7.9433E+00   8.5770E+00   1.3622E-01  0.0022
   8.5770E+00   9.2612E+00   1.1977E-01  0.0022
   9.2612E+00   1.0000E+01   1.0309E-01  0.0024
   1.0000E+01   1.0798E+01   8.6695E-02  0.0026
   1.0798E+01   1.1659E+01   7.1098E-02  0.0029
   1.1659E+01   1.2589E+01   5.6760E-02  0.0034
   1.2589E+01   1.3594E+01   4.4034E-02  0.0041
   1.3594E+01   1.4678E+01   3.3142E-02  0.0052
   1.4678E+01   1.5849E+01   2.4169E-02  0.0071
   1.5849E+01   1.7113E+01   1.7065E-02  0.0100
   1.7113E+01   1.8478E+01   1.1675E-02  0.0147
   1.8478E+01   1.9953E+01   7.7658E-03  0.0227
   1.9953E+01   2.1544E+01   5.0632E-03  0.0364
   2.1544E+01   2.3263E+01   3.2897E-03  0.0599
   2.3263E+01   2.5119E+01   2.1903E-03  0.0976
   2.5119E+01   2.7123E+01   1.5475E-03  0.1488
   2.7123E+01   2.9286E+01   1.1849E-03  0.2030
   2.9286E+01   3.1623E+01   9.6972E-04  0.2473
   3.1623E+01   3.4145E+01   8.2448E-04  0.2817
   3.4145E+01   3.6869E+01   7.3200E-04  0.3202
   3.6869E+01   3.9811E+01   6.9905E-04  0.3616
   3.9811E+01   4.2987E+01   6.9393E-04  0.3899
   4.2987E+01   4.6416E+01   6.8327E-04  0.4107
   4.6416E+01   5.0119E+01   6.6697E-04  0.4321
   5.0119E+01   5.4117E+01   6.5107E-04  0.4474
   5.4117E+01   5.8434E+01   6.7414E-04  0.4742
   5.8434E+01   6.3096E+01   7.3219E-04  0.4932
   6.3096E+01   6.8129E+01   7.9175E-04  0.5162
   6.8129E+01   7.3564E+01   8.8028E-04  0.5277
   7.3564E+01   7.9433E+01   9.7160E-04  0.5327
   7.9433E+01   8.5770E+01   1.0443E-03  0.5472
   8.5770E+01   9.2612E+01   1.1250E-03  0.5701
   9.2612E+01   1.0000E+02   1.2482E-03  0.5850
   1.0000E+02   1.0798E+02   1.3485E-03  0.5824
   1.0798E+02   1.1659E+02   1.2279E-03  0.5901
   1.1659E+02   1.2589E+02   1.1347E-03  0.6959
   1.2589E+02   1.3594E+02   1.3003E-03  0.7242
   1.3594E+02   1.4678E+02   1.4844E-03  0.7302
   1.4678E+02   1.5849E+02   1.4797E-03  0.7196
   1.5849E+02   1.7113E+02   1.2933E-03  0.7074
   1.7113E+02   1.8478E+02   1.2176E-03  0.7071
   1.8478E+02   1.9953E+02   1.0083E-03  0.7243
   1.9953E+02   2.1544E+02   7.4422E-04  0.9104
   2.1544E+02   2.3263E+02   8.3300E-04  0.9928
   2.3263E+02   2.5119E+02   1.0394E-03  0.9996
   2.5119E+02   2.7123E+02   1.3036E-03  1.0000
   2.7123E+02   2.9286E+02   1.4928E-03  1.0000
   2.9286E+02   3.1623E+02   5.5257E-04  1.0000
   3.1623E+02   3.4145E+02   2.0172E-05  1.0000
   3.4145E+02   3.6869E+02   3.2825E-07  1.0000
   3.6869E+02   3.9811E+02   3.2958E-09  1.0000
   3.9811E+02   4.2987E+02   0.0000E+00  0.0000
   4.2987E+02   4.6416E+02   0.0000E+00  0.0000
   4.6416E+02   5.0119E+02   0.0000E+00  0.0000
   5.0119E+02   5.4117E+02   0.0000E+00  0.0000
   5.4117E+02   5.8434E+02   0.0000E+00  0.0000
   5.8434E+02   6.3096E+02   0.0000E+00  0.0000
   6.3096E+02   6.8129E+02   0.0000E+00  0.0000
   6.8129E+02   7.3564E+02   0.0000E+00  0.0000
   7.3564E+02   7.9433E+02   0.0000E+00  0.0000
   7.9433E+02   8.5770E+02   0.0000E+00  0.0000
   8.5770E+02   9.2612E+02   0.0000E+00  0.0000
   9.2612E+02   1.0000E+03   0.0000E+00  0.0000
   1.0000E+03   1.0798E+03   0.0000E+00  0.0000
   1.0798E+03   1.1659E+03   0.0000E+00  0.0000
   1.1659E+03   1.2589E+03   0.0000E+00  0.0000
   1.2589E+03   1.3594E+03   0.0000E+00  0.0000
   1.3594E+03   1.4678E+03   0.0000E+00  0.0000
   1.4678E+03   1.5849E+03   0.0000E+00  0.0000
   1.5849E+03   1.7113E+03   0.0000E+00  0.0000
   1.7113E+03   1.8478E+03   0.0000E+00  0.0000
   1.8478E+03   1.9953E+03   0.0000E+00  0.0000
   1.9953E+03   2.1544E+03   0.0000E+00  0.0000
   2.1544E+03   2.3263E+03   0.0000E+00  0.0000
   2.3263E+03   2.5119E+03   0.0000E+00  0.0000
   2.5119E+03   2.7123E+03   0.0000E+00  0.0000
   2.7123E+03   2.9286E+03   0.0000E+00  0.0000
   2.9286E+03   3.1623E+03   0.0000E+00  0.0000
   3.1623E+03   3.4145E+03   0.0000E+00  0.0000
   3.4145E+03   3.6869E+03   0.0000E+00  0.0000
   3.6869E+03   3.9811E+03   0.0000E+00  0.0000
   3.9811E+03   4.2987E+03   0.0000E+00  0.0000
   4.2987E+03   4.6416E+03   0.0000E+00  0.0000
   4.6416E+03   5.0119E+03   0.0000E+00  0.0000
   5.0119E+03   5.4117E+03   0.0000E+00  0.0000
   5.4117E+03   5.8434E+03   0.0000E+00  0.0000
   5.8434E+03   6.3096E+03   0.0000E+00  0.0000
   6.3096E+03   6.8129E+03   0.0000E+00  0.0000
   6.8129E+03   7.3564E+03   0.0000E+00  0.0000
   7.3564E+03   7.9433E+03   0.0000E+00  0.0000
   7.9433E+03   8.5770E+03   0.0000E+00  0.0000
   8.5770E+03   9.2612E+03   0.0000E+00  0.0000
   9.2612E+03   1.0000E+04   0.0000E+00  0.0000

#               Dose mean    4.1507E+00

'no. =  1,  reg  =      1'
msuc: {\huge microdosimetric_spectra_water_photon_PHITS}
msdr: {\it plotted by \ANGEL \version}
msdl: {\it calculated by \PHITS  3.32}
 
# Information for Restart Calculation
# This calculation was newly started
# istdev =  2 # 1:Batch variance, 2:History variance
# resc2  = 1.00000000000000000E+06 # Total source weight or Total source weight / maxcas
# resc3  = 1.00000000000000000E+06 # Total history number or Total batch number
# maxcas =      100000 # History / Batch, only used for istdev=1
# bitrseed = 0101101000001110011101111011110101001001010001111010111000101101 # bit data of rseed
