[ T-SED ]
    title = microdosimetric_spectra_water_photon_PHITS
     mesh =  reg            # mesh type is region-wise
      reg = 1
  se-type =    3            # se-mesh is log given by emin, emax and ne
     emin =  1.0000000E-02  # minimum value of e-mesh points
     emax =   10000.00      # maximum value of e-mesh points
#    edel =  7.6752836E-02  # mesh width of e-mesh points
       ne =  180            # number of e-mesh points
#    data = ( e(i), i = 1, ne + 1 )
#           1.00000E-02  1.07978E-02  1.16591E-02  1.25893E-02  1.35936E-02
#           1.46780E-02  1.58489E-02  1.71133E-02  1.84785E-02  1.99526E-02
#           2.15443E-02  2.32631E-02  2.51189E-02  2.71227E-02  2.92864E-02
#           3.16228E-02  3.41455E-02  3.68695E-02  3.98107E-02  4.29866E-02
#           4.64159E-02  5.01187E-02  5.41170E-02  5.84341E-02  6.30957E-02
#           6.81292E-02  7.35642E-02  7.94328E-02  8.57696E-02  9.26119E-02
#           1.00000E-01  1.07978E-01  1.16591E-01  1.25893E-01  1.35936E-01
#           1.46780E-01  1.58489E-01  1.71133E-01  1.84785E-01  1.99526E-01
#           2.15443E-01  2.32631E-01  2.51189E-01  2.71227E-01  2.92864E-01
#           3.16228E-01  3.41455E-01  3.68695E-01  3.98107E-01  4.29866E-01
#           4.64159E-01  5.01187E-01  5.41170E-01  5.84341E-01  6.30957E-01
#           6.81292E-01  7.35642E-01  7.94328E-01  8.57696E-01  9.26119E-01
#           1.00000E+00  1.07978E+00  1.16591E+00  1.25893E+00  1.35936E+00
#           1.46780E+00  1.58489E+00  1.71133E+00  1.84785E+00  1.99526E+00
#           2.15443E+00  2.32631E+00  2.51189E+00  2.71227E+00  2.92864E+00
#           3.16228E+00  3.41455E+00  3.68695E+00  3.98107E+00  4.29866E+00
#           4.64159E+00  5.01187E+00  5.41170E+00  5.84341E+00  6.30957E+00
#           6.81292E+00  7.35642E+00  7.94328E+00  8.57696E+00  9.26119E+00
#           1.00000E+01  1.07978E+01  1.16591E+01  1.25893E+01  1.35936E+01
#           1.46780E+01  1.58489E+01  1.71133E+01  1.84785E+01  1.99526E+01
#           2.15443E+01  2.32631E+01  2.51189E+01  2.71227E+01  2.92864E+01
#           3.16228E+01  3.41455E+01  3.68695E+01  3.98107E+01  4.29866E+01
#           4.64159E+01  5.01187E+01  5.41170E+01  5.84341E+01  6.30957E+01
#           6.81292E+01  7.35642E+01  7.94328E+01  8.57696E+01  9.26119E+01
#           1.00000E+02  1.07978E+02  1.16591E+02  1.25893E+02  1.35936E+02
#           1.46780E+02  1.58489E+02  1.71133E+02  1.84785E+02  1.99526E+02
#           2.15443E+02  2.32631E+02  2.51189E+02  2.71227E+02  2.92864E+02
#           3.16228E+02  3.41455E+02  3.68695E+02  3.98107E+02  4.29866E+02
#           4.64159E+02  5.01187E+02  5.41170E+02  5.84341E+02  6.30957E+02
#           6.81292E+02  7.35642E+02  7.94328E+02  8.57696E+02  9.26119E+02
#           1.00000E+03  1.07978E+03  1.16591E+03  1.25893E+03  1.35936E+03
#           1.46780E+03  1.58489E+03  1.71133E+03  1.84785E+03  1.99526E+03
#           2.15443E+03  2.32631E+03  2.51189E+03  2.71227E+03  2.92864E+03
#           3.16228E+03  3.41455E+03  3.68695E+03  3.98107E+03  4.29866E+03
#           4.64159E+03  5.01187E+03  5.41170E+03  5.84341E+03  6.30957E+03
#           6.81292E+03  7.35642E+03  7.94328E+03  8.57696E+03  9.26119E+03
#           1.00000E+04
  se-unit =    2            # se-unit is [keV/um]
     unit =    7            # unit is z*f(z) [dimensionless]
    model =    1            # (D=0) Model type 0:old, 1:new
    cdiam = -1.000000       # (D=1.0) diameter of target sphere [um]
   letmat =   -5            # (D=0) mat ID for LET, 0:real mat, <0: electron for H2O
 material =  all            # (D=all) number of specific material
     axis =  sed            # axis of output
     file = yfy_titanium.out  # file name of output for the above axis
     part =  all      
# kf/name :  0        
#    used :        main (  %)        temp (  %)       total (  %)
#  memory :         183 (  0)           0 (  0)         183 (  0)

#------------------------------------------------------------------------------
#newpage:
#   no. =  1   reg =      1

x: y [keV/um]  
y: y*f(y) [dimensionless]        
p: xlog ylog afac(0.8) form(0.9)
h: n            x            y(all     ),hh0l n  
#  sed-lwr      sed-upr        all       r.err 
   1.0000E-02   1.0798E-02   1.2266E-03  0.0020
   1.0798E-02   1.1659E-02   1.3336E-03  0.0020
   1.1659E-02   1.2589E-02   1.4505E-03  0.0020
   1.2589E-02   1.3594E-02   1.5785E-03  0.0020
   1.3594E-02   1.4678E-02   1.7187E-03  0.0020
   1.4678E-02   1.5849E-02   1.8724E-03  0.0020
   1.5849E-02   1.7113E-02   2.0409E-03  0.0020
   1.7113E-02   1.8478E-02   2.2259E-03  0.0020
   1.8478E-02   1.9953E-02   2.4291E-03  0.0020
   1.9953E-02   2.1544E-02   2.6523E-03  0.0020
   2.1544E-02   2.3263E-02   2.8977E-03  0.0020
   2.3263E-02   2.5119E-02   3.1676E-03  0.0020
   2.5119E-02   2.7123E-02   3.4646E-03  0.0020
   2.7123E-02   2.9286E-02   3.7916E-03  0.0020
   2.9286E-02   3.1623E-02   4.1518E-03  0.0020
   3.1623E-02   3.4145E-02   4.5493E-03  0.0020
   3.4145E-02   3.6869E-02   4.9889E-03  0.0020
   3.6869E-02   3.9811E-02   5.4763E-03  0.0020
   3.9811E-02   4.2987E-02   6.0190E-03  0.0020
   4.2987E-02   4.6416E-02   6.6254E-03  0.0020
   4.6416E-02   5.0119E-02   7.3055E-03  0.0020
   5.0119E-02   5.4117E-02   8.0696E-03  0.0020
   5.4117E-02   5.8434E-02   8.9287E-03  0.0020
   5.8434E-02   6.3096E-02   9.8941E-03  0.0020
   6.3096E-02   6.8129E-02   1.0977E-02  0.0020
   6.8129E-02   7.3564E-02   1.2193E-02  0.0020
   7.3564E-02   7.9433E-02   1.3561E-02  0.0020
   7.9433E-02   8.5770E-02   1.5100E-02  0.0020
   8.5770E-02   9.2612E-02   1.6833E-02  0.0020
   9.2612E-02   1.0000E-01   1.8787E-02  0.0020
   1.0000E-01   1.0798E-01   2.0992E-02  0.0019
   1.0798E-01   1.1659E-01   2.3482E-02  0.0019
   1.1659E-01   1.2589E-01   2.6298E-02  0.0019
   1.2589E-01   1.3594E-01   2.9481E-02  0.0019
   1.3594E-01   1.4678E-01   3.3084E-02  0.0019
   1.4678E-01   1.5849E-01   3.7162E-02  0.0019
   1.5849E-01   1.7113E-01   4.1779E-02  0.0019
   1.7113E-01   1.8478E-01   4.7007E-02  0.0019
   1.8478E-01   1.9953E-01   5.2925E-02  0.0019
   1.9953E-01   2.1544E-01   5.9623E-02  0.0019
   2.1544E-01   2.3263E-01   6.7198E-02  0.0019
   2.3263E-01   2.5119E-01   7.5759E-02  0.0019
   2.5119E-01   2.7123E-01   8.5422E-02  0.0019
   2.7123E-01   2.9286E-01   9.6314E-02  0.0019
   2.9286E-01   3.1623E-01   1.0857E-01  0.0019
   3.1623E-01   3.4145E-01   1.2232E-01  0.0019
   3.4145E-01   3.6869E-01   1.3771E-01  0.0019
   3.6869E-01   3.9811E-01   1.5488E-01  0.0019
   3.9811E-01   4.2987E-01   1.7394E-01  0.0019
   4.2987E-01   4.6416E-01   1.9501E-01  0.0019
   4.6416E-01   5.0119E-01   2.1815E-01  0.0019
   5.0119E-01   5.4117E-01   2.4338E-01  0.0019
   5.4117E-01   5.8434E-01   2.7066E-01  0.0019
   5.8434E-01   6.3096E-01   2.9983E-01  0.0019
   6.3096E-01   6.8129E-01   3.3065E-01  0.0019
   6.8129E-01   7.3564E-01   3.6271E-01  0.0019
   7.3564E-01   7.9433E-01   3.9544E-01  0.0019
   7.9433E-01   8.5770E-01   4.2809E-01  0.0019
   8.5770E-01   9.2612E-01   4.5970E-01  0.0019
   9.2612E-01   1.0000E+00   4.8915E-01  0.0019
   1.0000E+00   1.0798E+00   5.1516E-01  0.0019
   1.0798E+00   1.1659E+00   5.3634E-01  0.0019
   1.1659E+00   1.2589E+00   5.5133E-01  0.0019
   1.2589E+00   1.3594E+00   5.5886E-01  0.0019
   1.3594E+00   1.4678E+00   5.5794E-01  0.0019
   1.4678E+00   1.5849E+00   5.4797E-01  0.0019
   1.5849E+00   1.7113E+00   5.2890E-01  0.0019
   1.7113E+00   1.8478E+00   5.0127E-01  0.0019
   1.8478E+00   1.9953E+00   4.6624E-01  0.0019
   1.9953E+00   2.1544E+00   4.2549E-01  0.0019
   2.1544E+00   2.3263E+00   3.8109E-01  0.0019
   2.3263E+00   2.5119E+00   3.3525E-01  0.0019
   2.5119E+00   2.7123E+00   2.9010E-01  0.0019
   2.7123E+00   2.9286E+00   2.4750E-01  0.0019
   2.9286E+00   3.1623E+00   2.0884E-01  0.0019
   3.1623E+00   3.4145E+00   1.7501E-01  0.0019
   3.4145E+00   3.6869E+00   1.4633E-01  0.0019
   3.6869E+00   3.9811E+00   1.2268E-01  0.0019
   3.9811E+00   4.2987E+00   1.0357E-01  0.0019
   4.2987E+00   4.6416E+00   8.8275E-02  0.0019
   4.6416E+00   5.0119E+00   7.5994E-02  0.0020
   5.0119E+00   5.4117E+00   6.5950E-02  0.0020
   5.4117E+00   5.8434E+00   5.7477E-02  0.0020
   5.8434E+00   6.3096E+00   5.0069E-02  0.0020
   6.3096E+00   6.8129E+00   4.3384E-02  0.0021
   6.8129E+00   7.3564E+00   3.7227E-02  0.0021
   7.3564E+00   7.9433E+00   3.1519E-02  0.0022
   7.9433E+00   8.5770E+00   2.6251E-02  0.0023
   8.5770E+00   9.2612E+00   2.1454E-02  0.0024
   9.2612E+00   1.0000E+01   1.7170E-02  0.0026
   1.0000E+01   1.0798E+01   1.3430E-02  0.0028
   1.0798E+01   1.1659E+01   1.0250E-02  0.0032
   1.1659E+01   1.2589E+01   7.6207E-03  0.0038
   1.2589E+01   1.3594E+01   5.5116E-03  0.0046
   1.3594E+01   1.4678E+01   3.8732E-03  0.0060
   1.4678E+01   1.5849E+01   2.6433E-03  0.0082
   1.5849E+01   1.7113E+01   1.7527E-03  0.0116
   1.7113E+01   1.8478E+01   1.1320E-03  0.0172
   1.8478E+01   1.9953E+01   7.1617E-04  0.0263
   1.9953E+01   2.1544E+01   4.4838E-04  0.0409
   2.1544E+01   2.3263E+01   2.8160E-04  0.0625
   2.3263E+01   2.5119E+01   1.7979E-04  0.0916
   2.5119E+01   2.7123E+01   1.1765E-04  0.1267
   2.7123E+01   2.9286E+01   7.9134E-05  0.1661
   2.9286E+01   3.1623E+01   5.5023E-05  0.2109
   3.1623E+01   3.4145E+01   4.0214E-05  0.2637
   3.4145E+01   3.6869E+01   3.1169E-05  0.3145
   3.6869E+01   3.9811E+01   2.5414E-05  0.3559
   3.9811E+01   4.2987E+01   2.2219E-05  0.4098
   4.2987E+01   4.6416E+01   2.1209E-05  0.4524
   4.6416E+01   5.0119E+01   2.0204E-05  0.4612
   5.0119E+01   5.4117E+01   1.8330E-05  0.4678
   5.4117E+01   5.8434E+01   1.6381E-05  0.4817
   5.8434E+01   6.3096E+01   1.4234E-05  0.5008
   6.3096E+01   6.8129E+01   1.3818E-05  0.5460
   6.8129E+01   7.3564E+01   1.4845E-05  0.5593
   7.3564E+01   7.9433E+01   1.6091E-05  0.5610
   7.9433E+01   8.5770E+01   1.5824E-05  0.5770
   8.5770E+01   9.2612E+01   1.4467E-05  0.6511
   9.2612E+01   1.0000E+02   1.4383E-05  0.6786
   1.0000E+02   1.0798E+02   1.1959E-05  0.6532
   1.0798E+02   1.1659E+02   8.0805E-06  0.7033
   1.1659E+02   1.2589E+02   6.7949E-06  0.8108
   1.2589E+02   1.3594E+02   6.9365E-06  0.8039
   1.3594E+02   1.4678E+02   7.2080E-06  0.7862
   1.4678E+02   1.5849E+02   7.5190E-06  0.7685
   1.5849E+02   1.7113E+02   7.7963E-06  0.7503
   1.7113E+02   1.8478E+02   7.7182E-06  0.7276
   1.8478E+02   1.9953E+02   7.6214E-06  0.7117
   1.9953E+02   2.1544E+02   8.2702E-06  0.7091
   2.1544E+02   2.3263E+02   9.2524E-06  0.7111
   2.3263E+02   2.5119E+02   1.0189E-05  0.7172
   2.5119E+02   2.7123E+02   1.1116E-05  0.7288
   2.7123E+02   2.9286E+02   1.2019E-05  0.7440
   2.9286E+02   3.1623E+02   1.0161E-05  0.7265
   3.1623E+02   3.4145E+02   4.3648E-06  0.8599
   3.4145E+02   3.6869E+02   3.4832E-06  0.9968
   3.6869E+02   3.9811E+02   3.2157E-06  1.0000
   3.9811E+02   4.2987E+02   2.9178E-06  1.0000
   4.2987E+02   4.6416E+02   2.5713E-06  1.0000
   4.6416E+02   5.0119E+02   2.1679E-06  1.0000
   5.0119E+02   5.4117E+02   1.6981E-06  1.0000
   5.4117E+02   5.8434E+02   1.1510E-06  1.0000
   5.8434E+02   6.3096E+02   5.2275E-07  1.0000
   6.3096E+02   6.8129E+02   4.8591E-08  1.0000
   6.8129E+02   7.3564E+02   7.9869E-10  1.0000
   7.3564E+02   7.9433E+02   7.8486E-12  1.0000
   7.9433E+02   8.5770E+02   0.0000E+00  0.0000
   8.5770E+02   9.2612E+02   0.0000E+00  0.0000
   9.2612E+02   1.0000E+03   0.0000E+00  0.0000
   1.0000E+03   1.0798E+03   0.0000E+00  0.0000
   1.0798E+03   1.1659E+03   0.0000E+00  0.0000
   1.1659E+03   1.2589E+03   0.0000E+00  0.0000
   1.2589E+03   1.3594E+03   0.0000E+00  0.0000
   1.3594E+03   1.4678E+03   0.0000E+00  0.0000
   1.4678E+03   1.5849E+03   0.0000E+00  0.0000
   1.5849E+03   1.7113E+03   0.0000E+00  0.0000
   1.7113E+03   1.8478E+03   0.0000E+00  0.0000
   1.8478E+03   1.9953E+03   0.0000E+00  0.0000
   1.9953E+03   2.1544E+03   0.0000E+00  0.0000
   2.1544E+03   2.3263E+03   0.0000E+00  0.0000
   2.3263E+03   2.5119E+03   0.0000E+00  0.0000
   2.5119E+03   2.7123E+03   0.0000E+00  0.0000
   2.7123E+03   2.9286E+03   0.0000E+00  0.0000
   2.9286E+03   3.1623E+03   0.0000E+00  0.0000
   3.1623E+03   3.4145E+03   0.0000E+00  0.0000
   3.4145E+03   3.6869E+03   0.0000E+00  0.0000
   3.6869E+03   3.9811E+03   0.0000E+00  0.0000
   3.9811E+03   4.2987E+03   0.0000E+00  0.0000
   4.2987E+03   4.6416E+03   0.0000E+00  0.0000
   4.6416E+03   5.0119E+03   0.0000E+00  0.0000
   5.0119E+03   5.4117E+03   0.0000E+00  0.0000
   5.4117E+03   5.8434E+03   0.0000E+00  0.0000
   5.8434E+03   6.3096E+03   0.0000E+00  0.0000
   6.3096E+03   6.8129E+03   0.0000E+00  0.0000
   6.8129E+03   7.3564E+03   0.0000E+00  0.0000
   7.3564E+03   7.9433E+03   0.0000E+00  0.0000
   7.9433E+03   8.5770E+03   0.0000E+00  0.0000
   8.5770E+03   9.2612E+03   0.0000E+00  0.0000
   9.2612E+03   1.0000E+04   0.0000E+00  0.0000

#          Frequency mean    3.1115E+00

'no. =  1,  reg  =      1'
msuc: {\huge microdosimetric_spectra_water_photon_PHITS}
msdr: {\it plotted by \ANGEL \version}
msdl: {\it calculated by \PHITS  3.32}
 
# Information for Restart Calculation
# This calculation was newly started
# istdev =  2 # 1:Batch variance, 2:History variance
# resc2  = 1.00000000000000000E+06 # Total source weight or Total source weight / maxcas
# resc3  = 1.00000000000000000E+06 # Total history number or Total batch number
# maxcas =      100000 # History / Batch, only used for istdev=1
# bitrseed = 0101101000001110011101111011110101001001010001111010111000101101 # bit data of rseed
