[ T-SED ]
    title = microdosimetric_spectra_water_photon_PHITS
     mesh =  reg            # mesh type is region-wise
      reg = 1
  se-type =    3            # se-mesh is log given by emin, emax and ne
     emin =  1.0000000E-02  # minimum value of e-mesh points
     emax =   10000.00      # maximum value of e-mesh points
#    edel =  7.6752836E-02  # mesh width of e-mesh points
       ne =  180            # number of e-mesh points
#    data = ( e(i), i = 1, ne + 1 )
#           1.00000E-02  1.07978E-02  1.16591E-02  1.25893E-02  1.35936E-02
#           1.46780E-02  1.58489E-02  1.71133E-02  1.84785E-02  1.99526E-02
#           2.15443E-02  2.32631E-02  2.51189E-02  2.71227E-02  2.92864E-02
#           3.16228E-02  3.41455E-02  3.68695E-02  3.98107E-02  4.29866E-02
#           4.64159E-02  5.01187E-02  5.41170E-02  5.84341E-02  6.30957E-02
#           6.81292E-02  7.35642E-02  7.94328E-02  8.57696E-02  9.26119E-02
#           1.00000E-01  1.07978E-01  1.16591E-01  1.25893E-01  1.35936E-01
#           1.46780E-01  1.58489E-01  1.71133E-01  1.84785E-01  1.99526E-01
#           2.15443E-01  2.32631E-01  2.51189E-01  2.71227E-01  2.92864E-01
#           3.16228E-01  3.41455E-01  3.68695E-01  3.98107E-01  4.29866E-01
#           4.64159E-01  5.01187E-01  5.41170E-01  5.84341E-01  6.30957E-01
#           6.81292E-01  7.35642E-01  7.94328E-01  8.57696E-01  9.26119E-01
#           1.00000E+00  1.07978E+00  1.16591E+00  1.25893E+00  1.35936E+00
#           1.46780E+00  1.58489E+00  1.71133E+00  1.84785E+00  1.99526E+00
#           2.15443E+00  2.32631E+00  2.51189E+00  2.71227E+00  2.92864E+00
#           3.16228E+00  3.41455E+00  3.68695E+00  3.98107E+00  4.29866E+00
#           4.64159E+00  5.01187E+00  5.41170E+00  5.84341E+00  6.30957E+00
#           6.81292E+00  7.35642E+00  7.94328E+00  8.57696E+00  9.26119E+00
#           1.00000E+01  1.07978E+01  1.16591E+01  1.25893E+01  1.35936E+01
#           1.46780E+01  1.58489E+01  1.71133E+01  1.84785E+01  1.99526E+01
#           2.15443E+01  2.32631E+01  2.51189E+01  2.71227E+01  2.92864E+01
#           3.16228E+01  3.41455E+01  3.68695E+01  3.98107E+01  4.29866E+01
#           4.64159E+01  5.01187E+01  5.41170E+01  5.84341E+01  6.30957E+01
#           6.81292E+01  7.35642E+01  7.94328E+01  8.57696E+01  9.26119E+01
#           1.00000E+02  1.07978E+02  1.16591E+02  1.25893E+02  1.35936E+02
#           1.46780E+02  1.58489E+02  1.71133E+02  1.84785E+02  1.99526E+02
#           2.15443E+02  2.32631E+02  2.51189E+02  2.71227E+02  2.92864E+02
#           3.16228E+02  3.41455E+02  3.68695E+02  3.98107E+02  4.29866E+02
#           4.64159E+02  5.01187E+02  5.41170E+02  5.84341E+02  6.30957E+02
#           6.81292E+02  7.35642E+02  7.94328E+02  8.57696E+02  9.26119E+02
#           1.00000E+03  1.07978E+03  1.16591E+03  1.25893E+03  1.35936E+03
#           1.46780E+03  1.58489E+03  1.71133E+03  1.84785E+03  1.99526E+03
#           2.15443E+03  2.32631E+03  2.51189E+03  2.71227E+03  2.92864E+03
#           3.16228E+03  3.41455E+03  3.68695E+03  3.98107E+03  4.29866E+03
#           4.64159E+03  5.01187E+03  5.41170E+03  5.84341E+03  6.30957E+03
#           6.81292E+03  7.35642E+03  7.94328E+03  8.57696E+03  9.26119E+03
#           1.00000E+04
  se-unit =    2            # se-unit is [keV/um]
     unit =    7            # unit is z*f(z) [dimensionless]
    model =    1            # (D=0) Model type 0:old, 1:new
    cdiam = -1.000000       # (D=1.0) diameter of target sphere [um]
   letmat =   -5            # (D=0) mat ID for LET, 0:real mat, <0: electron for H2O
 material =  all            # (D=all) number of specific material
     axis =  sed            # axis of output
     file = yfy_gold.out    # file name of output for the above axis
     part =  all      
# kf/name :  0        
#    used :        main (  %)        temp (  %)       total (  %)
#  memory :         183 (  0)           0 (  0)         183 (  0)

#------------------------------------------------------------------------------
#newpage:
#   no. =  1   reg =      1

x: y [keV/um]  
y: y*f(y) [dimensionless]        
p: xlog ylog afac(0.8) form(0.9)
h: n            x            y(all     ),hh0l n  
#  sed-lwr      sed-upr        all       r.err 
   1.0000E-02   1.0798E-02   1.2815E-03  0.0020
   1.0798E-02   1.1659E-02   1.3937E-03  0.0020
   1.1659E-02   1.2589E-02   1.5164E-03  0.0020
   1.2589E-02   1.3594E-02   1.6508E-03  0.0020
   1.3594E-02   1.4678E-02   1.7981E-03  0.0020
   1.4678E-02   1.5849E-02   1.9595E-03  0.0020
   1.5849E-02   1.7113E-02   2.1365E-03  0.0020
   1.7113E-02   1.8478E-02   2.3307E-03  0.0020
   1.8478E-02   1.9953E-02   2.5438E-03  0.0020
   1.9953E-02   2.1544E-02   2.7777E-03  0.0020
   2.1544E-02   2.3263E-02   3.0343E-03  0.0020
   2.3263E-02   2.5119E-02   3.3159E-03  0.0020
   2.5119E-02   2.7123E-02   3.6247E-03  0.0020
   2.7123E-02   2.9286E-02   3.9633E-03  0.0020
   2.9286E-02   3.1623E-02   4.3350E-03  0.0020
   3.1623E-02   3.4145E-02   4.7433E-03  0.0020
   3.4145E-02   3.6869E-02   5.1935E-03  0.0020
   3.6869E-02   3.9811E-02   5.6919E-03  0.0020
   3.9811E-02   4.2987E-02   6.2473E-03  0.0020
   4.2987E-02   4.6416E-02   6.8704E-03  0.0020
   4.6416E-02   5.0119E-02   7.5731E-03  0.0020
   5.0119E-02   5.4117E-02   8.3678E-03  0.0020
   5.4117E-02   5.8434E-02   9.2662E-03  0.0020
   5.8434E-02   6.3096E-02   1.0280E-02  0.0020
   6.3096E-02   6.8129E-02   1.1420E-02  0.0020
   6.8129E-02   7.3564E-02   1.2702E-02  0.0020
   7.3564E-02   7.9433E-02   1.4145E-02  0.0020
   7.9433E-02   8.5770E-02   1.5772E-02  0.0020
   8.5770E-02   9.2612E-02   1.7606E-02  0.0020
   9.2612E-02   1.0000E-01   1.9677E-02  0.0019
   1.0000E-01   1.0798E-01   2.2015E-02  0.0019
   1.0798E-01   1.1659E-01   2.4659E-02  0.0019
   1.1659E-01   1.2589E-01   2.7650E-02  0.0019
   1.2589E-01   1.3594E-01   3.1035E-02  0.0019
   1.3594E-01   1.4678E-01   3.4867E-02  0.0019
   1.4678E-01   1.5849E-01   3.9207E-02  0.0019
   1.5849E-01   1.7113E-01   4.4122E-02  0.0019
   1.7113E-01   1.8478E-01   4.9688E-02  0.0019
   1.8478E-01   1.9953E-01   5.5989E-02  0.0019
   1.9953E-01   2.1544E-01   6.3120E-02  0.0019
   2.1544E-01   2.3263E-01   7.1181E-02  0.0019
   2.3263E-01   2.5119E-01   8.0285E-02  0.0019
   2.5119E-01   2.7123E-01   9.0552E-02  0.0019
   2.7123E-01   2.9286E-01   1.0211E-01  0.0019
   2.9286E-01   3.1623E-01   1.1509E-01  0.0019
   3.1623E-01   3.4145E-01   1.2964E-01  0.0019
   3.4145E-01   3.6869E-01   1.4588E-01  0.0019
   3.6869E-01   3.9811E-01   1.6393E-01  0.0019
   3.9811E-01   4.2987E-01   1.8391E-01  0.0019
   4.2987E-01   4.6416E-01   2.0589E-01  0.0019
   4.6416E-01   5.0119E-01   2.2991E-01  0.0019
   5.0119E-01   5.4117E-01   2.5593E-01  0.0019
   5.4117E-01   5.8434E-01   2.8385E-01  0.0019
   5.8434E-01   6.3096E-01   3.1344E-01  0.0019
   6.3096E-01   6.8129E-01   3.4437E-01  0.0019
   6.8129E-01   7.3564E-01   3.7614E-01  0.0019
   7.3564E-01   7.9433E-01   4.0809E-01  0.0019
   7.9433E-01   8.5770E-01   4.3939E-01  0.0019
   8.5770E-01   9.2612E-01   4.6905E-01  0.0019
   9.2612E-01   1.0000E+00   4.9592E-01  0.0019
   1.0000E+00   1.0798E+00   5.1880E-01  0.0019
   1.0798E+00   1.1659E+00   5.3641E-01  0.0019
   1.1659E+00   1.2589E+00   5.4758E-01  0.0019
   1.2589E+00   1.3594E+00   5.5129E-01  0.0019
   1.3594E+00   1.4678E+00   5.4680E-01  0.0019
   1.4678E+00   1.5849E+00   5.3378E-01  0.0019
   1.5849E+00   1.7113E+00   5.1237E-01  0.0019
   1.7113E+00   1.8478E+00   4.8326E-01  0.0019
   1.8478E+00   1.9953E+00   4.4766E-01  0.0019
   1.9953E+00   2.1544E+00   4.0720E-01  0.0019
   2.1544E+00   2.3263E+00   3.6384E-01  0.0019
   2.3263E+00   2.5119E+00   3.1959E-01  0.0019
   2.5119E+00   2.7123E+00   2.7638E-01  0.0019
   2.7123E+00   2.9286E+00   2.3586E-01  0.0019
   2.9286E+00   3.1623E+00   1.9924E-01  0.0019
   3.1623E+00   3.4145E+00   1.6726E-01  0.0019
   3.4145E+00   3.6869E+00   1.4017E-01  0.0019
   3.6869E+00   3.9811E+00   1.1782E-01  0.0019
   3.9811E+00   4.2987E+00   9.9696E-02  0.0019
   4.2987E+00   4.6416E+00   8.5132E-02  0.0019
   4.6416E+00   5.0119E+00   7.3368E-02  0.0019
   5.0119E+00   5.4117E+00   6.3682E-02  0.0019
   5.4117E+00   5.8434E+00   5.5462E-02  0.0020
   5.8434E+00   6.3096E+00   4.8242E-02  0.0020
   6.3096E+00   6.8129E+00   4.1713E-02  0.0020
   6.8129E+00   7.3564E+00   3.5701E-02  0.0020
   7.3564E+00   7.9433E+00   3.0137E-02  0.0021
   7.9433E+00   8.5770E+00   2.5018E-02  0.0022
   8.5770E+00   9.2612E+00   2.0373E-02  0.0022
   9.2612E+00   1.0000E+01   1.6240E-02  0.0024
   1.0000E+01   1.0798E+01   1.2648E-02  0.0026
   1.0798E+01   1.1659E+01   9.6061E-03  0.0029
   1.1659E+01   1.2589E+01   7.1023E-03  0.0034
   1.2589E+01   1.3594E+01   5.1028E-03  0.0041
   1.3594E+01   1.4678E+01   3.5569E-03  0.0052
   1.4678E+01   1.5849E+01   2.4022E-03  0.0071
   1.5849E+01   1.7113E+01   1.5708E-03  0.0100
   1.7113E+01   1.8478E+01   9.9532E-04  0.0147
   1.8478E+01   1.9953E+01   6.1311E-04  0.0227
   1.9953E+01   2.1544E+01   3.7021E-04  0.0364
   2.1544E+01   2.3263E+01   2.2276E-04  0.0599
   2.3263E+01   2.5119E+01   1.3736E-04  0.0976
   2.5119E+01   2.7123E+01   8.9877E-05  0.1488
   2.7123E+01   2.9286E+01   6.3732E-05  0.2030
   2.9286E+01   3.1623E+01   4.8306E-05  0.2473
   3.1623E+01   3.4145E+01   3.8037E-05  0.2817
   3.4145E+01   3.6869E+01   3.1275E-05  0.3202
   3.6869E+01   3.9811E+01   2.7661E-05  0.3616
   3.9811E+01   4.2987E+01   2.5429E-05  0.3899
   4.2987E+01   4.6416E+01   2.3189E-05  0.4107
   4.6416E+01   5.0119E+01   2.0963E-05  0.4321
   5.0119E+01   5.4117E+01   1.8952E-05  0.4474
   5.4117E+01   5.8434E+01   1.8174E-05  0.4742
   5.8434E+01   6.3096E+01   1.8280E-05  0.4932
   6.3096E+01   6.8129E+01   1.8307E-05  0.5162
   6.8129E+01   7.3564E+01   1.8850E-05  0.5277
   7.3564E+01   7.9433E+01   1.9268E-05  0.5327
   7.9433E+01   8.5770E+01   1.9179E-05  0.5472
   8.5770E+01   9.2612E+01   1.9136E-05  0.5701
   9.2612E+01   1.0000E+02   1.9662E-05  0.5850
   1.0000E+02   1.0798E+02   1.9672E-05  0.5824
   1.0798E+02   1.1659E+02   1.6591E-05  0.5901
   1.1659E+02   1.2589E+02   1.4198E-05  0.6959
   1.2589E+02   1.3594E+02   1.5068E-05  0.7242
   1.3594E+02   1.4678E+02   1.5931E-05  0.7302
   1.4678E+02   1.5849E+02   1.4707E-05  0.7196
   1.5849E+02   1.7113E+02   1.1905E-05  0.7074
   1.7113E+02   1.8478E+02   1.0380E-05  0.7071
   1.8478E+02   1.9953E+02   7.9605E-06  0.7243
   1.9953E+02   2.1544E+02   5.4415E-06  0.9104
   2.1544E+02   2.3263E+02   5.6407E-06  0.9928
   2.3263E+02   2.5119E+02   6.5183E-06  0.9996
   2.5119E+02   2.7123E+02   7.5715E-06  1.0000
   2.7123E+02   2.9286E+02   8.0295E-06  1.0000
   2.9286E+02   3.1623E+02   2.7526E-06  1.0000
   3.1623E+02   3.4145E+02   9.3063E-08  1.0000
   3.4145E+02   3.6869E+02   1.4025E-09  1.0000
   3.6869E+02   3.9811E+02   1.3041E-11  1.0000
   3.9811E+02   4.2987E+02   0.0000E+00  0.0000
   4.2987E+02   4.6416E+02   0.0000E+00  0.0000
   4.6416E+02   5.0119E+02   0.0000E+00  0.0000
   5.0119E+02   5.4117E+02   0.0000E+00  0.0000
   5.4117E+02   5.8434E+02   0.0000E+00  0.0000
   5.8434E+02   6.3096E+02   0.0000E+00  0.0000
   6.3096E+02   6.8129E+02   0.0000E+00  0.0000
   6.8129E+02   7.3564E+02   0.0000E+00  0.0000
   7.3564E+02   7.9433E+02   0.0000E+00  0.0000
   7.9433E+02   8.5770E+02   0.0000E+00  0.0000
   8.5770E+02   9.2612E+02   0.0000E+00  0.0000
   9.2612E+02   1.0000E+03   0.0000E+00  0.0000
   1.0000E+03   1.0798E+03   0.0000E+00  0.0000
   1.0798E+03   1.1659E+03   0.0000E+00  0.0000
   1.1659E+03   1.2589E+03   0.0000E+00  0.0000
   1.2589E+03   1.3594E+03   0.0000E+00  0.0000
   1.3594E+03   1.4678E+03   0.0000E+00  0.0000
   1.4678E+03   1.5849E+03   0.0000E+00  0.0000
   1.5849E+03   1.7113E+03   0.0000E+00  0.0000
   1.7113E+03   1.8478E+03   0.0000E+00  0.0000
   1.8478E+03   1.9953E+03   0.0000E+00  0.0000
   1.9953E+03   2.1544E+03   0.0000E+00  0.0000
   2.1544E+03   2.3263E+03   0.0000E+00  0.0000
   2.3263E+03   2.5119E+03   0.0000E+00  0.0000
   2.5119E+03   2.7123E+03   0.0000E+00  0.0000
   2.7123E+03   2.9286E+03   0.0000E+00  0.0000
   2.9286E+03   3.1623E+03   0.0000E+00  0.0000
   3.1623E+03   3.4145E+03   0.0000E+00  0.0000
   3.4145E+03   3.6869E+03   0.0000E+00  0.0000
   3.6869E+03   3.9811E+03   0.0000E+00  0.0000
   3.9811E+03   4.2987E+03   0.0000E+00  0.0000
   4.2987E+03   4.6416E+03   0.0000E+00  0.0000
   4.6416E+03   5.0119E+03   0.0000E+00  0.0000
   5.0119E+03   5.4117E+03   0.0000E+00  0.0000
   5.4117E+03   5.8434E+03   0.0000E+00  0.0000
   5.8434E+03   6.3096E+03   0.0000E+00  0.0000
   6.3096E+03   6.8129E+03   0.0000E+00  0.0000
   6.8129E+03   7.3564E+03   0.0000E+00  0.0000
   7.3564E+03   7.9433E+03   0.0000E+00  0.0000
   7.9433E+03   8.5770E+03   0.0000E+00  0.0000
   8.5770E+03   9.2612E+03   0.0000E+00  0.0000
   9.2612E+03   1.0000E+04   0.0000E+00  0.0000

#          Frequency mean    3.0342E+00

'no. =  1,  reg  =      1'
msuc: {\huge microdosimetric_spectra_water_photon_PHITS}
msdr: {\it plotted by \ANGEL \version}
msdl: {\it calculated by \PHITS  3.32}
 
# Information for Restart Calculation
# This calculation was newly started
# istdev =  2 # 1:Batch variance, 2:History variance
# resc2  = 1.00000000000000000E+06 # Total source weight or Total source weight / maxcas
# resc3  = 1.00000000000000000E+06 # Total history number or Total batch number
# maxcas =      100000 # History / Batch, only used for istdev=1
# bitrseed = 0101101000001110011101111011110101001001010001111010111000101101 # bit data of rseed
