[ T-SED ]
    title = microdosimetric_spectra_water_photon_PHITS
     mesh =  reg            # mesh type is region-wise
      reg = 1
  se-type =    3            # se-mesh is log given by emin, emax and ne
     emin =  1.0000000E-02  # minimum value of e-mesh points
     emax =   10000.00      # maximum value of e-mesh points
#    edel =  7.6752836E-02  # mesh width of e-mesh points
       ne =  180            # number of e-mesh points
#    data = ( e(i), i = 1, ne + 1 )
#           1.00000E-02  1.07978E-02  1.16591E-02  1.25893E-02  1.35936E-02
#           1.46780E-02  1.58489E-02  1.71133E-02  1.84785E-02  1.99526E-02
#           2.15443E-02  2.32631E-02  2.51189E-02  2.71227E-02  2.92864E-02
#           3.16228E-02  3.41455E-02  3.68695E-02  3.98107E-02  4.29866E-02
#           4.64159E-02  5.01187E-02  5.41170E-02  5.84341E-02  6.30957E-02
#           6.81292E-02  7.35642E-02  7.94328E-02  8.57696E-02  9.26119E-02
#           1.00000E-01  1.07978E-01  1.16591E-01  1.25893E-01  1.35936E-01
#           1.46780E-01  1.58489E-01  1.71133E-01  1.84785E-01  1.99526E-01
#           2.15443E-01  2.32631E-01  2.51189E-01  2.71227E-01  2.92864E-01
#           3.16228E-01  3.41455E-01  3.68695E-01  3.98107E-01  4.29866E-01
#           4.64159E-01  5.01187E-01  5.41170E-01  5.84341E-01  6.30957E-01
#           6.81292E-01  7.35642E-01  7.94328E-01  8.57696E-01  9.26119E-01
#           1.00000E+00  1.07978E+00  1.16591E+00  1.25893E+00  1.35936E+00
#           1.46780E+00  1.58489E+00  1.71133E+00  1.84785E+00  1.99526E+00
#           2.15443E+00  2.32631E+00  2.51189E+00  2.71227E+00  2.92864E+00
#           3.16228E+00  3.41455E+00  3.68695E+00  3.98107E+00  4.29866E+00
#           4.64159E+00  5.01187E+00  5.41170E+00  5.84341E+00  6.30957E+00
#           6.81292E+00  7.35642E+00  7.94328E+00  8.57696E+00  9.26119E+00
#           1.00000E+01  1.07978E+01  1.16591E+01  1.25893E+01  1.35936E+01
#           1.46780E+01  1.58489E+01  1.71133E+01  1.84785E+01  1.99526E+01
#           2.15443E+01  2.32631E+01  2.51189E+01  2.71227E+01  2.92864E+01
#           3.16228E+01  3.41455E+01  3.68695E+01  3.98107E+01  4.29866E+01
#           4.64159E+01  5.01187E+01  5.41170E+01  5.84341E+01  6.30957E+01
#           6.81292E+01  7.35642E+01  7.94328E+01  8.57696E+01  9.26119E+01
#           1.00000E+02  1.07978E+02  1.16591E+02  1.25893E+02  1.35936E+02
#           1.46780E+02  1.58489E+02  1.71133E+02  1.84785E+02  1.99526E+02
#           2.15443E+02  2.32631E+02  2.51189E+02  2.71227E+02  2.92864E+02
#           3.16228E+02  3.41455E+02  3.68695E+02  3.98107E+02  4.29866E+02
#           4.64159E+02  5.01187E+02  5.41170E+02  5.84341E+02  6.30957E+02
#           6.81292E+02  7.35642E+02  7.94328E+02  8.57696E+02  9.26119E+02
#           1.00000E+03  1.07978E+03  1.16591E+03  1.25893E+03  1.35936E+03
#           1.46780E+03  1.58489E+03  1.71133E+03  1.84785E+03  1.99526E+03
#           2.15443E+03  2.32631E+03  2.51189E+03  2.71227E+03  2.92864E+03
#           3.16228E+03  3.41455E+03  3.68695E+03  3.98107E+03  4.29866E+03
#           4.64159E+03  5.01187E+03  5.41170E+03  5.84341E+03  6.30957E+03
#           6.81292E+03  7.35642E+03  7.94328E+03  8.57696E+03  9.26119E+03
#           1.00000E+04
  se-unit =    2            # se-unit is [keV/um]
     unit =    8            # unit is z*d(z) [Gy]
    model =    1            # (D=0) Model type 0:old, 1:new
    cdiam = -1.000000       # (D=1.0) diameter of target sphere [um]
   letmat =   -5            # (D=0) mat ID for LET, 0:real mat, <0: electron for H2O
 material =  all            # (D=all) number of specific material
     axis =  sed            # axis of output
     file = ydy_PMMA.out    # file name of output for the above axis
     part =  all      
# kf/name :  0        
#    used :        main (  %)        temp (  %)       total (  %)
#  memory :         183 (  0)           0 (  0)         183 (  0)

#------------------------------------------------------------------------------
#newpage:
#   no. =  1   reg =      1

x: y [keV/um]  
y: y*d(y) [keV/um]               
p: xlog ylog afac(0.8) form(0.9)
h: n            x            y(all     ),hh0l n  
#  sed-lwr      sed-upr        all       r.err 
   1.0000E-02   1.0798E-02   6.0902E-06  0.0040
   1.0798E-02   1.1659E-02   7.1131E-06  0.0040
   1.1659E-02   1.2589E-02   8.3089E-06  0.0040
   1.2589E-02   1.3594E-02   9.7067E-06  0.0040
   1.3594E-02   1.4678E-02   1.1341E-05  0.0040
   1.4678E-02   1.5849E-02   1.3252E-05  0.0040
   1.5849E-02   1.7113E-02   1.5486E-05  0.0040
   1.7113E-02   1.8478E-02   1.8097E-05  0.0040
   1.8478E-02   1.9953E-02   2.1150E-05  0.0040
   1.9953E-02   2.1544E-02   2.4716E-05  0.0040
   2.1544E-02   2.3263E-02   2.8882E-05  0.0040
   2.3263E-02   2.5119E-02   3.3745E-05  0.0040
   2.5119E-02   2.7123E-02   3.9419E-05  0.0040
   2.7123E-02   2.9286E-02   4.6037E-05  0.0040
   2.9286E-02   3.1623E-02   5.3753E-05  0.0040
   3.1623E-02   3.4145E-02   6.2752E-05  0.0040
   3.4145E-02   3.6869E-02   7.3257E-05  0.0040
   3.6869E-02   3.9811E-02   8.5542E-05  0.0040
   3.9811E-02   4.2987E-02   9.9948E-05  0.0040
   4.2987E-02   4.6416E-02   1.1689E-04  0.0040
   4.6416E-02   5.0119E-02   1.3689E-04  0.0040
   5.0119E-02   5.4117E-02   1.6052E-04  0.0040
   5.4117E-02   5.8434E-02   1.8847E-04  0.0040
   5.8434E-02   6.3096E-02   2.2152E-04  0.0040
   6.3096E-02   6.8129E-02   2.6053E-04  0.0040
   6.8129E-02   7.3564E-02   3.0658E-04  0.0040
   7.3564E-02   7.9433E-02   3.6098E-04  0.0040
   7.9433E-02   8.5770E-02   4.2528E-04  0.0040
   8.5770E-02   9.2612E-02   5.0129E-04  0.0040
   9.2612E-02   1.0000E-01   5.9113E-04  0.0040
   1.0000E-01   1.0798E-01   6.9747E-04  0.0040
   1.0798E-01   1.1659E-01   8.2351E-04  0.0040
   1.1659E-01   1.2589E-01   9.7310E-04  0.0040
   1.2589E-01   1.3594E-01   1.1500E-03  0.0040
   1.3594E-01   1.4678E-01   1.3577E-03  0.0040
   1.4678E-01   1.5849E-01   1.6044E-03  0.0040
   1.5849E-01   1.7113E-01   1.8974E-03  0.0040
   1.7113E-01   1.8478E-01   2.2456E-03  0.0040
   1.8478E-01   1.9953E-01   2.6596E-03  0.0040
   1.9953E-01   2.1544E-01   3.1517E-03  0.0040
   2.1544E-01   2.3263E-01   3.7382E-03  0.0040
   2.3263E-01   2.5119E-01   4.4380E-03  0.0040
   2.5119E-01   2.7123E-01   5.2744E-03  0.0040
   2.7123E-01   2.9286E-01   6.2762E-03  0.0040
   2.9286E-01   3.1623E-01   7.4784E-03  0.0040
   3.1623E-01   3.4145E-01   8.5167E-03  0.0040
   3.4145E-01   3.6869E-01   9.6793E-03  0.0040
   3.6869E-01   3.9811E-01   1.0978E-02  0.0040
   3.9811E-01   4.2987E-01   1.2423E-02  0.0039
   4.2987E-01   4.6416E-01   1.4026E-02  0.0039
   4.6416E-01   5.0119E-01   1.5798E-02  0.0039
   5.0119E-01   5.4117E-01   1.7657E-02  0.0039
   5.4117E-01   5.8434E-01   1.9580E-02  0.0039
   5.8434E-01   6.3096E-01   2.1620E-02  0.0039
   6.3096E-01   6.8129E-01   2.3774E-02  0.0039
   6.8129E-01   7.3564E-01   2.6031E-02  0.0039
   7.3564E-01   7.9433E-01   2.8384E-02  0.0039
   7.9433E-01   8.5770E-01   3.0820E-02  0.0039
   8.5770E-01   9.2612E-01   3.3327E-02  0.0039
   9.2612E-01   1.0000E+00   3.5890E-02  0.0039
   1.0000E+00   1.0798E+00   3.8494E-02  0.0039
   1.0798E+00   1.1659E+00   4.1127E-02  0.0039
   1.1659E+00   1.2589E+00   4.3779E-02  0.0039
   1.2589E+00   1.3594E+00   4.6443E-02  0.0039
   1.3594E+00   1.4678E+00   4.9117E-02  0.0039
   1.4678E+00   1.5849E+00   5.1805E-02  0.0039
   1.5849E+00   1.7113E+00   5.4517E-02  0.0039
   1.7113E+00   1.8478E+00   5.7268E-02  0.0039
   1.8478E+00   1.9953E+00   6.0074E-02  0.0039
   1.9953E+00   2.1544E+00   6.2948E-02  0.0039
   2.1544E+00   2.3263E+00   6.5903E-02  0.0040
   2.3263E+00   2.5119E+00   6.8942E-02  0.0040
   2.5119E+00   2.7123E+00   7.2056E-02  0.0040
   2.7123E+00   2.9286E+00   7.5224E-02  0.0040
   2.9286E+00   3.1623E+00   7.8420E-02  0.0040
   3.1623E+00   3.4145E+00   8.1607E-02  0.0040
   3.4145E+00   3.6869E+00   8.4750E-02  0.0040
   3.6869E+00   3.9811E+00   8.7801E-02  0.0041
   3.9811E+00   4.2987E+00   9.0696E-02  0.0041
   4.2987E+00   4.6416E+00   9.3342E-02  0.0041
   4.6416E+00   5.0119E+00   9.5612E-02  0.0041
   5.0119E+00   5.4117E+00   9.7352E-02  0.0042
   5.4117E+00   5.8434E+00   9.8404E-02  0.0042
   5.8434E+00   6.3096E+00   9.8632E-02  0.0042
   6.3096E+00   6.8129E+00   9.7951E-02  0.0042
   6.8129E+00   7.3564E+00   9.6343E-02  0.0043
   7.3564E+00   7.9433E+00   9.3866E-02  0.0043
   7.9433E+00   8.5770E+00   9.0652E-02  0.0044
   8.5770E+00   9.2612E+00   8.6900E-02  0.0044
   9.2612E+00   1.0000E+01   8.2872E-02  0.0045
   1.0000E+01   1.0798E+01   7.8874E-02  0.0046
   1.0798E+01   1.1659E+01   7.5258E-02  0.0047
   1.1659E+01   1.2589E+01   7.2433E-02  0.0048
   1.2589E+01   1.3594E+01   7.0876E-02  0.0049
   1.3594E+01   1.4678E+01   7.1108E-02  0.0050
   1.4678E+01   1.5849E+01   7.3675E-02  0.0050
   1.5849E+01   1.7113E+01   7.9124E-02  0.0050
   1.7113E+01   1.8478E+01   8.7985E-02  0.0050
   1.8478E+01   1.9953E+01   1.0086E-01  0.0049
   1.9953E+01   2.1544E+01   1.1856E-01  0.0048
   2.1544E+01   2.3263E+01   1.4216E-01  0.0047
   2.3263E+01   2.5119E+01   1.7300E-01  0.0046
   2.5119E+01   2.7123E+01   2.1271E-01  0.0046
   2.7123E+01   2.9286E+01   2.6329E-01  0.0045
   2.9286E+01   3.1623E+01   3.2720E-01  0.0045
   3.1623E+01   3.4145E+01   4.0744E-01  0.0045
   3.4145E+01   3.6869E+01   5.0774E-01  0.0045
   3.6869E+01   3.9811E+01   6.3223E-01  0.0045
   3.9811E+01   4.2987E+01   7.8419E-01  0.0045
   4.2987E+01   4.6416E+01   9.6145E-01  0.0045
   4.6416E+01   5.0119E+01   1.1422E+00  0.0046
   5.0119E+01   5.4117E+01   1.2520E+00  0.0046
   5.4117E+01   5.8434E+01   1.1486E+00  0.0046
   5.8434E+01   6.3096E+01   7.9210E-01  0.0046
   6.3096E+01   6.8129E+01   4.1043E-01  0.0048
   6.8129E+01   7.3564E+01   1.7815E-01  0.0063
   7.3564E+01   7.9433E+01   7.4096E-02  0.0113
   7.9433E+01   8.5770E+01   3.4293E-02  0.0225
   8.5770E+01   9.2612E+01   2.0003E-02  0.0375
   9.2612E+01   1.0000E+02   1.4485E-02  0.0501
   1.0000E+02   1.0798E+02   1.1635E-02  0.0592
   1.0798E+02   1.1659E+02   9.7421E-03  0.0669
   1.1659E+02   1.2589E+02   8.3979E-03  0.0751
   1.2589E+02   1.3594E+02   7.4309E-03  0.0827
   1.3594E+02   1.4678E+02   6.7127E-03  0.0889
   1.4678E+02   1.5849E+02   6.3481E-03  0.0965
   1.5849E+02   1.7113E+02   6.3281E-03  0.1043
   1.7113E+02   1.8478E+02   6.3978E-03  0.1108
   1.8478E+02   1.9953E+02   6.2402E-03  0.1176
   1.9953E+02   2.1544E+02   5.7894E-03  0.1259
   2.1544E+02   2.3263E+02   5.3915E-03  0.1389
   2.3263E+02   2.5119E+02   5.1714E-03  0.1489
   2.5119E+02   2.7123E+02   4.4967E-03  0.1575
   2.7123E+02   2.9286E+02   3.7741E-03  0.1717
   2.9286E+02   3.1623E+02   3.3470E-03  0.1913
   3.1623E+02   3.4145E+02   3.0907E-03  0.2109
   3.4145E+02   3.6869E+02   2.9231E-03  0.2321
   3.6869E+02   3.9811E+02   2.7352E-03  0.2341
   3.9811E+02   4.2987E+02   2.3604E-03  0.2491
   4.2987E+02   4.6416E+02   2.1058E-03  0.2750
   4.6416E+02   5.0119E+02   2.1695E-03  0.3033
   5.0119E+02   5.4117E+02   2.3607E-03  0.3269
   5.4117E+02   5.8434E+02   2.4892E-03  0.3564
   5.8434E+02   6.3096E+02   2.2919E-03  0.3546
   6.3096E+02   6.8129E+02   1.8811E-03  0.3871
   6.8129E+02   7.3564E+02   1.7371E-03  0.4317
   7.3564E+02   7.9433E+02   1.7051E-03  0.5126
   7.9433E+02   8.5770E+02   1.6647E-03  0.5355
   8.5770E+02   9.2612E+02   8.4545E-04  0.7125
   9.2612E+02   1.0000E+03   7.1418E-04  0.9971
   1.0000E+03   1.0798E+03   8.9496E-04  1.0000
   1.0798E+03   1.1659E+03   4.8356E-04  1.0000
   1.1659E+03   1.2589E+03   7.2194E-07  1.0000
   1.2589E+03   1.3594E+03   0.0000E+00  0.0000
   1.3594E+03   1.4678E+03   0.0000E+00  0.0000
   1.4678E+03   1.5849E+03   0.0000E+00  0.0000
   1.5849E+03   1.7113E+03   0.0000E+00  0.0000
   1.7113E+03   1.8478E+03   0.0000E+00  0.0000
   1.8478E+03   1.9953E+03   0.0000E+00  0.0000
   1.9953E+03   2.1544E+03   0.0000E+00  0.0000
   2.1544E+03   2.3263E+03   0.0000E+00  0.0000
   2.3263E+03   2.5119E+03   0.0000E+00  0.0000
   2.5119E+03   2.7123E+03   0.0000E+00  0.0000
   2.7123E+03   2.9286E+03   0.0000E+00  0.0000
   2.9286E+03   3.1623E+03   0.0000E+00  0.0000
   3.1623E+03   3.4145E+03   0.0000E+00  0.0000
   3.4145E+03   3.6869E+03   0.0000E+00  0.0000
   3.6869E+03   3.9811E+03   0.0000E+00  0.0000
   3.9811E+03   4.2987E+03   0.0000E+00  0.0000
   4.2987E+03   4.6416E+03   0.0000E+00  0.0000
   4.6416E+03   5.0119E+03   0.0000E+00  0.0000
   5.0119E+03   5.4117E+03   0.0000E+00  0.0000
   5.4117E+03   5.8434E+03   0.0000E+00  0.0000
   5.8434E+03   6.3096E+03   0.0000E+00  0.0000
   6.3096E+03   6.8129E+03   0.0000E+00  0.0000
   6.8129E+03   7.3564E+03   0.0000E+00  0.0000
   7.3564E+03   7.9433E+03   0.0000E+00  0.0000
   7.9433E+03   8.5770E+03   0.0000E+00  0.0000
   8.5770E+03   9.2612E+03   0.0000E+00  0.0000
   9.2612E+03   1.0000E+04   0.0000E+00  0.0000

#               Dose mean    3.9625E+01

'no. =  1,  reg  =      1'
msuc: {\huge microdosimetric_spectra_water_photon_PHITS}
msdr: {\it plotted by \ANGEL \version}
msdl: {\it calculated by \PHITS  3.32}
 
# Information for Restart Calculation
# This calculation was newly started
# istdev =  2 # 1:Batch variance, 2:History variance
# resc2  = 1.00000000000000000E+06 # Total source weight or Total source weight / maxcas
# resc3  = 1.00000000000000000E+06 # Total history number or Total batch number
# maxcas =      100000 # History / Batch, only used for istdev=1
# bitrseed = 0101101000001110011101111011110101001001010001111010111000101101 # bit data of rseed
