[ T-SED ]
    title = microdosimetric_spectra_water_photon_PHITS
     mesh =  reg            # mesh type is region-wise
      reg = 1
  se-type =    3            # se-mesh is log given by emin, emax and ne
     emin =  1.0000000E-02  # minimum value of e-mesh points
     emax =   10000.00      # maximum value of e-mesh points
#    edel =  7.6752836E-02  # mesh width of e-mesh points
       ne =  180            # number of e-mesh points
#    data = ( e(i), i = 1, ne + 1 )
#           1.00000E-02  1.07978E-02  1.16591E-02  1.25893E-02  1.35936E-02
#           1.46780E-02  1.58489E-02  1.71133E-02  1.84785E-02  1.99526E-02
#           2.15443E-02  2.32631E-02  2.51189E-02  2.71227E-02  2.92864E-02
#           3.16228E-02  3.41455E-02  3.68695E-02  3.98107E-02  4.29866E-02
#           4.64159E-02  5.01187E-02  5.41170E-02  5.84341E-02  6.30957E-02
#           6.81292E-02  7.35642E-02  7.94328E-02  8.57696E-02  9.26119E-02
#           1.00000E-01  1.07978E-01  1.16591E-01  1.25893E-01  1.35936E-01
#           1.46780E-01  1.58489E-01  1.71133E-01  1.84785E-01  1.99526E-01
#           2.15443E-01  2.32631E-01  2.51189E-01  2.71227E-01  2.92864E-01
#           3.16228E-01  3.41455E-01  3.68695E-01  3.98107E-01  4.29866E-01
#           4.64159E-01  5.01187E-01  5.41170E-01  5.84341E-01  6.30957E-01
#           6.81292E-01  7.35642E-01  7.94328E-01  8.57696E-01  9.26119E-01
#           1.00000E+00  1.07978E+00  1.16591E+00  1.25893E+00  1.35936E+00
#           1.46780E+00  1.58489E+00  1.71133E+00  1.84785E+00  1.99526E+00
#           2.15443E+00  2.32631E+00  2.51189E+00  2.71227E+00  2.92864E+00
#           3.16228E+00  3.41455E+00  3.68695E+00  3.98107E+00  4.29866E+00
#           4.64159E+00  5.01187E+00  5.41170E+00  5.84341E+00  6.30957E+00
#           6.81292E+00  7.35642E+00  7.94328E+00  8.57696E+00  9.26119E+00
#           1.00000E+01  1.07978E+01  1.16591E+01  1.25893E+01  1.35936E+01
#           1.46780E+01  1.58489E+01  1.71133E+01  1.84785E+01  1.99526E+01
#           2.15443E+01  2.32631E+01  2.51189E+01  2.71227E+01  2.92864E+01
#           3.16228E+01  3.41455E+01  3.68695E+01  3.98107E+01  4.29866E+01
#           4.64159E+01  5.01187E+01  5.41170E+01  5.84341E+01  6.30957E+01
#           6.81292E+01  7.35642E+01  7.94328E+01  8.57696E+01  9.26119E+01
#           1.00000E+02  1.07978E+02  1.16591E+02  1.25893E+02  1.35936E+02
#           1.46780E+02  1.58489E+02  1.71133E+02  1.84785E+02  1.99526E+02
#           2.15443E+02  2.32631E+02  2.51189E+02  2.71227E+02  2.92864E+02
#           3.16228E+02  3.41455E+02  3.68695E+02  3.98107E+02  4.29866E+02
#           4.64159E+02  5.01187E+02  5.41170E+02  5.84341E+02  6.30957E+02
#           6.81292E+02  7.35642E+02  7.94328E+02  8.57696E+02  9.26119E+02
#           1.00000E+03  1.07978E+03  1.16591E+03  1.25893E+03  1.35936E+03
#           1.46780E+03  1.58489E+03  1.71133E+03  1.84785E+03  1.99526E+03
#           2.15443E+03  2.32631E+03  2.51189E+03  2.71227E+03  2.92864E+03
#           3.16228E+03  3.41455E+03  3.68695E+03  3.98107E+03  4.29866E+03
#           4.64159E+03  5.01187E+03  5.41170E+03  5.84341E+03  6.30957E+03
#           6.81292E+03  7.35642E+03  7.94328E+03  8.57696E+03  9.26119E+03
#           1.00000E+04
  se-unit =    2            # se-unit is [keV/um]
     unit =    7            # unit is z*f(z) [dimensionless]
    model =    1            # (D=0) Model type 0:old, 1:new
    cdiam = -1.000000       # (D=1.0) diameter of target sphere [um]
   letmat =   -5            # (D=0) mat ID for LET, 0:real mat, <0: electron for H2O
 material =  all            # (D=all) number of specific material
     axis =  sed            # axis of output
     file = yfy_gold.out    # file name of output for the above axis
     part =  all      
# kf/name :  0        
#    used :        main (  %)        temp (  %)       total (  %)
#  memory :         183 (  0)           0 (  0)         183 (  0)

#------------------------------------------------------------------------------
#newpage:
#   no. =  1   reg =      1

x: y [keV/um]  
y: y*f(y) [dimensionless]        
p: xlog ylog afac(0.8) form(0.9)
h: n            x            y(all     ),hh0l n  
#  sed-lwr      sed-upr        all       r.err 
   1.0000E-02   1.0798E-02   4.0504E-03  0.0168
   1.0798E-02   1.1659E-02   4.4169E-03  0.0168
   1.1659E-02   1.2589E-02   4.8192E-03  0.0168
   1.2589E-02   1.3594E-02   5.2605E-03  0.0168
   1.3594E-02   1.4678E-02   5.7442E-03  0.0168
   1.4678E-02   1.5849E-02   6.2736E-03  0.0168
   1.5849E-02   1.7113E-02   6.8516E-03  0.0168
   1.7113E-02   1.8478E-02   7.4807E-03  0.0168
   1.8478E-02   1.9953E-02   8.1623E-03  0.0168
   1.9953E-02   2.1544E-02   8.8966E-03  0.0169
   2.1544E-02   2.3263E-02   9.6821E-03  0.0169
   2.3263E-02   2.5119E-02   1.0515E-02  0.0169
   2.5119E-02   2.7123E-02   1.1391E-02  0.0169
   2.7123E-02   2.9286E-02   1.2304E-02  0.0170
   2.9286E-02   3.1623E-02   1.3249E-02  0.0171
   3.1623E-02   3.4145E-02   1.4230E-02  0.0171
   3.4145E-02   3.6869E-02   1.5261E-02  0.0172
   3.6869E-02   3.9811E-02   1.6376E-02  0.0174
   3.9811E-02   4.2987E-02   1.7635E-02  0.0175
   4.2987E-02   4.6416E-02   1.9116E-02  0.0176
   4.6416E-02   5.0119E-02   2.0907E-02  0.0177
   5.0119E-02   5.4117E-02   2.3083E-02  0.0177
   5.4117E-02   5.8434E-02   2.5687E-02  0.0177
   5.8434E-02   6.3096E-02   2.8728E-02  0.0177
   6.3096E-02   6.8129E-02   3.2061E-02  0.0175
   6.8129E-02   7.3564E-02   3.5760E-02  0.0173
   7.3564E-02   7.9433E-02   3.9899E-02  0.0171
   7.9433E-02   8.5770E-02   4.4504E-02  0.0170
   8.5770E-02   9.2612E-02   4.9504E-02  0.0167
   9.2612E-02   1.0000E-01   5.5004E-02  0.0165
   1.0000E-01   1.0798E-01   6.1034E-02  0.0163
   1.0798E-01   1.1659E-01   6.7690E-02  0.0161
   1.1659E-01   1.2589E-01   7.5044E-02  0.0160
   1.2589E-01   1.3594E-01   8.3036E-02  0.0158
   1.3594E-01   1.4678E-01   9.1491E-02  0.0157
   1.4678E-01   1.5849E-01   1.0073E-01  0.0156
   1.5849E-01   1.7113E-01   1.1078E-01  0.0156
   1.7113E-01   1.8478E-01   1.2163E-01  0.0155
   1.8478E-01   1.9953E-01   1.3331E-01  0.0155
   1.9953E-01   2.1544E-01   1.4578E-01  0.0154
   2.1544E-01   2.3263E-01   1.5901E-01  0.0154
   2.3263E-01   2.5119E-01   1.7294E-01  0.0154
   2.5119E-01   2.7123E-01   1.8749E-01  0.0153
   2.7123E-01   2.9286E-01   2.0253E-01  0.0153
   2.9286E-01   3.1623E-01   2.1786E-01  0.0152
   3.1623E-01   3.4145E-01   2.3297E-01  0.0152
   3.4145E-01   3.6869E-01   2.4767E-01  0.0151
   3.6869E-01   3.9811E-01   2.6180E-01  0.0150
   3.9811E-01   4.2987E-01   2.7506E-01  0.0149
   4.2987E-01   4.6416E-01   2.8715E-01  0.0148
   4.6416E-01   5.0119E-01   2.9780E-01  0.0147
   5.0119E-01   5.4117E-01   3.0675E-01  0.0146
   5.4117E-01   5.8434E-01   3.1383E-01  0.0145
   5.8434E-01   6.3096E-01   3.1890E-01  0.0144
   6.3096E-01   6.8129E-01   3.2195E-01  0.0143
   6.8129E-01   7.3564E-01   3.2309E-01  0.0142
   7.3564E-01   7.9433E-01   3.2245E-01  0.0141
   7.9433E-01   8.5770E-01   3.2021E-01  0.0141
   8.5770E-01   9.2612E-01   3.1655E-01  0.0141
   9.2612E-01   1.0000E+00   3.1165E-01  0.0141
   1.0000E+00   1.0798E+00   3.0578E-01  0.0141
   1.0798E+00   1.1659E+00   2.9917E-01  0.0141
   1.1659E+00   1.2589E+00   2.9206E-01  0.0141
   1.2589E+00   1.3594E+00   2.8466E-01  0.0142
   1.3594E+00   1.4678E+00   2.7717E-01  0.0143
   1.4678E+00   1.5849E+00   2.6976E-01  0.0145
   1.5849E+00   1.7113E+00   2.6255E-01  0.0146
   1.7113E+00   1.8478E+00   2.5561E-01  0.0148
   1.8478E+00   1.9953E+00   2.4893E-01  0.0150
   1.9953E+00   2.1544E+00   2.4242E-01  0.0153
   2.1544E+00   2.3263E+00   2.3593E-01  0.0155
   2.3263E+00   2.5119E+00   2.2926E-01  0.0158
   2.5119E+00   2.7123E+00   2.2220E-01  0.0161
   2.7123E+00   2.9286E+00   2.1457E-01  0.0163
   2.9286E+00   3.1623E+00   2.0626E-01  0.0165
   3.1623E+00   3.4145E+00   1.9729E-01  0.0167
   3.4145E+00   3.6869E+00   1.8776E-01  0.0170
   3.6869E+00   3.9811E+00   1.7785E-01  0.0172
   3.9811E+00   4.2987E+00   1.6775E-01  0.0176
   4.2987E+00   4.6416E+00   1.5754E-01  0.0179
   4.6416E+00   5.0119E+00   1.4727E-01  0.0183
   5.0119E+00   5.4117E+00   1.3690E-01  0.0187
   5.4117E+00   5.8434E+00   1.2636E-01  0.0192
   5.8434E+00   6.3096E+00   1.1565E-01  0.0198
   6.3096E+00   6.8129E+00   1.0483E-01  0.0204
   6.8129E+00   7.3564E+00   9.4072E-02  0.0212
   7.3564E+00   7.9433E+00   8.3563E-02  0.0221
   7.9433E+00   8.5770E+00   7.3502E-02  0.0233
   8.5770E+00   9.2612E+00   6.4065E-02  0.0247
   9.2612E+00   1.0000E+01   5.5392E-02  0.0263
   1.0000E+01   1.0798E+01   4.7574E-02  0.0283
   1.0798E+01   1.1659E+01   4.0641E-02  0.0307
   1.1659E+01   1.2589E+01   3.4568E-02  0.0333
   1.2589E+01   1.3594E+01   2.9310E-02  0.0363
   1.3594E+01   1.4678E+01   2.4835E-02  0.0397
   1.4678E+01   1.5849E+01   2.1111E-02  0.0435
   1.5849E+01   1.7113E+01   1.8091E-02  0.0479
   1.7113E+01   1.8478E+01   1.5695E-02  0.0527
   1.8478E+01   1.9953E+01   1.3807E-02  0.0578
   1.9953E+01   2.1544E+01   1.2283E-02  0.0629
   2.1544E+01   2.3263E+01   1.0978E-02  0.0679
   2.3263E+01   2.5119E+01   9.7883E-03  0.0728
   2.5119E+01   2.7123E+01   8.6962E-03  0.0780
   2.7123E+01   2.9286E+01   7.7260E-03  0.0833
   2.9286E+01   3.1623E+01   6.8923E-03  0.0887
   3.1623E+01   3.4145E+01   6.2292E-03  0.0947
   3.4145E+01   3.6869E+01   5.7816E-03  0.1019
   3.6869E+01   3.9811E+01   5.4955E-03  0.1093
   3.9811E+01   4.2987E+01   5.2072E-03  0.1154
   4.2987E+01   4.6416E+01   4.8232E-03  0.1210
   4.6416E+01   5.0119E+01   4.3341E-03  0.1267
   5.0119E+01   5.4117E+01   3.6834E-03  0.1327
   5.4117E+01   5.8434E+01   3.0103E-03  0.1427
   5.8434E+01   6.3096E+01   2.4748E-03  0.1585
   6.3096E+01   6.8129E+01   2.0947E-03  0.1795
   6.8129E+01   7.3564E+01   1.8189E-03  0.1993
   7.3564E+01   7.9433E+01   1.5384E-03  0.2187
   7.9433E+01   8.5770E+01   1.2072E-03  0.2382
   8.5770E+01   9.2612E+01   8.5345E-04  0.2660
   9.2612E+01   1.0000E+02   6.6192E-04  0.3214
   1.0000E+02   1.0798E+02   5.5577E-04  0.3587
   1.0798E+02   1.1659E+02   3.5232E-04  0.4047
   1.1659E+02   1.2589E+02   1.8818E-04  0.6618
   1.2589E+02   1.3594E+02   1.5323E-04  0.8495
   1.3594E+02   1.4678E+02   1.0373E-04  0.8492
   1.4678E+02   1.5849E+02   6.2757E-05  0.7621
   1.5849E+02   1.7113E+02   3.7952E-05  0.6214
   1.7113E+02   1.8478E+02   2.6483E-05  0.6129
   1.8478E+02   1.9953E+02   2.5882E-05  0.6946
   1.9953E+02   2.1544E+02   2.9136E-05  0.7182
   2.1544E+02   2.3263E+02   3.3789E-05  0.7220
   2.3263E+02   2.5119E+02   3.9368E-05  0.7225
   2.5119E+02   2.7123E+02   4.5896E-05  0.7226
   2.7123E+02   2.9286E+02   5.3511E-05  0.7226
   2.9286E+02   3.1623E+02   6.2389E-05  0.7226
   3.1623E+02   3.4145E+02   7.2740E-05  0.7226
   3.4145E+02   3.6869E+02   8.4809E-05  0.7226
   3.6869E+02   3.9811E+02   9.8880E-05  0.7226
   3.9811E+02   4.2987E+02   1.1529E-04  0.7226
   4.2987E+02   4.6416E+02   1.3441E-04  0.7226
   4.6416E+02   5.0119E+02   1.5668E-04  0.7225
   5.0119E+02   5.4117E+02   1.8195E-04  0.7224
   5.4117E+02   5.8434E+02   1.6895E-04  0.7526
   5.8434E+02   6.3096E+02   3.0295E-05  0.8311
   6.3096E+02   6.8129E+02   1.0992E-06  0.8844
   6.8129E+02   7.3564E+02   2.2263E-08  0.9130
   7.3564E+02   7.9433E+02   3.2332E-10  1.0000
   7.9433E+02   8.5770E+02   0.0000E+00  0.0000
   8.5770E+02   9.2612E+02   0.0000E+00  0.0000
   9.2612E+02   1.0000E+03   0.0000E+00  0.0000
   1.0000E+03   1.0798E+03   0.0000E+00  0.0000
   1.0798E+03   1.1659E+03   0.0000E+00  0.0000
   1.1659E+03   1.2589E+03   0.0000E+00  0.0000
   1.2589E+03   1.3594E+03   0.0000E+00  0.0000
   1.3594E+03   1.4678E+03   0.0000E+00  0.0000
   1.4678E+03   1.5849E+03   0.0000E+00  0.0000
   1.5849E+03   1.7113E+03   0.0000E+00  0.0000
   1.7113E+03   1.8478E+03   0.0000E+00  0.0000
   1.8478E+03   1.9953E+03   0.0000E+00  0.0000
   1.9953E+03   2.1544E+03   0.0000E+00  0.0000
   2.1544E+03   2.3263E+03   0.0000E+00  0.0000
   2.3263E+03   2.5119E+03   0.0000E+00  0.0000
   2.5119E+03   2.7123E+03   0.0000E+00  0.0000
   2.7123E+03   2.9286E+03   0.0000E+00  0.0000
   2.9286E+03   3.1623E+03   0.0000E+00  0.0000
   3.1623E+03   3.4145E+03   0.0000E+00  0.0000
   3.4145E+03   3.6869E+03   0.0000E+00  0.0000
   3.6869E+03   3.9811E+03   0.0000E+00  0.0000
   3.9811E+03   4.2987E+03   0.0000E+00  0.0000
   4.2987E+03   4.6416E+03   0.0000E+00  0.0000
   4.6416E+03   5.0119E+03   0.0000E+00  0.0000
   5.0119E+03   5.4117E+03   0.0000E+00  0.0000
   5.4117E+03   5.8434E+03   0.0000E+00  0.0000
   5.8434E+03   6.3096E+03   0.0000E+00  0.0000
   6.3096E+03   6.8129E+03   0.0000E+00  0.0000
   6.8129E+03   7.3564E+03   0.0000E+00  0.0000
   7.3564E+03   7.9433E+03   0.0000E+00  0.0000
   7.9433E+03   8.5770E+03   0.0000E+00  0.0000
   8.5770E+03   9.2612E+03   0.0000E+00  0.0000
   9.2612E+03   1.0000E+04   0.0000E+00  0.0000

#          Frequency mean    4.2712E+00

'no. =  1,  reg  =      1'
msuc: {\huge microdosimetric_spectra_water_photon_PHITS}
msdr: {\it plotted by \ANGEL \version}
msdl: {\it calculated by \PHITS  3.32}
 
# Information for Restart Calculation
# This calculation was newly started
# istdev =  2 # 1:Batch variance, 2:History variance
# resc2  = 1.00000000000000000E+06 # Total source weight or Total source weight / maxcas
# resc3  = 1.00000000000000000E+06 # Total history number or Total batch number
# maxcas =      100000 # History / Batch, only used for istdev=1
# bitrseed = 0101101000001110011101111011110101001001010001111010111000101101 # bit data of rseed
