[ T-SED ]
    title = microdosimetric_spectra_water_photon_PHITS
     mesh =  reg            # mesh type is region-wise
      reg = 1
  se-type =    3            # se-mesh is log given by emin, emax and ne
     emin =  1.0000000E-02  # minimum value of e-mesh points
     emax =   10000.00      # maximum value of e-mesh points
#    edel =  7.6752836E-02  # mesh width of e-mesh points
       ne =  180            # number of e-mesh points
#    data = ( e(i), i = 1, ne + 1 )
#           1.00000E-02  1.07978E-02  1.16591E-02  1.25893E-02  1.35936E-02
#           1.46780E-02  1.58489E-02  1.71133E-02  1.84785E-02  1.99526E-02
#           2.15443E-02  2.32631E-02  2.51189E-02  2.71227E-02  2.92864E-02
#           3.16228E-02  3.41455E-02  3.68695E-02  3.98107E-02  4.29866E-02
#           4.64159E-02  5.01187E-02  5.41170E-02  5.84341E-02  6.30957E-02
#           6.81292E-02  7.35642E-02  7.94328E-02  8.57696E-02  9.26119E-02
#           1.00000E-01  1.07978E-01  1.16591E-01  1.25893E-01  1.35936E-01
#           1.46780E-01  1.58489E-01  1.71133E-01  1.84785E-01  1.99526E-01
#           2.15443E-01  2.32631E-01  2.51189E-01  2.71227E-01  2.92864E-01
#           3.16228E-01  3.41455E-01  3.68695E-01  3.98107E-01  4.29866E-01
#           4.64159E-01  5.01187E-01  5.41170E-01  5.84341E-01  6.30957E-01
#           6.81292E-01  7.35642E-01  7.94328E-01  8.57696E-01  9.26119E-01
#           1.00000E+00  1.07978E+00  1.16591E+00  1.25893E+00  1.35936E+00
#           1.46780E+00  1.58489E+00  1.71133E+00  1.84785E+00  1.99526E+00
#           2.15443E+00  2.32631E+00  2.51189E+00  2.71227E+00  2.92864E+00
#           3.16228E+00  3.41455E+00  3.68695E+00  3.98107E+00  4.29866E+00
#           4.64159E+00  5.01187E+00  5.41170E+00  5.84341E+00  6.30957E+00
#           6.81292E+00  7.35642E+00  7.94328E+00  8.57696E+00  9.26119E+00
#           1.00000E+01  1.07978E+01  1.16591E+01  1.25893E+01  1.35936E+01
#           1.46780E+01  1.58489E+01  1.71133E+01  1.84785E+01  1.99526E+01
#           2.15443E+01  2.32631E+01  2.51189E+01  2.71227E+01  2.92864E+01
#           3.16228E+01  3.41455E+01  3.68695E+01  3.98107E+01  4.29866E+01
#           4.64159E+01  5.01187E+01  5.41170E+01  5.84341E+01  6.30957E+01
#           6.81292E+01  7.35642E+01  7.94328E+01  8.57696E+01  9.26119E+01
#           1.00000E+02  1.07978E+02  1.16591E+02  1.25893E+02  1.35936E+02
#           1.46780E+02  1.58489E+02  1.71133E+02  1.84785E+02  1.99526E+02
#           2.15443E+02  2.32631E+02  2.51189E+02  2.71227E+02  2.92864E+02
#           3.16228E+02  3.41455E+02  3.68695E+02  3.98107E+02  4.29866E+02
#           4.64159E+02  5.01187E+02  5.41170E+02  5.84341E+02  6.30957E+02
#           6.81292E+02  7.35642E+02  7.94328E+02  8.57696E+02  9.26119E+02
#           1.00000E+03  1.07978E+03  1.16591E+03  1.25893E+03  1.35936E+03
#           1.46780E+03  1.58489E+03  1.71133E+03  1.84785E+03  1.99526E+03
#           2.15443E+03  2.32631E+03  2.51189E+03  2.71227E+03  2.92864E+03
#           3.16228E+03  3.41455E+03  3.68695E+03  3.98107E+03  4.29866E+03
#           4.64159E+03  5.01187E+03  5.41170E+03  5.84341E+03  6.30957E+03
#           6.81292E+03  7.35642E+03  7.94328E+03  8.57696E+03  9.26119E+03
#           1.00000E+04
  se-unit =    2            # se-unit is [keV/um]
     unit =    8            # unit is z*d(z) [Gy]
    model =    1            # (D=0) Model type 0:old, 1:new
    cdiam = -1.000000       # (D=1.0) diameter of target sphere [um]
   letmat =   -5            # (D=0) mat ID for LET, 0:real mat, <0: electron for H2O
 material =  all            # (D=all) number of specific material
     axis =  sed            # axis of output
     file = ydy_Ti.out      # file name of output for the above axis
     part =  all      
# kf/name :  0        
#    used :        main (  %)        temp (  %)       total (  %)
#  memory :         183 (  0)           0 (  0)         183 (  0)

#------------------------------------------------------------------------------
#newpage:
#   no. =  1   reg =      1

x: y [keV/um]  
y: y*d(y) [keV/um]               
p: xlog ylog afac(0.8) form(0.9)
h: n            x            y(all     ),hh0l n  
#  sed-lwr      sed-upr        all       r.err 
   1.0000E-02   1.0798E-02   1.1475E-05  0.0019
   1.0798E-02   1.1659E-02   1.3493E-05  0.0019
   1.1659E-02   1.2589E-02   1.5875E-05  0.0019
   1.2589E-02   1.3594E-02   1.8688E-05  0.0019
   1.3594E-02   1.4678E-02   2.2010E-05  0.0019
   1.4678E-02   1.5849E-02   2.5936E-05  0.0019
   1.5849E-02   1.7113E-02   3.0577E-05  0.0019
   1.7113E-02   1.8478E-02   3.6061E-05  0.0019
   1.8478E-02   1.9953E-02   4.2539E-05  0.0019
   1.9953E-02   2.1544E-02   5.0187E-05  0.0019
   2.1544E-02   2.3263E-02   5.9207E-05  0.0019
   2.3263E-02   2.5119E-02   6.9830E-05  0.0019
   2.5119E-02   2.7123E-02   8.2324E-05  0.0019
   2.7123E-02   2.9286E-02   9.6998E-05  0.0019
   2.9286E-02   3.1623E-02   1.1422E-04  0.0019
   3.1623E-02   3.4145E-02   1.3445E-04  0.0019
   3.4145E-02   3.6869E-02   1.5829E-04  0.0020
   3.6869E-02   3.9811E-02   1.8653E-04  0.0020
   3.9811E-02   4.2987E-02   2.2028E-04  0.0020
   4.2987E-02   4.6416E-02   2.6104E-04  0.0020
   4.6416E-02   5.0119E-02   3.1066E-04  0.0020
   5.0119E-02   5.4117E-02   3.7136E-04  0.0020
   5.4117E-02   5.8434E-02   4.4561E-04  0.0020
   5.8434E-02   6.3096E-02   5.3621E-04  0.0020
   6.3096E-02   6.8129E-02   6.4637E-04  0.0020
   6.8129E-02   7.3564E-02   7.8023E-04  0.0019
   7.3564E-02   7.9433E-02   9.4298E-04  0.0019
   7.9433E-02   8.5770E-02   1.1410E-03  0.0019
   8.5770E-02   9.2612E-02   1.3820E-03  0.0019
   9.2612E-02   1.0000E-01   1.6758E-03  0.0019
   1.0000E-01   1.0798E-01   2.0340E-03  0.0019
   1.0798E-01   1.1659E-01   2.4712E-03  0.0019
   1.1659E-01   1.2589E-01   3.0049E-03  0.0019
   1.2589E-01   1.3594E-01   3.6569E-03  0.0019
   1.3594E-01   1.4678E-01   4.4534E-03  0.0019
   1.4678E-01   1.5849E-01   5.4265E-03  0.0019
   1.5849E-01   1.7113E-01   6.6155E-03  0.0019
   1.7113E-01   1.8478E-01   8.0675E-03  0.0019
   1.8478E-01   1.9953E-01   9.8401E-03  0.0019
   1.9953E-01   2.1544E-01   1.2002E-02  0.0019
   2.1544E-01   2.3263E-01   1.4637E-02  0.0019
   2.3263E-01   2.5119E-01   1.7843E-02  0.0019
   2.5119E-01   2.7123E-01   2.1737E-02  0.0019
   2.7123E-01   2.9286E-01   2.6456E-02  0.0019
   2.9286E-01   3.1623E-01   3.2161E-02  0.0019
   3.1623E-01   3.4145E-01   3.9034E-02  0.0019
   3.4145E-01   3.6869E-01   4.7284E-02  0.0019
   3.6869E-01   3.9811E-01   5.7140E-02  0.0019
   3.9811E-01   4.2987E-01   6.8849E-02  0.0019
   4.2987E-01   4.6416E-01   8.2671E-02  0.0019
   4.6416E-01   5.0119E-01   9.8863E-02  0.0019
   5.0119E-01   5.4117E-01   1.1766E-01  0.0019
   5.4117E-01   5.8434E-01   1.3927E-01  0.0019
   5.8434E-01   6.3096E-01   1.6379E-01  0.0019
   6.3096E-01   6.8129E-01   1.9125E-01  0.0019
   6.8129E-01   7.3564E-01   2.2152E-01  0.0019
   7.3564E-01   7.9433E-01   2.5427E-01  0.0019
   7.9433E-01   8.5770E-01   2.8899E-01  0.0019
   8.5770E-01   9.2612E-01   3.2494E-01  0.0019
   9.2612E-01   1.0000E+00   3.6118E-01  0.0019
   1.0000E+00   1.0798E+00   3.9659E-01  0.0019
   1.0798E+00   1.1659E+00   4.2993E-01  0.0019
   1.1659E+00   1.2589E+00   4.5994E-01  0.0019
   1.2589E+00   1.3594E+00   4.8536E-01  0.0019
   1.3594E+00   1.4678E+00   5.0507E-01  0.0019
   1.4678E+00   1.5849E+00   5.1814E-01  0.0019
   1.5849E+00   1.7113E+00   5.2394E-01  0.0019
   1.7113E+00   1.8478E+00   5.2219E-01  0.0019
   1.8478E+00   1.9953E+00   5.1304E-01  0.0019
   1.9953E+00   2.1544E+00   4.9705E-01  0.0019
   2.1544E+00   2.3263E+00   4.7524E-01  0.0019
   2.3263E+00   2.5119E+00   4.4893E-01  0.0019
   2.5119E+00   2.7123E+00   4.1969E-01  0.0019
   2.7123E+00   2.9286E+00   3.8918E-01  0.0019
   2.9286E+00   3.1623E+00   3.5897E-01  0.0019
   3.1623E+00   3.4145E+00   3.3038E-01  0.0019
   3.4145E+00   3.6869E+00   3.0439E-01  0.0019
   3.6869E+00   3.9811E+00   2.8153E-01  0.0019
   3.9811E+00   4.2987E+00   2.6186E-01  0.0019
   4.2987E+00   4.6416E+00   2.4504E-01  0.0020
   4.6416E+00   5.0119E+00   2.3041E-01  0.0020
   5.0119E+00   5.4117E+00   2.1714E-01  0.0020
   5.4117E+00   5.8434E+00   2.0436E-01  0.0021
   5.8434E+00   6.3096E+00   1.9135E-01  0.0021
   6.3096E+00   6.8129E+00   1.7757E-01  0.0022
   6.8129E+00   7.3564E+00   1.6275E-01  0.0023
   7.3564E+00   7.9433E+00   1.4691E-01  0.0024
   7.9433E+00   8.5770E+00   1.3028E-01  0.0025
   8.5770E+00   9.2612E+00   1.1328E-01  0.0027
   9.2612E+00   1.0000E+01   9.6396E-02  0.0030
   1.0000E+01   1.0798E+01   8.0159E-02  0.0035
   1.0798E+01   1.1659E+01   6.5048E-02  0.0042
   1.1659E+01   1.2589E+01   5.1453E-02  0.0053
   1.2589E+01   1.3594E+01   3.9635E-02  0.0069
   1.3594E+01   1.4678E+01   2.9716E-02  0.0092
   1.4678E+01   1.5849E+01   2.1679E-02  0.0126
   1.5849E+01   1.7113E+01   1.5395E-02  0.0174
   1.7113E+01   1.8478E+01   1.0656E-02  0.0243
   1.8478E+01   1.9953E+01   7.2125E-03  0.0342
   1.9953E+01   2.1544E+01   4.8040E-03  0.0489
   2.1544E+01   2.3263E+01   3.1795E-03  0.0713
   2.3263E+01   2.5119E+01   2.1200E-03  0.1044
   2.5119E+01   2.7123E+01   1.4471E-03  0.1498
   2.7123E+01   2.9286E+01   1.0218E-03  0.2014
   2.9286E+01   3.1623E+01   7.4544E-04  0.2437
   3.1623E+01   3.4145E+01   5.6829E-04  0.2713
   3.4145E+01   3.6869E+01   4.7403E-04  0.3078
   3.6869E+01   3.9811E+01   4.4263E-04  0.3475
   3.9811E+01   4.2987E+01   4.3317E-04  0.3733
   4.2987E+01   4.6416E+01   4.3749E-04  0.3969
   4.6416E+01   5.0119E+01   4.7345E-04  0.4331
   5.0119E+01   5.4117E+01   5.5233E-04  0.4570
   5.4117E+01   5.8434E+01   6.5317E-04  0.4643
   5.8434E+01   6.3096E+01   7.2060E-04  0.4510
   6.3096E+01   6.8129E+01   7.0525E-04  0.4446
   6.8129E+01   7.3564E+01   7.3825E-04  0.4906
   7.3564E+01   7.9433E+01   8.4627E-04  0.5186
   7.9433E+01   8.5770E+01   9.8389E-04  0.5443
   8.5770E+01   9.2612E+01   1.1654E-03  0.5706
   9.2612E+01   1.0000E+02   1.4084E-03  0.5846
   1.0000E+02   1.0798E+02   1.5711E-03  0.5888
   1.0798E+02   1.1659E+02   1.4836E-03  0.6375
   1.1659E+02   1.2589E+02   1.4216E-03  0.7017
   1.2589E+02   1.3594E+02   1.5170E-03  0.7068
   1.3594E+02   1.4678E+02   1.5401E-03  0.7112
   1.4678E+02   1.5849E+02   1.3023E-03  0.7690
   1.5849E+02   1.7113E+02   1.1365E-03  0.9231
   1.7113E+02   1.8478E+02   1.2052E-03  0.9886
   1.8478E+02   1.9953E+02   1.3366E-03  0.9988
   1.9953E+02   2.1544E+02   1.4144E-03  0.9999
   2.1544E+02   2.3263E+02   1.4309E-03  1.0000
   2.3263E+02   2.5119E+02   9.7576E-04  1.0000
   2.5119E+02   2.7123E+02   1.2030E-04  1.0000
   2.7123E+02   2.9286E+02   5.0765E-06  1.0000
   2.9286E+02   3.1623E+02   1.5189E-07  1.0000
   3.1623E+02   3.4145E+02   3.3253E-09  1.0000
   3.4145E+02   3.6869E+02   0.0000E+00  0.0000
   3.6869E+02   3.9811E+02   0.0000E+00  0.0000
   3.9811E+02   4.2987E+02   0.0000E+00  0.0000
   4.2987E+02   4.6416E+02   0.0000E+00  0.0000
   4.6416E+02   5.0119E+02   0.0000E+00  0.0000
   5.0119E+02   5.4117E+02   0.0000E+00  0.0000
   5.4117E+02   5.8434E+02   0.0000E+00  0.0000
   5.8434E+02   6.3096E+02   0.0000E+00  0.0000
   6.3096E+02   6.8129E+02   0.0000E+00  0.0000
   6.8129E+02   7.3564E+02   0.0000E+00  0.0000
   7.3564E+02   7.9433E+02   0.0000E+00  0.0000
   7.9433E+02   8.5770E+02   0.0000E+00  0.0000
   8.5770E+02   9.2612E+02   0.0000E+00  0.0000
   9.2612E+02   1.0000E+03   0.0000E+00  0.0000
   1.0000E+03   1.0798E+03   0.0000E+00  0.0000
   1.0798E+03   1.1659E+03   0.0000E+00  0.0000
   1.1659E+03   1.2589E+03   0.0000E+00  0.0000
   1.2589E+03   1.3594E+03   0.0000E+00  0.0000
   1.3594E+03   1.4678E+03   0.0000E+00  0.0000
   1.4678E+03   1.5849E+03   0.0000E+00  0.0000
   1.5849E+03   1.7113E+03   0.0000E+00  0.0000
   1.7113E+03   1.8478E+03   0.0000E+00  0.0000
   1.8478E+03   1.9953E+03   0.0000E+00  0.0000
   1.9953E+03   2.1544E+03   0.0000E+00  0.0000
   2.1544E+03   2.3263E+03   0.0000E+00  0.0000
   2.3263E+03   2.5119E+03   0.0000E+00  0.0000
   2.5119E+03   2.7123E+03   0.0000E+00  0.0000
   2.7123E+03   2.9286E+03   0.0000E+00  0.0000
   2.9286E+03   3.1623E+03   0.0000E+00  0.0000
   3.1623E+03   3.4145E+03   0.0000E+00  0.0000
   3.4145E+03   3.6869E+03   0.0000E+00  0.0000
   3.6869E+03   3.9811E+03   0.0000E+00  0.0000
   3.9811E+03   4.2987E+03   0.0000E+00  0.0000
   4.2987E+03   4.6416E+03   0.0000E+00  0.0000
   4.6416E+03   5.0119E+03   0.0000E+00  0.0000
   5.0119E+03   5.4117E+03   0.0000E+00  0.0000
   5.4117E+03   5.8434E+03   0.0000E+00  0.0000
   5.8434E+03   6.3096E+03   0.0000E+00  0.0000
   6.3096E+03   6.8129E+03   0.0000E+00  0.0000
   6.8129E+03   7.3564E+03   0.0000E+00  0.0000
   7.3564E+03   7.9433E+03   0.0000E+00  0.0000
   7.9433E+03   8.5770E+03   0.0000E+00  0.0000
   8.5770E+03   9.2612E+03   0.0000E+00  0.0000
   9.2612E+03   1.0000E+04   0.0000E+00  0.0000

#               Dose mean    3.9766E+00

'no. =  1,  reg  =      1'
msuc: {\huge microdosimetric_spectra_water_photon_PHITS}
msdr: {\it plotted by \ANGEL \version}
msdl: {\it calculated by \PHITS  3.32}
 
# Information for Restart Calculation
# This calculation was newly started
# istdev =  2 # 1:Batch variance, 2:History variance
# resc2  = 1.00000000000000000E+06 # Total source weight or Total source weight / maxcas
# resc3  = 1.00000000000000000E+06 # Total history number or Total batch number
# maxcas =      100000 # History / Batch, only used for istdev=1
# bitrseed = 0101101000001110011101111011110101001001010001111010111000101101 # bit data of rseed
