[ T-Deposit ]
    title = depth-dose distribution
     mesh =  r-z            # mesh type is r-z scoring mesh
       x0 =   0.000000      # center x-position of r-z mesh
       y0 =   0.000000      # center y-position of r-z mesh
   r-type =    2            # r-mesh is linear given by rmin, rmax and nr
     rmin =   0.000000      # minimum value of r-mesh points
     rmax =   1.000000      # maximum value of r-mesh points
#    rdel =   1.000000      # mesh width of r-mesh points
       nr =      1          # number of r-mesh points
#    data = ( r(i), i = 1, nr + 1 )
#           0.00000E+00  1.00000E+00
   z-type =    2            # z-mesh is linear given by zmin, zmax and nz
     zmin =  -2.500000      # minimum value of z-mesh points
     zmax =   2.500000      # maximum value of z-mesh points
#    zdel =  5.0000000E-03  # mesh width of z-mesh points
       nz =   1000          # number of z-mesh points
#    data = ( z(i), i = 1, nz + 1 )
#          -2.50000E+00 -2.49500E+00 -2.49000E+00 -2.48500E+00 -2.48000E+00
#          -2.47500E+00 -2.47000E+00 -2.46500E+00 -2.46000E+00 -2.45500E+00
#          -2.45000E+00 -2.44500E+00 -2.44000E+00 -2.43500E+00 -2.43000E+00
#          -2.42500E+00 -2.42000E+00 -2.41500E+00 -2.41000E+00 -2.40500E+00
#          -2.40000E+00 -2.39500E+00 -2.39000E+00 -2.38500E+00 -2.38000E+00
#          -2.37500E+00 -2.37000E+00 -2.36500E+00 -2.36000E+00 -2.35500E+00
#          -2.35000E+00 -2.34500E+00 -2.34000E+00 -2.33500E+00 -2.33000E+00
#          -2.32500E+00 -2.32000E+00 -2.31500E+00 -2.31000E+00 -2.30500E+00
#          -2.30000E+00 -2.29500E+00 -2.29000E+00 -2.28500E+00 -2.28000E+00
#          -2.27500E+00 -2.27000E+00 -2.26500E+00 -2.26000E+00 -2.25500E+00
#          -2.25000E+00 -2.24500E+00 -2.24000E+00 -2.23500E+00 -2.23000E+00
#          -2.22500E+00 -2.22000E+00 -2.21500E+00 -2.21000E+00 -2.20500E+00
#          -2.20000E+00 -2.19500E+00 -2.19000E+00 -2.18500E+00 -2.18000E+00
#          -2.17500E+00 -2.17000E+00 -2.16500E+00 -2.16000E+00 -2.15500E+00
#          -2.15000E+00 -2.14500E+00 -2.14000E+00 -2.13500E+00 -2.13000E+00
#          -2.12500E+00 -2.12000E+00 -2.11500E+00 -2.11000E+00 -2.10500E+00
#          -2.10000E+00 -2.09500E+00 -2.09000E+00 -2.08500E+00 -2.08000E+00
#          -2.07500E+00 -2.07000E+00 -2.06500E+00 -2.06000E+00 -2.05500E+00
#          -2.05000E+00 -2.04500E+00 -2.04000E+00 -2.03500E+00 -2.03000E+00
#          -2.02500E+00 -2.02000E+00 -2.01500E+00 -2.01000E+00 -2.00500E+00
#          -2.00000E+00 -1.99500E+00 -1.99000E+00 -1.98500E+00 -1.98000E+00
#          -1.97500E+00 -1.97000E+00 -1.96500E+00 -1.96000E+00 -1.95500E+00
#          -1.95000E+00 -1.94500E+00 -1.94000E+00 -1.93500E+00 -1.93000E+00
#          -1.92500E+00 -1.92000E+00 -1.91500E+00 -1.91000E+00 -1.90500E+00
#          -1.90000E+00 -1.89500E+00 -1.89000E+00 -1.88500E+00 -1.88000E+00
#          -1.87500E+00 -1.87000E+00 -1.86500E+00 -1.86000E+00 -1.85500E+00
#          -1.85000E+00 -1.84500E+00 -1.84000E+00 -1.83500E+00 -1.83000E+00
#          -1.82500E+00 -1.82000E+00 -1.81500E+00 -1.81000E+00 -1.80500E+00
#          -1.80000E+00 -1.79500E+00 -1.79000E+00 -1.78500E+00 -1.78000E+00
#          -1.77500E+00 -1.77000E+00 -1.76500E+00 -1.76000E+00 -1.75500E+00
#          -1.75000E+00 -1.74500E+00 -1.74000E+00 -1.73500E+00 -1.73000E+00
#          -1.72500E+00 -1.72000E+00 -1.71500E+00 -1.71000E+00 -1.70500E+00
#          -1.70000E+00 -1.69500E+00 -1.69000E+00 -1.68500E+00 -1.68000E+00
#          -1.67500E+00 -1.67000E+00 -1.66500E+00 -1.66000E+00 -1.65500E+00
#          -1.65000E+00 -1.64500E+00 -1.64000E+00 -1.63500E+00 -1.63000E+00
#          -1.62500E+00 -1.62000E+00 -1.61500E+00 -1.61000E+00 -1.60500E+00
#          -1.60000E+00 -1.59500E+00 -1.59000E+00 -1.58500E+00 -1.58000E+00
#          -1.57500E+00 -1.57000E+00 -1.56500E+00 -1.56000E+00 -1.55500E+00
#          -1.55000E+00 -1.54500E+00 -1.54000E+00 -1.53500E+00 -1.53000E+00
#          -1.52500E+00 -1.52000E+00 -1.51500E+00 -1.51000E+00 -1.50500E+00
#          -1.50000E+00 -1.49500E+00 -1.49000E+00 -1.48500E+00 -1.48000E+00
#          -1.47500E+00 -1.47000E+00 -1.46500E+00 -1.46000E+00 -1.45500E+00
#          -1.45000E+00 -1.44500E+00 -1.44000E+00 -1.43500E+00 -1.43000E+00
#          -1.42500E+00 -1.42000E+00 -1.41500E+00 -1.41000E+00 -1.40500E+00
#          -1.40000E+00 -1.39500E+00 -1.39000E+00 -1.38500E+00 -1.38000E+00
#          -1.37500E+00 -1.37000E+00 -1.36500E+00 -1.36000E+00 -1.35500E+00
#          -1.35000E+00 -1.34500E+00 -1.34000E+00 -1.33500E+00 -1.33000E+00
#          -1.32500E+00 -1.32000E+00 -1.31500E+00 -1.31000E+00 -1.30500E+00
#          -1.30000E+00 -1.29500E+00 -1.29000E+00 -1.28500E+00 -1.28000E+00
#          -1.27500E+00 -1.27000E+00 -1.26500E+00 -1.26000E+00 -1.25500E+00
#          -1.25000E+00 -1.24500E+00 -1.24000E+00 -1.23500E+00 -1.23000E+00
#          -1.22500E+00 -1.22000E+00 -1.21500E+00 -1.21000E+00 -1.20500E+00
#          -1.20000E+00 -1.19500E+00 -1.19000E+00 -1.18500E+00 -1.18000E+00
#          -1.17500E+00 -1.17000E+00 -1.16500E+00 -1.16000E+00 -1.15500E+00
#          -1.15000E+00 -1.14500E+00 -1.14000E+00 -1.13500E+00 -1.13000E+00
#          -1.12500E+00 -1.12000E+00 -1.11500E+00 -1.11000E+00 -1.10500E+00
#          -1.10000E+00 -1.09500E+00 -1.09000E+00 -1.08500E+00 -1.08000E+00
#          -1.07500E+00 -1.07000E+00 -1.06500E+00 -1.06000E+00 -1.05500E+00
#          -1.05000E+00 -1.04500E+00 -1.04000E+00 -1.03500E+00 -1.03000E+00
#          -1.02500E+00 -1.02000E+00 -1.01500E+00 -1.01000E+00 -1.00500E+00
#          -1.00000E+00 -9.95000E-01 -9.90000E-01 -9.85000E-01 -9.80000E-01
#          -9.75000E-01 -9.70000E-01 -9.65000E-01 -9.60000E-01 -9.55000E-01
#          -9.50000E-01 -9.45000E-01 -9.40000E-01 -9.35000E-01 -9.30000E-01
#          -9.25000E-01 -9.20000E-01 -9.15000E-01 -9.10000E-01 -9.05000E-01
#          -9.00000E-01 -8.95000E-01 -8.90000E-01 -8.85000E-01 -8.80000E-01
#          -8.75000E-01 -8.70000E-01 -8.65000E-01 -8.60000E-01 -8.55000E-01
#          -8.50000E-01 -8.45000E-01 -8.40000E-01 -8.35000E-01 -8.30000E-01
#          -8.25000E-01 -8.20000E-01 -8.15000E-01 -8.10000E-01 -8.05000E-01
#          -8.00000E-01 -7.95000E-01 -7.90000E-01 -7.85000E-01 -7.80000E-01
#          -7.75000E-01 -7.70000E-01 -7.65000E-01 -7.60000E-01 -7.55000E-01
#          -7.50000E-01 -7.45000E-01 -7.40000E-01 -7.35000E-01 -7.30000E-01
#          -7.25000E-01 -7.20000E-01 -7.15000E-01 -7.10000E-01 -7.05000E-01
#          -7.00000E-01 -6.95000E-01 -6.90000E-01 -6.85000E-01 -6.80000E-01
#          -6.75000E-01 -6.70000E-01 -6.65000E-01 -6.60000E-01 -6.55000E-01
#          -6.50000E-01 -6.45000E-01 -6.40000E-01 -6.35000E-01 -6.30000E-01
#          -6.25000E-01 -6.20000E-01 -6.15000E-01 -6.10000E-01 -6.05000E-01
#          -6.00000E-01 -5.95000E-01 -5.90000E-01 -5.85000E-01 -5.80000E-01
#          -5.75000E-01 -5.70000E-01 -5.65000E-01 -5.60000E-01 -5.55000E-01
#          -5.50000E-01 -5.45000E-01 -5.40000E-01 -5.35000E-01 -5.30000E-01
#          -5.25000E-01 -5.20000E-01 -5.15000E-01 -5.10000E-01 -5.05000E-01
#          -5.00000E-01 -4.95000E-01 -4.90000E-01 -4.85000E-01 -4.80000E-01
#          -4.75000E-01 -4.70000E-01 -4.65000E-01 -4.60000E-01 -4.55000E-01
#          -4.50000E-01 -4.45000E-01 -4.40000E-01 -4.35000E-01 -4.30000E-01
#          -4.25000E-01 -4.20000E-01 -4.15000E-01 -4.10000E-01 -4.05000E-01
#          -4.00000E-01 -3.95000E-01 -3.90000E-01 -3.85000E-01 -3.80000E-01
#          -3.75000E-01 -3.70000E-01 -3.65000E-01 -3.60000E-01 -3.55000E-01
#          -3.50000E-01 -3.45000E-01 -3.40000E-01 -3.35000E-01 -3.30000E-01
#          -3.25000E-01 -3.20000E-01 -3.15000E-01 -3.10000E-01 -3.05000E-01
#          -3.00000E-01 -2.95000E-01 -2.90000E-01 -2.85000E-01 -2.80000E-01
#          -2.75000E-01 -2.70000E-01 -2.65000E-01 -2.60000E-01 -2.55000E-01
#          -2.50000E-01 -2.45000E-01 -2.40000E-01 -2.35000E-01 -2.30000E-01
#          -2.25000E-01 -2.20000E-01 -2.15000E-01 -2.10000E-01 -2.05000E-01
#          -2.00000E-01 -1.95000E-01 -1.90000E-01 -1.85000E-01 -1.80000E-01
#          -1.75000E-01 -1.70000E-01 -1.65000E-01 -1.60000E-01 -1.55000E-01
#          -1.50000E-01 -1.45000E-01 -1.40000E-01 -1.35000E-01 -1.30000E-01
#          -1.25000E-01 -1.20000E-01 -1.15000E-01 -1.10000E-01 -1.05000E-01
#          -1.00000E-01 -9.50000E-02 -9.00000E-02 -8.50000E-02 -8.00000E-02
#          -7.50000E-02 -7.00000E-02 -6.50000E-02 -6.00000E-02 -5.50000E-02
#          -5.00000E-02 -4.50000E-02 -4.00000E-02 -3.50000E-02 -3.00000E-02
#          -2.50000E-02 -2.00000E-02 -1.50000E-02 -1.00000E-02 -5.00000E-03
#           0.00000E+00  5.00000E-03  1.00000E-02  1.50000E-02  2.00000E-02
#           2.50000E-02  3.00000E-02  3.50000E-02  4.00000E-02  4.50000E-02
#           5.00000E-02  5.50000E-02  6.00000E-02  6.50000E-02  7.00000E-02
#           7.50000E-02  8.00000E-02  8.50000E-02  9.00000E-02  9.50000E-02
#           1.00000E-01  1.05000E-01  1.10000E-01  1.15000E-01  1.20000E-01
#           1.25000E-01  1.30000E-01  1.35000E-01  1.40000E-01  1.45000E-01
#           1.50000E-01  1.55000E-01  1.60000E-01  1.65000E-01  1.70000E-01
#           1.75000E-01  1.80000E-01  1.85000E-01  1.90000E-01  1.95000E-01
#           2.00000E-01  2.05000E-01  2.10000E-01  2.15000E-01  2.20000E-01
#           2.25000E-01  2.30000E-01  2.35000E-01  2.40000E-01  2.45000E-01
#           2.50000E-01  2.55000E-01  2.60000E-01  2.65000E-01  2.70000E-01
#           2.75000E-01  2.80000E-01  2.85000E-01  2.90000E-01  2.95000E-01
#           3.00000E-01  3.05000E-01  3.10000E-01  3.15000E-01  3.20000E-01
#           3.25000E-01  3.30000E-01  3.35000E-01  3.40000E-01  3.45000E-01
#           3.50000E-01  3.55000E-01  3.60000E-01  3.65000E-01  3.70000E-01
#           3.75000E-01  3.80000E-01  3.85000E-01  3.90000E-01  3.95000E-01
#           4.00000E-01  4.05000E-01  4.10000E-01  4.15000E-01  4.20000E-01
#           4.25000E-01  4.30000E-01  4.35000E-01  4.40000E-01  4.45000E-01
#           4.50000E-01  4.55000E-01  4.60000E-01  4.65000E-01  4.70000E-01
#           4.75000E-01  4.80000E-01  4.85000E-01  4.90000E-01  4.95000E-01
#           5.00000E-01  5.05000E-01  5.10000E-01  5.15000E-01  5.20000E-01
#           5.25000E-01  5.30000E-01  5.35000E-01  5.40000E-01  5.45000E-01
#           5.50000E-01  5.55000E-01  5.60000E-01  5.65000E-01  5.70000E-01
#           5.75000E-01  5.80000E-01  5.85000E-01  5.90000E-01  5.95000E-01
#           6.00000E-01  6.05000E-01  6.10000E-01  6.15000E-01  6.20000E-01
#           6.25000E-01  6.30000E-01  6.35000E-01  6.40000E-01  6.45000E-01
#           6.50000E-01  6.55000E-01  6.60000E-01  6.65000E-01  6.70000E-01
#           6.75000E-01  6.80000E-01  6.85000E-01  6.90000E-01  6.95000E-01
#           7.00000E-01  7.05000E-01  7.10000E-01  7.15000E-01  7.20000E-01
#           7.25000E-01  7.30000E-01  7.35000E-01  7.40000E-01  7.45000E-01
#           7.50000E-01  7.55000E-01  7.60000E-01  7.65000E-01  7.70000E-01
#           7.75000E-01  7.80000E-01  7.85000E-01  7.90000E-01  7.95000E-01
#           8.00000E-01  8.05000E-01  8.10000E-01  8.15000E-01  8.20000E-01
#           8.25000E-01  8.30000E-01  8.35000E-01  8.40000E-01  8.45000E-01
#           8.50000E-01  8.55000E-01  8.60000E-01  8.65000E-01  8.70000E-01
#           8.75000E-01  8.80000E-01  8.85000E-01  8.90000E-01  8.95000E-01
#           9.00000E-01  9.05000E-01  9.10000E-01  9.15000E-01  9.20000E-01
#           9.25000E-01  9.30000E-01  9.35000E-01  9.40000E-01  9.45000E-01
#           9.50000E-01  9.55000E-01  9.60000E-01  9.65000E-01  9.70000E-01
#           9.75000E-01  9.80000E-01  9.85000E-01  9.90000E-01  9.95000E-01
#           1.00000E+00  1.00500E+00  1.01000E+00  1.01500E+00  1.02000E+00
#           1.02500E+00  1.03000E+00  1.03500E+00  1.04000E+00  1.04500E+00
#           1.05000E+00  1.05500E+00  1.06000E+00  1.06500E+00  1.07000E+00
#           1.07500E+00  1.08000E+00  1.08500E+00  1.09000E+00  1.09500E+00
#           1.10000E+00  1.10500E+00  1.11000E+00  1.11500E+00  1.12000E+00
#           1.12500E+00  1.13000E+00  1.13500E+00  1.14000E+00  1.14500E+00
#           1.15000E+00  1.15500E+00  1.16000E+00  1.16500E+00  1.17000E+00
#           1.17500E+00  1.18000E+00  1.18500E+00  1.19000E+00  1.19500E+00
#           1.20000E+00  1.20500E+00  1.21000E+00  1.21500E+00  1.22000E+00
#           1.22500E+00  1.23000E+00  1.23500E+00  1.24000E+00  1.24500E+00
#           1.25000E+00  1.25500E+00  1.26000E+00  1.26500E+00  1.27000E+00
#           1.27500E+00  1.28000E+00  1.28500E+00  1.29000E+00  1.29500E+00
#           1.30000E+00  1.30500E+00  1.31000E+00  1.31500E+00  1.32000E+00
#           1.32500E+00  1.33000E+00  1.33500E+00  1.34000E+00  1.34500E+00
#           1.35000E+00  1.35500E+00  1.36000E+00  1.36500E+00  1.37000E+00
#           1.37500E+00  1.38000E+00  1.38500E+00  1.39000E+00  1.39500E+00
#           1.40000E+00  1.40500E+00  1.41000E+00  1.41500E+00  1.42000E+00
#           1.42500E+00  1.43000E+00  1.43500E+00  1.44000E+00  1.44500E+00
#           1.45000E+00  1.45500E+00  1.46000E+00  1.46500E+00  1.47000E+00
#           1.47500E+00  1.48000E+00  1.48500E+00  1.49000E+00  1.49500E+00
#           1.50000E+00  1.50500E+00  1.51000E+00  1.51500E+00  1.52000E+00
#           1.52500E+00  1.53000E+00  1.53500E+00  1.54000E+00  1.54500E+00
#           1.55000E+00  1.55500E+00  1.56000E+00  1.56500E+00  1.57000E+00
#           1.57500E+00  1.58000E+00  1.58500E+00  1.59000E+00  1.59500E+00
#           1.60000E+00  1.60500E+00  1.61000E+00  1.61500E+00  1.62000E+00
#           1.62500E+00  1.63000E+00  1.63500E+00  1.64000E+00  1.64500E+00
#           1.65000E+00  1.65500E+00  1.66000E+00  1.66500E+00  1.67000E+00
#           1.67500E+00  1.68000E+00  1.68500E+00  1.69000E+00  1.69500E+00
#           1.70000E+00  1.70500E+00  1.71000E+00  1.71500E+00  1.72000E+00
#           1.72500E+00  1.73000E+00  1.73500E+00  1.74000E+00  1.74500E+00
#           1.75000E+00  1.75500E+00  1.76000E+00  1.76500E+00  1.77000E+00
#           1.77500E+00  1.78000E+00  1.78500E+00  1.79000E+00  1.79500E+00
#           1.80000E+00  1.80500E+00  1.81000E+00  1.81500E+00  1.82000E+00
#           1.82500E+00  1.83000E+00  1.83500E+00  1.84000E+00  1.84500E+00
#           1.85000E+00  1.85500E+00  1.86000E+00  1.86500E+00  1.87000E+00
#           1.87500E+00  1.88000E+00  1.88500E+00  1.89000E+00  1.89500E+00
#           1.90000E+00  1.90500E+00  1.91000E+00  1.91500E+00  1.92000E+00
#           1.92500E+00  1.93000E+00  1.93500E+00  1.94000E+00  1.94500E+00
#           1.95000E+00  1.95500E+00  1.96000E+00  1.96500E+00  1.97000E+00
#           1.97500E+00  1.98000E+00  1.98500E+00  1.99000E+00  1.99500E+00
#           2.00000E+00  2.00500E+00  2.01000E+00  2.01500E+00  2.02000E+00
#           2.02500E+00  2.03000E+00  2.03500E+00  2.04000E+00  2.04500E+00
#           2.05000E+00  2.05500E+00  2.06000E+00  2.06500E+00  2.07000E+00
#           2.07500E+00  2.08000E+00  2.08500E+00  2.09000E+00  2.09500E+00
#           2.10000E+00  2.10500E+00  2.11000E+00  2.11500E+00  2.12000E+00
#           2.12500E+00  2.13000E+00  2.13500E+00  2.14000E+00  2.14500E+00
#           2.15000E+00  2.15500E+00  2.16000E+00  2.16500E+00  2.17000E+00
#           2.17500E+00  2.18000E+00  2.18500E+00  2.19000E+00  2.19500E+00
#           2.20000E+00  2.20500E+00  2.21000E+00  2.21500E+00  2.22000E+00
#           2.22500E+00  2.23000E+00  2.23500E+00  2.24000E+00  2.24500E+00
#           2.25000E+00  2.25500E+00  2.26000E+00  2.26500E+00  2.27000E+00
#           2.27500E+00  2.28000E+00  2.28500E+00  2.29000E+00  2.29500E+00
#           2.30000E+00  2.30500E+00  2.31000E+00  2.31500E+00  2.32000E+00
#           2.32500E+00  2.33000E+00  2.33500E+00  2.34000E+00  2.34500E+00
#           2.35000E+00  2.35500E+00  2.36000E+00  2.36500E+00  2.37000E+00
#           2.37500E+00  2.38000E+00  2.38500E+00  2.39000E+00  2.39500E+00
#           2.40000E+00  2.40500E+00  2.41000E+00  2.41500E+00  2.42000E+00
#           2.42500E+00  2.43000E+00  2.43500E+00  2.44000E+00  2.44500E+00
#           2.45000E+00  2.45500E+00  2.46000E+00  2.46500E+00  2.47000E+00
#           2.47500E+00  2.48000E+00  2.48500E+00  2.49000E+00  2.49500E+00
#           2.50000E+00
     unit =    2            # unit is [MeV/source)]
   letmat =    0            # (D=0) mat ID for LET, 0:real mat, <0: electron for H2O
  dedxfnc =    0            # (D=0) user defined multiplier, 0(no), 1, 2
 material =  all            # (D=all) number of specific material
   output =  dose           # total deposit energy
  deposit =    0            # (D=0) 0-> total deposit dist, 1-> each process
     axis =     z           # axis of output
     file = dose.out        # file name of output for the above axis
     part =  all      
# kf/name :  0        
   epsout =    1            # (D=0) generate eps file by ANGEL
#    used :        main (  %)        temp (  %)       total (  %)
#  memory :        1006 (  0)           0 (  0)        1006 (  0)

#------------------------------------------------------------------------------
#newpage:
#   no. =  1   ir  =  1
#   r = (   0.0000E+00  -   1.0000E+00  )

x: z [cm]
y: Dose [MeV/source]     
p: xlin ylog afac(0.8) form(0.9)
h: n            x            y(all     ),hh0l n 
#  z-lower      z-upper        all       r.err 
  -2.5000E+00  -2.4950E+00   1.8257E-01  0.0023
  -2.4950E+00  -2.4900E+00   1.8276E-01  0.0024
  -2.4900E+00  -2.4850E+00   1.8285E-01  0.0023
  -2.4850E+00  -2.4800E+00   1.8294E-01  0.0023
  -2.4800E+00  -2.4750E+00   1.8319E-01  0.0024
  -2.4750E+00  -2.4700E+00   1.8327E-01  0.0024
  -2.4700E+00  -2.4650E+00   1.8339E-01  0.0024
  -2.4650E+00  -2.4600E+00   1.8347E-01  0.0024
  -2.4600E+00  -2.4550E+00   1.8355E-01  0.0024
  -2.4550E+00  -2.4500E+00   1.8351E-01  0.0023
  -2.4500E+00  -2.4450E+00   1.8361E-01  0.0024
  -2.4450E+00  -2.4400E+00   1.8362E-01  0.0024
  -2.4400E+00  -2.4350E+00   1.8365E-01  0.0024
  -2.4350E+00  -2.4300E+00   1.8375E-01  0.0024
  -2.4300E+00  -2.4250E+00   1.8383E-01  0.0024
  -2.4250E+00  -2.4200E+00   1.8372E-01  0.0023
  -2.4200E+00  -2.4150E+00   1.8399E-01  0.0024
  -2.4150E+00  -2.4100E+00   1.8403E-01  0.0024
  -2.4100E+00  -2.4050E+00   1.8415E-01  0.0024
  -2.4050E+00  -2.4000E+00   1.8436E-01  0.0024
  -2.4000E+00  -2.3950E+00   1.8436E-01  0.0024
  -2.3950E+00  -2.3900E+00   1.8436E-01  0.0023
  -2.3900E+00  -2.3850E+00   1.8445E-01  0.0024
  -2.3850E+00  -2.3800E+00   1.8453E-01  0.0024
  -2.3800E+00  -2.3750E+00   1.8468E-01  0.0024
  -2.3750E+00  -2.3700E+00   1.8465E-01  0.0024
  -2.3700E+00  -2.3650E+00   1.8490E-01  0.0024
  -2.3650E+00  -2.3600E+00   1.8485E-01  0.0024
  -2.3600E+00  -2.3550E+00   1.8494E-01  0.0024
  -2.3550E+00  -2.3500E+00   1.8497E-01  0.0024
  -2.3500E+00  -2.3450E+00   1.8527E-01  0.0024
  -2.3450E+00  -2.3400E+00   1.8517E-01  0.0024
  -2.3400E+00  -2.3350E+00   1.8509E-01  0.0024
  -2.3350E+00  -2.3300E+00   1.8513E-01  0.0023
  -2.3300E+00  -2.3250E+00   1.8522E-01  0.0024
  -2.3250E+00  -2.3200E+00   1.8551E-01  0.0024
  -2.3200E+00  -2.3150E+00   1.8544E-01  0.0024
  -2.3150E+00  -2.3100E+00   1.8535E-01  0.0024
  -2.3100E+00  -2.3050E+00   1.8548E-01  0.0024
  -2.3050E+00  -2.3000E+00   1.8564E-01  0.0024
  -2.3000E+00  -2.2950E+00   1.8568E-01  0.0024
  -2.2950E+00  -2.2900E+00   1.8577E-01  0.0024
  -2.2900E+00  -2.2850E+00   1.8579E-01  0.0024
  -2.2850E+00  -2.2800E+00   1.8609E-01  0.0024
  -2.2800E+00  -2.2750E+00   1.8605E-01  0.0024
  -2.2750E+00  -2.2700E+00   1.8610E-01  0.0024
  -2.2700E+00  -2.2650E+00   1.8603E-01  0.0024
  -2.2650E+00  -2.2600E+00   1.8623E-01  0.0024
  -2.2600E+00  -2.2550E+00   1.8627E-01  0.0024
  -2.2550E+00  -2.2500E+00   1.8635E-01  0.0024
  -2.2500E+00  -2.2450E+00   1.8632E-01  0.0024
  -2.2450E+00  -2.2400E+00   1.8643E-01  0.0024
  -2.2400E+00  -2.2350E+00   1.8634E-01  0.0023
  -2.2350E+00  -2.2300E+00   1.8645E-01  0.0024
  -2.2300E+00  -2.2250E+00   1.8651E-01  0.0024
  -2.2250E+00  -2.2200E+00   1.8648E-01  0.0023
  -2.2200E+00  -2.2150E+00   1.8674E-01  0.0024
  -2.2150E+00  -2.2100E+00   1.8686E-01  0.0024
  -2.2100E+00  -2.2050E+00   1.8684E-01  0.0024
  -2.2050E+00  -2.2000E+00   1.8694E-01  0.0024
  -2.2000E+00  -2.1950E+00   1.8703E-01  0.0024
  -2.1950E+00  -2.1900E+00   1.8708E-01  0.0024
  -2.1900E+00  -2.1850E+00   1.8714E-01  0.0024
  -2.1850E+00  -2.1800E+00   1.8709E-01  0.0023
  -2.1800E+00  -2.1750E+00   1.8737E-01  0.0024
  -2.1750E+00  -2.1700E+00   1.8731E-01  0.0024
  -2.1700E+00  -2.1650E+00   1.8740E-01  0.0024
  -2.1650E+00  -2.1600E+00   1.8760E-01  0.0024
  -2.1600E+00  -2.1550E+00   1.8746E-01  0.0024
  -2.1550E+00  -2.1500E+00   1.8756E-01  0.0024
  -2.1500E+00  -2.1450E+00   1.8758E-01  0.0024
  -2.1450E+00  -2.1400E+00   1.8770E-01  0.0024
  -2.1400E+00  -2.1350E+00   1.8769E-01  0.0024
  -2.1350E+00  -2.1300E+00   1.8797E-01  0.0024
  -2.1300E+00  -2.1250E+00   1.8789E-01  0.0024
  -2.1250E+00  -2.1200E+00   1.8796E-01  0.0024
  -2.1200E+00  -2.1150E+00   1.8779E-01  0.0023
  -2.1150E+00  -2.1100E+00   1.8811E-01  0.0024
  -2.1100E+00  -2.1050E+00   1.8813E-01  0.0024
  -2.1050E+00  -2.1000E+00   1.8813E-01  0.0023
  -2.1000E+00  -2.0950E+00   1.8827E-01  0.0024
  -2.0950E+00  -2.0900E+00   1.8834E-01  0.0024
  -2.0900E+00  -2.0850E+00   1.8836E-01  0.0024
  -2.0850E+00  -2.0800E+00   1.8861E-01  0.0024
  -2.0800E+00  -2.0750E+00   1.8861E-01  0.0024
  -2.0750E+00  -2.0700E+00   1.8872E-01  0.0024
  -2.0700E+00  -2.0650E+00   1.8872E-01  0.0024
  -2.0650E+00  -2.0600E+00   1.8883E-01  0.0024
  -2.0600E+00  -2.0550E+00   1.8896E-01  0.0024
  -2.0550E+00  -2.0500E+00   1.8893E-01  0.0024
  -2.0500E+00  -2.0450E+00   1.8897E-01  0.0024
  -2.0450E+00  -2.0400E+00   1.8902E-01  0.0024
  -2.0400E+00  -2.0350E+00   1.8914E-01  0.0024
  -2.0350E+00  -2.0300E+00   1.8928E-01  0.0024
  -2.0300E+00  -2.0250E+00   1.8917E-01  0.0024
  -2.0250E+00  -2.0200E+00   1.8957E-01  0.0024
  -2.0200E+00  -2.0150E+00   1.8956E-01  0.0024
  -2.0150E+00  -2.0100E+00   1.8953E-01  0.0024
  -2.0100E+00  -2.0050E+00   1.8960E-01  0.0024
  -2.0050E+00  -2.0000E+00   1.8981E-01  0.0024
  -2.0000E+00  -1.9950E+00   1.8967E-01  0.0024
  -1.9950E+00  -1.9900E+00   1.8971E-01  0.0024
  -1.9900E+00  -1.9850E+00   1.8977E-01  0.0023
  -1.9850E+00  -1.9800E+00   1.8987E-01  0.0024
  -1.9800E+00  -1.9750E+00   1.9006E-01  0.0024
  -1.9750E+00  -1.9700E+00   1.9009E-01  0.0024
  -1.9700E+00  -1.9650E+00   1.8994E-01  0.0023
  -1.9650E+00  -1.9600E+00   1.9017E-01  0.0024
  -1.9600E+00  -1.9550E+00   1.9036E-01  0.0024
  -1.9550E+00  -1.9500E+00   1.9032E-01  0.0024
  -1.9500E+00  -1.9450E+00   1.9060E-01  0.0024
  -1.9450E+00  -1.9400E+00   1.9050E-01  0.0024
  -1.9400E+00  -1.9350E+00   1.9058E-01  0.0024
  -1.9350E+00  -1.9300E+00   1.9054E-01  0.0023
  -1.9300E+00  -1.9250E+00   1.9087E-01  0.0024
  -1.9250E+00  -1.9200E+00   1.9080E-01  0.0024
  -1.9200E+00  -1.9150E+00   1.9095E-01  0.0024
  -1.9150E+00  -1.9100E+00   1.9089E-01  0.0023
  -1.9100E+00  -1.9050E+00   1.9102E-01  0.0024
  -1.9050E+00  -1.9000E+00   1.9099E-01  0.0024
  -1.9000E+00  -1.8950E+00   1.9109E-01  0.0024
  -1.8950E+00  -1.8900E+00   1.9137E-01  0.0024
  -1.8900E+00  -1.8850E+00   1.9149E-01  0.0024
  -1.8850E+00  -1.8800E+00   1.9142E-01  0.0024
  -1.8800E+00  -1.8750E+00   1.9150E-01  0.0024
  -1.8750E+00  -1.8700E+00   1.9155E-01  0.0024
  -1.8700E+00  -1.8650E+00   1.9173E-01  0.0024
  -1.8650E+00  -1.8600E+00   1.9166E-01  0.0024
  -1.8600E+00  -1.8550E+00   1.9177E-01  0.0024
  -1.8550E+00  -1.8500E+00   1.9190E-01  0.0024
  -1.8500E+00  -1.8450E+00   1.9200E-01  0.0024
  -1.8450E+00  -1.8400E+00   1.9197E-01  0.0024
  -1.8400E+00  -1.8350E+00   1.9197E-01  0.0024
  -1.8350E+00  -1.8300E+00   1.9212E-01  0.0024
  -1.8300E+00  -1.8250E+00   1.9207E-01  0.0024
  -1.8250E+00  -1.8200E+00   1.9223E-01  0.0024
  -1.8200E+00  -1.8150E+00   1.9225E-01  0.0024
  -1.8150E+00  -1.8100E+00   1.9247E-01  0.0024
  -1.8100E+00  -1.8050E+00   1.9255E-01  0.0024
  -1.8050E+00  -1.8000E+00   1.9250E-01  0.0024
  -1.8000E+00  -1.7950E+00   1.9248E-01  0.0024
  -1.7950E+00  -1.7900E+00   1.9263E-01  0.0024
  -1.7900E+00  -1.7850E+00   1.9278E-01  0.0024
  -1.7850E+00  -1.7800E+00   1.9279E-01  0.0024
  -1.7800E+00  -1.7750E+00   1.9302E-01  0.0024
  -1.7750E+00  -1.7700E+00   1.9312E-01  0.0024
  -1.7700E+00  -1.7650E+00   1.9309E-01  0.0024
  -1.7650E+00  -1.7600E+00   1.9315E-01  0.0024
  -1.7600E+00  -1.7550E+00   1.9327E-01  0.0024
  -1.7550E+00  -1.7500E+00   1.9325E-01  0.0024
  -1.7500E+00  -1.7450E+00   1.9317E-01  0.0023
  -1.7450E+00  -1.7400E+00   1.9319E-01  0.0023
  -1.7400E+00  -1.7350E+00   1.9350E-01  0.0024
  -1.7350E+00  -1.7300E+00   1.9359E-01  0.0024
  -1.7300E+00  -1.7250E+00   1.9382E-01  0.0024
  -1.7250E+00  -1.7200E+00   1.9382E-01  0.0024
  -1.7200E+00  -1.7150E+00   1.9385E-01  0.0024
  -1.7150E+00  -1.7100E+00   1.9391E-01  0.0024
  -1.7100E+00  -1.7050E+00   1.9405E-01  0.0024
  -1.7050E+00  -1.7000E+00   1.9406E-01  0.0024
  -1.7000E+00  -1.6950E+00   1.9420E-01  0.0024
  -1.6950E+00  -1.6900E+00   1.9428E-01  0.0024
  -1.6900E+00  -1.6850E+00   1.9435E-01  0.0024
  -1.6850E+00  -1.6800E+00   1.9456E-01  0.0024
  -1.6800E+00  -1.6750E+00   1.9442E-01  0.0024
  -1.6750E+00  -1.6700E+00   1.9459E-01  0.0024
  -1.6700E+00  -1.6650E+00   1.9459E-01  0.0024
  -1.6650E+00  -1.6600E+00   1.9470E-01  0.0024
  -1.6600E+00  -1.6550E+00   1.9495E-01  0.0024
  -1.6550E+00  -1.6500E+00   1.9497E-01  0.0024
  -1.6500E+00  -1.6450E+00   1.9510E-01  0.0024
  -1.6450E+00  -1.6400E+00   1.9509E-01  0.0024
  -1.6400E+00  -1.6350E+00   1.9528E-01  0.0024
  -1.6350E+00  -1.6300E+00   1.9534E-01  0.0024
  -1.6300E+00  -1.6250E+00   1.9541E-01  0.0024
  -1.6250E+00  -1.6200E+00   1.9544E-01  0.0024
  -1.6200E+00  -1.6150E+00   1.9558E-01  0.0024
  -1.6150E+00  -1.6100E+00   1.9559E-01  0.0024
  -1.6100E+00  -1.6050E+00   1.9561E-01  0.0024
  -1.6050E+00  -1.6000E+00   1.9568E-01  0.0024
  -1.6000E+00  -1.5950E+00   1.9597E-01  0.0024
  -1.5950E+00  -1.5900E+00   1.9593E-01  0.0024
  -1.5900E+00  -1.5850E+00   1.9602E-01  0.0024
  -1.5850E+00  -1.5800E+00   1.9603E-01  0.0024
  -1.5800E+00  -1.5750E+00   1.9621E-01  0.0024
  -1.5750E+00  -1.5700E+00   1.9623E-01  0.0024
  -1.5700E+00  -1.5650E+00   1.9617E-01  0.0024
  -1.5650E+00  -1.5600E+00   1.9633E-01  0.0024
  -1.5600E+00  -1.5550E+00   1.9658E-01  0.0024
  -1.5550E+00  -1.5500E+00   1.9657E-01  0.0024
  -1.5500E+00  -1.5450E+00   1.9660E-01  0.0024
  -1.5450E+00  -1.5400E+00   1.9687E-01  0.0024
  -1.5400E+00  -1.5350E+00   1.9702E-01  0.0024
  -1.5350E+00  -1.5300E+00   1.9685E-01  0.0024
  -1.5300E+00  -1.5250E+00   1.9711E-01  0.0024
  -1.5250E+00  -1.5200E+00   1.9706E-01  0.0024
  -1.5200E+00  -1.5150E+00   1.9717E-01  0.0024
  -1.5150E+00  -1.5100E+00   1.9734E-01  0.0024
  -1.5100E+00  -1.5050E+00   1.9729E-01  0.0024
  -1.5050E+00  -1.5000E+00   1.9752E-01  0.0024
  -1.5000E+00  -1.4950E+00   1.9786E-01  0.0024
  -1.4950E+00  -1.4900E+00   1.9767E-01  0.0024
  -1.4900E+00  -1.4850E+00   1.9777E-01  0.0024
  -1.4850E+00  -1.4800E+00   1.9786E-01  0.0024
  -1.4800E+00  -1.4750E+00   1.9783E-01  0.0024
  -1.4750E+00  -1.4700E+00   1.9801E-01  0.0024
  -1.4700E+00  -1.4650E+00   1.9808E-01  0.0024
  -1.4650E+00  -1.4600E+00   1.9818E-01  0.0024
  -1.4600E+00  -1.4550E+00   1.9828E-01  0.0024
  -1.4550E+00  -1.4500E+00   1.9838E-01  0.0024
  -1.4500E+00  -1.4450E+00   1.9836E-01  0.0024
  -1.4450E+00  -1.4400E+00   1.9851E-01  0.0024
  -1.4400E+00  -1.4350E+00   1.9874E-01  0.0024
  -1.4350E+00  -1.4300E+00   1.9876E-01  0.0024
  -1.4300E+00  -1.4250E+00   1.9878E-01  0.0024
  -1.4250E+00  -1.4200E+00   1.9888E-01  0.0024
  -1.4200E+00  -1.4150E+00   1.9902E-01  0.0024
  -1.4150E+00  -1.4100E+00   1.9903E-01  0.0024
  -1.4100E+00  -1.4050E+00   1.9911E-01  0.0024
  -1.4050E+00  -1.4000E+00   1.9923E-01  0.0024
  -1.4000E+00  -1.3950E+00   1.9926E-01  0.0024
  -1.3950E+00  -1.3900E+00   1.9936E-01  0.0024
  -1.3900E+00  -1.3850E+00   1.9933E-01  0.0024
  -1.3850E+00  -1.3800E+00   1.9934E-01  0.0024
  -1.3800E+00  -1.3750E+00   1.9955E-01  0.0024
  -1.3750E+00  -1.3700E+00   1.9955E-01  0.0024
  -1.3700E+00  -1.3650E+00   1.9977E-01  0.0024
  -1.3650E+00  -1.3600E+00   1.9976E-01  0.0024
  -1.3600E+00  -1.3550E+00   2.0005E-01  0.0024
  -1.3550E+00  -1.3500E+00   2.0003E-01  0.0024
  -1.3500E+00  -1.3450E+00   2.0002E-01  0.0024
  -1.3450E+00  -1.3400E+00   2.0020E-01  0.0024
  -1.3400E+00  -1.3350E+00   2.0016E-01  0.0024
  -1.3350E+00  -1.3300E+00   2.0033E-01  0.0024
  -1.3300E+00  -1.3250E+00   2.0058E-01  0.0024
  -1.3250E+00  -1.3200E+00   2.0048E-01  0.0024
  -1.3200E+00  -1.3150E+00   2.0072E-01  0.0024
  -1.3150E+00  -1.3100E+00   2.0073E-01  0.0024
  -1.3100E+00  -1.3050E+00   2.0079E-01  0.0024
  -1.3050E+00  -1.3000E+00   2.0086E-01  0.0024
  -1.3000E+00  -1.2950E+00   2.0100E-01  0.0024
  -1.2950E+00  -1.2900E+00   2.0107E-01  0.0024
  -1.2900E+00  -1.2850E+00   2.0125E-01  0.0024
  -1.2850E+00  -1.2800E+00   2.0134E-01  0.0024
  -1.2800E+00  -1.2750E+00   2.0154E-01  0.0024
  -1.2750E+00  -1.2700E+00   2.0166E-01  0.0024
  -1.2700E+00  -1.2650E+00   2.0179E-01  0.0024
  -1.2650E+00  -1.2600E+00   2.0180E-01  0.0024
  -1.2600E+00  -1.2550E+00   2.0195E-01  0.0024
  -1.2550E+00  -1.2500E+00   2.0216E-01  0.0024
  -1.2500E+00  -1.2450E+00   2.0199E-01  0.0024
  -1.2450E+00  -1.2400E+00   2.0237E-01  0.0024
  -1.2400E+00  -1.2350E+00   2.0232E-01  0.0024
  -1.2350E+00  -1.2300E+00   2.0223E-01  0.0024
  -1.2300E+00  -1.2250E+00   2.0235E-01  0.0024
  -1.2250E+00  -1.2200E+00   2.0242E-01  0.0024
  -1.2200E+00  -1.2150E+00   2.0245E-01  0.0024
  -1.2150E+00  -1.2100E+00   2.0272E-01  0.0024
  -1.2100E+00  -1.2050E+00   2.0270E-01  0.0024
  -1.2050E+00  -1.2000E+00   2.0286E-01  0.0024
  -1.2000E+00  -1.1950E+00   2.0303E-01  0.0024
  -1.1950E+00  -1.1900E+00   2.0309E-01  0.0024
  -1.1900E+00  -1.1850E+00   2.0342E-01  0.0024
  -1.1850E+00  -1.1800E+00   2.0344E-01  0.0024
  -1.1800E+00  -1.1750E+00   2.0342E-01  0.0024
  -1.1750E+00  -1.1700E+00   2.0331E-01  0.0024
  -1.1700E+00  -1.1650E+00   2.0370E-01  0.0024
  -1.1650E+00  -1.1600E+00   2.0383E-01  0.0024
  -1.1600E+00  -1.1550E+00   2.0395E-01  0.0024
  -1.1550E+00  -1.1500E+00   2.0397E-01  0.0024
  -1.1500E+00  -1.1450E+00   2.0387E-01  0.0024
  -1.1450E+00  -1.1400E+00   2.0413E-01  0.0024
  -1.1400E+00  -1.1350E+00   2.0416E-01  0.0024
  -1.1350E+00  -1.1300E+00   2.0412E-01  0.0024
  -1.1300E+00  -1.1250E+00   2.0418E-01  0.0024
  -1.1250E+00  -1.1200E+00   2.0439E-01  0.0024
  -1.1200E+00  -1.1150E+00   2.0455E-01  0.0024
  -1.1150E+00  -1.1100E+00   2.0454E-01  0.0024
  -1.1100E+00  -1.1050E+00   2.0471E-01  0.0024
  -1.1050E+00  -1.1000E+00   2.0474E-01  0.0024
  -1.1000E+00  -1.0950E+00   2.0484E-01  0.0024
  -1.0950E+00  -1.0900E+00   2.0510E-01  0.0024
  -1.0900E+00  -1.0850E+00   2.0515E-01  0.0024
  -1.0850E+00  -1.0800E+00   2.0512E-01  0.0024
  -1.0800E+00  -1.0750E+00   2.0521E-01  0.0024
  -1.0750E+00  -1.0700E+00   2.0564E-01  0.0024
  -1.0700E+00  -1.0650E+00   2.0577E-01  0.0024
  -1.0650E+00  -1.0600E+00   2.0563E-01  0.0024
  -1.0600E+00  -1.0550E+00   2.0571E-01  0.0024
  -1.0550E+00  -1.0500E+00   2.0592E-01  0.0024
  -1.0500E+00  -1.0450E+00   2.0594E-01  0.0024
  -1.0450E+00  -1.0400E+00   2.0603E-01  0.0024
  -1.0400E+00  -1.0350E+00   2.0618E-01  0.0024
  -1.0350E+00  -1.0300E+00   2.0626E-01  0.0024
  -1.0300E+00  -1.0250E+00   2.0644E-01  0.0024
  -1.0250E+00  -1.0200E+00   2.0644E-01  0.0024
  -1.0200E+00  -1.0150E+00   2.0648E-01  0.0024
  -1.0150E+00  -1.0100E+00   2.0674E-01  0.0024
  -1.0100E+00  -1.0050E+00   2.0672E-01  0.0024
  -1.0050E+00  -1.0000E+00   2.0672E-01  0.0024
  -1.0000E+00  -9.9500E-01   2.0691E-01  0.0024
  -9.9500E-01  -9.9000E-01   2.0722E-01  0.0024
  -9.9000E-01  -9.8500E-01   2.0730E-01  0.0024
  -9.8500E-01  -9.8000E-01   2.0749E-01  0.0024
  -9.8000E-01  -9.7500E-01   2.0757E-01  0.0024
  -9.7500E-01  -9.7000E-01   2.0748E-01  0.0024
  -9.7000E-01  -9.6500E-01   2.0774E-01  0.0024
  -9.6500E-01  -9.6000E-01   2.0775E-01  0.0024
  -9.6000E-01  -9.5500E-01   2.0784E-01  0.0024
  -9.5500E-01  -9.5000E-01   2.0793E-01  0.0024
  -9.5000E-01  -9.4500E-01   2.0812E-01  0.0024
  -9.4500E-01  -9.4000E-01   2.0830E-01  0.0024
  -9.4000E-01  -9.3500E-01   2.0866E-01  0.0024
  -9.3500E-01  -9.3000E-01   2.0849E-01  0.0024
  -9.3000E-01  -9.2500E-01   2.0858E-01  0.0024
  -9.2500E-01  -9.2000E-01   2.0854E-01  0.0024
  -9.2000E-01  -9.1500E-01   2.0876E-01  0.0024
  -9.1500E-01  -9.1000E-01   2.0890E-01  0.0024
  -9.1000E-01  -9.0500E-01   2.0915E-01  0.0024
  -9.0500E-01  -9.0000E-01   2.0923E-01  0.0024
  -9.0000E-01  -8.9500E-01   2.0933E-01  0.0024
  -8.9500E-01  -8.9000E-01   2.0934E-01  0.0024
  -8.9000E-01  -8.8500E-01   2.0942E-01  0.0024
  -8.8500E-01  -8.8000E-01   2.0974E-01  0.0024
  -8.8000E-01  -8.7500E-01   2.0973E-01  0.0024
  -8.7500E-01  -8.7000E-01   2.0974E-01  0.0024
  -8.7000E-01  -8.6500E-01   2.0988E-01  0.0024
  -8.6500E-01  -8.6000E-01   2.1015E-01  0.0024
  -8.6000E-01  -8.5500E-01   2.1020E-01  0.0024
  -8.5500E-01  -8.5000E-01   2.1040E-01  0.0024
  -8.5000E-01  -8.4500E-01   2.1041E-01  0.0024
  -8.4500E-01  -8.4000E-01   2.1063E-01  0.0024
  -8.4000E-01  -8.3500E-01   2.1085E-01  0.0024
  -8.3500E-01  -8.3000E-01   2.1091E-01  0.0024
  -8.3000E-01  -8.2500E-01   2.1092E-01  0.0024
  -8.2500E-01  -8.2000E-01   2.1108E-01  0.0024
  -8.2000E-01  -8.1500E-01   2.1108E-01  0.0024
  -8.1500E-01  -8.1000E-01   2.1112E-01  0.0024
  -8.1000E-01  -8.0500E-01   2.1134E-01  0.0024
  -8.0500E-01  -8.0000E-01   2.1138E-01  0.0024
  -8.0000E-01  -7.9500E-01   2.1149E-01  0.0024
  -7.9500E-01  -7.9000E-01   2.1154E-01  0.0024
  -7.9000E-01  -7.8500E-01   2.1185E-01  0.0024
  -7.8500E-01  -7.8000E-01   2.1188E-01  0.0024
  -7.8000E-01  -7.7500E-01   2.1209E-01  0.0024
  -7.7500E-01  -7.7000E-01   2.1203E-01  0.0024
  -7.7000E-01  -7.6500E-01   2.1244E-01  0.0024
  -7.6500E-01  -7.6000E-01   2.1264E-01  0.0024
  -7.6000E-01  -7.5500E-01   2.1257E-01  0.0024
  -7.5500E-01  -7.5000E-01   2.1266E-01  0.0024
  -7.5000E-01  -7.4500E-01   2.1279E-01  0.0024
  -7.4500E-01  -7.4000E-01   2.1286E-01  0.0024
  -7.4000E-01  -7.3500E-01   2.1318E-01  0.0024
  -7.3500E-01  -7.3000E-01   2.1314E-01  0.0024
  -7.3000E-01  -7.2500E-01   2.1335E-01  0.0024
  -7.2500E-01  -7.2000E-01   2.1332E-01  0.0024
  -7.2000E-01  -7.1500E-01   2.1365E-01  0.0024
  -7.1500E-01  -7.1000E-01   2.1388E-01  0.0024
  -7.1000E-01  -7.0500E-01   2.1395E-01  0.0024
  -7.0500E-01  -7.0000E-01   2.1398E-01  0.0024
  -7.0000E-01  -6.9500E-01   2.1411E-01  0.0024
  -6.9500E-01  -6.9000E-01   2.1427E-01  0.0024
  -6.9000E-01  -6.8500E-01   2.1441E-01  0.0024
  -6.8500E-01  -6.8000E-01   2.1461E-01  0.0024
  -6.8000E-01  -6.7500E-01   2.1478E-01  0.0024
  -6.7500E-01  -6.7000E-01   2.1461E-01  0.0024
  -6.7000E-01  -6.6500E-01   2.1468E-01  0.0024
  -6.6500E-01  -6.6000E-01   2.1489E-01  0.0024
  -6.6000E-01  -6.5500E-01   2.1495E-01  0.0024
  -6.5500E-01  -6.5000E-01   2.1509E-01  0.0024
  -6.5000E-01  -6.4500E-01   2.1541E-01  0.0024
  -6.4500E-01  -6.4000E-01   2.1538E-01  0.0024
  -6.4000E-01  -6.3500E-01   2.1558E-01  0.0024
  -6.3500E-01  -6.3000E-01   2.1571E-01  0.0024
  -6.3000E-01  -6.2500E-01   2.1581E-01  0.0024
  -6.2500E-01  -6.2000E-01   2.1602E-01  0.0024
  -6.2000E-01  -6.1500E-01   2.1618E-01  0.0024
  -6.1500E-01  -6.1000E-01   2.1631E-01  0.0024
  -6.1000E-01  -6.0500E-01   2.1641E-01  0.0024
  -6.0500E-01  -6.0000E-01   2.1656E-01  0.0024
  -6.0000E-01  -5.9500E-01   2.1650E-01  0.0024
  -5.9500E-01  -5.9000E-01   2.1667E-01  0.0024
  -5.9000E-01  -5.8500E-01   2.1683E-01  0.0024
  -5.8500E-01  -5.8000E-01   2.1687E-01  0.0024
  -5.8000E-01  -5.7500E-01   2.1722E-01  0.0024
  -5.7500E-01  -5.7000E-01   2.1740E-01  0.0024
  -5.7000E-01  -5.6500E-01   2.1717E-01  0.0024
  -5.6500E-01  -5.6000E-01   2.1766E-01  0.0024
  -5.6000E-01  -5.5500E-01   2.1783E-01  0.0024
  -5.5500E-01  -5.5000E-01   2.1780E-01  0.0024
  -5.5000E-01  -5.4500E-01   2.1804E-01  0.0024
  -5.4500E-01  -5.4000E-01   2.1823E-01  0.0024
  -5.4000E-01  -5.3500E-01   2.1834E-01  0.0024
  -5.3500E-01  -5.3000E-01   2.1841E-01  0.0024
  -5.3000E-01  -5.2500E-01   2.1866E-01  0.0024
  -5.2500E-01  -5.2000E-01   2.1867E-01  0.0024
  -5.2000E-01  -5.1500E-01   2.1876E-01  0.0024
  -5.1500E-01  -5.1000E-01   2.1899E-01  0.0024
  -5.1000E-01  -5.0500E-01   2.1943E-01  0.0024
  -5.0500E-01  -5.0000E-01   2.1937E-01  0.0024
  -5.0000E-01  -4.9500E-01   2.1924E-01  0.0024
  -4.9500E-01  -4.9000E-01   2.1948E-01  0.0024
  -4.9000E-01  -4.8500E-01   2.1964E-01  0.0024
  -4.8500E-01  -4.8000E-01   2.1970E-01  0.0024
  -4.8000E-01  -4.7500E-01   2.1988E-01  0.0024
  -4.7500E-01  -4.7000E-01   2.2026E-01  0.0024
  -4.7000E-01  -4.6500E-01   2.2024E-01  0.0024
  -4.6500E-01  -4.6000E-01   2.2061E-01  0.0024
  -4.6000E-01  -4.5500E-01   2.2063E-01  0.0024
  -4.5500E-01  -4.5000E-01   2.2083E-01  0.0024
  -4.5000E-01  -4.4500E-01   2.2087E-01  0.0024
  -4.4500E-01  -4.4000E-01   2.2111E-01  0.0024
  -4.4000E-01  -4.3500E-01   2.2107E-01  0.0024
  -4.3500E-01  -4.3000E-01   2.2135E-01  0.0024
  -4.3000E-01  -4.2500E-01   2.2130E-01  0.0024
  -4.2500E-01  -4.2000E-01   2.2183E-01  0.0024
  -4.2000E-01  -4.1500E-01   2.2183E-01  0.0024
  -4.1500E-01  -4.1000E-01   2.2185E-01  0.0024
  -4.1000E-01  -4.0500E-01   2.2194E-01  0.0024
  -4.0500E-01  -4.0000E-01   2.2222E-01  0.0024
  -4.0000E-01  -3.9500E-01   2.2241E-01  0.0024
  -3.9500E-01  -3.9000E-01   2.2238E-01  0.0024
  -3.9000E-01  -3.8500E-01   2.2271E-01  0.0024
  -3.8500E-01  -3.8000E-01   2.2309E-01  0.0024
  -3.8000E-01  -3.7500E-01   2.2301E-01  0.0024
  -3.7500E-01  -3.7000E-01   2.2313E-01  0.0024
  -3.7000E-01  -3.6500E-01   2.2315E-01  0.0024
  -3.6500E-01  -3.6000E-01   2.2337E-01  0.0024
  -3.6000E-01  -3.5500E-01   2.2363E-01  0.0024
  -3.5500E-01  -3.5000E-01   2.2390E-01  0.0024
  -3.5000E-01  -3.4500E-01   2.2398E-01  0.0024
  -3.4500E-01  -3.4000E-01   2.2393E-01  0.0024
  -3.4000E-01  -3.3500E-01   2.2415E-01  0.0024
  -3.3500E-01  -3.3000E-01   2.2453E-01  0.0024
  -3.3000E-01  -3.2500E-01   2.2464E-01  0.0024
  -3.2500E-01  -3.2000E-01   2.2459E-01  0.0024
  -3.2000E-01  -3.1500E-01   2.2470E-01  0.0024
  -3.1500E-01  -3.1000E-01   2.2484E-01  0.0024
  -3.1000E-01  -3.0500E-01   2.2500E-01  0.0024
  -3.0500E-01  -3.0000E-01   2.2533E-01  0.0024
  -3.0000E-01  -2.9500E-01   2.2553E-01  0.0024
  -2.9500E-01  -2.9000E-01   2.2567E-01  0.0024
  -2.9000E-01  -2.8500E-01   2.2577E-01  0.0024
  -2.8500E-01  -2.8000E-01   2.2598E-01  0.0024
  -2.8000E-01  -2.7500E-01   2.2615E-01  0.0024
  -2.7500E-01  -2.7000E-01   2.2622E-01  0.0024
  -2.7000E-01  -2.6500E-01   2.2631E-01  0.0024
  -2.6500E-01  -2.6000E-01   2.2679E-01  0.0024
  -2.6000E-01  -2.5500E-01   2.2683E-01  0.0024
  -2.5500E-01  -2.5000E-01   2.2705E-01  0.0024
  -2.5000E-01  -2.4500E-01   2.2739E-01  0.0024
  -2.4500E-01  -2.4000E-01   2.2751E-01  0.0024
  -2.4000E-01  -2.3500E-01   2.2760E-01  0.0024
  -2.3500E-01  -2.3000E-01   2.2762E-01  0.0024
  -2.3000E-01  -2.2500E-01   2.2780E-01  0.0024
  -2.2500E-01  -2.2000E-01   2.2798E-01  0.0024
  -2.2000E-01  -2.1500E-01   2.2809E-01  0.0024
  -2.1500E-01  -2.1000E-01   2.2838E-01  0.0024
  -2.1000E-01  -2.0500E-01   2.2866E-01  0.0024
  -2.0500E-01  -2.0000E-01   2.2872E-01  0.0024
  -2.0000E-01  -1.9500E-01   2.2884E-01  0.0024
  -1.9500E-01  -1.9000E-01   2.2894E-01  0.0024
  -1.9000E-01  -1.8500E-01   2.2927E-01  0.0024
  -1.8500E-01  -1.8000E-01   2.2933E-01  0.0024
  -1.8000E-01  -1.7500E-01   2.2943E-01  0.0024
  -1.7500E-01  -1.7000E-01   2.2967E-01  0.0024
  -1.7000E-01  -1.6500E-01   2.2981E-01  0.0024
  -1.6500E-01  -1.6000E-01   2.3003E-01  0.0024
  -1.6000E-01  -1.5500E-01   2.3009E-01  0.0024
  -1.5500E-01  -1.5000E-01   2.3033E-01  0.0024
  -1.5000E-01  -1.4500E-01   2.3074E-01  0.0024
  -1.4500E-01  -1.4000E-01   2.3079E-01  0.0024
  -1.4000E-01  -1.3500E-01   2.3092E-01  0.0024
  -1.3500E-01  -1.3000E-01   2.3106E-01  0.0024
  -1.3000E-01  -1.2500E-01   2.3128E-01  0.0024
  -1.2500E-01  -1.2000E-01   2.3174E-01  0.0024
  -1.2000E-01  -1.1500E-01   2.3170E-01  0.0024
  -1.1500E-01  -1.1000E-01   2.3175E-01  0.0024
  -1.1000E-01  -1.0500E-01   2.3209E-01  0.0024
  -1.0500E-01  -1.0000E-01   2.3234E-01  0.0024
  -1.0000E-01  -9.5000E-02   2.3267E-01  0.0024
  -9.5000E-02  -9.0000E-02   2.3259E-01  0.0024
  -9.0000E-02  -8.5000E-02   2.3273E-01  0.0024
  -8.5000E-02  -8.0000E-02   2.3330E-01  0.0024
  -8.0000E-02  -7.5000E-02   2.3339E-01  0.0024
  -7.5000E-02  -7.0000E-02   2.3357E-01  0.0024
  -7.0000E-02  -6.5000E-02   2.3375E-01  0.0024
  -6.5000E-02  -6.0000E-02   2.3389E-01  0.0024
  -6.0000E-02  -5.5000E-02   2.3390E-01  0.0024
  -5.5000E-02  -5.0000E-02   2.3444E-01  0.0024
  -5.0000E-02  -4.5000E-02   2.3419E-01  0.0024
  -4.5000E-02  -4.0000E-02   2.3441E-01  0.0024
  -4.0000E-02  -3.5000E-02   2.3478E-01  0.0024
  -3.5000E-02  -3.0000E-02   2.3513E-01  0.0024
  -3.0000E-02  -2.5000E-02   2.3508E-01  0.0024
  -2.5000E-02  -2.0000E-02   2.3513E-01  0.0024
  -2.0000E-02  -1.5000E-02   2.3557E-01  0.0024
  -1.5000E-02  -1.0000E-02   2.3579E-01  0.0024
  -1.0000E-02  -5.0000E-03   2.3590E-01  0.0024
  -5.0000E-03   0.0000E+00   2.3593E-01  0.0024
   0.0000E+00   5.0000E-03   2.3611E-01  0.0024
   5.0000E-03   1.0000E-02   2.3651E-01  0.0024
   1.0000E-02   1.5000E-02   2.3666E-01  0.0024
   1.5000E-02   2.0000E-02   2.3690E-01  0.0024
   2.0000E-02   2.5000E-02   2.3718E-01  0.0024
   2.5000E-02   3.0000E-02   2.3735E-01  0.0024
   3.0000E-02   3.5000E-02   2.3766E-01  0.0024
   3.5000E-02   4.0000E-02   2.3784E-01  0.0024
   4.0000E-02   4.5000E-02   2.3835E-01  0.0024
   4.5000E-02   5.0000E-02   2.3837E-01  0.0024
   5.0000E-02   5.5000E-02   2.3853E-01  0.0024
   5.5000E-02   6.0000E-02   2.3852E-01  0.0024
   6.0000E-02   6.5000E-02   2.3874E-01  0.0024
   6.5000E-02   7.0000E-02   2.3899E-01  0.0024
   7.0000E-02   7.5000E-02   2.3933E-01  0.0024
   7.5000E-02   8.0000E-02   2.3951E-01  0.0024
   8.0000E-02   8.5000E-02   2.3971E-01  0.0024
   8.5000E-02   9.0000E-02   2.4000E-01  0.0024
   9.0000E-02   9.5000E-02   2.4008E-01  0.0024
   9.5000E-02   1.0000E-01   2.4033E-01  0.0024
   1.0000E-01   1.0500E-01   2.4049E-01  0.0024
   1.0500E-01   1.1000E-01   2.4078E-01  0.0024
   1.1000E-01   1.1500E-01   2.4079E-01  0.0024
   1.1500E-01   1.2000E-01   2.4113E-01  0.0024
   1.2000E-01   1.2500E-01   2.4144E-01  0.0024
   1.2500E-01   1.3000E-01   2.4154E-01  0.0024
   1.3000E-01   1.3500E-01   2.4182E-01  0.0024
   1.3500E-01   1.4000E-01   2.4222E-01  0.0024
   1.4000E-01   1.4500E-01   2.4249E-01  0.0024
   1.4500E-01   1.5000E-01   2.4271E-01  0.0024
   1.5000E-01   1.5500E-01   2.4281E-01  0.0024
   1.5500E-01   1.6000E-01   2.4306E-01  0.0024
   1.6000E-01   1.6500E-01   2.4322E-01  0.0024
   1.6500E-01   1.7000E-01   2.4367E-01  0.0024
   1.7000E-01   1.7500E-01   2.4365E-01  0.0024
   1.7500E-01   1.8000E-01   2.4388E-01  0.0024
   1.8000E-01   1.8500E-01   2.4412E-01  0.0024
   1.8500E-01   1.9000E-01   2.4441E-01  0.0024
   1.9000E-01   1.9500E-01   2.4457E-01  0.0024
   1.9500E-01   2.0000E-01   2.4492E-01  0.0024
   2.0000E-01   2.0500E-01   2.4515E-01  0.0024
   2.0500E-01   2.1000E-01   2.4537E-01  0.0024
   2.1000E-01   2.1500E-01   2.4548E-01  0.0024
   2.1500E-01   2.2000E-01   2.4580E-01  0.0024
   2.2000E-01   2.2500E-01   2.4582E-01  0.0024
   2.2500E-01   2.3000E-01   2.4598E-01  0.0024
   2.3000E-01   2.3500E-01   2.4628E-01  0.0024
   2.3500E-01   2.4000E-01   2.4653E-01  0.0024
   2.4000E-01   2.4500E-01   2.4701E-01  0.0024
   2.4500E-01   2.5000E-01   2.4726E-01  0.0024
   2.5000E-01   2.5500E-01   2.4750E-01  0.0024
   2.5500E-01   2.6000E-01   2.4777E-01  0.0024
   2.6000E-01   2.6500E-01   2.4799E-01  0.0024
   2.6500E-01   2.7000E-01   2.4831E-01  0.0024
   2.7000E-01   2.7500E-01   2.4813E-01  0.0024
   2.7500E-01   2.8000E-01   2.4869E-01  0.0024
   2.8000E-01   2.8500E-01   2.4896E-01  0.0024
   2.8500E-01   2.9000E-01   2.4917E-01  0.0024
   2.9000E-01   2.9500E-01   2.4936E-01  0.0024
   2.9500E-01   3.0000E-01   2.4986E-01  0.0024
   3.0000E-01   3.0500E-01   2.4985E-01  0.0024
   3.0500E-01   3.1000E-01   2.5016E-01  0.0024
   3.1000E-01   3.1500E-01   2.5025E-01  0.0024
   3.1500E-01   3.2000E-01   2.5043E-01  0.0024
   3.2000E-01   3.2500E-01   2.5097E-01  0.0024
   3.2500E-01   3.3000E-01   2.5125E-01  0.0024
   3.3000E-01   3.3500E-01   2.5161E-01  0.0024
   3.3500E-01   3.4000E-01   2.5192E-01  0.0024
   3.4000E-01   3.4500E-01   2.5217E-01  0.0024
   3.4500E-01   3.5000E-01   2.5249E-01  0.0024
   3.5000E-01   3.5500E-01   2.5292E-01  0.0024
   3.5500E-01   3.6000E-01   2.5291E-01  0.0024
   3.6000E-01   3.6500E-01   2.5314E-01  0.0024
   3.6500E-01   3.7000E-01   2.5345E-01  0.0024
   3.7000E-01   3.7500E-01   2.5354E-01  0.0024
   3.7500E-01   3.8000E-01   2.5404E-01  0.0024
   3.8000E-01   3.8500E-01   2.5407E-01  0.0024
   3.8500E-01   3.9000E-01   2.5441E-01  0.0024
   3.9000E-01   3.9500E-01   2.5460E-01  0.0024
   3.9500E-01   4.0000E-01   2.5498E-01  0.0024
   4.0000E-01   4.0500E-01   2.5545E-01  0.0024
   4.0500E-01   4.1000E-01   2.5582E-01  0.0024
   4.1000E-01   4.1500E-01   2.5580E-01  0.0024
   4.1500E-01   4.2000E-01   2.5597E-01  0.0024
   4.2000E-01   4.2500E-01   2.5644E-01  0.0024
   4.2500E-01   4.3000E-01   2.5667E-01  0.0024
   4.3000E-01   4.3500E-01   2.5694E-01  0.0024
   4.3500E-01   4.4000E-01   2.5740E-01  0.0024
   4.4000E-01   4.4500E-01   2.5762E-01  0.0024
   4.4500E-01   4.5000E-01   2.5781E-01  0.0024
   4.5000E-01   4.5500E-01   2.5807E-01  0.0024
   4.5500E-01   4.6000E-01   2.5841E-01  0.0024
   4.6000E-01   4.6500E-01   2.5882E-01  0.0024
   4.6500E-01   4.7000E-01   2.5904E-01  0.0024
   4.7000E-01   4.7500E-01   2.5954E-01  0.0025
   4.7500E-01   4.8000E-01   2.5971E-01  0.0024
   4.8000E-01   4.8500E-01   2.5985E-01  0.0024
   4.8500E-01   4.9000E-01   2.6013E-01  0.0024
   4.9000E-01   4.9500E-01   2.6054E-01  0.0024
   4.9500E-01   5.0000E-01   2.6103E-01  0.0024
   5.0000E-01   5.0500E-01   2.6126E-01  0.0024
   5.0500E-01   5.1000E-01   2.6155E-01  0.0024
   5.1000E-01   5.1500E-01   2.6222E-01  0.0025
   5.1500E-01   5.2000E-01   2.6234E-01  0.0024
   5.2000E-01   5.2500E-01   2.6255E-01  0.0024
   5.2500E-01   5.3000E-01   2.6288E-01  0.0024
   5.3000E-01   5.3500E-01   2.6324E-01  0.0024
   5.3500E-01   5.4000E-01   2.6337E-01  0.0024
   5.4000E-01   5.4500E-01   2.6362E-01  0.0024
   5.4500E-01   5.5000E-01   2.6399E-01  0.0024
   5.5000E-01   5.5500E-01   2.6444E-01  0.0024
   5.5500E-01   5.6000E-01   2.6487E-01  0.0024
   5.6000E-01   5.6500E-01   2.6507E-01  0.0024
   5.6500E-01   5.7000E-01   2.6549E-01  0.0024
   5.7000E-01   5.7500E-01   2.6580E-01  0.0024
   5.7500E-01   5.8000E-01   2.6600E-01  0.0024
   5.8000E-01   5.8500E-01   2.6631E-01  0.0024
   5.8500E-01   5.9000E-01   2.6664E-01  0.0024
   5.9000E-01   5.9500E-01   2.6695E-01  0.0024
   5.9500E-01   6.0000E-01   2.6732E-01  0.0024
   6.0000E-01   6.0500E-01   2.6751E-01  0.0024
   6.0500E-01   6.1000E-01   2.6790E-01  0.0024
   6.1000E-01   6.1500E-01   2.6843E-01  0.0024
   6.1500E-01   6.2000E-01   2.6851E-01  0.0024
   6.2000E-01   6.2500E-01   2.6897E-01  0.0024
   6.2500E-01   6.3000E-01   2.6948E-01  0.0024
   6.3000E-01   6.3500E-01   2.6964E-01  0.0024
   6.3500E-01   6.4000E-01   2.7019E-01  0.0024
   6.4000E-01   6.4500E-01   2.7051E-01  0.0024
   6.4500E-01   6.5000E-01   2.7070E-01  0.0024
   6.5000E-01   6.5500E-01   2.7112E-01  0.0024
   6.5500E-01   6.6000E-01   2.7176E-01  0.0025
   6.6000E-01   6.6500E-01   2.7213E-01  0.0024
   6.6500E-01   6.7000E-01   2.7233E-01  0.0024
   6.7000E-01   6.7500E-01   2.7257E-01  0.0024
   6.7500E-01   6.8000E-01   2.7283E-01  0.0024
   6.8000E-01   6.8500E-01   2.7330E-01  0.0024
   6.8500E-01   6.9000E-01   2.7372E-01  0.0024
   6.9000E-01   6.9500E-01   2.7430E-01  0.0024
   6.9500E-01   7.0000E-01   2.7451E-01  0.0024
   7.0000E-01   7.0500E-01   2.7489E-01  0.0024
   7.0500E-01   7.1000E-01   2.7519E-01  0.0024
   7.1000E-01   7.1500E-01   2.7550E-01  0.0024
   7.1500E-01   7.2000E-01   2.7581E-01  0.0024
   7.2000E-01   7.2500E-01   2.7625E-01  0.0024
   7.2500E-01   7.3000E-01   2.7674E-01  0.0024
   7.3000E-01   7.3500E-01   2.7712E-01  0.0024
   7.3500E-01   7.4000E-01   2.7774E-01  0.0024
   7.4000E-01   7.4500E-01   2.7809E-01  0.0024
   7.4500E-01   7.5000E-01   2.7845E-01  0.0024
   7.5000E-01   7.5500E-01   2.7901E-01  0.0025
   7.5500E-01   7.6000E-01   2.7937E-01  0.0024
   7.6000E-01   7.6500E-01   2.7981E-01  0.0024
   7.6500E-01   7.7000E-01   2.8017E-01  0.0024
   7.7000E-01   7.7500E-01   2.8056E-01  0.0024
   7.7500E-01   7.8000E-01   2.8120E-01  0.0025
   7.8000E-01   7.8500E-01   2.8132E-01  0.0024
   7.8500E-01   7.9000E-01   2.8190E-01  0.0024
   7.9000E-01   7.9500E-01   2.8238E-01  0.0024
   7.9500E-01   8.0000E-01   2.8270E-01  0.0024
   8.0000E-01   8.0500E-01   2.8309E-01  0.0024
   8.0500E-01   8.1000E-01   2.8351E-01  0.0024
   8.1000E-01   8.1500E-01   2.8393E-01  0.0024
   8.1500E-01   8.2000E-01   2.8449E-01  0.0024
   8.2000E-01   8.2500E-01   2.8458E-01  0.0024
   8.2500E-01   8.3000E-01   2.8508E-01  0.0024
   8.3000E-01   8.3500E-01   2.8561E-01  0.0024
   8.3500E-01   8.4000E-01   2.8605E-01  0.0024
   8.4000E-01   8.4500E-01   2.8661E-01  0.0024
   8.4500E-01   8.5000E-01   2.8717E-01  0.0025
   8.5000E-01   8.5500E-01   2.8776E-01  0.0025
   8.5500E-01   8.6000E-01   2.8816E-01  0.0025
   8.6000E-01   8.6500E-01   2.8846E-01  0.0024
   8.6500E-01   8.7000E-01   2.8874E-01  0.0024
   8.7000E-01   8.7500E-01   2.8957E-01  0.0025
   8.7500E-01   8.8000E-01   2.9032E-01  0.0025
   8.8000E-01   8.8500E-01   2.9047E-01  0.0025
   8.8500E-01   8.9000E-01   2.9079E-01  0.0024
   8.9000E-01   8.9500E-01   2.9157E-01  0.0025
   8.9500E-01   9.0000E-01   2.9175E-01  0.0024
   9.0000E-01   9.0500E-01   2.9232E-01  0.0024
   9.0500E-01   9.1000E-01   2.9314E-01  0.0025
   9.1000E-01   9.1500E-01   2.9355E-01  0.0025
   9.1500E-01   9.2000E-01   2.9403E-01  0.0025
   9.2000E-01   9.2500E-01   2.9453E-01  0.0025
   9.2500E-01   9.3000E-01   2.9483E-01  0.0024
   9.3000E-01   9.3500E-01   2.9538E-01  0.0024
   9.3500E-01   9.4000E-01   2.9617E-01  0.0025
   9.4000E-01   9.4500E-01   2.9660E-01  0.0025
   9.4500E-01   9.5000E-01   2.9700E-01  0.0025
   9.5000E-01   9.5500E-01   2.9745E-01  0.0025
   9.5500E-01   9.6000E-01   2.9822E-01  0.0025
   9.6000E-01   9.6500E-01   2.9848E-01  0.0024
   9.6500E-01   9.7000E-01   2.9893E-01  0.0024
   9.7000E-01   9.7500E-01   2.9952E-01  0.0024
   9.7500E-01   9.8000E-01   3.0031E-01  0.0025
   9.8000E-01   9.8500E-01   3.0092E-01  0.0025
   9.8500E-01   9.9000E-01   3.0135E-01  0.0025
   9.9000E-01   9.9500E-01   3.0159E-01  0.0024
   9.9500E-01   1.0000E+00   3.0241E-01  0.0025
   1.0000E+00   1.0050E+00   3.0296E-01  0.0025
   1.0050E+00   1.0100E+00   3.0357E-01  0.0025
   1.0100E+00   1.0150E+00   3.0420E-01  0.0025
   1.0150E+00   1.0200E+00   3.0473E-01  0.0025
   1.0200E+00   1.0250E+00   3.0527E-01  0.0025
   1.0250E+00   1.0300E+00   3.0580E-01  0.0025
   1.0300E+00   1.0350E+00   3.0646E-01  0.0025
   1.0350E+00   1.0400E+00   3.0715E-01  0.0025
   1.0400E+00   1.0450E+00   3.0777E-01  0.0025
   1.0450E+00   1.0500E+00   3.0814E-01  0.0025
   1.0500E+00   1.0550E+00   3.0873E-01  0.0025
   1.0550E+00   1.0600E+00   3.0953E-01  0.0025
   1.0600E+00   1.0650E+00   3.1030E-01  0.0025
   1.0650E+00   1.0700E+00   3.1103E-01  0.0025
   1.0700E+00   1.0750E+00   3.1111E-01  0.0025
   1.0750E+00   1.0800E+00   3.1215E-01  0.0025
   1.0800E+00   1.0850E+00   3.1250E-01  0.0025
   1.0850E+00   1.0900E+00   3.1316E-01  0.0025
   1.0900E+00   1.0950E+00   3.1386E-01  0.0025
   1.0950E+00   1.1000E+00   3.1459E-01  0.0025
   1.1000E+00   1.1050E+00   3.1529E-01  0.0025
   1.1050E+00   1.1100E+00   3.1592E-01  0.0025
   1.1100E+00   1.1150E+00   3.1665E-01  0.0025
   1.1150E+00   1.1200E+00   3.1746E-01  0.0025
   1.1200E+00   1.1250E+00   3.1810E-01  0.0025
   1.1250E+00   1.1300E+00   3.1882E-01  0.0025
   1.1300E+00   1.1350E+00   3.1943E-01  0.0025
   1.1350E+00   1.1400E+00   3.2013E-01  0.0025
   1.1400E+00   1.1450E+00   3.2088E-01  0.0025
   1.1450E+00   1.1500E+00   3.2157E-01  0.0025
   1.1500E+00   1.1550E+00   3.2203E-01  0.0025
   1.1550E+00   1.1600E+00   3.2293E-01  0.0025
   1.1600E+00   1.1650E+00   3.2350E-01  0.0025
   1.1650E+00   1.1700E+00   3.2426E-01  0.0025
   1.1700E+00   1.1750E+00   3.2503E-01  0.0025
   1.1750E+00   1.1800E+00   3.2569E-01  0.0025
   1.1800E+00   1.1850E+00   3.2673E-01  0.0025
   1.1850E+00   1.1900E+00   3.2746E-01  0.0025
   1.1900E+00   1.1950E+00   3.2791E-01  0.0025
   1.1950E+00   1.2000E+00   3.2875E-01  0.0025
   1.2000E+00   1.2050E+00   3.2954E-01  0.0025
   1.2050E+00   1.2100E+00   3.3047E-01  0.0025
   1.2100E+00   1.2150E+00   3.3120E-01  0.0025
   1.2150E+00   1.2200E+00   3.3190E-01  0.0025
   1.2200E+00   1.2250E+00   3.3247E-01  0.0025
   1.2250E+00   1.2300E+00   3.3346E-01  0.0025
   1.2300E+00   1.2350E+00   3.3432E-01  0.0025
   1.2350E+00   1.2400E+00   3.3517E-01  0.0025
   1.2400E+00   1.2450E+00   3.3629E-01  0.0025
   1.2450E+00   1.2500E+00   3.3713E-01  0.0025
   1.2500E+00   1.2550E+00   3.3806E-01  0.0025
   1.2550E+00   1.2600E+00   3.3900E-01  0.0025
   1.2600E+00   1.2650E+00   3.3985E-01  0.0025
   1.2650E+00   1.2700E+00   3.4077E-01  0.0025
   1.2700E+00   1.2750E+00   3.4132E-01  0.0025
   1.2750E+00   1.2800E+00   3.4206E-01  0.0025
   1.2800E+00   1.2850E+00   3.4343E-01  0.0025
   1.2850E+00   1.2900E+00   3.4435E-01  0.0025
   1.2900E+00   1.2950E+00   3.4512E-01  0.0025
   1.2950E+00   1.3000E+00   3.4586E-01  0.0025
   1.3000E+00   1.3050E+00   3.4701E-01  0.0025
   1.3050E+00   1.3100E+00   3.4826E-01  0.0025
   1.3100E+00   1.3150E+00   3.4885E-01  0.0025
   1.3150E+00   1.3200E+00   3.4971E-01  0.0025
   1.3200E+00   1.3250E+00   3.5056E-01  0.0025
   1.3250E+00   1.3300E+00   3.5149E-01  0.0025
   1.3300E+00   1.3350E+00   3.5264E-01  0.0025
   1.3350E+00   1.3400E+00   3.5376E-01  0.0025
   1.3400E+00   1.3450E+00   3.5456E-01  0.0025
   1.3450E+00   1.3500E+00   3.5553E-01  0.0025
   1.3500E+00   1.3550E+00   3.5689E-01  0.0025
   1.3550E+00   1.3600E+00   3.5784E-01  0.0025
   1.3600E+00   1.3650E+00   3.5886E-01  0.0025
   1.3650E+00   1.3700E+00   3.6019E-01  0.0025
   1.3700E+00   1.3750E+00   3.6090E-01  0.0025
   1.3750E+00   1.3800E+00   3.6197E-01  0.0025
   1.3800E+00   1.3850E+00   3.6319E-01  0.0025
   1.3850E+00   1.3900E+00   3.6406E-01  0.0025
   1.3900E+00   1.3950E+00   3.6517E-01  0.0025
   1.3950E+00   1.4000E+00   3.6622E-01  0.0025
   1.4000E+00   1.4050E+00   3.6753E-01  0.0025
   1.4050E+00   1.4100E+00   3.6894E-01  0.0025
   1.4100E+00   1.4150E+00   3.7019E-01  0.0025
   1.4150E+00   1.4200E+00   3.7138E-01  0.0025
   1.4200E+00   1.4250E+00   3.7277E-01  0.0025
   1.4250E+00   1.4300E+00   3.7429E-01  0.0025
   1.4300E+00   1.4350E+00   3.7565E-01  0.0025
   1.4350E+00   1.4400E+00   3.7651E-01  0.0025
   1.4400E+00   1.4450E+00   3.7755E-01  0.0025
   1.4450E+00   1.4500E+00   3.7894E-01  0.0025
   1.4500E+00   1.4550E+00   3.8022E-01  0.0025
   1.4550E+00   1.4600E+00   3.8160E-01  0.0025
   1.4600E+00   1.4650E+00   3.8290E-01  0.0025
   1.4650E+00   1.4700E+00   3.8417E-01  0.0025
   1.4700E+00   1.4750E+00   3.8546E-01  0.0025
   1.4750E+00   1.4800E+00   3.8673E-01  0.0025
   1.4800E+00   1.4850E+00   3.8852E-01  0.0025
   1.4850E+00   1.4900E+00   3.9024E-01  0.0025
   1.4900E+00   1.4950E+00   3.9128E-01  0.0025
   1.4950E+00   1.5000E+00   3.9270E-01  0.0025
   1.5000E+00   1.5050E+00   3.9417E-01  0.0025
   1.5050E+00   1.5100E+00   3.9559E-01  0.0025
   1.5100E+00   1.5150E+00   3.9689E-01  0.0025
   1.5150E+00   1.5200E+00   3.9835E-01  0.0025
   1.5200E+00   1.5250E+00   4.0007E-01  0.0025
   1.5250E+00   1.5300E+00   4.0125E-01  0.0025
   1.5300E+00   1.5350E+00   4.0270E-01  0.0025
   1.5350E+00   1.5400E+00   4.0433E-01  0.0025
   1.5400E+00   1.5450E+00   4.0613E-01  0.0025
   1.5450E+00   1.5500E+00   4.0754E-01  0.0025
   1.5500E+00   1.5550E+00   4.0918E-01  0.0025
   1.5550E+00   1.5600E+00   4.1086E-01  0.0025
   1.5600E+00   1.5650E+00   4.1257E-01  0.0025
   1.5650E+00   1.5700E+00   4.1470E-01  0.0025
   1.5700E+00   1.5750E+00   4.1623E-01  0.0025
   1.5750E+00   1.5800E+00   4.1792E-01  0.0025
   1.5800E+00   1.5850E+00   4.1989E-01  0.0025
   1.5850E+00   1.5900E+00   4.2180E-01  0.0025
   1.5900E+00   1.5950E+00   4.2351E-01  0.0025
   1.5950E+00   1.6000E+00   4.2533E-01  0.0025
   1.6000E+00   1.6050E+00   4.2750E-01  0.0025
   1.6050E+00   1.6100E+00   4.2970E-01  0.0025
   1.6100E+00   1.6150E+00   4.3186E-01  0.0025
   1.6150E+00   1.6200E+00   4.3367E-01  0.0025
   1.6200E+00   1.6250E+00   4.3572E-01  0.0025
   1.6250E+00   1.6300E+00   4.3795E-01  0.0025
   1.6300E+00   1.6350E+00   4.4040E-01  0.0025
   1.6350E+00   1.6400E+00   4.4249E-01  0.0025
   1.6400E+00   1.6450E+00   4.4471E-01  0.0025
   1.6450E+00   1.6500E+00   4.4658E-01  0.0025
   1.6500E+00   1.6550E+00   4.4901E-01  0.0025
   1.6550E+00   1.6600E+00   4.5115E-01  0.0025
   1.6600E+00   1.6650E+00   4.5347E-01  0.0025
   1.6650E+00   1.6700E+00   4.5603E-01  0.0025
   1.6700E+00   1.6750E+00   4.5872E-01  0.0026
   1.6750E+00   1.6800E+00   4.6117E-01  0.0025
   1.6800E+00   1.6850E+00   4.6380E-01  0.0025
   1.6850E+00   1.6900E+00   4.6674E-01  0.0026
   1.6900E+00   1.6950E+00   4.6952E-01  0.0026
   1.6950E+00   1.7000E+00   4.7228E-01  0.0026
   1.7000E+00   1.7050E+00   4.7475E-01  0.0025
   1.7050E+00   1.7100E+00   4.7782E-01  0.0026
   1.7100E+00   1.7150E+00   4.8096E-01  0.0026
   1.7150E+00   1.7200E+00   4.8421E-01  0.0026
   1.7200E+00   1.7250E+00   4.8741E-01  0.0026
   1.7250E+00   1.7300E+00   4.9070E-01  0.0026
   1.7300E+00   1.7350E+00   4.9375E-01  0.0026
   1.7350E+00   1.7400E+00   4.9676E-01  0.0026
   1.7400E+00   1.7450E+00   5.0003E-01  0.0026
   1.7450E+00   1.7500E+00   5.0384E-01  0.0026
   1.7500E+00   1.7550E+00   5.0725E-01  0.0026
   1.7550E+00   1.7600E+00   5.1130E-01  0.0026
   1.7600E+00   1.7650E+00   5.1509E-01  0.0026
   1.7650E+00   1.7700E+00   5.1915E-01  0.0026
   1.7700E+00   1.7750E+00   5.2303E-01  0.0026
   1.7750E+00   1.7800E+00   5.2717E-01  0.0026
   1.7800E+00   1.7850E+00   5.3147E-01  0.0026
   1.7850E+00   1.7900E+00   5.3561E-01  0.0026
   1.7900E+00   1.7950E+00   5.4033E-01  0.0026
   1.7950E+00   1.8000E+00   5.4468E-01  0.0026
   1.8000E+00   1.8050E+00   5.4965E-01  0.0026
   1.8050E+00   1.8100E+00   5.5484E-01  0.0026
   1.8100E+00   1.8150E+00   5.5939E-01  0.0026
   1.8150E+00   1.8200E+00   5.6414E-01  0.0026
   1.8200E+00   1.8250E+00   5.6934E-01  0.0026
   1.8250E+00   1.8300E+00   5.7471E-01  0.0026
   1.8300E+00   1.8350E+00   5.8041E-01  0.0026
   1.8350E+00   1.8400E+00   5.8646E-01  0.0026
   1.8400E+00   1.8450E+00   5.9249E-01  0.0026
   1.8450E+00   1.8500E+00   5.9832E-01  0.0026
   1.8500E+00   1.8550E+00   6.0468E-01  0.0026
   1.8550E+00   1.8600E+00   6.1133E-01  0.0026
   1.8600E+00   1.8650E+00   6.1758E-01  0.0026
   1.8650E+00   1.8700E+00   6.2474E-01  0.0026
   1.8700E+00   1.8750E+00   6.3243E-01  0.0026
   1.8750E+00   1.8800E+00   6.4037E-01  0.0026
   1.8800E+00   1.8850E+00   6.4812E-01  0.0026
   1.8850E+00   1.8900E+00   6.5645E-01  0.0026
   1.8900E+00   1.8950E+00   6.6550E-01  0.0026
   1.8950E+00   1.9000E+00   6.7481E-01  0.0026
   1.9000E+00   1.9050E+00   6.8504E-01  0.0026
   1.9050E+00   1.9100E+00   6.9528E-01  0.0026
   1.9100E+00   1.9150E+00   7.0558E-01  0.0026
   1.9150E+00   1.9200E+00   7.1687E-01  0.0026
   1.9200E+00   1.9250E+00   7.2916E-01  0.0026
   1.9250E+00   1.9300E+00   7.4247E-01  0.0026
   1.9300E+00   1.9350E+00   7.5668E-01  0.0026
   1.9350E+00   1.9400E+00   7.7281E-01  0.0026
   1.9400E+00   1.9450E+00   7.8900E-01  0.0026
   1.9450E+00   1.9500E+00   8.0764E-01  0.0026
   1.9500E+00   1.9550E+00   8.2769E-01  0.0026
   1.9550E+00   1.9600E+00   8.5039E-01  0.0026
   1.9600E+00   1.9650E+00   8.7527E-01  0.0026
   1.9650E+00   1.9700E+00   9.0335E-01  0.0026
   1.9700E+00   1.9750E+00   9.3456E-01  0.0026
   1.9750E+00   1.9800E+00   9.7024E-01  0.0026
   1.9800E+00   1.9850E+00   1.0088E+00  0.0026
   1.9850E+00   1.9900E+00   1.0542E+00  0.0026
   1.9900E+00   1.9950E+00   1.1081E+00  0.0026
   1.9950E+00   2.0000E+00   1.1722E+00  0.0026
   2.0000E+00   2.0050E+00   1.2473E+00  0.0026
   2.0050E+00   2.0100E+00   1.3431E+00  0.0026
   2.0100E+00   2.0150E+00   1.4687E+00  0.0027
   2.0150E+00   2.0200E+00   1.6410E+00  0.0027
   2.0200E+00   2.0250E+00   1.9016E+00  0.0027
   2.0250E+00   2.0300E+00   2.3664E+00  0.0027
   2.0300E+00   2.0350E+00   3.6988E+00  0.0027
   2.0350E+00   2.0400E+00   6.7427E-01  0.0026
   2.0400E+00   2.0450E+00   3.3765E-02  0.0081
   2.0450E+00   2.0500E+00   3.3704E-02  0.0082
   2.0500E+00   2.0550E+00   3.3486E-02  0.0083
   2.0550E+00   2.0600E+00   3.3341E-02  0.0082
   2.0600E+00   2.0650E+00   3.3248E-02  0.0084
   2.0650E+00   2.0700E+00   3.3027E-02  0.0083
   2.0700E+00   2.0750E+00   3.2720E-02  0.0082
   2.0750E+00   2.0800E+00   3.2604E-02  0.0082
   2.0800E+00   2.0850E+00   3.2414E-02  0.0083
   2.0850E+00   2.0900E+00   3.2054E-02  0.0082
   2.0900E+00   2.0950E+00   3.1927E-02  0.0082
   2.0950E+00   2.1000E+00   3.1975E-02  0.0082
   2.1000E+00   2.1050E+00   3.1886E-02  0.0083
   2.1050E+00   2.1100E+00   3.1624E-02  0.0081
   2.1100E+00   2.1150E+00   3.1627E-02  0.0082
   2.1150E+00   2.1200E+00   3.1483E-02  0.0082
   2.1200E+00   2.1250E+00   3.1449E-02  0.0083
   2.1250E+00   2.1300E+00   3.1227E-02  0.0082
   2.1300E+00   2.1350E+00   3.1180E-02  0.0082
   2.1350E+00   2.1400E+00   3.1253E-02  0.0084
   2.1400E+00   2.1450E+00   3.1154E-02  0.0084
   2.1450E+00   2.1500E+00   3.0789E-02  0.0082
   2.1500E+00   2.1550E+00   3.0609E-02  0.0082
   2.1550E+00   2.1600E+00   3.0409E-02  0.0081
   2.1600E+00   2.1650E+00   3.0452E-02  0.0082
   2.1650E+00   2.1700E+00   3.0621E-02  0.0084
   2.1700E+00   2.1750E+00   3.0571E-02  0.0085
   2.1750E+00   2.1800E+00   3.0532E-02  0.0086
   2.1800E+00   2.1850E+00   3.0250E-02  0.0084
   2.1850E+00   2.1900E+00   3.0070E-02  0.0083
   2.1900E+00   2.1950E+00   3.0098E-02  0.0085
   2.1950E+00   2.2000E+00   2.9914E-02  0.0084
   2.2000E+00   2.2050E+00   2.9714E-02  0.0084
   2.2050E+00   2.2100E+00   2.9621E-02  0.0083
   2.2100E+00   2.2150E+00   2.9418E-02  0.0082
   2.2150E+00   2.2200E+00   2.9367E-02  0.0084
   2.2200E+00   2.2250E+00   2.9275E-02  0.0084
   2.2250E+00   2.2300E+00   2.9110E-02  0.0083
   2.2300E+00   2.2350E+00   2.8907E-02  0.0082
   2.2350E+00   2.2400E+00   2.8888E-02  0.0082
   2.2400E+00   2.2450E+00   2.8848E-02  0.0083
   2.2450E+00   2.2500E+00   2.8918E-02  0.0085
   2.2500E+00   2.2550E+00   2.8780E-02  0.0084
   2.2550E+00   2.2600E+00   2.8703E-02  0.0084
   2.2600E+00   2.2650E+00   2.8679E-02  0.0085
   2.2650E+00   2.2700E+00   2.8534E-02  0.0085
   2.2700E+00   2.2750E+00   2.8528E-02  0.0086
   2.2750E+00   2.2800E+00   2.8339E-02  0.0084
   2.2800E+00   2.2850E+00   2.8169E-02  0.0084
   2.2850E+00   2.2900E+00   2.8235E-02  0.0084
   2.2900E+00   2.2950E+00   2.8207E-02  0.0086
   2.2950E+00   2.3000E+00   2.8051E-02  0.0085
   2.3000E+00   2.3050E+00   2.7959E-02  0.0086
   2.3050E+00   2.3100E+00   2.7960E-02  0.0087
   2.3100E+00   2.3150E+00   2.7683E-02  0.0085
   2.3150E+00   2.3200E+00   2.7502E-02  0.0085
   2.3200E+00   2.3250E+00   2.7406E-02  0.0084
   2.3250E+00   2.3300E+00   2.7354E-02  0.0085
   2.3300E+00   2.3350E+00   2.7170E-02  0.0084
   2.3350E+00   2.3400E+00   2.7122E-02  0.0085
   2.3400E+00   2.3450E+00   2.7057E-02  0.0085
   2.3450E+00   2.3500E+00   2.7113E-02  0.0086
   2.3500E+00   2.3550E+00   2.6960E-02  0.0085
   2.3550E+00   2.3600E+00   2.6773E-02  0.0084
   2.3600E+00   2.3650E+00   2.6668E-02  0.0082
   2.3650E+00   2.3700E+00   2.6735E-02  0.0085
   2.3700E+00   2.3750E+00   2.6713E-02  0.0085
   2.3750E+00   2.3800E+00   2.6684E-02  0.0086
   2.3800E+00   2.3850E+00   2.6473E-02  0.0085
   2.3850E+00   2.3900E+00   2.6396E-02  0.0086
   2.3900E+00   2.3950E+00   2.6217E-02  0.0084
   2.3950E+00   2.4000E+00   2.6131E-02  0.0084
   2.4000E+00   2.4050E+00   2.6101E-02  0.0085
   2.4050E+00   2.4100E+00   2.6105E-02  0.0086
   2.4100E+00   2.4150E+00   2.5985E-02  0.0085
   2.4150E+00   2.4200E+00   2.5756E-02  0.0083
   2.4200E+00   2.4250E+00   2.5767E-02  0.0084
   2.4250E+00   2.4300E+00   2.5558E-02  0.0083
   2.4300E+00   2.4350E+00   2.5603E-02  0.0084
   2.4350E+00   2.4400E+00   2.5705E-02  0.0086
   2.4400E+00   2.4450E+00   2.5769E-02  0.0088
   2.4450E+00   2.4500E+00   2.5654E-02  0.0087
   2.4500E+00   2.4550E+00   2.5438E-02  0.0085
   2.4550E+00   2.4600E+00   2.5307E-02  0.0085
   2.4600E+00   2.4650E+00   2.5171E-02  0.0085
   2.4650E+00   2.4700E+00   2.5139E-02  0.0086
   2.4700E+00   2.4750E+00   2.5003E-02  0.0084
   2.4750E+00   2.4800E+00   2.5044E-02  0.0086
   2.4800E+00   2.4850E+00   2.4981E-02  0.0085
   2.4850E+00   2.4900E+00   2.4984E-02  0.0085
   2.4900E+00   2.4950E+00   2.4995E-02  0.0086
   2.4950E+00   2.5000E+00   2.4927E-02  0.0085

#   sum over                 2.6253E+02

'no. =  1,  ir =  1'
msuc: {\huge depth-dose distribution}
msdr: {\it plotted by \ANGEL \version}
msdl: {\it calculated by \PHITS  3.32}
wt: s(0.7)
\vspace{-3}
  rmin  &=&   0.0000E+00 [cm]
  rmax  &=&   1.0000E+00 [cm]
e:
 
# Information for Restart Calculation
# This calculation was newly started
# istdev =  2 # 1:Batch variance, 2:History variance
# resc2  = 1.00000000000000000E+06 # Total source weight or Total source weight / maxcas
# resc3  = 1.00000000000000000E+06 # Total history number or Total batch number
# maxcas =      100000 # History / Batch, only used for istdev=1
# bitrseed = 0101101000001110011101111011110101001001010001111010111000101101 # bit data of rseed
