[ T-Deposit ]
    title = depth-dose distribution
     mesh =  r-z            # mesh type is r-z scoring mesh
       x0 =   0.000000      # center x-position of r-z mesh
       y0 =   0.000000      # center y-position of r-z mesh
   r-type =    2            # r-mesh is linear given by rmin, rmax and nr
     rmin =   0.000000      # minimum value of r-mesh points
     rmax =   1.000000      # maximum value of r-mesh points
#    rdel =   1.000000      # mesh width of r-mesh points
       nr =      1          # number of r-mesh points
#    data = ( r(i), i = 1, nr + 1 )
#           0.00000E+00  1.00000E+00
   z-type =    2            # z-mesh is linear given by zmin, zmax and nz
     zmin =  -2.500000      # minimum value of z-mesh points
     zmax =   2.500000      # maximum value of z-mesh points
#    zdel =  5.0000000E-03  # mesh width of z-mesh points
       nz =   1000          # number of z-mesh points
#    data = ( z(i), i = 1, nz + 1 )
#          -2.50000E+00 -2.49500E+00 -2.49000E+00 -2.48500E+00 -2.48000E+00
#          -2.47500E+00 -2.47000E+00 -2.46500E+00 -2.46000E+00 -2.45500E+00
#          -2.45000E+00 -2.44500E+00 -2.44000E+00 -2.43500E+00 -2.43000E+00
#          -2.42500E+00 -2.42000E+00 -2.41500E+00 -2.41000E+00 -2.40500E+00
#          -2.40000E+00 -2.39500E+00 -2.39000E+00 -2.38500E+00 -2.38000E+00
#          -2.37500E+00 -2.37000E+00 -2.36500E+00 -2.36000E+00 -2.35500E+00
#          -2.35000E+00 -2.34500E+00 -2.34000E+00 -2.33500E+00 -2.33000E+00
#          -2.32500E+00 -2.32000E+00 -2.31500E+00 -2.31000E+00 -2.30500E+00
#          -2.30000E+00 -2.29500E+00 -2.29000E+00 -2.28500E+00 -2.28000E+00
#          -2.27500E+00 -2.27000E+00 -2.26500E+00 -2.26000E+00 -2.25500E+00
#          -2.25000E+00 -2.24500E+00 -2.24000E+00 -2.23500E+00 -2.23000E+00
#          -2.22500E+00 -2.22000E+00 -2.21500E+00 -2.21000E+00 -2.20500E+00
#          -2.20000E+00 -2.19500E+00 -2.19000E+00 -2.18500E+00 -2.18000E+00
#          -2.17500E+00 -2.17000E+00 -2.16500E+00 -2.16000E+00 -2.15500E+00
#          -2.15000E+00 -2.14500E+00 -2.14000E+00 -2.13500E+00 -2.13000E+00
#          -2.12500E+00 -2.12000E+00 -2.11500E+00 -2.11000E+00 -2.10500E+00
#          -2.10000E+00 -2.09500E+00 -2.09000E+00 -2.08500E+00 -2.08000E+00
#          -2.07500E+00 -2.07000E+00 -2.06500E+00 -2.06000E+00 -2.05500E+00
#          -2.05000E+00 -2.04500E+00 -2.04000E+00 -2.03500E+00 -2.03000E+00
#          -2.02500E+00 -2.02000E+00 -2.01500E+00 -2.01000E+00 -2.00500E+00
#          -2.00000E+00 -1.99500E+00 -1.99000E+00 -1.98500E+00 -1.98000E+00
#          -1.97500E+00 -1.97000E+00 -1.96500E+00 -1.96000E+00 -1.95500E+00
#          -1.95000E+00 -1.94500E+00 -1.94000E+00 -1.93500E+00 -1.93000E+00
#          -1.92500E+00 -1.92000E+00 -1.91500E+00 -1.91000E+00 -1.90500E+00
#          -1.90000E+00 -1.89500E+00 -1.89000E+00 -1.88500E+00 -1.88000E+00
#          -1.87500E+00 -1.87000E+00 -1.86500E+00 -1.86000E+00 -1.85500E+00
#          -1.85000E+00 -1.84500E+00 -1.84000E+00 -1.83500E+00 -1.83000E+00
#          -1.82500E+00 -1.82000E+00 -1.81500E+00 -1.81000E+00 -1.80500E+00
#          -1.80000E+00 -1.79500E+00 -1.79000E+00 -1.78500E+00 -1.78000E+00
#          -1.77500E+00 -1.77000E+00 -1.76500E+00 -1.76000E+00 -1.75500E+00
#          -1.75000E+00 -1.74500E+00 -1.74000E+00 -1.73500E+00 -1.73000E+00
#          -1.72500E+00 -1.72000E+00 -1.71500E+00 -1.71000E+00 -1.70500E+00
#          -1.70000E+00 -1.69500E+00 -1.69000E+00 -1.68500E+00 -1.68000E+00
#          -1.67500E+00 -1.67000E+00 -1.66500E+00 -1.66000E+00 -1.65500E+00
#          -1.65000E+00 -1.64500E+00 -1.64000E+00 -1.63500E+00 -1.63000E+00
#          -1.62500E+00 -1.62000E+00 -1.61500E+00 -1.61000E+00 -1.60500E+00
#          -1.60000E+00 -1.59500E+00 -1.59000E+00 -1.58500E+00 -1.58000E+00
#          -1.57500E+00 -1.57000E+00 -1.56500E+00 -1.56000E+00 -1.55500E+00
#          -1.55000E+00 -1.54500E+00 -1.54000E+00 -1.53500E+00 -1.53000E+00
#          -1.52500E+00 -1.52000E+00 -1.51500E+00 -1.51000E+00 -1.50500E+00
#          -1.50000E+00 -1.49500E+00 -1.49000E+00 -1.48500E+00 -1.48000E+00
#          -1.47500E+00 -1.47000E+00 -1.46500E+00 -1.46000E+00 -1.45500E+00
#          -1.45000E+00 -1.44500E+00 -1.44000E+00 -1.43500E+00 -1.43000E+00
#          -1.42500E+00 -1.42000E+00 -1.41500E+00 -1.41000E+00 -1.40500E+00
#          -1.40000E+00 -1.39500E+00 -1.39000E+00 -1.38500E+00 -1.38000E+00
#          -1.37500E+00 -1.37000E+00 -1.36500E+00 -1.36000E+00 -1.35500E+00
#          -1.35000E+00 -1.34500E+00 -1.34000E+00 -1.33500E+00 -1.33000E+00
#          -1.32500E+00 -1.32000E+00 -1.31500E+00 -1.31000E+00 -1.30500E+00
#          -1.30000E+00 -1.29500E+00 -1.29000E+00 -1.28500E+00 -1.28000E+00
#          -1.27500E+00 -1.27000E+00 -1.26500E+00 -1.26000E+00 -1.25500E+00
#          -1.25000E+00 -1.24500E+00 -1.24000E+00 -1.23500E+00 -1.23000E+00
#          -1.22500E+00 -1.22000E+00 -1.21500E+00 -1.21000E+00 -1.20500E+00
#          -1.20000E+00 -1.19500E+00 -1.19000E+00 -1.18500E+00 -1.18000E+00
#          -1.17500E+00 -1.17000E+00 -1.16500E+00 -1.16000E+00 -1.15500E+00
#          -1.15000E+00 -1.14500E+00 -1.14000E+00 -1.13500E+00 -1.13000E+00
#          -1.12500E+00 -1.12000E+00 -1.11500E+00 -1.11000E+00 -1.10500E+00
#          -1.10000E+00 -1.09500E+00 -1.09000E+00 -1.08500E+00 -1.08000E+00
#          -1.07500E+00 -1.07000E+00 -1.06500E+00 -1.06000E+00 -1.05500E+00
#          -1.05000E+00 -1.04500E+00 -1.04000E+00 -1.03500E+00 -1.03000E+00
#          -1.02500E+00 -1.02000E+00 -1.01500E+00 -1.01000E+00 -1.00500E+00
#          -1.00000E+00 -9.95000E-01 -9.90000E-01 -9.85000E-01 -9.80000E-01
#          -9.75000E-01 -9.70000E-01 -9.65000E-01 -9.60000E-01 -9.55000E-01
#          -9.50000E-01 -9.45000E-01 -9.40000E-01 -9.35000E-01 -9.30000E-01
#          -9.25000E-01 -9.20000E-01 -9.15000E-01 -9.10000E-01 -9.05000E-01
#          -9.00000E-01 -8.95000E-01 -8.90000E-01 -8.85000E-01 -8.80000E-01
#          -8.75000E-01 -8.70000E-01 -8.65000E-01 -8.60000E-01 -8.55000E-01
#          -8.50000E-01 -8.45000E-01 -8.40000E-01 -8.35000E-01 -8.30000E-01
#          -8.25000E-01 -8.20000E-01 -8.15000E-01 -8.10000E-01 -8.05000E-01
#          -8.00000E-01 -7.95000E-01 -7.90000E-01 -7.85000E-01 -7.80000E-01
#          -7.75000E-01 -7.70000E-01 -7.65000E-01 -7.60000E-01 -7.55000E-01
#          -7.50000E-01 -7.45000E-01 -7.40000E-01 -7.35000E-01 -7.30000E-01
#          -7.25000E-01 -7.20000E-01 -7.15000E-01 -7.10000E-01 -7.05000E-01
#          -7.00000E-01 -6.95000E-01 -6.90000E-01 -6.85000E-01 -6.80000E-01
#          -6.75000E-01 -6.70000E-01 -6.65000E-01 -6.60000E-01 -6.55000E-01
#          -6.50000E-01 -6.45000E-01 -6.40000E-01 -6.35000E-01 -6.30000E-01
#          -6.25000E-01 -6.20000E-01 -6.15000E-01 -6.10000E-01 -6.05000E-01
#          -6.00000E-01 -5.95000E-01 -5.90000E-01 -5.85000E-01 -5.80000E-01
#          -5.75000E-01 -5.70000E-01 -5.65000E-01 -5.60000E-01 -5.55000E-01
#          -5.50000E-01 -5.45000E-01 -5.40000E-01 -5.35000E-01 -5.30000E-01
#          -5.25000E-01 -5.20000E-01 -5.15000E-01 -5.10000E-01 -5.05000E-01
#          -5.00000E-01 -4.95000E-01 -4.90000E-01 -4.85000E-01 -4.80000E-01
#          -4.75000E-01 -4.70000E-01 -4.65000E-01 -4.60000E-01 -4.55000E-01
#          -4.50000E-01 -4.45000E-01 -4.40000E-01 -4.35000E-01 -4.30000E-01
#          -4.25000E-01 -4.20000E-01 -4.15000E-01 -4.10000E-01 -4.05000E-01
#          -4.00000E-01 -3.95000E-01 -3.90000E-01 -3.85000E-01 -3.80000E-01
#          -3.75000E-01 -3.70000E-01 -3.65000E-01 -3.60000E-01 -3.55000E-01
#          -3.50000E-01 -3.45000E-01 -3.40000E-01 -3.35000E-01 -3.30000E-01
#          -3.25000E-01 -3.20000E-01 -3.15000E-01 -3.10000E-01 -3.05000E-01
#          -3.00000E-01 -2.95000E-01 -2.90000E-01 -2.85000E-01 -2.80000E-01
#          -2.75000E-01 -2.70000E-01 -2.65000E-01 -2.60000E-01 -2.55000E-01
#          -2.50000E-01 -2.45000E-01 -2.40000E-01 -2.35000E-01 -2.30000E-01
#          -2.25000E-01 -2.20000E-01 -2.15000E-01 -2.10000E-01 -2.05000E-01
#          -2.00000E-01 -1.95000E-01 -1.90000E-01 -1.85000E-01 -1.80000E-01
#          -1.75000E-01 -1.70000E-01 -1.65000E-01 -1.60000E-01 -1.55000E-01
#          -1.50000E-01 -1.45000E-01 -1.40000E-01 -1.35000E-01 -1.30000E-01
#          -1.25000E-01 -1.20000E-01 -1.15000E-01 -1.10000E-01 -1.05000E-01
#          -1.00000E-01 -9.50000E-02 -9.00000E-02 -8.50000E-02 -8.00000E-02
#          -7.50000E-02 -7.00000E-02 -6.50000E-02 -6.00000E-02 -5.50000E-02
#          -5.00000E-02 -4.50000E-02 -4.00000E-02 -3.50000E-02 -3.00000E-02
#          -2.50000E-02 -2.00000E-02 -1.50000E-02 -1.00000E-02 -5.00000E-03
#           0.00000E+00  5.00000E-03  1.00000E-02  1.50000E-02  2.00000E-02
#           2.50000E-02  3.00000E-02  3.50000E-02  4.00000E-02  4.50000E-02
#           5.00000E-02  5.50000E-02  6.00000E-02  6.50000E-02  7.00000E-02
#           7.50000E-02  8.00000E-02  8.50000E-02  9.00000E-02  9.50000E-02
#           1.00000E-01  1.05000E-01  1.10000E-01  1.15000E-01  1.20000E-01
#           1.25000E-01  1.30000E-01  1.35000E-01  1.40000E-01  1.45000E-01
#           1.50000E-01  1.55000E-01  1.60000E-01  1.65000E-01  1.70000E-01
#           1.75000E-01  1.80000E-01  1.85000E-01  1.90000E-01  1.95000E-01
#           2.00000E-01  2.05000E-01  2.10000E-01  2.15000E-01  2.20000E-01
#           2.25000E-01  2.30000E-01  2.35000E-01  2.40000E-01  2.45000E-01
#           2.50000E-01  2.55000E-01  2.60000E-01  2.65000E-01  2.70000E-01
#           2.75000E-01  2.80000E-01  2.85000E-01  2.90000E-01  2.95000E-01
#           3.00000E-01  3.05000E-01  3.10000E-01  3.15000E-01  3.20000E-01
#           3.25000E-01  3.30000E-01  3.35000E-01  3.40000E-01  3.45000E-01
#           3.50000E-01  3.55000E-01  3.60000E-01  3.65000E-01  3.70000E-01
#           3.75000E-01  3.80000E-01  3.85000E-01  3.90000E-01  3.95000E-01
#           4.00000E-01  4.05000E-01  4.10000E-01  4.15000E-01  4.20000E-01
#           4.25000E-01  4.30000E-01  4.35000E-01  4.40000E-01  4.45000E-01
#           4.50000E-01  4.55000E-01  4.60000E-01  4.65000E-01  4.70000E-01
#           4.75000E-01  4.80000E-01  4.85000E-01  4.90000E-01  4.95000E-01
#           5.00000E-01  5.05000E-01  5.10000E-01  5.15000E-01  5.20000E-01
#           5.25000E-01  5.30000E-01  5.35000E-01  5.40000E-01  5.45000E-01
#           5.50000E-01  5.55000E-01  5.60000E-01  5.65000E-01  5.70000E-01
#           5.75000E-01  5.80000E-01  5.85000E-01  5.90000E-01  5.95000E-01
#           6.00000E-01  6.05000E-01  6.10000E-01  6.15000E-01  6.20000E-01
#           6.25000E-01  6.30000E-01  6.35000E-01  6.40000E-01  6.45000E-01
#           6.50000E-01  6.55000E-01  6.60000E-01  6.65000E-01  6.70000E-01
#           6.75000E-01  6.80000E-01  6.85000E-01  6.90000E-01  6.95000E-01
#           7.00000E-01  7.05000E-01  7.10000E-01  7.15000E-01  7.20000E-01
#           7.25000E-01  7.30000E-01  7.35000E-01  7.40000E-01  7.45000E-01
#           7.50000E-01  7.55000E-01  7.60000E-01  7.65000E-01  7.70000E-01
#           7.75000E-01  7.80000E-01  7.85000E-01  7.90000E-01  7.95000E-01
#           8.00000E-01  8.05000E-01  8.10000E-01  8.15000E-01  8.20000E-01
#           8.25000E-01  8.30000E-01  8.35000E-01  8.40000E-01  8.45000E-01
#           8.50000E-01  8.55000E-01  8.60000E-01  8.65000E-01  8.70000E-01
#           8.75000E-01  8.80000E-01  8.85000E-01  8.90000E-01  8.95000E-01
#           9.00000E-01  9.05000E-01  9.10000E-01  9.15000E-01  9.20000E-01
#           9.25000E-01  9.30000E-01  9.35000E-01  9.40000E-01  9.45000E-01
#           9.50000E-01  9.55000E-01  9.60000E-01  9.65000E-01  9.70000E-01
#           9.75000E-01  9.80000E-01  9.85000E-01  9.90000E-01  9.95000E-01
#           1.00000E+00  1.00500E+00  1.01000E+00  1.01500E+00  1.02000E+00
#           1.02500E+00  1.03000E+00  1.03500E+00  1.04000E+00  1.04500E+00
#           1.05000E+00  1.05500E+00  1.06000E+00  1.06500E+00  1.07000E+00
#           1.07500E+00  1.08000E+00  1.08500E+00  1.09000E+00  1.09500E+00
#           1.10000E+00  1.10500E+00  1.11000E+00  1.11500E+00  1.12000E+00
#           1.12500E+00  1.13000E+00  1.13500E+00  1.14000E+00  1.14500E+00
#           1.15000E+00  1.15500E+00  1.16000E+00  1.16500E+00  1.17000E+00
#           1.17500E+00  1.18000E+00  1.18500E+00  1.19000E+00  1.19500E+00
#           1.20000E+00  1.20500E+00  1.21000E+00  1.21500E+00  1.22000E+00
#           1.22500E+00  1.23000E+00  1.23500E+00  1.24000E+00  1.24500E+00
#           1.25000E+00  1.25500E+00  1.26000E+00  1.26500E+00  1.27000E+00
#           1.27500E+00  1.28000E+00  1.28500E+00  1.29000E+00  1.29500E+00
#           1.30000E+00  1.30500E+00  1.31000E+00  1.31500E+00  1.32000E+00
#           1.32500E+00  1.33000E+00  1.33500E+00  1.34000E+00  1.34500E+00
#           1.35000E+00  1.35500E+00  1.36000E+00  1.36500E+00  1.37000E+00
#           1.37500E+00  1.38000E+00  1.38500E+00  1.39000E+00  1.39500E+00
#           1.40000E+00  1.40500E+00  1.41000E+00  1.41500E+00  1.42000E+00
#           1.42500E+00  1.43000E+00  1.43500E+00  1.44000E+00  1.44500E+00
#           1.45000E+00  1.45500E+00  1.46000E+00  1.46500E+00  1.47000E+00
#           1.47500E+00  1.48000E+00  1.48500E+00  1.49000E+00  1.49500E+00
#           1.50000E+00  1.50500E+00  1.51000E+00  1.51500E+00  1.52000E+00
#           1.52500E+00  1.53000E+00  1.53500E+00  1.54000E+00  1.54500E+00
#           1.55000E+00  1.55500E+00  1.56000E+00  1.56500E+00  1.57000E+00
#           1.57500E+00  1.58000E+00  1.58500E+00  1.59000E+00  1.59500E+00
#           1.60000E+00  1.60500E+00  1.61000E+00  1.61500E+00  1.62000E+00
#           1.62500E+00  1.63000E+00  1.63500E+00  1.64000E+00  1.64500E+00
#           1.65000E+00  1.65500E+00  1.66000E+00  1.66500E+00  1.67000E+00
#           1.67500E+00  1.68000E+00  1.68500E+00  1.69000E+00  1.69500E+00
#           1.70000E+00  1.70500E+00  1.71000E+00  1.71500E+00  1.72000E+00
#           1.72500E+00  1.73000E+00  1.73500E+00  1.74000E+00  1.74500E+00
#           1.75000E+00  1.75500E+00  1.76000E+00  1.76500E+00  1.77000E+00
#           1.77500E+00  1.78000E+00  1.78500E+00  1.79000E+00  1.79500E+00
#           1.80000E+00  1.80500E+00  1.81000E+00  1.81500E+00  1.82000E+00
#           1.82500E+00  1.83000E+00  1.83500E+00  1.84000E+00  1.84500E+00
#           1.85000E+00  1.85500E+00  1.86000E+00  1.86500E+00  1.87000E+00
#           1.87500E+00  1.88000E+00  1.88500E+00  1.89000E+00  1.89500E+00
#           1.90000E+00  1.90500E+00  1.91000E+00  1.91500E+00  1.92000E+00
#           1.92500E+00  1.93000E+00  1.93500E+00  1.94000E+00  1.94500E+00
#           1.95000E+00  1.95500E+00  1.96000E+00  1.96500E+00  1.97000E+00
#           1.97500E+00  1.98000E+00  1.98500E+00  1.99000E+00  1.99500E+00
#           2.00000E+00  2.00500E+00  2.01000E+00  2.01500E+00  2.02000E+00
#           2.02500E+00  2.03000E+00  2.03500E+00  2.04000E+00  2.04500E+00
#           2.05000E+00  2.05500E+00  2.06000E+00  2.06500E+00  2.07000E+00
#           2.07500E+00  2.08000E+00  2.08500E+00  2.09000E+00  2.09500E+00
#           2.10000E+00  2.10500E+00  2.11000E+00  2.11500E+00  2.12000E+00
#           2.12500E+00  2.13000E+00  2.13500E+00  2.14000E+00  2.14500E+00
#           2.15000E+00  2.15500E+00  2.16000E+00  2.16500E+00  2.17000E+00
#           2.17500E+00  2.18000E+00  2.18500E+00  2.19000E+00  2.19500E+00
#           2.20000E+00  2.20500E+00  2.21000E+00  2.21500E+00  2.22000E+00
#           2.22500E+00  2.23000E+00  2.23500E+00  2.24000E+00  2.24500E+00
#           2.25000E+00  2.25500E+00  2.26000E+00  2.26500E+00  2.27000E+00
#           2.27500E+00  2.28000E+00  2.28500E+00  2.29000E+00  2.29500E+00
#           2.30000E+00  2.30500E+00  2.31000E+00  2.31500E+00  2.32000E+00
#           2.32500E+00  2.33000E+00  2.33500E+00  2.34000E+00  2.34500E+00
#           2.35000E+00  2.35500E+00  2.36000E+00  2.36500E+00  2.37000E+00
#           2.37500E+00  2.38000E+00  2.38500E+00  2.39000E+00  2.39500E+00
#           2.40000E+00  2.40500E+00  2.41000E+00  2.41500E+00  2.42000E+00
#           2.42500E+00  2.43000E+00  2.43500E+00  2.44000E+00  2.44500E+00
#           2.45000E+00  2.45500E+00  2.46000E+00  2.46500E+00  2.47000E+00
#           2.47500E+00  2.48000E+00  2.48500E+00  2.49000E+00  2.49500E+00
#           2.50000E+00
     unit =    2            # unit is [MeV/source)]
   letmat =    0            # (D=0) mat ID for LET, 0:real mat, <0: electron for H2O
  dedxfnc =    0            # (D=0) user defined multiplier, 0(no), 1, 2
 material =  all            # (D=all) number of specific material
   output =  dose           # total deposit energy
  deposit =    0            # (D=0) 0-> total deposit dist, 1-> each process
     axis =     z           # axis of output
     file = dose.out        # file name of output for the above axis
     part =  all      
# kf/name :  0        
   epsout =    1            # (D=0) generate eps file by ANGEL
#    used :        main (  %)        temp (  %)       total (  %)
#  memory :        1006 (  0)           0 (  0)        1006 (  0)

#------------------------------------------------------------------------------
#newpage:
#   no. =  1   ir  =  1
#   r = (   0.0000E+00  -   1.0000E+00  )

x: z [cm]
y: Dose [MeV/source]     
p: xlin ylog afac(0.8) form(0.9)
h: n            x            y(all     ),hh0l n 
#  z-lower      z-upper        all       r.err 
  -2.5000E+00  -2.4950E+00   5.0728E-01  0.0024
  -2.4950E+00  -2.4900E+00   5.0739E-01  0.0023
  -2.4900E+00  -2.4850E+00   5.0833E-01  0.0023
  -2.4850E+00  -2.4800E+00   5.0951E-01  0.0024
  -2.4800E+00  -2.4750E+00   5.1020E-01  0.0024
  -2.4750E+00  -2.4700E+00   5.1120E-01  0.0024
  -2.4700E+00  -2.4650E+00   5.1185E-01  0.0024
  -2.4650E+00  -2.4600E+00   5.1236E-01  0.0024
  -2.4600E+00  -2.4550E+00   5.1282E-01  0.0024
  -2.4550E+00  -2.4500E+00   5.1289E-01  0.0024
  -2.4500E+00  -2.4450E+00   5.1385E-01  0.0024
  -2.4450E+00  -2.4400E+00   5.1438E-01  0.0024
  -2.4400E+00  -2.4350E+00   5.1476E-01  0.0024
  -2.4350E+00  -2.4300E+00   5.1557E-01  0.0024
  -2.4300E+00  -2.4250E+00   5.1569E-01  0.0023
  -2.4250E+00  -2.4200E+00   5.1659E-01  0.0024
  -2.4200E+00  -2.4150E+00   5.1686E-01  0.0023
  -2.4150E+00  -2.4100E+00   5.1737E-01  0.0023
  -2.4100E+00  -2.4050E+00   5.1845E-01  0.0024
  -2.4050E+00  -2.4000E+00   5.1915E-01  0.0024
  -2.4000E+00  -2.3950E+00   5.1976E-01  0.0024
  -2.3950E+00  -2.3900E+00   5.1993E-01  0.0024
  -2.3900E+00  -2.3850E+00   5.2093E-01  0.0024
  -2.3850E+00  -2.3800E+00   5.2123E-01  0.0024
  -2.3800E+00  -2.3750E+00   5.2195E-01  0.0024
  -2.3750E+00  -2.3700E+00   5.2236E-01  0.0024
  -2.3700E+00  -2.3650E+00   5.2279E-01  0.0024
  -2.3650E+00  -2.3600E+00   5.2347E-01  0.0024
  -2.3600E+00  -2.3550E+00   5.2394E-01  0.0024
  -2.3550E+00  -2.3500E+00   5.2495E-01  0.0024
  -2.3500E+00  -2.3450E+00   5.2484E-01  0.0023
  -2.3450E+00  -2.3400E+00   5.2511E-01  0.0023
  -2.3400E+00  -2.3350E+00   5.2632E-01  0.0024
  -2.3350E+00  -2.3300E+00   5.2675E-01  0.0024
  -2.3300E+00  -2.3250E+00   5.2739E-01  0.0024
  -2.3250E+00  -2.3200E+00   5.2808E-01  0.0024
  -2.3200E+00  -2.3150E+00   5.2830E-01  0.0023
  -2.3150E+00  -2.3100E+00   5.2917E-01  0.0024
  -2.3100E+00  -2.3050E+00   5.2968E-01  0.0024
  -2.3050E+00  -2.3000E+00   5.2995E-01  0.0024
  -2.3000E+00  -2.2950E+00   5.3062E-01  0.0024
  -2.2950E+00  -2.2900E+00   5.3107E-01  0.0023
  -2.2900E+00  -2.2850E+00   5.3208E-01  0.0024
  -2.2850E+00  -2.2800E+00   5.3269E-01  0.0024
  -2.2800E+00  -2.2750E+00   5.3338E-01  0.0024
  -2.2750E+00  -2.2700E+00   5.3356E-01  0.0024
  -2.2700E+00  -2.2650E+00   5.3436E-01  0.0024
  -2.2650E+00  -2.2600E+00   5.3517E-01  0.0024
  -2.2600E+00  -2.2550E+00   5.3593E-01  0.0024
  -2.2550E+00  -2.2500E+00   5.3592E-01  0.0024
  -2.2500E+00  -2.2450E+00   5.3674E-01  0.0024
  -2.2450E+00  -2.2400E+00   5.3766E-01  0.0024
  -2.2400E+00  -2.2350E+00   5.3824E-01  0.0024
  -2.2350E+00  -2.2300E+00   5.3934E-01  0.0024
  -2.2300E+00  -2.2250E+00   5.4012E-01  0.0024
  -2.2250E+00  -2.2200E+00   5.4031E-01  0.0024
  -2.2200E+00  -2.2150E+00   5.4104E-01  0.0024
  -2.2150E+00  -2.2100E+00   5.4159E-01  0.0024
  -2.2100E+00  -2.2050E+00   5.4214E-01  0.0024
  -2.2050E+00  -2.2000E+00   5.4296E-01  0.0024
  -2.2000E+00  -2.1950E+00   5.4362E-01  0.0024
  -2.1950E+00  -2.1900E+00   5.4384E-01  0.0024
  -2.1900E+00  -2.1850E+00   5.4439E-01  0.0023
  -2.1850E+00  -2.1800E+00   5.4542E-01  0.0024
  -2.1800E+00  -2.1750E+00   5.4595E-01  0.0024
  -2.1750E+00  -2.1700E+00   5.4645E-01  0.0024
  -2.1700E+00  -2.1650E+00   5.4747E-01  0.0024
  -2.1650E+00  -2.1600E+00   5.4817E-01  0.0024
  -2.1600E+00  -2.1550E+00   5.4876E-01  0.0024
  -2.1550E+00  -2.1500E+00   5.4985E-01  0.0024
  -2.1500E+00  -2.1450E+00   5.5026E-01  0.0024
  -2.1450E+00  -2.1400E+00   5.5062E-01  0.0024
  -2.1400E+00  -2.1350E+00   5.5135E-01  0.0024
  -2.1350E+00  -2.1300E+00   5.5161E-01  0.0023
  -2.1300E+00  -2.1250E+00   5.5263E-01  0.0024
  -2.1250E+00  -2.1200E+00   5.5357E-01  0.0024
  -2.1200E+00  -2.1150E+00   5.5424E-01  0.0024
  -2.1150E+00  -2.1100E+00   5.5444E-01  0.0024
  -2.1100E+00  -2.1050E+00   5.5562E-01  0.0024
  -2.1050E+00  -2.1000E+00   5.5619E-01  0.0024
  -2.1000E+00  -2.0950E+00   5.5680E-01  0.0024
  -2.0950E+00  -2.0900E+00   5.5758E-01  0.0024
  -2.0900E+00  -2.0850E+00   5.5834E-01  0.0024
  -2.0850E+00  -2.0800E+00   5.5907E-01  0.0024
  -2.0800E+00  -2.0750E+00   5.6020E-01  0.0024
  -2.0750E+00  -2.0700E+00   5.6077E-01  0.0024
  -2.0700E+00  -2.0650E+00   5.6159E-01  0.0024
  -2.0650E+00  -2.0600E+00   5.6217E-01  0.0024
  -2.0600E+00  -2.0550E+00   5.6294E-01  0.0024
  -2.0550E+00  -2.0500E+00   5.6409E-01  0.0024
  -2.0500E+00  -2.0450E+00   5.6451E-01  0.0024
  -2.0450E+00  -2.0400E+00   5.6533E-01  0.0024
  -2.0400E+00  -2.0350E+00   5.6634E-01  0.0024
  -2.0350E+00  -2.0300E+00   5.6703E-01  0.0024
  -2.0300E+00  -2.0250E+00   5.6845E-01  0.0024
  -2.0250E+00  -2.0200E+00   5.6939E-01  0.0024
  -2.0200E+00  -2.0150E+00   5.6971E-01  0.0024
  -2.0150E+00  -2.0100E+00   5.7039E-01  0.0024
  -2.0100E+00  -2.0050E+00   5.7119E-01  0.0024
  -2.0050E+00  -2.0000E+00   5.7251E-01  0.0024
  -2.0000E+00  -1.9950E+00   5.7295E-01  0.0024
  -1.9950E+00  -1.9900E+00   5.7333E-01  0.0024
  -1.9900E+00  -1.9850E+00   5.7478E-01  0.0024
  -1.9850E+00  -1.9800E+00   5.7575E-01  0.0024
  -1.9800E+00  -1.9750E+00   5.7658E-01  0.0024
  -1.9750E+00  -1.9700E+00   5.7710E-01  0.0024
  -1.9700E+00  -1.9650E+00   5.7784E-01  0.0024
  -1.9650E+00  -1.9600E+00   5.7850E-01  0.0024
  -1.9600E+00  -1.9550E+00   5.7930E-01  0.0024
  -1.9550E+00  -1.9500E+00   5.8020E-01  0.0024
  -1.9500E+00  -1.9450E+00   5.8137E-01  0.0024
  -1.9450E+00  -1.9400E+00   5.8193E-01  0.0024
  -1.9400E+00  -1.9350E+00   5.8273E-01  0.0024
  -1.9350E+00  -1.9300E+00   5.8395E-01  0.0024
  -1.9300E+00  -1.9250E+00   5.8432E-01  0.0024
  -1.9250E+00  -1.9200E+00   5.8569E-01  0.0024
  -1.9200E+00  -1.9150E+00   5.8642E-01  0.0024
  -1.9150E+00  -1.9100E+00   5.8762E-01  0.0024
  -1.9100E+00  -1.9050E+00   5.8857E-01  0.0024
  -1.9050E+00  -1.9000E+00   5.8922E-01  0.0024
  -1.9000E+00  -1.8950E+00   5.9044E-01  0.0024
  -1.8950E+00  -1.8900E+00   5.9091E-01  0.0024
  -1.8900E+00  -1.8850E+00   5.9177E-01  0.0024
  -1.8850E+00  -1.8800E+00   5.9267E-01  0.0024
  -1.8800E+00  -1.8750E+00   5.9392E-01  0.0024
  -1.8750E+00  -1.8700E+00   5.9503E-01  0.0024
  -1.8700E+00  -1.8650E+00   5.9611E-01  0.0024
  -1.8650E+00  -1.8600E+00   5.9747E-01  0.0024
  -1.8600E+00  -1.8550E+00   5.9823E-01  0.0024
  -1.8550E+00  -1.8500E+00   5.9935E-01  0.0024
  -1.8500E+00  -1.8450E+00   6.0009E-01  0.0024
  -1.8450E+00  -1.8400E+00   6.0135E-01  0.0024
  -1.8400E+00  -1.8350E+00   6.0252E-01  0.0024
  -1.8350E+00  -1.8300E+00   6.0325E-01  0.0024
  -1.8300E+00  -1.8250E+00   6.0450E-01  0.0024
  -1.8250E+00  -1.8200E+00   6.0515E-01  0.0024
  -1.8200E+00  -1.8150E+00   6.0657E-01  0.0024
  -1.8150E+00  -1.8100E+00   6.0806E-01  0.0024
  -1.8100E+00  -1.8050E+00   6.0838E-01  0.0024
  -1.8050E+00  -1.8000E+00   6.0942E-01  0.0024
  -1.8000E+00  -1.7950E+00   6.1115E-01  0.0024
  -1.7950E+00  -1.7900E+00   6.1197E-01  0.0024
  -1.7900E+00  -1.7850E+00   6.1292E-01  0.0024
  -1.7850E+00  -1.7800E+00   6.1483E-01  0.0024
  -1.7800E+00  -1.7750E+00   6.1562E-01  0.0024
  -1.7750E+00  -1.7700E+00   6.1682E-01  0.0024
  -1.7700E+00  -1.7650E+00   6.1798E-01  0.0024
  -1.7650E+00  -1.7600E+00   6.1871E-01  0.0024
  -1.7600E+00  -1.7550E+00   6.2028E-01  0.0024
  -1.7550E+00  -1.7500E+00   6.2101E-01  0.0024
  -1.7500E+00  -1.7450E+00   6.2279E-01  0.0024
  -1.7450E+00  -1.7400E+00   6.2365E-01  0.0024
  -1.7400E+00  -1.7350E+00   6.2530E-01  0.0024
  -1.7350E+00  -1.7300E+00   6.2653E-01  0.0024
  -1.7300E+00  -1.7250E+00   6.2761E-01  0.0024
  -1.7250E+00  -1.7200E+00   6.2916E-01  0.0024
  -1.7200E+00  -1.7150E+00   6.2985E-01  0.0024
  -1.7150E+00  -1.7100E+00   6.3090E-01  0.0024
  -1.7100E+00  -1.7050E+00   6.3205E-01  0.0024
  -1.7050E+00  -1.7000E+00   6.3313E-01  0.0024
  -1.7000E+00  -1.6950E+00   6.3461E-01  0.0024
  -1.6950E+00  -1.6900E+00   6.3603E-01  0.0024
  -1.6900E+00  -1.6850E+00   6.3761E-01  0.0024
  -1.6850E+00  -1.6800E+00   6.3846E-01  0.0024
  -1.6800E+00  -1.6750E+00   6.4011E-01  0.0024
  -1.6750E+00  -1.6700E+00   6.4141E-01  0.0024
  -1.6700E+00  -1.6650E+00   6.4306E-01  0.0024
  -1.6650E+00  -1.6600E+00   6.4452E-01  0.0024
  -1.6600E+00  -1.6550E+00   6.4563E-01  0.0024
  -1.6550E+00  -1.6500E+00   6.4695E-01  0.0024
  -1.6500E+00  -1.6450E+00   6.4846E-01  0.0024
  -1.6450E+00  -1.6400E+00   6.4989E-01  0.0024
  -1.6400E+00  -1.6350E+00   6.5200E-01  0.0024
  -1.6350E+00  -1.6300E+00   6.5284E-01  0.0024
  -1.6300E+00  -1.6250E+00   6.5394E-01  0.0024
  -1.6250E+00  -1.6200E+00   6.5555E-01  0.0024
  -1.6200E+00  -1.6150E+00   6.5728E-01  0.0024
  -1.6150E+00  -1.6100E+00   6.5854E-01  0.0024
  -1.6100E+00  -1.6050E+00   6.5990E-01  0.0024
  -1.6050E+00  -1.6000E+00   6.6146E-01  0.0024
  -1.6000E+00  -1.5950E+00   6.6342E-01  0.0024
  -1.5950E+00  -1.5900E+00   6.6467E-01  0.0024
  -1.5900E+00  -1.5850E+00   6.6649E-01  0.0024
  -1.5850E+00  -1.5800E+00   6.6786E-01  0.0024
  -1.5800E+00  -1.5750E+00   6.6997E-01  0.0024
  -1.5750E+00  -1.5700E+00   6.7160E-01  0.0024
  -1.5700E+00  -1.5650E+00   6.7316E-01  0.0024
  -1.5650E+00  -1.5600E+00   6.7421E-01  0.0024
  -1.5600E+00  -1.5550E+00   6.7657E-01  0.0024
  -1.5550E+00  -1.5500E+00   6.7836E-01  0.0024
  -1.5500E+00  -1.5450E+00   6.8003E-01  0.0024
  -1.5450E+00  -1.5400E+00   6.8228E-01  0.0024
  -1.5400E+00  -1.5350E+00   6.8353E-01  0.0024
  -1.5350E+00  -1.5300E+00   6.8544E-01  0.0024
  -1.5300E+00  -1.5250E+00   6.8691E-01  0.0024
  -1.5250E+00  -1.5200E+00   6.8861E-01  0.0024
  -1.5200E+00  -1.5150E+00   6.9035E-01  0.0024
  -1.5150E+00  -1.5100E+00   6.9247E-01  0.0024
  -1.5100E+00  -1.5050E+00   6.9402E-01  0.0024
  -1.5050E+00  -1.5000E+00   6.9696E-01  0.0024
  -1.5000E+00  -1.4950E+00   6.9828E-01  0.0024
  -1.4950E+00  -1.4900E+00   7.0017E-01  0.0024
  -1.4900E+00  -1.4850E+00   7.0221E-01  0.0024
  -1.4850E+00  -1.4800E+00   7.0478E-01  0.0024
  -1.4800E+00  -1.4750E+00   7.0634E-01  0.0024
  -1.4750E+00  -1.4700E+00   7.0812E-01  0.0024
  -1.4700E+00  -1.4650E+00   7.1048E-01  0.0024
  -1.4650E+00  -1.4600E+00   7.1228E-01  0.0024
  -1.4600E+00  -1.4550E+00   7.1465E-01  0.0024
  -1.4550E+00  -1.4500E+00   7.1674E-01  0.0024
  -1.4500E+00  -1.4450E+00   7.1885E-01  0.0024
  -1.4450E+00  -1.4400E+00   7.2089E-01  0.0024
  -1.4400E+00  -1.4350E+00   7.2348E-01  0.0024
  -1.4350E+00  -1.4300E+00   7.2576E-01  0.0024
  -1.4300E+00  -1.4250E+00   7.2835E-01  0.0024
  -1.4250E+00  -1.4200E+00   7.3034E-01  0.0024
  -1.4200E+00  -1.4150E+00   7.3249E-01  0.0024
  -1.4150E+00  -1.4100E+00   7.3508E-01  0.0024
  -1.4100E+00  -1.4050E+00   7.3789E-01  0.0024
  -1.4050E+00  -1.4000E+00   7.4027E-01  0.0024
  -1.4000E+00  -1.3950E+00   7.4255E-01  0.0024
  -1.3950E+00  -1.3900E+00   7.4526E-01  0.0024
  -1.3900E+00  -1.3850E+00   7.4751E-01  0.0024
  -1.3850E+00  -1.3800E+00   7.5010E-01  0.0024
  -1.3800E+00  -1.3750E+00   7.5283E-01  0.0024
  -1.3750E+00  -1.3700E+00   7.5565E-01  0.0024
  -1.3700E+00  -1.3650E+00   7.5812E-01  0.0024
  -1.3650E+00  -1.3600E+00   7.6084E-01  0.0024
  -1.3600E+00  -1.3550E+00   7.6328E-01  0.0024
  -1.3550E+00  -1.3500E+00   7.6709E-01  0.0024
  -1.3500E+00  -1.3450E+00   7.6929E-01  0.0024
  -1.3450E+00  -1.3400E+00   7.7234E-01  0.0024
  -1.3400E+00  -1.3350E+00   7.7558E-01  0.0024
  -1.3350E+00  -1.3300E+00   7.7881E-01  0.0024
  -1.3300E+00  -1.3250E+00   7.8134E-01  0.0024
  -1.3250E+00  -1.3200E+00   7.8486E-01  0.0024
  -1.3200E+00  -1.3150E+00   7.8744E-01  0.0024
  -1.3150E+00  -1.3100E+00   7.9049E-01  0.0024
  -1.3100E+00  -1.3050E+00   7.9469E-01  0.0024
  -1.3050E+00  -1.3000E+00   7.9746E-01  0.0024
  -1.3000E+00  -1.2950E+00   8.0021E-01  0.0024
  -1.2950E+00  -1.2900E+00   8.0379E-01  0.0024
  -1.2900E+00  -1.2850E+00   8.0710E-01  0.0024
  -1.2850E+00  -1.2800E+00   8.1080E-01  0.0024
  -1.2800E+00  -1.2750E+00   8.1409E-01  0.0024
  -1.2750E+00  -1.2700E+00   8.1762E-01  0.0024
  -1.2700E+00  -1.2650E+00   8.2225E-01  0.0024
  -1.2650E+00  -1.2600E+00   8.2612E-01  0.0024
  -1.2600E+00  -1.2550E+00   8.2898E-01  0.0024
  -1.2550E+00  -1.2500E+00   8.3237E-01  0.0024
  -1.2500E+00  -1.2450E+00   8.3657E-01  0.0024
  -1.2450E+00  -1.2400E+00   8.4066E-01  0.0024
  -1.2400E+00  -1.2350E+00   8.4477E-01  0.0024
  -1.2350E+00  -1.2300E+00   8.4850E-01  0.0024
  -1.2300E+00  -1.2250E+00   8.5349E-01  0.0024
  -1.2250E+00  -1.2200E+00   8.5703E-01  0.0024
  -1.2200E+00  -1.2150E+00   8.6190E-01  0.0024
  -1.2150E+00  -1.2100E+00   8.6653E-01  0.0024
  -1.2100E+00  -1.2050E+00   8.7194E-01  0.0024
  -1.2050E+00  -1.2000E+00   8.7667E-01  0.0024
  -1.2000E+00  -1.1950E+00   8.8109E-01  0.0024
  -1.1950E+00  -1.1900E+00   8.8611E-01  0.0024
  -1.1900E+00  -1.1850E+00   8.9172E-01  0.0024
  -1.1850E+00  -1.1800E+00   8.9633E-01  0.0024
  -1.1800E+00  -1.1750E+00   9.0083E-01  0.0024
  -1.1750E+00  -1.1700E+00   9.0669E-01  0.0024
  -1.1700E+00  -1.1650E+00   9.1262E-01  0.0024
  -1.1650E+00  -1.1600E+00   9.1812E-01  0.0024
  -1.1600E+00  -1.1550E+00   9.2324E-01  0.0024
  -1.1550E+00  -1.1500E+00   9.2882E-01  0.0024
  -1.1500E+00  -1.1450E+00   9.3567E-01  0.0024
  -1.1450E+00  -1.1400E+00   9.4088E-01  0.0024
  -1.1400E+00  -1.1350E+00   9.4753E-01  0.0024
  -1.1350E+00  -1.1300E+00   9.5424E-01  0.0024
  -1.1300E+00  -1.1250E+00   9.6103E-01  0.0024
  -1.1250E+00  -1.1200E+00   9.6734E-01  0.0024
  -1.1200E+00  -1.1150E+00   9.7392E-01  0.0024
  -1.1150E+00  -1.1100E+00   9.8143E-01  0.0024
  -1.1100E+00  -1.1050E+00   9.8831E-01  0.0024
  -1.1050E+00  -1.1000E+00   9.9610E-01  0.0024
  -1.1000E+00  -1.0950E+00   1.0043E+00  0.0024
  -1.0950E+00  -1.0900E+00   1.0119E+00  0.0024
  -1.0900E+00  -1.0850E+00   1.0207E+00  0.0024
  -1.0850E+00  -1.0800E+00   1.0292E+00  0.0024
  -1.0800E+00  -1.0750E+00   1.0378E+00  0.0024
  -1.0750E+00  -1.0700E+00   1.0469E+00  0.0024
  -1.0700E+00  -1.0650E+00   1.0555E+00  0.0024
  -1.0650E+00  -1.0600E+00   1.0658E+00  0.0024
  -1.0600E+00  -1.0550E+00   1.0758E+00  0.0024
  -1.0550E+00  -1.0500E+00   1.0860E+00  0.0024
  -1.0500E+00  -1.0450E+00   1.0955E+00  0.0024
  -1.0450E+00  -1.0400E+00   1.1079E+00  0.0025
  -1.0400E+00  -1.0350E+00   1.1180E+00  0.0024
  -1.0350E+00  -1.0300E+00   1.1298E+00  0.0024
  -1.0300E+00  -1.0250E+00   1.1426E+00  0.0024
  -1.0250E+00  -1.0200E+00   1.1552E+00  0.0024
  -1.0200E+00  -1.0150E+00   1.1690E+00  0.0024
  -1.0150E+00  -1.0100E+00   1.1821E+00  0.0024
  -1.0100E+00  -1.0050E+00   1.1958E+00  0.0024
  -1.0050E+00  -1.0000E+00   1.2111E+00  0.0024
  -1.0000E+00  -9.9500E-01   1.2266E+00  0.0024
  -9.9500E-01  -9.9000E-01   1.2440E+00  0.0024
  -9.9000E-01  -9.8500E-01   1.2612E+00  0.0024
  -9.8500E-01  -9.8000E-01   1.2803E+00  0.0025
  -9.8000E-01  -9.7500E-01   1.2992E+00  0.0025
  -9.7500E-01  -9.7000E-01   1.3190E+00  0.0025
  -9.7000E-01  -9.6500E-01   1.3399E+00  0.0025
  -9.6500E-01  -9.6000E-01   1.3635E+00  0.0025
  -9.6000E-01  -9.5500E-01   1.3873E+00  0.0025
  -9.5500E-01  -9.5000E-01   1.4133E+00  0.0025
  -9.5000E-01  -9.4500E-01   1.4393E+00  0.0025
  -9.4500E-01  -9.4000E-01   1.4688E+00  0.0025
  -9.4000E-01  -9.3500E-01   1.4992E+00  0.0025
  -9.3500E-01  -9.3000E-01   1.5291E+00  0.0025
  -9.3000E-01  -9.2500E-01   1.5621E+00  0.0025
  -9.2500E-01  -9.2000E-01   1.5983E+00  0.0025
  -9.2000E-01  -9.1500E-01   1.6391E+00  0.0025
  -9.1500E-01  -9.1000E-01   1.6827E+00  0.0025
  -9.1000E-01  -9.0500E-01   1.7321E+00  0.0025
  -9.0500E-01  -9.0000E-01   1.7853E+00  0.0025
  -9.0000E-01  -8.9500E-01   1.8451E+00  0.0025
  -8.9500E-01  -8.9000E-01   1.9148E+00  0.0025
  -8.9000E-01  -8.8500E-01   1.9927E+00  0.0025
  -8.8500E-01  -8.8000E-01   2.0852E+00  0.0025
  -8.8000E-01  -8.7500E-01   2.1959E+00  0.0025
  -8.7500E-01  -8.7000E-01   2.3292E+00  0.0025
  -8.7000E-01  -8.6500E-01   2.4961E+00  0.0025
  -8.6500E-01  -8.6000E-01   2.7138E+00  0.0025
  -8.6000E-01  -8.5500E-01   3.0135E+00  0.0025
  -8.5500E-01  -8.5000E-01   3.4678E+00  0.0025
  -8.5000E-01  -8.4500E-01   4.2910E+00  0.0025
  -8.4500E-01  -8.4000E-01   6.6763E+00  0.0025
  -8.4000E-01  -8.3500E-01   2.3132E+00  0.0025
  -8.3500E-01  -8.3000E-01   3.6589E-02  0.0103
  -8.3000E-01  -8.2500E-01   3.6070E-02  0.0100
  -8.2500E-01  -8.2000E-01   3.5639E-02  0.0099
  -8.2000E-01  -8.1500E-01   3.5231E-02  0.0100
  -8.1500E-01  -8.1000E-01   3.5189E-02  0.0102
  -8.1000E-01  -8.0500E-01   3.5019E-02  0.0101
  -8.0500E-01  -8.0000E-01   3.4704E-02  0.0101
  -8.0000E-01  -7.9500E-01   3.4710E-02  0.0104
  -7.9500E-01  -7.9000E-01   3.4465E-02  0.0104
  -7.9000E-01  -7.8500E-01   3.4258E-02  0.0105
  -7.8500E-01  -7.8000E-01   3.3961E-02  0.0106
  -7.8000E-01  -7.7500E-01   3.3826E-02  0.0108
  -7.7500E-01  -7.7000E-01   3.3454E-02  0.0104
  -7.7000E-01  -7.6500E-01   3.3178E-02  0.0103
  -7.6500E-01  -7.6000E-01   3.2826E-02  0.0103
  -7.6000E-01  -7.5500E-01   3.2853E-02  0.0106
  -7.5500E-01  -7.5000E-01   3.2428E-02  0.0102
  -7.5000E-01  -7.4500E-01   3.2289E-02  0.0103
  -7.4500E-01  -7.4000E-01   3.2267E-02  0.0105
  -7.4000E-01  -7.3500E-01   3.2079E-02  0.0103
  -7.3500E-01  -7.3000E-01   3.1906E-02  0.0102
  -7.3000E-01  -7.2500E-01   3.1887E-02  0.0104
  -7.2500E-01  -7.2000E-01   3.1937E-02  0.0105
  -7.2000E-01  -7.1500E-01   3.1811E-02  0.0110
  -7.1500E-01  -7.1000E-01   3.1713E-02  0.0110
  -7.1000E-01  -7.0500E-01   3.1266E-02  0.0108
  -7.0500E-01  -7.0000E-01   3.0998E-02  0.0107
  -7.0000E-01  -6.9500E-01   3.0767E-02  0.0106
  -6.9500E-01  -6.9000E-01   3.0647E-02  0.0108
  -6.9000E-01  -6.8500E-01   3.0292E-02  0.0106
  -6.8500E-01  -6.8000E-01   3.0246E-02  0.0107
  -6.8000E-01  -6.7500E-01   2.9968E-02  0.0107
  -6.7500E-01  -6.7000E-01   2.9732E-02  0.0107
  -6.7000E-01  -6.6500E-01   2.9536E-02  0.0106
  -6.6500E-01  -6.6000E-01   2.9460E-02  0.0108
  -6.6000E-01  -6.5500E-01   2.9234E-02  0.0108
  -6.5500E-01  -6.5000E-01   2.9174E-02  0.0110
  -6.5000E-01  -6.4500E-01   2.8943E-02  0.0107
  -6.4500E-01  -6.4000E-01   2.8840E-02  0.0107
  -6.4000E-01  -6.3500E-01   2.8451E-02  0.0106
  -6.3500E-01  -6.3000E-01   2.8214E-02  0.0103
  -6.3000E-01  -6.2500E-01   2.8076E-02  0.0103
  -6.2500E-01  -6.2000E-01   2.8179E-02  0.0108
  -6.2000E-01  -6.1500E-01   2.8073E-02  0.0106
  -6.1500E-01  -6.1000E-01   2.7921E-02  0.0107
  -6.1000E-01  -6.0500E-01   2.7679E-02  0.0104
  -6.0500E-01  -6.0000E-01   2.7398E-02  0.0104
  -6.0000E-01  -5.9500E-01   2.7229E-02  0.0103
  -5.9500E-01  -5.9000E-01   2.7123E-02  0.0103
  -5.9000E-01  -5.8500E-01   2.7200E-02  0.0107
  -5.8500E-01  -5.8000E-01   2.7220E-02  0.0110
  -5.8000E-01  -5.7500E-01   2.6702E-02  0.0102
  -5.7500E-01  -5.7000E-01   2.6823E-02  0.0108
  -5.7000E-01  -5.6500E-01   2.6621E-02  0.0105
  -5.6500E-01  -5.6000E-01   2.6448E-02  0.0106
  -5.6000E-01  -5.5500E-01   2.6475E-02  0.0109
  -5.5500E-01  -5.5000E-01   2.6341E-02  0.0108
  -5.5000E-01  -5.4500E-01   2.5961E-02  0.0108
  -5.4500E-01  -5.4000E-01   2.5879E-02  0.0109
  -5.4000E-01  -5.3500E-01   2.5680E-02  0.0107
  -5.3500E-01  -5.3000E-01   2.5574E-02  0.0105
  -5.3000E-01  -5.2500E-01   2.5306E-02  0.0104
  -5.2500E-01  -5.2000E-01   2.5187E-02  0.0103
  -5.2000E-01  -5.1500E-01   2.5298E-02  0.0108
  -5.1500E-01  -5.1000E-01   2.5064E-02  0.0107
  -5.1000E-01  -5.0500E-01   2.4818E-02  0.0106
  -5.0500E-01  -5.0000E-01   2.4673E-02  0.0104
  -5.0000E-01  -4.9500E-01   2.4661E-02  0.0107
  -4.9500E-01  -4.9000E-01   2.4605E-02  0.0107
  -4.9000E-01  -4.8500E-01   2.4415E-02  0.0105
  -4.8500E-01  -4.8000E-01   2.4272E-02  0.0104
  -4.8000E-01  -4.7500E-01   2.4244E-02  0.0105
  -4.7500E-01  -4.7000E-01   2.3959E-02  0.0103
  -4.7000E-01  -4.6500E-01   2.3861E-02  0.0102
  -4.6500E-01  -4.6000E-01   2.3728E-02  0.0100
  -4.6000E-01  -4.5500E-01   2.3628E-02  0.0100
  -4.5500E-01  -4.5000E-01   2.3665E-02  0.0101
  -4.5000E-01  -4.4500E-01   2.3647E-02  0.0102
  -4.4500E-01  -4.4000E-01   2.3392E-02  0.0100
  -4.4000E-01  -4.3500E-01   2.3429E-02  0.0100
  -4.3500E-01  -4.3000E-01   2.3351E-02  0.0103
  -4.3000E-01  -4.2500E-01   2.3247E-02  0.0104
  -4.2500E-01  -4.2000E-01   2.3126E-02  0.0102
  -4.2000E-01  -4.1500E-01   2.2872E-02  0.0100
  -4.1500E-01  -4.1000E-01   2.2722E-02  0.0099
  -4.1000E-01  -4.0500E-01   2.2754E-02  0.0101
  -4.0500E-01  -4.0000E-01   2.2692E-02  0.0101
  -4.0000E-01  -3.9500E-01   2.2659E-02  0.0101
  -3.9500E-01  -3.9000E-01   2.2533E-02  0.0101
  -3.9000E-01  -3.8500E-01   2.2415E-02  0.0101
  -3.8500E-01  -3.8000E-01   2.2400E-02  0.0103
  -3.8000E-01  -3.7500E-01   2.2322E-02  0.0101
  -3.7500E-01  -3.7000E-01   2.2288E-02  0.0102
  -3.7000E-01  -3.6500E-01   2.2271E-02  0.0102
  -3.6500E-01  -3.6000E-01   2.2009E-02  0.0101
  -3.6000E-01  -3.5500E-01   2.2157E-02  0.0106
  -3.5500E-01  -3.5000E-01   2.2051E-02  0.0106
  -3.5000E-01  -3.4500E-01   2.1832E-02  0.0103
  -3.4500E-01  -3.4000E-01   2.1684E-02  0.0102
  -3.4000E-01  -3.3500E-01   2.1580E-02  0.0101
  -3.3500E-01  -3.3000E-01   2.1403E-02  0.0099
  -3.3000E-01  -3.2500E-01   2.1224E-02  0.0098
  -3.2500E-01  -3.2000E-01   2.1296E-02  0.0100
  -3.2000E-01  -3.1500E-01   2.1174E-02  0.0098
  -3.1500E-01  -3.1000E-01   2.1076E-02  0.0099
  -3.1000E-01  -3.0500E-01   2.1073E-02  0.0102
  -3.0500E-01  -3.0000E-01   2.0888E-02  0.0100
  -3.0000E-01  -2.9500E-01   2.0869E-02  0.0099
  -2.9500E-01  -2.9000E-01   2.0738E-02  0.0097
  -2.9000E-01  -2.8500E-01   2.0842E-02  0.0100
  -2.8500E-01  -2.8000E-01   2.0802E-02  0.0101
  -2.8000E-01  -2.7500E-01   2.0694E-02  0.0101
  -2.7500E-01  -2.7000E-01   2.0732E-02  0.0103
  -2.7000E-01  -2.6500E-01   2.0580E-02  0.0101
  -2.6500E-01  -2.6000E-01   2.0590E-02  0.0103
  -2.6000E-01  -2.5500E-01   2.0521E-02  0.0099
  -2.5500E-01  -2.5000E-01   2.0458E-02  0.0098
  -2.5000E-01  -2.4500E-01   2.0365E-02  0.0098
  -2.4500E-01  -2.4000E-01   2.0365E-02  0.0099
  -2.4000E-01  -2.3500E-01   2.0232E-02  0.0098
  -2.3500E-01  -2.3000E-01   2.0397E-02  0.0102
  -2.3000E-01  -2.2500E-01   2.0306E-02  0.0101
  -2.2500E-01  -2.2000E-01   2.0192E-02  0.0102
  -2.2000E-01  -2.1500E-01   2.0096E-02  0.0103
  -2.1500E-01  -2.1000E-01   2.0134E-02  0.0106
  -2.1000E-01  -2.0500E-01   1.9966E-02  0.0101
  -2.0500E-01  -2.0000E-01   1.9780E-02  0.0100
  -2.0000E-01  -1.9500E-01   1.9685E-02  0.0098
  -1.9500E-01  -1.9000E-01   1.9713E-02  0.0100
  -1.9000E-01  -1.8500E-01   1.9774E-02  0.0101
  -1.8500E-01  -1.8000E-01   1.9747E-02  0.0102
  -1.8000E-01  -1.7500E-01   1.9565E-02  0.0101
  -1.7500E-01  -1.7000E-01   1.9524E-02  0.0100
  -1.7000E-01  -1.6500E-01   1.9413E-02  0.0100
  -1.6500E-01  -1.6000E-01   1.9348E-02  0.0098
  -1.6000E-01  -1.5500E-01   1.9418E-02  0.0099
  -1.5500E-01  -1.5000E-01   1.9414E-02  0.0101
  -1.5000E-01  -1.4500E-01   1.9398E-02  0.0101
  -1.4500E-01  -1.4000E-01   1.9495E-02  0.0106
  -1.4000E-01  -1.3500E-01   1.9349E-02  0.0102
  -1.3500E-01  -1.3000E-01   1.9151E-02  0.0101
  -1.3000E-01  -1.2500E-01   1.9166E-02  0.0104
  -1.2500E-01  -1.2000E-01   1.9018E-02  0.0100
  -1.2000E-01  -1.1500E-01   1.9072E-02  0.0104
  -1.1500E-01  -1.1000E-01   1.8925E-02  0.0103
  -1.1000E-01  -1.0500E-01   1.9017E-02  0.0106
  -1.0500E-01  -1.0000E-01   1.9002E-02  0.0106
  -1.0000E-01  -9.5000E-02   1.8890E-02  0.0103
  -9.5000E-02  -9.0000E-02   1.8994E-02  0.0107
  -9.0000E-02  -8.5000E-02   1.8787E-02  0.0103
  -8.5000E-02  -8.0000E-02   1.8851E-02  0.0109
  -8.0000E-02  -7.5000E-02   1.8728E-02  0.0105
  -7.5000E-02  -7.0000E-02   1.8581E-02  0.0104
  -7.0000E-02  -6.5000E-02   1.8502E-02  0.0103
  -6.5000E-02  -6.0000E-02   1.8538E-02  0.0105
  -6.0000E-02  -5.5000E-02   1.8586E-02  0.0105
  -5.5000E-02  -5.0000E-02   1.8506E-02  0.0105
  -5.0000E-02  -4.5000E-02   1.8493E-02  0.0105
  -4.5000E-02  -4.0000E-02   1.8427E-02  0.0107
  -4.0000E-02  -3.5000E-02   1.8413E-02  0.0111
  -3.5000E-02  -3.0000E-02   1.8200E-02  0.0104
  -3.0000E-02  -2.5000E-02   1.8369E-02  0.0108
  -2.5000E-02  -2.0000E-02   1.8289E-02  0.0107
  -2.0000E-02  -1.5000E-02   1.8163E-02  0.0106
  -1.5000E-02  -1.0000E-02   1.8055E-02  0.0106
  -1.0000E-02  -5.0000E-03   1.8052E-02  0.0108
  -5.0000E-03   0.0000E+00   1.7874E-02  0.0107
   0.0000E+00   5.0000E-03   1.7866E-02  0.0108
   5.0000E-03   1.0000E-02   1.7682E-02  0.0105
   1.0000E-02   1.5000E-02   1.7599E-02  0.0105
   1.5000E-02   2.0000E-02   1.7618E-02  0.0108
   2.0000E-02   2.5000E-02   1.7648E-02  0.0110
   2.5000E-02   3.0000E-02   1.7616E-02  0.0105
   3.0000E-02   3.5000E-02   1.7576E-02  0.0105
   3.5000E-02   4.0000E-02   1.7505E-02  0.0106
   4.0000E-02   4.5000E-02   1.7441E-02  0.0106
   4.5000E-02   5.0000E-02   1.7516E-02  0.0109
   5.0000E-02   5.5000E-02   1.7297E-02  0.0106
   5.5000E-02   6.0000E-02   1.7287E-02  0.0109
   6.0000E-02   6.5000E-02   1.7164E-02  0.0108
   6.5000E-02   7.0000E-02   1.7144E-02  0.0108
   7.0000E-02   7.5000E-02   1.7198E-02  0.0108
   7.5000E-02   8.0000E-02   1.7200E-02  0.0110
   8.0000E-02   8.5000E-02   1.7214E-02  0.0109
   8.5000E-02   9.0000E-02   1.7044E-02  0.0108
   9.0000E-02   9.5000E-02   1.6914E-02  0.0107
   9.5000E-02   1.0000E-01   1.6935E-02  0.0109
   1.0000E-01   1.0500E-01   1.6827E-02  0.0108
   1.0500E-01   1.1000E-01   1.6909E-02  0.0110
   1.1000E-01   1.1500E-01   1.6765E-02  0.0109
   1.1500E-01   1.2000E-01   1.6825E-02  0.0109
   1.2000E-01   1.2500E-01   1.6815E-02  0.0112
   1.2500E-01   1.3000E-01   1.6916E-02  0.0118
   1.3000E-01   1.3500E-01   1.6656E-02  0.0109
   1.3500E-01   1.4000E-01   1.6686E-02  0.0110
   1.4000E-01   1.4500E-01   1.6677E-02  0.0110
   1.4500E-01   1.5000E-01   1.6555E-02  0.0109
   1.5000E-01   1.5500E-01   1.6385E-02  0.0108
   1.5500E-01   1.6000E-01   1.6370E-02  0.0109
   1.6000E-01   1.6500E-01   1.6426E-02  0.0112
   1.6500E-01   1.7000E-01   1.6325E-02  0.0112
   1.7000E-01   1.7500E-01   1.6203E-02  0.0110
   1.7500E-01   1.8000E-01   1.6153E-02  0.0112
   1.8000E-01   1.8500E-01   1.6198E-02  0.0112
   1.8500E-01   1.9000E-01   1.6121E-02  0.0111
   1.9000E-01   1.9500E-01   1.6052E-02  0.0111
   1.9500E-01   2.0000E-01   1.5998E-02  0.0109
   2.0000E-01   2.0500E-01   1.6051E-02  0.0112
   2.0500E-01   2.1000E-01   1.5998E-02  0.0110
   2.1000E-01   2.1500E-01   1.5962E-02  0.0111
   2.1500E-01   2.2000E-01   1.5893E-02  0.0113
   2.2000E-01   2.2500E-01   1.5883E-02  0.0113
   2.2500E-01   2.3000E-01   1.5847E-02  0.0115
   2.3000E-01   2.3500E-01   1.5750E-02  0.0113
   2.3500E-01   2.4000E-01   1.5679E-02  0.0114
   2.4000E-01   2.4500E-01   1.5536E-02  0.0112
   2.4500E-01   2.5000E-01   1.5529E-02  0.0114
   2.5000E-01   2.5500E-01   1.5428E-02  0.0115
   2.5500E-01   2.6000E-01   1.5492E-02  0.0115
   2.6000E-01   2.6500E-01   1.5336E-02  0.0114
   2.6500E-01   2.7000E-01   1.5340E-02  0.0115
   2.7000E-01   2.7500E-01   1.5292E-02  0.0116
   2.7500E-01   2.8000E-01   1.5204E-02  0.0116
   2.8000E-01   2.8500E-01   1.5128E-02  0.0115
   2.8500E-01   2.9000E-01   1.5045E-02  0.0115
   2.9000E-01   2.9500E-01   1.5058E-02  0.0116
   2.9500E-01   3.0000E-01   1.5059E-02  0.0117
   3.0000E-01   3.0500E-01   1.4986E-02  0.0118
   3.0500E-01   3.1000E-01   1.4841E-02  0.0116
   3.1000E-01   3.1500E-01   1.4815E-02  0.0116
   3.1500E-01   3.2000E-01   1.4604E-02  0.0112
   3.2000E-01   3.2500E-01   1.4602E-02  0.0113
   3.2500E-01   3.3000E-01   1.4648E-02  0.0115
   3.3000E-01   3.3500E-01   1.4650E-02  0.0117
   3.3500E-01   3.4000E-01   1.4631E-02  0.0117
   3.4000E-01   3.4500E-01   1.4588E-02  0.0116
   3.4500E-01   3.5000E-01   1.4497E-02  0.0116
   3.5000E-01   3.5500E-01   1.4413E-02  0.0116
   3.5500E-01   3.6000E-01   1.4464E-02  0.0118
   3.6000E-01   3.6500E-01   1.4401E-02  0.0117
   3.6500E-01   3.7000E-01   1.4424E-02  0.0119
   3.7000E-01   3.7500E-01   1.4261E-02  0.0117
   3.7500E-01   3.8000E-01   1.4333E-02  0.0118
   3.8000E-01   3.8500E-01   1.4319E-02  0.0119
   3.8500E-01   3.9000E-01   1.4217E-02  0.0117
   3.9000E-01   3.9500E-01   1.4233E-02  0.0117
   3.9500E-01   4.0000E-01   1.4196E-02  0.0119
   4.0000E-01   4.0500E-01   1.4167E-02  0.0123
   4.0500E-01   4.1000E-01   1.4060E-02  0.0119
   4.1000E-01   4.1500E-01   1.4022E-02  0.0119
   4.1500E-01   4.2000E-01   1.3953E-02  0.0118
   4.2000E-01   4.2500E-01   1.3868E-02  0.0117
   4.2500E-01   4.3000E-01   1.3827E-02  0.0118
   4.3000E-01   4.3500E-01   1.3953E-02  0.0125
   4.3500E-01   4.4000E-01   1.3770E-02  0.0118
   4.4000E-01   4.4500E-01   1.3698E-02  0.0117
   4.4500E-01   4.5000E-01   1.3685E-02  0.0122
   4.5000E-01   4.5500E-01   1.3558E-02  0.0117
   4.5500E-01   4.6000E-01   1.3692E-02  0.0124
   4.6000E-01   4.6500E-01   1.3540E-02  0.0119
   4.6500E-01   4.7000E-01   1.3513E-02  0.0119
   4.7000E-01   4.7500E-01   1.3563E-02  0.0122
   4.7500E-01   4.8000E-01   1.3426E-02  0.0121
   4.8000E-01   4.8500E-01   1.3310E-02  0.0119
   4.8500E-01   4.9000E-01   1.3377E-02  0.0121
   4.9000E-01   4.9500E-01   1.3293E-02  0.0120
   4.9500E-01   5.0000E-01   1.3179E-02  0.0119
   5.0000E-01   5.0500E-01   1.3128E-02  0.0120
   5.0500E-01   5.1000E-01   1.3109E-02  0.0121
   5.1000E-01   5.1500E-01   1.2980E-02  0.0119
   5.1500E-01   5.2000E-01   1.2999E-02  0.0120
   5.2000E-01   5.2500E-01   1.2862E-02  0.0118
   5.2500E-01   5.3000E-01   1.2900E-02  0.0119
   5.3000E-01   5.3500E-01   1.3082E-02  0.0124
   5.3500E-01   5.4000E-01   1.3013E-02  0.0122
   5.4000E-01   5.4500E-01   1.2982E-02  0.0123
   5.4500E-01   5.5000E-01   1.2903E-02  0.0122
   5.5000E-01   5.5500E-01   1.2878E-02  0.0125
   5.5500E-01   5.6000E-01   1.2795E-02  0.0123
   5.6000E-01   5.6500E-01   1.2755E-02  0.0123
   5.6500E-01   5.7000E-01   1.2708E-02  0.0124
   5.7000E-01   5.7500E-01   1.2725E-02  0.0125
   5.7500E-01   5.8000E-01   1.2642E-02  0.0124
   5.8000E-01   5.8500E-01   1.2589E-02  0.0124
   5.8500E-01   5.9000E-01   1.2542E-02  0.0123
   5.9000E-01   5.9500E-01   1.2514E-02  0.0124
   5.9500E-01   6.0000E-01   1.2454E-02  0.0125
   6.0000E-01   6.0500E-01   1.2455E-02  0.0126
   6.0500E-01   6.1000E-01   1.2377E-02  0.0126
   6.1000E-01   6.1500E-01   1.2396E-02  0.0128
   6.1500E-01   6.2000E-01   1.2351E-02  0.0129
   6.2000E-01   6.2500E-01   1.2273E-02  0.0128
   6.2500E-01   6.3000E-01   1.2190E-02  0.0128
   6.3000E-01   6.3500E-01   1.2104E-02  0.0127
   6.3500E-01   6.4000E-01   1.2023E-02  0.0128
   6.4000E-01   6.4500E-01   1.1988E-02  0.0127
   6.4500E-01   6.5000E-01   1.1964E-02  0.0127
   6.5000E-01   6.5500E-01   1.1936E-02  0.0128
   6.5500E-01   6.6000E-01   1.1832E-02  0.0126
   6.6000E-01   6.6500E-01   1.1833E-02  0.0128
   6.6500E-01   6.7000E-01   1.1784E-02  0.0129
   6.7000E-01   6.7500E-01   1.1678E-02  0.0128
   6.7500E-01   6.8000E-01   1.1569E-02  0.0125
   6.8000E-01   6.8500E-01   1.1527E-02  0.0127
   6.8500E-01   6.9000E-01   1.1512E-02  0.0129
   6.9000E-01   6.9500E-01   1.1478E-02  0.0128
   6.9500E-01   7.0000E-01   1.1510E-02  0.0129
   7.0000E-01   7.0500E-01   1.1501E-02  0.0130
   7.0500E-01   7.1000E-01   1.1427E-02  0.0130
   7.1000E-01   7.1500E-01   1.1369E-02  0.0129
   7.1500E-01   7.2000E-01   1.1454E-02  0.0137
   7.2000E-01   7.2500E-01   1.1302E-02  0.0132
   7.2500E-01   7.3000E-01   1.1308E-02  0.0131
   7.3000E-01   7.3500E-01   1.1309E-02  0.0133
   7.3500E-01   7.4000E-01   1.1233E-02  0.0130
   7.4000E-01   7.4500E-01   1.1296E-02  0.0132
   7.4500E-01   7.5000E-01   1.1170E-02  0.0130
   7.5000E-01   7.5500E-01   1.1132E-02  0.0134
   7.5500E-01   7.6000E-01   1.1106E-02  0.0137
   7.6000E-01   7.6500E-01   1.1054E-02  0.0133
   7.6500E-01   7.7000E-01   1.0932E-02  0.0131
   7.7000E-01   7.7500E-01   1.0871E-02  0.0131
   7.7500E-01   7.8000E-01   1.0843E-02  0.0134
   7.8000E-01   7.8500E-01   1.0692E-02  0.0129
   7.8500E-01   7.9000E-01   1.0676E-02  0.0131
   7.9000E-01   7.9500E-01   1.0729E-02  0.0136
   7.9500E-01   8.0000E-01   1.0607E-02  0.0131
   8.0000E-01   8.0500E-01   1.0547E-02  0.0129
   8.0500E-01   8.1000E-01   1.0565E-02  0.0130
   8.1000E-01   8.1500E-01   1.0611E-02  0.0132
   8.1500E-01   8.2000E-01   1.0605E-02  0.0134
   8.2000E-01   8.2500E-01   1.0564E-02  0.0134
   8.2500E-01   8.3000E-01   1.0454E-02  0.0132
   8.3000E-01   8.3500E-01   1.0387E-02  0.0131
   8.3500E-01   8.4000E-01   1.0461E-02  0.0135
   8.4000E-01   8.4500E-01   1.0415E-02  0.0134
   8.4500E-01   8.5000E-01   1.0418E-02  0.0139
   8.5000E-01   8.5500E-01   1.0307E-02  0.0135
   8.5500E-01   8.6000E-01   1.0269E-02  0.0134
   8.6000E-01   8.6500E-01   1.0284E-02  0.0134
   8.6500E-01   8.7000E-01   1.0362E-02  0.0137
   8.7000E-01   8.7500E-01   1.0287E-02  0.0138
   8.7500E-01   8.8000E-01   1.0316E-02  0.0143
   8.8000E-01   8.8500E-01   1.0224E-02  0.0138
   8.8500E-01   8.9000E-01   1.0104E-02  0.0134
   8.9000E-01   8.9500E-01   1.0057E-02  0.0135
   8.9500E-01   9.0000E-01   1.0111E-02  0.0138
   9.0000E-01   9.0500E-01   1.0023E-02  0.0137
   9.0500E-01   9.1000E-01   1.0155E-02  0.0142
   9.1000E-01   9.1500E-01   1.0047E-02  0.0140
   9.1500E-01   9.2000E-01   9.9320E-03  0.0140
   9.2000E-01   9.2500E-01   9.8666E-03  0.0138
   9.2500E-01   9.3000E-01   9.9057E-03  0.0140
   9.3000E-01   9.3500E-01   9.8517E-03  0.0139
   9.3500E-01   9.4000E-01   9.8300E-03  0.0139
   9.4000E-01   9.4500E-01   9.8135E-03  0.0139
   9.4500E-01   9.5000E-01   9.7942E-03  0.0140
   9.5000E-01   9.5500E-01   9.6907E-03  0.0139
   9.5500E-01   9.6000E-01   9.5884E-03  0.0137
   9.6000E-01   9.6500E-01   9.6094E-03  0.0139
   9.6500E-01   9.7000E-01   9.5975E-03  0.0139
   9.7000E-01   9.7500E-01   9.5266E-03  0.0141
   9.7500E-01   9.8000E-01   9.4694E-03  0.0140
   9.8000E-01   9.8500E-01   9.4213E-03  0.0140
   9.8500E-01   9.9000E-01   9.3820E-03  0.0141
   9.9000E-01   9.9500E-01   9.3895E-03  0.0143
   9.9500E-01   1.0000E+00   9.3042E-03  0.0139
   1.0000E+00   1.0050E+00   9.3200E-03  0.0140
   1.0050E+00   1.0100E+00   9.3291E-03  0.0142
   1.0100E+00   1.0150E+00   9.2718E-03  0.0140
   1.0150E+00   1.0200E+00   9.3157E-03  0.0143
   1.0200E+00   1.0250E+00   9.3056E-03  0.0144
   1.0250E+00   1.0300E+00   9.1638E-03  0.0140
   1.0300E+00   1.0350E+00   9.1470E-03  0.0141
   1.0350E+00   1.0400E+00   9.1629E-03  0.0146
   1.0400E+00   1.0450E+00   9.2022E-03  0.0148
   1.0450E+00   1.0500E+00   9.0734E-03  0.0144
   1.0500E+00   1.0550E+00   9.0601E-03  0.0147
   1.0550E+00   1.0600E+00   8.9613E-03  0.0143
   1.0600E+00   1.0650E+00   9.0095E-03  0.0146
   1.0650E+00   1.0700E+00   8.9774E-03  0.0147
   1.0700E+00   1.0750E+00   8.8348E-03  0.0143
   1.0750E+00   1.0800E+00   8.9343E-03  0.0150
   1.0800E+00   1.0850E+00   8.8971E-03  0.0148
   1.0850E+00   1.0900E+00   8.7769E-03  0.0146
   1.0900E+00   1.0950E+00   8.7039E-03  0.0145
   1.0950E+00   1.1000E+00   8.7597E-03  0.0148
   1.1000E+00   1.1050E+00   8.6670E-03  0.0145
   1.1050E+00   1.1100E+00   8.6137E-03  0.0147
   1.1100E+00   1.1150E+00   8.6270E-03  0.0148
   1.1150E+00   1.1200E+00   8.5019E-03  0.0145
   1.1200E+00   1.1250E+00   8.4629E-03  0.0146
   1.1250E+00   1.1300E+00   8.4974E-03  0.0147
   1.1300E+00   1.1350E+00   8.4633E-03  0.0147
   1.1350E+00   1.1400E+00   8.4404E-03  0.0147
   1.1400E+00   1.1450E+00   8.4823E-03  0.0151
   1.1450E+00   1.1500E+00   8.3830E-03  0.0149
   1.1500E+00   1.1550E+00   8.2972E-03  0.0149
   1.1550E+00   1.1600E+00   8.2969E-03  0.0147
   1.1600E+00   1.1650E+00   8.3672E-03  0.0152
   1.1650E+00   1.1700E+00   8.3144E-03  0.0150
   1.1700E+00   1.1750E+00   8.2547E-03  0.0153
   1.1750E+00   1.1800E+00   8.1637E-03  0.0149
   1.1800E+00   1.1850E+00   8.2001E-03  0.0151
   1.1850E+00   1.1900E+00   8.1482E-03  0.0151
   1.1900E+00   1.1950E+00   8.0610E-03  0.0151
   1.1950E+00   1.2000E+00   8.0581E-03  0.0149
   1.2000E+00   1.2050E+00   8.0689E-03  0.0151
   1.2050E+00   1.2100E+00   8.1303E-03  0.0154
   1.2100E+00   1.2150E+00   8.0828E-03  0.0150
   1.2150E+00   1.2200E+00   8.0527E-03  0.0151
   1.2200E+00   1.2250E+00   8.0229E-03  0.0155
   1.2250E+00   1.2300E+00   8.0304E-03  0.0165
   1.2300E+00   1.2350E+00   7.8994E-03  0.0154
   1.2350E+00   1.2400E+00   7.8565E-03  0.0155
   1.2400E+00   1.2450E+00   7.8281E-03  0.0151
   1.2450E+00   1.2500E+00   7.7463E-03  0.0151
   1.2500E+00   1.2550E+00   7.7995E-03  0.0153
   1.2550E+00   1.2600E+00   7.7713E-03  0.0156
   1.2600E+00   1.2650E+00   7.7772E-03  0.0155
   1.2650E+00   1.2700E+00   7.6591E-03  0.0153
   1.2700E+00   1.2750E+00   7.6822E-03  0.0156
   1.2750E+00   1.2800E+00   7.7301E-03  0.0161
   1.2800E+00   1.2850E+00   7.6872E-03  0.0161
   1.2850E+00   1.2900E+00   7.6023E-03  0.0165
   1.2900E+00   1.2950E+00   7.4979E-03  0.0159
   1.2950E+00   1.3000E+00   7.5109E-03  0.0159
   1.3000E+00   1.3050E+00   7.5393E-03  0.0159
   1.3050E+00   1.3100E+00   7.4558E-03  0.0158
   1.3100E+00   1.3150E+00   7.4636E-03  0.0162
   1.3150E+00   1.3200E+00   7.4233E-03  0.0164
   1.3200E+00   1.3250E+00   7.2999E-03  0.0160
   1.3250E+00   1.3300E+00   7.2378E-03  0.0159
   1.3300E+00   1.3350E+00   7.2332E-03  0.0157
   1.3350E+00   1.3400E+00   7.2714E-03  0.0162
   1.3400E+00   1.3450E+00   7.1700E-03  0.0159
   1.3450E+00   1.3500E+00   7.1663E-03  0.0166
   1.3500E+00   1.3550E+00   7.2013E-03  0.0173
   1.3550E+00   1.3600E+00   7.1124E-03  0.0162
   1.3600E+00   1.3650E+00   7.0587E-03  0.0161
   1.3650E+00   1.3700E+00   7.0339E-03  0.0158
   1.3700E+00   1.3750E+00   7.0479E-03  0.0161
   1.3750E+00   1.3800E+00   7.1198E-03  0.0167
   1.3800E+00   1.3850E+00   7.0284E-03  0.0165
   1.3850E+00   1.3900E+00   6.9718E-03  0.0163
   1.3900E+00   1.3950E+00   6.9235E-03  0.0163
   1.3950E+00   1.4000E+00   6.8285E-03  0.0161
   1.4000E+00   1.4050E+00   6.8123E-03  0.0163
   1.4050E+00   1.4100E+00   6.8207E-03  0.0162
   1.4100E+00   1.4150E+00   6.8252E-03  0.0169
   1.4150E+00   1.4200E+00   6.7508E-03  0.0164
   1.4200E+00   1.4250E+00   6.7294E-03  0.0161
   1.4250E+00   1.4300E+00   6.7298E-03  0.0161
   1.4300E+00   1.4350E+00   6.7375E-03  0.0165
   1.4350E+00   1.4400E+00   6.6648E-03  0.0162
   1.4400E+00   1.4450E+00   6.7656E-03  0.0171
   1.4450E+00   1.4500E+00   6.7111E-03  0.0168
   1.4500E+00   1.4550E+00   6.6047E-03  0.0163
   1.4550E+00   1.4600E+00   6.6594E-03  0.0170
   1.4600E+00   1.4650E+00   6.6064E-03  0.0169
   1.4650E+00   1.4700E+00   6.6244E-03  0.0172
   1.4700E+00   1.4750E+00   6.6028E-03  0.0169
   1.4750E+00   1.4800E+00   6.5491E-03  0.0169
   1.4800E+00   1.4850E+00   6.5184E-03  0.0172
   1.4850E+00   1.4900E+00   6.4539E-03  0.0167
   1.4900E+00   1.4950E+00   6.4477E-03  0.0173
   1.4950E+00   1.5000E+00   6.3783E-03  0.0173
   1.5000E+00   1.5050E+00   6.3423E-03  0.0164
   1.5050E+00   1.5100E+00   6.3666E-03  0.0167
   1.5100E+00   1.5150E+00   6.3829E-03  0.0172
   1.5150E+00   1.5200E+00   6.2668E-03  0.0168
   1.5200E+00   1.5250E+00   6.1951E-03  0.0167
   1.5250E+00   1.5300E+00   6.2087E-03  0.0169
   1.5300E+00   1.5350E+00   6.1715E-03  0.0168
   1.5350E+00   1.5400E+00   6.1370E-03  0.0170
   1.5400E+00   1.5450E+00   6.1684E-03  0.0170
   1.5450E+00   1.5500E+00   6.1573E-03  0.0170
   1.5500E+00   1.5550E+00   6.1142E-03  0.0169
   1.5550E+00   1.5600E+00   6.0557E-03  0.0168
   1.5600E+00   1.5650E+00   6.0275E-03  0.0170
   1.5650E+00   1.5700E+00   6.1185E-03  0.0182
   1.5700E+00   1.5750E+00   6.0856E-03  0.0178
   1.5750E+00   1.5800E+00   6.0258E-03  0.0190
   1.5800E+00   1.5850E+00   5.9721E-03  0.0177
   1.5850E+00   1.5900E+00   5.9031E-03  0.0176
   1.5900E+00   1.5950E+00   5.8412E-03  0.0174
   1.5950E+00   1.6000E+00   5.9085E-03  0.0178
   1.6000E+00   1.6050E+00   5.8508E-03  0.0184
   1.6050E+00   1.6100E+00   5.7639E-03  0.0175
   1.6100E+00   1.6150E+00   5.7319E-03  0.0175
   1.6150E+00   1.6200E+00   5.6612E-03  0.0172
   1.6200E+00   1.6250E+00   5.7311E-03  0.0178
   1.6250E+00   1.6300E+00   5.6799E-03  0.0174
   1.6300E+00   1.6350E+00   5.6696E-03  0.0177
   1.6350E+00   1.6400E+00   5.6252E-03  0.0173
   1.6400E+00   1.6450E+00   5.6734E-03  0.0185
   1.6450E+00   1.6500E+00   5.6812E-03  0.0187
   1.6500E+00   1.6550E+00   5.5547E-03  0.0179
   1.6550E+00   1.6600E+00   5.4866E-03  0.0175
   1.6600E+00   1.6650E+00   5.5636E-03  0.0180
   1.6650E+00   1.6700E+00   5.6038E-03  0.0183
   1.6700E+00   1.6750E+00   5.6171E-03  0.0187
   1.6750E+00   1.6800E+00   5.4382E-03  0.0180
   1.6800E+00   1.6850E+00   5.4016E-03  0.0180
   1.6850E+00   1.6900E+00   5.4532E-03  0.0189
   1.6900E+00   1.6950E+00   5.3396E-03  0.0179
   1.6950E+00   1.7000E+00   5.3170E-03  0.0178
   1.7000E+00   1.7050E+00   5.3299E-03  0.0181
   1.7050E+00   1.7100E+00   5.3031E-03  0.0184
   1.7100E+00   1.7150E+00   5.2723E-03  0.0182
   1.7150E+00   1.7200E+00   5.2568E-03  0.0186
   1.7200E+00   1.7250E+00   5.2387E-03  0.0202
   1.7250E+00   1.7300E+00   5.2294E-03  0.0185
   1.7300E+00   1.7350E+00   5.2015E-03  0.0186
   1.7350E+00   1.7400E+00   5.1477E-03  0.0184
   1.7400E+00   1.7450E+00   5.1813E-03  0.0187
   1.7450E+00   1.7500E+00   5.1257E-03  0.0183
   1.7500E+00   1.7550E+00   5.1568E-03  0.0191
   1.7550E+00   1.7600E+00   5.0357E-03  0.0183
   1.7600E+00   1.7650E+00   5.0333E-03  0.0186
   1.7650E+00   1.7700E+00   5.0291E-03  0.0189
   1.7700E+00   1.7750E+00   4.9337E-03  0.0185
   1.7750E+00   1.7800E+00   4.9162E-03  0.0181
   1.7800E+00   1.7850E+00   4.9112E-03  0.0182
   1.7850E+00   1.7900E+00   4.9900E-03  0.0194
   1.7900E+00   1.7950E+00   4.9231E-03  0.0185
   1.7950E+00   1.8000E+00   4.8951E-03  0.0188
   1.8000E+00   1.8050E+00   4.8697E-03  0.0195
   1.8050E+00   1.8100E+00   4.8040E-03  0.0186
   1.8100E+00   1.8150E+00   4.8508E-03  0.0196
   1.8150E+00   1.8200E+00   4.8724E-03  0.0196
   1.8200E+00   1.8250E+00   4.7716E-03  0.0190
   1.8250E+00   1.8300E+00   4.7358E-03  0.0192
   1.8300E+00   1.8350E+00   4.6767E-03  0.0193
   1.8350E+00   1.8400E+00   4.6014E-03  0.0185
   1.8400E+00   1.8450E+00   4.6178E-03  0.0191
   1.8450E+00   1.8500E+00   4.5881E-03  0.0189
   1.8500E+00   1.8550E+00   4.5805E-03  0.0187
   1.8550E+00   1.8600E+00   4.6023E-03  0.0190
   1.8600E+00   1.8650E+00   4.5664E-03  0.0190
   1.8650E+00   1.8700E+00   4.5502E-03  0.0195
   1.8700E+00   1.8750E+00   4.5378E-03  0.0193
   1.8750E+00   1.8800E+00   4.5210E-03  0.0193
   1.8800E+00   1.8850E+00   4.4986E-03  0.0194
   1.8850E+00   1.8900E+00   4.5121E-03  0.0201
   1.8900E+00   1.8950E+00   4.3817E-03  0.0191
   1.8950E+00   1.9000E+00   4.3416E-03  0.0191
   1.9000E+00   1.9050E+00   4.3769E-03  0.0194
   1.9050E+00   1.9100E+00   4.4048E-03  0.0199
   1.9100E+00   1.9150E+00   4.4148E-03  0.0200
   1.9150E+00   1.9200E+00   4.3623E-03  0.0203
   1.9200E+00   1.9250E+00   4.4017E-03  0.0235
   1.9250E+00   1.9300E+00   4.2359E-03  0.0197
   1.9300E+00   1.9350E+00   4.2225E-03  0.0198
   1.9350E+00   1.9400E+00   4.1909E-03  0.0191
   1.9400E+00   1.9450E+00   4.1929E-03  0.0201
   1.9450E+00   1.9500E+00   4.2224E-03  0.0204
   1.9500E+00   1.9550E+00   4.2895E-03  0.0228
   1.9550E+00   1.9600E+00   4.1516E-03  0.0202
   1.9600E+00   1.9650E+00   4.1053E-03  0.0198
   1.9650E+00   1.9700E+00   4.0571E-03  0.0200
   1.9700E+00   1.9750E+00   4.0590E-03  0.0196
   1.9750E+00   1.9800E+00   4.0948E-03  0.0218
   1.9800E+00   1.9850E+00   4.1183E-03  0.0205
   1.9850E+00   1.9900E+00   4.0186E-03  0.0195
   1.9900E+00   1.9950E+00   3.9994E-03  0.0195
   1.9950E+00   2.0000E+00   4.0038E-03  0.0200
   2.0000E+00   2.0050E+00   3.9847E-03  0.0195
   2.0050E+00   2.0100E+00   3.9955E-03  0.0199
   2.0100E+00   2.0150E+00   4.0148E-03  0.0209
   2.0150E+00   2.0200E+00   3.8888E-03  0.0197
   2.0200E+00   2.0250E+00   3.8748E-03  0.0201
   2.0250E+00   2.0300E+00   3.9124E-03  0.0208
   2.0300E+00   2.0350E+00   3.9024E-03  0.0210
   2.0350E+00   2.0400E+00   3.8550E-03  0.0213
   2.0400E+00   2.0450E+00   3.8354E-03  0.0229
   2.0450E+00   2.0500E+00   3.7868E-03  0.0205
   2.0500E+00   2.0550E+00   3.7948E-03  0.0206
   2.0550E+00   2.0600E+00   3.7998E-03  0.0212
   2.0600E+00   2.0650E+00   3.8179E-03  0.0219
   2.0650E+00   2.0700E+00   3.7637E-03  0.0210
   2.0700E+00   2.0750E+00   3.7516E-03  0.0210
   2.0750E+00   2.0800E+00   3.7314E-03  0.0205
   2.0800E+00   2.0850E+00   3.7290E-03  0.0212
   2.0850E+00   2.0900E+00   3.7007E-03  0.0211
   2.0900E+00   2.0950E+00   3.6379E-03  0.0207
   2.0950E+00   2.1000E+00   3.6905E-03  0.0214
   2.1000E+00   2.1050E+00   3.7070E-03  0.0222
   2.1050E+00   2.1100E+00   3.6199E-03  0.0214
   2.1100E+00   2.1150E+00   3.5890E-03  0.0210
   2.1150E+00   2.1200E+00   3.6472E-03  0.0231
   2.1200E+00   2.1250E+00   3.5653E-03  0.0214
   2.1250E+00   2.1300E+00   3.5921E-03  0.0236
   2.1300E+00   2.1350E+00   3.5057E-03  0.0224
   2.1350E+00   2.1400E+00   3.4578E-03  0.0206
   2.1400E+00   2.1450E+00   3.4338E-03  0.0208
   2.1450E+00   2.1500E+00   3.4674E-03  0.0214
   2.1500E+00   2.1550E+00   3.4339E-03  0.0216
   2.1550E+00   2.1600E+00   3.3790E-03  0.0215
   2.1600E+00   2.1650E+00   3.3237E-03  0.0218
   2.1650E+00   2.1700E+00   3.3052E-03  0.0211
   2.1700E+00   2.1750E+00   3.3366E-03  0.0217
   2.1750E+00   2.1800E+00   3.3766E-03  0.0230
   2.1800E+00   2.1850E+00   3.3126E-03  0.0210
   2.1850E+00   2.1900E+00   3.3413E-03  0.0225
   2.1900E+00   2.1950E+00   3.3499E-03  0.0230
   2.1950E+00   2.2000E+00   3.2334E-03  0.0211
   2.2000E+00   2.2050E+00   3.2324E-03  0.0227
   2.2050E+00   2.2100E+00   3.2427E-03  0.0216
   2.2100E+00   2.2150E+00   3.2350E-03  0.0223
   2.2150E+00   2.2200E+00   3.1701E-03  0.0213
   2.2200E+00   2.2250E+00   3.1310E-03  0.0212
   2.2250E+00   2.2300E+00   3.1330E-03  0.0211
   2.2300E+00   2.2350E+00   3.2031E-03  0.0227
   2.2350E+00   2.2400E+00   3.1911E-03  0.0226
   2.2400E+00   2.2450E+00   3.1536E-03  0.0224
   2.2450E+00   2.2500E+00   3.0925E-03  0.0215
   2.2500E+00   2.2550E+00   3.0790E-03  0.0213
   2.2550E+00   2.2600E+00   3.0438E-03  0.0208
   2.2600E+00   2.2650E+00   3.1100E-03  0.0218
   2.2650E+00   2.2700E+00   3.0756E-03  0.0219
   2.2700E+00   2.2750E+00   3.0917E-03  0.0224
   2.2750E+00   2.2800E+00   3.0539E-03  0.0215
   2.2800E+00   2.2850E+00   3.1006E-03  0.0225
   2.2850E+00   2.2900E+00   3.1141E-03  0.0243
   2.2900E+00   2.2950E+00   3.0393E-03  0.0233
   2.2950E+00   2.3000E+00   3.0385E-03  0.0226
   2.3000E+00   2.3050E+00   3.0072E-03  0.0223
   2.3050E+00   2.3100E+00   3.0251E-03  0.0230
   2.3100E+00   2.3150E+00   2.9929E-03  0.0234
   2.3150E+00   2.3200E+00   2.9723E-03  0.0240
   2.3200E+00   2.3250E+00   2.9318E-03  0.0237
   2.3250E+00   2.3300E+00   2.8859E-03  0.0245
   2.3300E+00   2.3350E+00   2.9016E-03  0.0239
   2.3350E+00   2.3400E+00   2.8873E-03  0.0232
   2.3400E+00   2.3450E+00   2.8939E-03  0.0246
   2.3450E+00   2.3500E+00   2.8455E-03  0.0242
   2.3500E+00   2.3550E+00   2.8246E-03  0.0243
   2.3550E+00   2.3600E+00   2.8138E-03  0.0245
   2.3600E+00   2.3650E+00   2.8057E-03  0.0250
   2.3650E+00   2.3700E+00   2.7263E-03  0.0238
   2.3700E+00   2.3750E+00   2.7008E-03  0.0234
   2.3750E+00   2.3800E+00   2.6938E-03  0.0235
   2.3800E+00   2.3850E+00   2.6586E-03  0.0234
   2.3850E+00   2.3900E+00   2.6734E-03  0.0234
   2.3900E+00   2.3950E+00   2.6378E-03  0.0231
   2.3950E+00   2.4000E+00   2.6126E-03  0.0229
   2.4000E+00   2.4050E+00   2.6662E-03  0.0385
   2.4050E+00   2.4100E+00   2.5899E-03  0.0231
   2.4100E+00   2.4150E+00   2.6085E-03  0.0234
   2.4150E+00   2.4200E+00   2.5651E-03  0.0232
   2.4200E+00   2.4250E+00   2.5528E-03  0.0234
   2.4250E+00   2.4300E+00   2.5175E-03  0.0228
   2.4300E+00   2.4350E+00   2.5368E-03  0.0249
   2.4350E+00   2.4400E+00   2.5407E-03  0.0237
   2.4400E+00   2.4450E+00   2.5063E-03  0.0225
   2.4450E+00   2.4500E+00   2.5439E-03  0.0235
   2.4500E+00   2.4550E+00   2.5430E-03  0.0241
   2.4550E+00   2.4600E+00   2.5223E-03  0.0245
   2.4600E+00   2.4650E+00   2.4551E-03  0.0233
   2.4650E+00   2.4700E+00   2.4311E-03  0.0244
   2.4700E+00   2.4750E+00   2.4204E-03  0.0239
   2.4750E+00   2.4800E+00   2.4354E-03  0.0241
   2.4800E+00   2.4850E+00   2.4286E-03  0.0254
   2.4850E+00   2.4900E+00   2.3954E-03  0.0234
   2.4900E+00   2.4950E+00   2.3485E-03  0.0232
   2.4950E+00   2.5000E+00   2.3940E-03  0.0248

#   sum over                 2.7824E+02

'no. =  1,  ir =  1'
msuc: {\huge depth-dose distribution}
msdr: {\it plotted by \ANGEL \version}
msdl: {\it calculated by \PHITS  3.32}
wt: s(0.7)
\vspace{-3}
  rmin  &=&   0.0000E+00 [cm]
  rmax  &=&   1.0000E+00 [cm]
e:
 
# Information for Restart Calculation
# This calculation was newly started
# istdev =  2 # 1:Batch variance, 2:History variance
# resc2  = 1.00000000000000000E+06 # Total source weight or Total source weight / maxcas
# resc3  = 1.00000000000000000E+06 # Total history number or Total batch number
# maxcas =      100000 # History / Batch, only used for istdev=1
# bitrseed = 0101101000001110011101111011110101001001010001111010111000101101 # bit data of rseed
