[ T-SED ]
    title = microdosimetric_spectra_water_photon_PHITS
     mesh =  reg            # mesh type is region-wise
      reg = 1
  se-type =    3            # se-mesh is log given by emin, emax and ne
     emin =  1.0000000E-02  # minimum value of e-mesh points
     emax =   10000.00      # maximum value of e-mesh points
#    edel =  7.6752836E-02  # mesh width of e-mesh points
       ne =  180            # number of e-mesh points
#    data = ( e(i), i = 1, ne + 1 )
#           1.00000E-02  1.07978E-02  1.16591E-02  1.25893E-02  1.35936E-02
#           1.46780E-02  1.58489E-02  1.71133E-02  1.84785E-02  1.99526E-02
#           2.15443E-02  2.32631E-02  2.51189E-02  2.71227E-02  2.92864E-02
#           3.16228E-02  3.41455E-02  3.68695E-02  3.98107E-02  4.29866E-02
#           4.64159E-02  5.01187E-02  5.41170E-02  5.84341E-02  6.30957E-02
#           6.81292E-02  7.35642E-02  7.94328E-02  8.57696E-02  9.26119E-02
#           1.00000E-01  1.07978E-01  1.16591E-01  1.25893E-01  1.35936E-01
#           1.46780E-01  1.58489E-01  1.71133E-01  1.84785E-01  1.99526E-01
#           2.15443E-01  2.32631E-01  2.51189E-01  2.71227E-01  2.92864E-01
#           3.16228E-01  3.41455E-01  3.68695E-01  3.98107E-01  4.29866E-01
#           4.64159E-01  5.01187E-01  5.41170E-01  5.84341E-01  6.30957E-01
#           6.81292E-01  7.35642E-01  7.94328E-01  8.57696E-01  9.26119E-01
#           1.00000E+00  1.07978E+00  1.16591E+00  1.25893E+00  1.35936E+00
#           1.46780E+00  1.58489E+00  1.71133E+00  1.84785E+00  1.99526E+00
#           2.15443E+00  2.32631E+00  2.51189E+00  2.71227E+00  2.92864E+00
#           3.16228E+00  3.41455E+00  3.68695E+00  3.98107E+00  4.29866E+00
#           4.64159E+00  5.01187E+00  5.41170E+00  5.84341E+00  6.30957E+00
#           6.81292E+00  7.35642E+00  7.94328E+00  8.57696E+00  9.26119E+00
#           1.00000E+01  1.07978E+01  1.16591E+01  1.25893E+01  1.35936E+01
#           1.46780E+01  1.58489E+01  1.71133E+01  1.84785E+01  1.99526E+01
#           2.15443E+01  2.32631E+01  2.51189E+01  2.71227E+01  2.92864E+01
#           3.16228E+01  3.41455E+01  3.68695E+01  3.98107E+01  4.29866E+01
#           4.64159E+01  5.01187E+01  5.41170E+01  5.84341E+01  6.30957E+01
#           6.81292E+01  7.35642E+01  7.94328E+01  8.57696E+01  9.26119E+01
#           1.00000E+02  1.07978E+02  1.16591E+02  1.25893E+02  1.35936E+02
#           1.46780E+02  1.58489E+02  1.71133E+02  1.84785E+02  1.99526E+02
#           2.15443E+02  2.32631E+02  2.51189E+02  2.71227E+02  2.92864E+02
#           3.16228E+02  3.41455E+02  3.68695E+02  3.98107E+02  4.29866E+02
#           4.64159E+02  5.01187E+02  5.41170E+02  5.84341E+02  6.30957E+02
#           6.81292E+02  7.35642E+02  7.94328E+02  8.57696E+02  9.26119E+02
#           1.00000E+03  1.07978E+03  1.16591E+03  1.25893E+03  1.35936E+03
#           1.46780E+03  1.58489E+03  1.71133E+03  1.84785E+03  1.99526E+03
#           2.15443E+03  2.32631E+03  2.51189E+03  2.71227E+03  2.92864E+03
#           3.16228E+03  3.41455E+03  3.68695E+03  3.98107E+03  4.29866E+03
#           4.64159E+03  5.01187E+03  5.41170E+03  5.84341E+03  6.30957E+03
#           6.81292E+03  7.35642E+03  7.94328E+03  8.57696E+03  9.26119E+03
#           1.00000E+04
  se-unit =    2            # se-unit is [keV/um]
     unit =    8            # unit is z*d(z) [Gy]
    model =    1            # (D=0) Model type 0:old, 1:new
    cdiam = -1.000000       # (D=1.0) diameter of target sphere [um]
   letmat =   -5            # (D=0) mat ID for LET, 0:real mat, <0: electron for H2O
 material =  all            # (D=all) number of specific material
     axis =  sed            # axis of output
     file = ydy_PMMA.out    # file name of output for the above axis
     part =  all      
# kf/name :  0        
#    used :        main (  %)        temp (  %)       total (  %)
#  memory :         183 (  0)           0 (  0)         183 (  0)

#------------------------------------------------------------------------------
#newpage:
#   no. =  1   reg =      1

x: y [keV/um]  
y: y*d(y) [keV/um]               
p: xlog ylog afac(0.8) form(0.9)
h: n            x            y(all     ),hh0l n  
#  sed-lwr      sed-upr        all       r.err 
   1.0000E-02   1.0798E-02   1.7343E-06  0.0006
   1.0798E-02   1.1659E-02   1.9737E-06  0.0006
   1.1659E-02   1.2589E-02   2.2456E-06  0.0006
   1.2589E-02   1.3594E-02   2.5526E-06  0.0006
   1.3594E-02   1.4678E-02   2.8985E-06  0.0006
   1.4678E-02   1.5849E-02   3.2872E-06  0.0006
   1.5849E-02   1.7113E-02   3.7233E-06  0.0006
   1.7113E-02   1.8478E-02   4.2116E-06  0.0006
   1.8478E-02   1.9953E-02   4.7581E-06  0.0006
   1.9953E-02   2.1544E-02   5.3694E-06  0.0006
   2.1544E-02   2.3263E-02   6.0535E-06  0.0006
   2.3263E-02   2.5119E-02   6.8178E-06  0.0006
   2.5119E-02   2.7123E-02   7.6680E-06  0.0006
   2.7123E-02   2.9286E-02   8.6079E-06  0.0006
   2.9286E-02   3.1623E-02   9.6367E-06  0.0007
   3.1623E-02   3.4145E-02   1.0746E-05  0.0007
   3.4145E-02   3.6869E-02   1.1916E-05  0.0007
   3.6869E-02   3.9811E-02   1.3112E-05  0.0007
   3.9811E-02   4.2987E-02   1.4277E-05  0.0007
   4.2987E-02   4.6416E-02   1.5337E-05  0.0007
   4.6416E-02   5.0119E-02   1.6210E-05  0.0007
   5.0119E-02   5.4117E-02   1.6831E-05  0.0007
   5.4117E-02   5.8434E-02   1.7197E-05  0.0007
   5.8434E-02   6.3096E-02   1.7409E-05  0.0007
   6.3096E-02   6.8129E-02   1.7692E-05  0.0008
   6.8129E-02   7.3564E-02   1.8347E-05  0.0008
   7.3564E-02   7.9433E-02   1.9635E-05  0.0008
   7.9433E-02   8.5770E-02   2.1672E-05  0.0008
   8.5770E-02   9.2612E-02   2.4424E-05  0.0008
   9.2612E-02   1.0000E-01   2.7831E-05  0.0008
   1.0000E-01   1.0798E-01   3.1895E-05  0.0008
   1.0798E-01   1.1659E-01   3.6695E-05  0.0008
   1.1659E-01   1.2589E-01   4.2348E-05  0.0008
   1.2589E-01   1.3594E-01   4.8993E-05  0.0008
   1.3594E-01   1.4678E-01   5.6790E-05  0.0007
   1.4678E-01   1.5849E-01   6.5924E-05  0.0007
   1.5849E-01   1.7113E-01   7.6605E-05  0.0007
   1.7113E-01   1.8478E-01   8.9079E-05  0.0007
   1.8478E-01   1.9953E-01   1.0363E-04  0.0007
   1.9953E-01   2.1544E-01   1.2059E-04  0.0007
   2.1544E-01   2.3263E-01   1.4035E-04  0.0007
   2.3263E-01   2.5119E-01   1.6335E-04  0.0007
   2.5119E-01   2.7123E-01   1.9012E-04  0.0007
   2.7123E-01   2.9286E-01   2.2128E-04  0.0006
   2.9286E-01   3.1623E-01   2.5753E-04  0.0006
   3.1623E-01   3.4145E-01   2.9970E-04  0.0006
   3.4145E-01   3.6869E-01   3.4875E-04  0.0006
   3.6869E-01   3.9811E-01   4.0580E-04  0.0006
   3.9811E-01   4.2987E-01   4.7215E-04  0.0006
   4.2987E-01   4.6416E-01   5.4931E-04  0.0006
   4.6416E-01   5.0119E-01   6.3903E-04  0.0006
   5.0119E-01   5.4117E-01   7.4334E-04  0.0006
   5.4117E-01   5.8434E-01   8.6460E-04  0.0006
   5.8434E-01   6.3096E-01   1.0056E-03  0.0006
   6.3096E-01   6.8129E-01   1.1694E-03  0.0006
   6.8129E-01   7.3564E-01   1.3599E-03  0.0006
   7.3564E-01   7.9433E-01   1.5813E-03  0.0006
   7.9433E-01   8.5770E-01   1.8388E-03  0.0006
   8.5770E-01   9.2612E-01   2.1381E-03  0.0006
   9.2612E-01   1.0000E+00   2.4862E-03  0.0006
   1.0000E+00   1.0798E+00   2.8912E-03  0.0006
   1.0798E+00   1.1659E+00   3.3626E-03  0.0006
   1.1659E+00   1.2589E+00   3.9115E-03  0.0006
   1.2589E+00   1.3594E+00   4.5511E-03  0.0006
   1.3594E+00   1.4678E+00   5.2970E-03  0.0006
   1.4678E+00   1.5849E+00   6.1676E-03  0.0006
   1.5849E+00   1.7113E+00   7.1850E-03  0.0006
   1.7113E+00   1.8478E+00   8.3757E-03  0.0006
   1.8478E+00   1.9953E+00   9.7713E-03  0.0006
   1.9953E+00   2.1544E+00   1.1410E-02  0.0006
   2.1544E+00   2.3263E+00   1.3339E-02  0.0006
   2.3263E+00   2.5119E+00   1.5614E-02  0.0006
   2.5119E+00   2.7123E+00   1.8305E-02  0.0006
   2.7123E+00   2.9286E+00   2.1498E-02  0.0006
   2.9286E+00   3.1623E+00   2.5298E-02  0.0006
   3.1623E+00   3.4145E+00   2.9837E-02  0.0006
   3.4145E+00   3.6869E+00   3.5279E-02  0.0006
   3.6869E+00   3.9811E+00   4.1826E-02  0.0006
   3.9811E+00   4.2987E+00   4.9737E-02  0.0006
   4.2987E+00   4.6416E+00   5.9331E-02  0.0006
   4.6416E+00   5.0119E+00   7.1012E-02  0.0006
   5.0119E+00   5.4117E+00   8.5286E-02  0.0006
   5.4117E+00   5.8434E+00   1.0279E-01  0.0006
   5.8434E+00   6.3096E+00   1.2430E-01  0.0006
   6.3096E+00   6.8129E+00   1.5082E-01  0.0006
   6.8129E+00   7.3564E+00   1.8355E-01  0.0006
   7.3564E+00   7.9433E+00   2.2396E-01  0.0006
   7.9433E+00   8.5770E+00   2.7378E-01  0.0006
   8.5770E+00   9.2612E+00   3.3500E-01  0.0006
   9.2612E+00   1.0000E+01   4.0973E-01  0.0006
   1.0000E+01   1.0798E+01   4.9991E-01  0.0006
   1.0798E+01   1.1659E+01   6.0662E-01  0.0006
   1.1659E+01   1.2589E+01   7.2891E-01  0.0006
   1.2589E+01   1.3594E+01   8.6170E-01  0.0006
   1.3594E+01   1.4678E+01   9.9300E-01  0.0006
   1.4678E+01   1.5849E+01   1.1018E+00  0.0006
   1.5849E+01   1.7113E+01   1.1594E+00  0.0006
   1.7113E+01   1.8478E+01   1.1385E+00  0.0006
   1.8478E+01   1.9953E+01   1.0281E+00  0.0006
   1.9953E+01   2.1544E+01   8.4460E-01  0.0006
   2.1544E+01   2.3263E+01   6.2906E-01  0.0006
   2.3263E+01   2.5119E+01   4.2693E-01  0.0007
   2.5119E+01   2.7123E+01   2.6712E-01  0.0007
   2.7123E+01   2.9286E+01   1.5642E-01  0.0009
   2.9286E+01   3.1623E+01   8.7330E-02  0.0014
   3.1623E+01   3.4145E+01   4.7743E-02  0.0024
   3.4145E+01   3.6869E+01   2.6646E-02  0.0043
   3.6869E+01   3.9811E+01   1.6040E-02  0.0071
   3.9811E+01   4.2987E+01   1.0883E-02  0.0104
   4.2987E+01   4.6416E+01   8.3439E-03  0.0137
   4.6416E+01   5.0119E+01   6.9931E-03  0.0165
   5.0119E+01   5.4117E+01   6.1488E-03  0.0190
   5.4117E+01   5.8434E+01   5.4866E-03  0.0214
   5.8434E+01   6.3096E+01   4.9023E-03  0.0240
   6.3096E+01   6.8129E+01   4.4029E-03  0.0270
   6.8129E+01   7.3564E+01   3.9360E-03  0.0303
   7.3564E+01   7.9433E+01   3.4206E-03  0.0341
   7.9433E+01   8.5770E+01   2.9173E-03  0.0392
   8.5770E+01   9.2612E+01   2.5021E-03  0.0451
   9.2612E+01   1.0000E+02   2.0985E-03  0.0518
   1.0000E+02   1.0798E+02   1.5598E-03  0.0592
   1.0798E+02   1.1659E+02   7.5120E-04  0.0671
   1.1659E+02   1.2589E+02   8.4499E-05  0.0708
   1.2589E+02   1.3594E+02   2.7928E-06  0.0711
   1.3594E+02   1.4678E+02   6.3484E-08  0.0712
   1.4678E+02   1.5849E+02   9.1826E-10  0.0741
   1.5849E+02   1.7113E+02   0.0000E+00  0.0000
   1.7113E+02   1.8478E+02   0.0000E+00  0.0000
   1.8478E+02   1.9953E+02   0.0000E+00  0.0000
   1.9953E+02   2.1544E+02   0.0000E+00  0.0000
   2.1544E+02   2.3263E+02   0.0000E+00  0.0000
   2.3263E+02   2.5119E+02   0.0000E+00  0.0000
   2.5119E+02   2.7123E+02   0.0000E+00  0.0000
   2.7123E+02   2.9286E+02   0.0000E+00  0.0000
   2.9286E+02   3.1623E+02   0.0000E+00  0.0000
   3.1623E+02   3.4145E+02   0.0000E+00  0.0000
   3.4145E+02   3.6869E+02   0.0000E+00  0.0000
   3.6869E+02   3.9811E+02   0.0000E+00  0.0000
   3.9811E+02   4.2987E+02   0.0000E+00  0.0000
   4.2987E+02   4.6416E+02   0.0000E+00  0.0000
   4.6416E+02   5.0119E+02   0.0000E+00  0.0000
   5.0119E+02   5.4117E+02   0.0000E+00  0.0000
   5.4117E+02   5.8434E+02   0.0000E+00  0.0000
   5.8434E+02   6.3096E+02   0.0000E+00  0.0000
   6.3096E+02   6.8129E+02   0.0000E+00  0.0000
   6.8129E+02   7.3564E+02   0.0000E+00  0.0000
   7.3564E+02   7.9433E+02   0.0000E+00  0.0000
   7.9433E+02   8.5770E+02   0.0000E+00  0.0000
   8.5770E+02   9.2612E+02   0.0000E+00  0.0000
   9.2612E+02   1.0000E+03   0.0000E+00  0.0000
   1.0000E+03   1.0798E+03   0.0000E+00  0.0000
   1.0798E+03   1.1659E+03   0.0000E+00  0.0000
   1.1659E+03   1.2589E+03   0.0000E+00  0.0000
   1.2589E+03   1.3594E+03   0.0000E+00  0.0000
   1.3594E+03   1.4678E+03   0.0000E+00  0.0000
   1.4678E+03   1.5849E+03   0.0000E+00  0.0000
   1.5849E+03   1.7113E+03   0.0000E+00  0.0000
   1.7113E+03   1.8478E+03   0.0000E+00  0.0000
   1.8478E+03   1.9953E+03   0.0000E+00  0.0000
   1.9953E+03   2.1544E+03   0.0000E+00  0.0000
   2.1544E+03   2.3263E+03   0.0000E+00  0.0000
   2.3263E+03   2.5119E+03   0.0000E+00  0.0000
   2.5119E+03   2.7123E+03   0.0000E+00  0.0000
   2.7123E+03   2.9286E+03   0.0000E+00  0.0000
   2.9286E+03   3.1623E+03   0.0000E+00  0.0000
   3.1623E+03   3.4145E+03   0.0000E+00  0.0000
   3.4145E+03   3.6869E+03   0.0000E+00  0.0000
   3.6869E+03   3.9811E+03   0.0000E+00  0.0000
   3.9811E+03   4.2987E+03   0.0000E+00  0.0000
   4.2987E+03   4.6416E+03   0.0000E+00  0.0000
   4.6416E+03   5.0119E+03   0.0000E+00  0.0000
   5.0119E+03   5.4117E+03   0.0000E+00  0.0000
   5.4117E+03   5.8434E+03   0.0000E+00  0.0000
   5.8434E+03   6.3096E+03   0.0000E+00  0.0000
   6.3096E+03   6.8129E+03   0.0000E+00  0.0000
   6.8129E+03   7.3564E+03   0.0000E+00  0.0000
   7.3564E+03   7.9433E+03   0.0000E+00  0.0000
   7.9433E+03   8.5770E+03   0.0000E+00  0.0000
   8.5770E+03   9.2612E+03   0.0000E+00  0.0000
   9.2612E+03   1.0000E+04   0.0000E+00  0.0000

#               Dose mean    1.6467E+01

'no. =  1,  reg  =      1'
msuc: {\huge microdosimetric_spectra_water_photon_PHITS}
msdr: {\it plotted by \ANGEL \version}
msdl: {\it calculated by \PHITS  3.32}
 
# Information for Restart Calculation
# This calculation was newly started
# istdev =  2 # 1:Batch variance, 2:History variance
# resc2  = 1.00000000000000000E+07 # Total source weight or Total source weight / maxcas
# resc3  = 1.00000000000000000E+07 # Total history number or Total batch number
# maxcas =     1000000 # History / Batch, only used for istdev=1
# bitrseed = 1000110000001000111111101100101001110101110010000011011101101000 # bit data of rseed
