           _________________________________________________________
          |                                                         |
          |       _/_/_/_/                                          |
          |      _/      _/                  _/_/_/_/_/_/           |
          |     _/      _/  _/      _/   _/      _/      _/_/_/_/_/ |
          |    _/_/_/_/    _/      _/   _/      _/      _/          |
          |   _/          _/_/_/_/_/   _/      _/       _/_/_/_/    |
          |  _/          _/      _/   _/      _/              _/    |
          | _/          _/      _/   _/      _/      _/_/_/_/_/     |
          |                                                         |
          |                                                         |
          |       Particle and Heavy Ion Transport code System      |
          |                      Version =  3.320                   |
          |                       developed by                      |
          |                                                         |
          |  Tatsuhiko SATO, Yosuke IWAMOTO, Shintaro HASHIMOTO,    |
          |    Tatsuhiko OGAWA, Takuya FURUTA, Shinichiro ABE,      |
          |    Takeshi KAI, Norihiro MATSUDA, Yusuke MATSUYA,       |
          | Yuho HIRATA, Lan YAO, Pi-En TSAI, Hunter RATLIFF (JAEA),|
          |                                                         |
          |            Hiroshi IWASE, Yasuhito SAKAKI (KEK),        |
          |                                                         |
          |           Nobuhiro SHIGYO (Kyushu University),          |
          |                                                         |
          |      Lembit SIHVER (Technische Universitat Wien), and   |
          |                                                         |
          |                     Koji NIITA (RIST)                   |
          |                                                         |
          |                 Last Revised  2023-05-16                |
          |_________________________________________________________|

    __________________________ [ Job Title ] _________________________ 
   |                                                                  |
   |  Sample input for dose calculation for charged particle therapy  |
   |__________________________________________________________________|

                        Starting Date = 2024-12-02
                        Starting Time = 17h 53m 12

>>> Input Echo >>>=============================================================

[ Title ]
Sample input for dose calculation for charged particle therapy

[ Parameters ]
 icntl    =           0     # (D=0) 3:ECH 5:NOR 6:SRC 7,8:GSH 11:DSH 12:DUMP
 maxcas   =     1000000     # (D=10) number of particles per one batch
 maxbch   =          10     # (D=10) number of batches
 e-mode   =           2     # (D=0) 0: Normal, 1: Event generator mode Ver.1, 2: Ver.2
 negs     =           1     # (D=-1) =-1:original, =0:No, =1:EGS, =2:EGS(HE)
 epstfl   =           1     # [EGS](D=0) 0:no, 1:consider density effect based on ICRU90
 emin(1)  = 1.000000000E-03 # (D=1.0e-3) cut-off energy of proton (MeV)
 imevperu =           1     # (D=0) 0:[MeV] or 1:[MeV/n] is unit of tally output

[ Source ]
  totfact =   1.0000        # (D=1.0) global factor
   s-type =   1             # cylindrical source
     proj =  proton         # kind of incident particle         
       e0 =   62.000        # energy of beam [MeV/n]
       r0 =   2.5000        # radius [cm]
       r1 =   0.0000        # minimum radius [cm]
       x0 =   0.0000        # (D=0.0) center position of x-axis [cm]
       y0 =   0.0000        # (D=0.0) center position of y-axis [cm]
       z0 =  -5.0000        # minimum position of z-axis [cm]
       z1 =  -5.0000        # maximum position of z-axis [cm]
      dir =   1.0000        # z-direction of beam [cosine]

[ Material ]
MAT[ 1 ] 
            H         2.0000000E+00
            O         1.0000000E+00
mt1      lwtr.20t  
dedxfile = water_liquid_icru90.txt
MAT[ 2 ] 
            H        -1.0100000E-01
            C        -7.7600000E-01
            N        -3.5000000E-02
            O        -5.2000000E-02
            F        -1.7000000E-02
           Ca        -1.8000000E-02
MAT[ 3 ] 
            H        -1.0300000E+01
            C        -5.6900000E+01
            N        -3.5000000E+00
            O        -2.9300000E+01
MAT[ 5 ] 
           1H         6.6832156E-02
          16O         3.3416078E-02
dedxfile = water_liquid_icru90.txt
MAT[ 6 ] 
            C         5.0000000E+00
            O         2.0000000E+00
            H         8.0000000E+00
MAT[ 10 ] 
           Ti         1.0000000E+00
MAT[ 12 ] 
           Au         1.0000000E+00

[ Cell ]
 1           3 -3.9370079E-05  -7 
 14         10 -4.5200000E+00  -3 
 98          0                 7 3 -999 
 99         -1                 999 

[ Surface ]
 2             rcc  -1.2700000E+00  0.0000000E+00  1.8090000E+00
                     1.3000000E+00  0.0000000E+00  0.0000000E+00
                     1.2700000E+00
 1             s     0.0000000E+00  0.0000000E+00  3.6280000E+00
                     1.9100000E+00
 3             rpp  -5.0000000E+00  5.0000000E+00 -5.0000000E+00
                     5.0000000E+00 -5.3900000E-01  5.3900000E-01
 4             rpp  -5.0000000E+00  5.0000000E+00 -5.0000000E+00
                     5.0000000E+00 -5.0000000E+00  5.0000000E+00
 7             s     0.0000000E+00  0.0000000E+00  3.6280000E+00
                     1.2700000E+00
 999           so    1.0000000E+03

[ T-Track ]
    title = secondary particles by Medical implants
     mesh =  reg            # mesh type is region-wise
      reg = 14
   e-type =    3            # e-mesh is log given by emin, emax and ne
     emin =   1.000000      # minimum value of e-mesh points
     emax =   100.0000      # maximum value of e-mesh points
#    edel =  4.6051702E-03  # mesh width of e-mesh points
       ne =   1000          # number of e-mesh points
#    data = ( e(i), i = 1, ne + 1 )
#           1.00000E+00  1.00462E+00  1.00925E+00  1.01391E+00  1.01859E+00
#           1.02329E+00  1.02802E+00  1.03276E+00  1.03753E+00  1.04232E+00
#           1.04713E+00  1.05196E+00  1.05682E+00  1.06170E+00  1.06660E+00
#           1.07152E+00  1.07647E+00  1.08143E+00  1.08643E+00  1.09144E+00
#           1.09648E+00  1.10154E+00  1.10662E+00  1.11173E+00  1.11686E+00
#           1.12202E+00  1.12720E+00  1.13240E+00  1.13763E+00  1.14288E+00
#           1.14815E+00  1.15345E+00  1.15878E+00  1.16413E+00  1.16950E+00
#           1.17490E+00  1.18032E+00  1.18577E+00  1.19124E+00  1.19674E+00
#           1.20226E+00  1.20781E+00  1.21339E+00  1.21899E+00  1.22462E+00
#           1.23027E+00  1.23595E+00  1.24165E+00  1.24738E+00  1.25314E+00
#           1.25893E+00  1.26474E+00  1.27057E+00  1.27644E+00  1.28233E+00
#           1.28825E+00  1.29420E+00  1.30017E+00  1.30617E+00  1.31220E+00
#           1.31826E+00  1.32434E+00  1.33045E+00  1.33660E+00  1.34276E+00
#           1.34896E+00  1.35519E+00  1.36144E+00  1.36773E+00  1.37404E+00
#           1.38038E+00  1.38676E+00  1.39316E+00  1.39959E+00  1.40605E+00
#           1.41254E+00  1.41906E+00  1.42561E+00  1.43219E+00  1.43880E+00
#           1.44544E+00  1.45211E+00  1.45881E+00  1.46555E+00  1.47231E+00
#           1.47911E+00  1.48594E+00  1.49279E+00  1.49968E+00  1.50661E+00
#           1.51356E+00  1.52055E+00  1.52757E+00  1.53462E+00  1.54170E+00
#           1.54882E+00  1.55597E+00  1.56315E+00  1.57036E+00  1.57761E+00
#           1.58489E+00  1.59221E+00  1.59956E+00  1.60694E+00  1.61436E+00
#           1.62181E+00  1.62930E+00  1.63682E+00  1.64437E+00  1.65196E+00
#           1.65959E+00  1.66725E+00  1.67494E+00  1.68267E+00  1.69044E+00
#           1.69824E+00  1.70608E+00  1.71396E+00  1.72187E+00  1.72982E+00
#           1.73780E+00  1.74582E+00  1.75388E+00  1.76198E+00  1.77011E+00
#           1.77828E+00  1.78649E+00  1.79473E+00  1.80302E+00  1.81134E+00
#           1.81970E+00  1.82810E+00  1.83654E+00  1.84502E+00  1.85353E+00
#           1.86209E+00  1.87068E+00  1.87932E+00  1.88799E+00  1.89671E+00
#           1.90546E+00  1.91426E+00  1.92309E+00  1.93197E+00  1.94089E+00
#           1.94984E+00  1.95884E+00  1.96789E+00  1.97697E+00  1.98609E+00
#           1.99526E+00  2.00447E+00  2.01372E+00  2.02302E+00  2.03236E+00
#           2.04174E+00  2.05116E+00  2.06063E+00  2.07014E+00  2.07970E+00
#           2.08930E+00  2.09894E+00  2.10863E+00  2.11836E+00  2.12814E+00
#           2.13796E+00  2.14783E+00  2.15774E+00  2.16770E+00  2.17771E+00
#           2.18776E+00  2.19786E+00  2.20800E+00  2.21820E+00  2.22844E+00
#           2.23872E+00  2.24905E+00  2.25944E+00  2.26986E+00  2.28034E+00
#           2.29087E+00  2.30144E+00  2.31206E+00  2.32274E+00  2.33346E+00
#           2.34423E+00  2.35505E+00  2.36592E+00  2.37684E+00  2.38781E+00
#           2.39883E+00  2.40991E+00  2.42103E+00  2.43220E+00  2.44343E+00
#           2.45471E+00  2.46604E+00  2.47742E+00  2.48886E+00  2.50035E+00
#           2.51189E+00  2.52348E+00  2.53513E+00  2.54683E+00  2.55859E+00
#           2.57040E+00  2.58226E+00  2.59418E+00  2.60615E+00  2.61818E+00
#           2.63027E+00  2.64241E+00  2.65461E+00  2.66686E+00  2.67917E+00
#           2.69153E+00  2.70396E+00  2.71644E+00  2.72898E+00  2.74157E+00
#           2.75423E+00  2.76694E+00  2.77971E+00  2.79254E+00  2.80543E+00
#           2.81838E+00  2.83139E+00  2.84446E+00  2.85759E+00  2.87078E+00
#           2.88403E+00  2.89734E+00  2.91072E+00  2.92415E+00  2.93765E+00
#           2.95121E+00  2.96483E+00  2.97852E+00  2.99226E+00  3.00608E+00
#           3.01995E+00  3.03389E+00  3.04789E+00  3.06196E+00  3.07610E+00
#           3.09030E+00  3.10456E+00  3.11889E+00  3.13329E+00  3.14775E+00
#           3.16228E+00  3.17687E+00  3.19154E+00  3.20627E+00  3.22107E+00
#           3.23594E+00  3.25087E+00  3.26588E+00  3.28095E+00  3.29610E+00
#           3.31131E+00  3.32660E+00  3.34195E+00  3.35738E+00  3.37287E+00
#           3.38844E+00  3.40408E+00  3.41979E+00  3.43558E+00  3.45144E+00
#           3.46737E+00  3.48337E+00  3.49945E+00  3.51560E+00  3.53183E+00
#           3.54813E+00  3.56451E+00  3.58096E+00  3.59749E+00  3.61410E+00
#           3.63078E+00  3.64754E+00  3.66438E+00  3.68129E+00  3.69828E+00
#           3.71535E+00  3.73250E+00  3.74973E+00  3.76704E+00  3.78443E+00
#           3.80189E+00  3.81944E+00  3.83707E+00  3.85478E+00  3.87258E+00
#           3.89045E+00  3.90841E+00  3.92645E+00  3.94457E+00  3.96278E+00
#           3.98107E+00  3.99945E+00  4.01791E+00  4.03645E+00  4.05509E+00
#           4.07380E+00  4.09261E+00  4.11150E+00  4.13048E+00  4.14954E+00
#           4.16869E+00  4.18794E+00  4.20727E+00  4.22669E+00  4.24620E+00
#           4.26580E+00  4.28549E+00  4.30527E+00  4.32514E+00  4.34510E+00
#           4.36516E+00  4.38531E+00  4.40555E+00  4.42588E+00  4.44631E+00
#           4.46684E+00  4.48745E+00  4.50817E+00  4.52898E+00  4.54988E+00
#           4.57088E+00  4.59198E+00  4.61318E+00  4.63447E+00  4.65586E+00
#           4.67735E+00  4.69894E+00  4.72063E+00  4.74242E+00  4.76431E+00
#           4.78630E+00  4.80839E+00  4.83059E+00  4.85289E+00  4.87528E+00
#           4.89779E+00  4.92040E+00  4.94311E+00  4.96592E+00  4.98884E+00
#           5.01187E+00  5.03501E+00  5.05825E+00  5.08159E+00  5.10505E+00
#           5.12861E+00  5.15229E+00  5.17607E+00  5.19996E+00  5.22396E+00
#           5.24807E+00  5.27230E+00  5.29663E+00  5.32108E+00  5.34564E+00
#           5.37032E+00  5.39511E+00  5.42001E+00  5.44503E+00  5.47016E+00
#           5.49541E+00  5.52077E+00  5.54626E+00  5.57186E+00  5.59758E+00
#           5.62341E+00  5.64937E+00  5.67545E+00  5.70164E+00  5.72796E+00
#           5.75440E+00  5.78096E+00  5.80764E+00  5.83445E+00  5.86138E+00
#           5.88844E+00  5.91562E+00  5.94292E+00  5.97035E+00  5.99791E+00
#           6.02560E+00  6.05341E+00  6.08135E+00  6.10942E+00  6.13762E+00
#           6.16595E+00  6.19441E+00  6.22300E+00  6.25173E+00  6.28058E+00
#           6.30957E+00  6.33870E+00  6.36796E+00  6.39735E+00  6.42688E+00
#           6.45654E+00  6.48634E+00  6.51628E+00  6.54636E+00  6.57658E+00
#           6.60693E+00  6.63743E+00  6.66807E+00  6.69885E+00  6.72977E+00
#           6.76083E+00  6.79204E+00  6.82339E+00  6.85488E+00  6.88652E+00
#           6.91831E+00  6.95024E+00  6.98232E+00  7.01455E+00  7.04693E+00
#           7.07946E+00  7.11214E+00  7.14496E+00  7.17794E+00  7.21107E+00
#           7.24436E+00  7.27780E+00  7.31139E+00  7.34514E+00  7.37904E+00
#           7.41310E+00  7.44732E+00  7.48170E+00  7.51623E+00  7.55092E+00
#           7.58578E+00  7.62079E+00  7.65597E+00  7.69130E+00  7.72681E+00
#           7.76247E+00  7.79830E+00  7.83430E+00  7.87046E+00  7.90679E+00
#           7.94328E+00  7.97995E+00  8.01678E+00  8.05378E+00  8.09096E+00
#           8.12831E+00  8.16582E+00  8.20352E+00  8.24138E+00  8.27942E+00
#           8.31764E+00  8.35603E+00  8.39460E+00  8.43335E+00  8.47227E+00
#           8.51138E+00  8.55067E+00  8.59014E+00  8.62979E+00  8.66962E+00
#           8.70964E+00  8.74984E+00  8.79023E+00  8.83080E+00  8.87156E+00
#           8.91251E+00  8.95365E+00  8.99498E+00  9.03649E+00  9.07821E+00
#           9.12011E+00  9.16220E+00  9.20450E+00  9.24698E+00  9.28966E+00
#           9.33254E+00  9.37562E+00  9.41890E+00  9.46237E+00  9.50605E+00
#           9.54993E+00  9.59401E+00  9.63829E+00  9.68278E+00  9.72747E+00
#           9.77237E+00  9.81748E+00  9.86279E+00  9.90832E+00  9.95405E+00
#           1.00000E+01  1.00462E+01  1.00925E+01  1.01391E+01  1.01859E+01
#           1.02329E+01  1.02802E+01  1.03276E+01  1.03753E+01  1.04232E+01
#           1.04713E+01  1.05196E+01  1.05682E+01  1.06170E+01  1.06660E+01
#           1.07152E+01  1.07647E+01  1.08143E+01  1.08643E+01  1.09144E+01
#           1.09648E+01  1.10154E+01  1.10662E+01  1.11173E+01  1.11686E+01
#           1.12202E+01  1.12720E+01  1.13240E+01  1.13763E+01  1.14288E+01
#           1.14815E+01  1.15345E+01  1.15878E+01  1.16413E+01  1.16950E+01
#           1.17490E+01  1.18032E+01  1.18577E+01  1.19124E+01  1.19674E+01
#           1.20226E+01  1.20781E+01  1.21339E+01  1.21899E+01  1.22462E+01
#           1.23027E+01  1.23595E+01  1.24165E+01  1.24738E+01  1.25314E+01
#           1.25893E+01  1.26474E+01  1.27057E+01  1.27644E+01  1.28233E+01
#           1.28825E+01  1.29420E+01  1.30017E+01  1.30617E+01  1.31220E+01
#           1.31826E+01  1.32434E+01  1.33045E+01  1.33660E+01  1.34276E+01
#           1.34896E+01  1.35519E+01  1.36144E+01  1.36773E+01  1.37404E+01
#           1.38038E+01  1.38676E+01  1.39316E+01  1.39959E+01  1.40605E+01
#           1.41254E+01  1.41906E+01  1.42561E+01  1.43219E+01  1.43880E+01
#           1.44544E+01  1.45211E+01  1.45881E+01  1.46555E+01  1.47231E+01
#           1.47911E+01  1.48594E+01  1.49279E+01  1.49968E+01  1.50661E+01
#           1.51356E+01  1.52055E+01  1.52757E+01  1.53462E+01  1.54170E+01
#           1.54882E+01  1.55597E+01  1.56315E+01  1.57036E+01  1.57761E+01
#           1.58489E+01  1.59221E+01  1.59956E+01  1.60694E+01  1.61436E+01
#           1.62181E+01  1.62930E+01  1.63682E+01  1.64437E+01  1.65196E+01
#           1.65959E+01  1.66725E+01  1.67494E+01  1.68267E+01  1.69044E+01
#           1.69824E+01  1.70608E+01  1.71396E+01  1.72187E+01  1.72982E+01
#           1.73780E+01  1.74582E+01  1.75388E+01  1.76198E+01  1.77011E+01
#           1.77828E+01  1.78649E+01  1.79473E+01  1.80302E+01  1.81134E+01
#           1.81970E+01  1.82810E+01  1.83654E+01  1.84502E+01  1.85353E+01
#           1.86209E+01  1.87068E+01  1.87932E+01  1.88799E+01  1.89671E+01
#           1.90546E+01  1.91426E+01  1.92309E+01  1.93197E+01  1.94089E+01
#           1.94984E+01  1.95884E+01  1.96789E+01  1.97697E+01  1.98609E+01
#           1.99526E+01  2.00447E+01  2.01372E+01  2.02302E+01  2.03236E+01
#           2.04174E+01  2.05116E+01  2.06063E+01  2.07014E+01  2.07970E+01
#           2.08930E+01  2.09894E+01  2.10863E+01  2.11836E+01  2.12814E+01
#           2.13796E+01  2.14783E+01  2.15774E+01  2.16770E+01  2.17771E+01
#           2.18776E+01  2.19786E+01  2.20800E+01  2.21820E+01  2.22844E+01
#           2.23872E+01  2.24905E+01  2.25944E+01  2.26986E+01  2.28034E+01
#           2.29087E+01  2.30144E+01  2.31206E+01  2.32274E+01  2.33346E+01
#           2.34423E+01  2.35505E+01  2.36592E+01  2.37684E+01  2.38781E+01
#           2.39883E+01  2.40991E+01  2.42103E+01  2.43220E+01  2.44343E+01
#           2.45471E+01  2.46604E+01  2.47742E+01  2.48886E+01  2.50035E+01
#           2.51189E+01  2.52348E+01  2.53513E+01  2.54683E+01  2.55859E+01
#           2.57040E+01  2.58226E+01  2.59418E+01  2.60615E+01  2.61818E+01
#           2.63027E+01  2.64241E+01  2.65461E+01  2.66686E+01  2.67917E+01
#           2.69153E+01  2.70396E+01  2.71644E+01  2.72898E+01  2.74157E+01
#           2.75423E+01  2.76694E+01  2.77971E+01  2.79254E+01  2.80543E+01
#           2.81838E+01  2.83139E+01  2.84446E+01  2.85759E+01  2.87078E+01
#           2.88403E+01  2.89734E+01  2.91072E+01  2.92415E+01  2.93765E+01
#           2.95121E+01  2.96483E+01  2.97852E+01  2.99226E+01  3.00608E+01
#           3.01995E+01  3.03389E+01  3.04789E+01  3.06196E+01  3.07610E+01
#           3.09030E+01  3.10456E+01  3.11889E+01  3.13329E+01  3.14775E+01
#           3.16228E+01  3.17687E+01  3.19154E+01  3.20627E+01  3.22107E+01
#           3.23594E+01  3.25087E+01  3.26588E+01  3.28095E+01  3.29610E+01
#           3.31131E+01  3.32660E+01  3.34195E+01  3.35738E+01  3.37287E+01
#           3.38844E+01  3.40408E+01  3.41979E+01  3.43558E+01  3.45144E+01
#           3.46737E+01  3.48337E+01  3.49945E+01  3.51560E+01  3.53183E+01
#           3.54813E+01  3.56451E+01  3.58096E+01  3.59749E+01  3.61410E+01
#           3.63078E+01  3.64754E+01  3.66438E+01  3.68129E+01  3.69828E+01
#           3.71535E+01  3.73250E+01  3.74973E+01  3.76704E+01  3.78443E+01
#           3.80189E+01  3.81944E+01  3.83707E+01  3.85478E+01  3.87258E+01
#           3.89045E+01  3.90841E+01  3.92645E+01  3.94457E+01  3.96278E+01
#           3.98107E+01  3.99945E+01  4.01791E+01  4.03645E+01  4.05509E+01
#           4.07380E+01  4.09261E+01  4.11150E+01  4.13048E+01  4.14954E+01
#           4.16869E+01  4.18794E+01  4.20727E+01  4.22669E+01  4.24620E+01
#           4.26580E+01  4.28549E+01  4.30527E+01  4.32514E+01  4.34510E+01
#           4.36516E+01  4.38531E+01  4.40555E+01  4.42588E+01  4.44631E+01
#           4.46684E+01  4.48745E+01  4.50817E+01  4.52898E+01  4.54988E+01
#           4.57088E+01  4.59198E+01  4.61318E+01  4.63447E+01  4.65586E+01
#           4.67735E+01  4.69894E+01  4.72063E+01  4.74242E+01  4.76431E+01
#           4.78630E+01  4.80839E+01  4.83059E+01  4.85289E+01  4.87528E+01
#           4.89779E+01  4.92040E+01  4.94311E+01  4.96592E+01  4.98884E+01
#           5.01187E+01  5.03501E+01  5.05825E+01  5.08159E+01  5.10505E+01
#           5.12861E+01  5.15229E+01  5.17607E+01  5.19996E+01  5.22396E+01
#           5.24807E+01  5.27230E+01  5.29663E+01  5.32108E+01  5.34564E+01
#           5.37032E+01  5.39511E+01  5.42001E+01  5.44503E+01  5.47016E+01
#           5.49541E+01  5.52077E+01  5.54626E+01  5.57186E+01  5.59758E+01
#           5.62341E+01  5.64937E+01  5.67545E+01  5.70164E+01  5.72796E+01
#           5.75440E+01  5.78096E+01  5.80764E+01  5.83445E+01  5.86138E+01
#           5.88844E+01  5.91562E+01  5.94292E+01  5.97035E+01  5.99791E+01
#           6.02560E+01  6.05341E+01  6.08135E+01  6.10942E+01  6.13762E+01
#           6.16595E+01  6.19441E+01  6.22300E+01  6.25173E+01  6.28058E+01
#           6.30957E+01  6.33870E+01  6.36796E+01  6.39735E+01  6.42688E+01
#           6.45654E+01  6.48634E+01  6.51628E+01  6.54636E+01  6.57658E+01
#           6.60693E+01  6.63743E+01  6.66807E+01  6.69885E+01  6.72977E+01
#           6.76083E+01  6.79204E+01  6.82339E+01  6.85488E+01  6.88652E+01
#           6.91831E+01  6.95024E+01  6.98232E+01  7.01455E+01  7.04693E+01
#           7.07946E+01  7.11214E+01  7.14496E+01  7.17794E+01  7.21107E+01
#           7.24436E+01  7.27780E+01  7.31139E+01  7.34514E+01  7.37904E+01
#           7.41310E+01  7.44732E+01  7.48170E+01  7.51623E+01  7.55092E+01
#           7.58578E+01  7.62079E+01  7.65597E+01  7.69130E+01  7.72681E+01
#           7.76247E+01  7.79830E+01  7.83430E+01  7.87046E+01  7.90679E+01
#           7.94328E+01  7.97995E+01  8.01678E+01  8.05378E+01  8.09096E+01
#           8.12831E+01  8.16582E+01  8.20352E+01  8.24138E+01  8.27942E+01
#           8.31764E+01  8.35603E+01  8.39460E+01  8.43335E+01  8.47227E+01
#           8.51138E+01  8.55067E+01  8.59014E+01  8.62979E+01  8.66962E+01
#           8.70964E+01  8.74984E+01  8.79023E+01  8.83080E+01  8.87156E+01
#           8.91251E+01  8.95365E+01  8.99498E+01  9.03649E+01  9.07821E+01
#           9.12011E+01  9.16220E+01  9.20450E+01  9.24698E+01  9.28966E+01
#           9.33254E+01  9.37562E+01  9.41890E+01  9.46237E+01  9.50605E+01
#           9.54993E+01  9.59401E+01  9.63829E+01  9.68278E+01  9.72747E+01
#           9.77237E+01  9.81748E+01  9.86279E+01  9.90832E+01  9.95405E+01
#           1.00000E+02
     unit =    1            # unit is [1/cm^2/source]
 material =  all            # (D=all) number of specific material
     axis =     eng            # axis of output
     file = secondary_particles_titanium_proton.out  # file name of output for the above axis
     part =  all        nucleus    alpha      proton     photon     electron   neutron  
# kf/name :  0          0          2000004    2212       22         11         2112     
    gshow =    3            # 0: no 1:bnd, 2:bnd+mat, 3:bnd+reg 4:bnd+lat 5:bmp style
    resol =    1            # (D=1) resolution of gshow or rshow
    width = 0.5000000       # (D=0.5) width of lines for gshow or rshow
   epsout =    2            # (D=0) generate eps file by ANGEL
#    used :        main (  %)        temp (  %)       total (  %)
#  memory :        1007 (  0)           0 (  0)        1007 (  0)

[END] of Input Echo <<<========================================================

<<< Report of real Geometry memory >>>
*           GG/CG memory =        2
*     total memory: mdas = 80000000
*                percent =     0.00 %

<<< Report of material memory for high energy>>>
*   high energy material =        1
*     total memory: mdas = 80000000
*                percent =     0.00 %

<<< Report of material memory for low energy>>>
*    low energy material =     5477
*     total memory: mdas = 80000000
*                percent =     0.01 %

<<< Report of real tally memory >>>
*      real tally memory =     1007
*     total memory: mdas = 80000000
*                percent =     0.00 %

<<< Report of temporary tally memory >>>
* temporary tally memory =      482
*     total memory: mdas = 80000000
*                percent =     0.00 %

<<< Report of total memory >>>
*      used total memory =     5483
*     total memory: mdas = 80000000
*                percent =     0.01 %
*                ---------------------

-------------------------------------------------------------------------------
bat[       1] ncas =        1000000.
 bitrseed = 0100001010011000001011101100011110011000110110100110010000000000
          cpu time =   2 m. 57.09 s.

-------------------------------------------------------------------------------
bat[       2] ncas =        2000000.
 bitrseed = 0101101000001110011101111011110101001001010001111010111000101101
          cpu time =   2 m. 39.11 s.

-------------------------------------------------------------------------------
bat[       3] ncas =        3000000.
 bitrseed = 0000111001110000100000000101110001100100110011010001011101101101
          cpu time =   2 m. 25.70 s.

-------------------------------------------------------------------------------
bat[       4] ncas =        4000000.
 bitrseed = 0001111010010101100111110011000000011100001100110000010100000010
          cpu time =   2 m. 33.16 s.

-------------------------------------------------------------------------------
bat[       5] ncas =        5000000.
 bitrseed = 1010101001111100000000100111110100111101110011001011111110101011
          cpu time =   2 m. 29.11 s.

-------------------------------------------------------------------------------
bat[       6] ncas =        6000000.
 bitrseed = 0110111011001101101010001011110101111001001101001110111111100011
          cpu time =   2 m. 38.07 s.

-------------------------------------------------------------------------------
bat[       7] ncas =        7000000.
 bitrseed = 1000001101001111111010001110011000000010111010110011001100011111
          cpu time =   2 m. 23.32 s.

-------------------------------------------------------------------------------
bat[       8] ncas =        8000000.
 bitrseed = 0100100110001011110001100101100111010001000111001110111010010011
          cpu time =   2 m. 43.13 s.

-------------------------------------------------------------------------------
bat[       9] ncas =        9000000.
 bitrseed = 0111100000001011101111000100001111010000101000001011011000101111
          cpu time =   3 m.  1.62 s.

-------------------------------------------------------------------------------
bat[      10] ncas =       10000000.
 bitrseed = 0110011101000010001011101011101101010010110110000011011000100001
          cpu time =   2 m. 51.00 s.

===============================================================================

 Summary for the end of job

-------------------------------------------------------------------------------
 number of analyz call vs ncol
-------------------------------------------------------------------------------
     ncol          number
        1              1.   : start of calculation            
        2              1.   : end of calculation              
        3             10.   : end of a batch                  
        4       10000000.   : source                          
        5              0.   : detection of geometry error/warn
        6              0.   : recovery from geometry warning  
        7              0.   : termination by geometry error   
        8              0.   : termination by weight cut-off   
        9              0.   : termination by time cut-off     
       10       11935528.   : geometry boundary crossing      
       11       11284884.   : termination by energy cut-off   
       12        1792828.   : termination by escape or leakage
       13         431388.   : reaction : (n,x) type           
       14       27936124.   : reaction : (n,n'x) type         
       15         119141.   : sequential transport for tally  

-------------------------------------------------------------------------------
 List of transport particles (not including source)
-------------------------------------------------------------------------------
     Name      kf-code        mass       charge   baryon
     proton       2212        938.3         1       1
     neutron      2112        939.6         0       1
     electron       11          0.5        -1       0
     positron      -11          0.5         1       0
     photon         22          0.0         0       0
     deuteron  1000002       1875.6         1       2
     triton    1000003       2808.9         1       3
     3he       2000003       2808.4         2       3
     alpha     2000004       3727.4         2       4

-------------------------------------------------------------------------------
 prod. particles       number        weight        weight per source
-------------------------------------------------------------------------------
     photon          1444921.     1.4449210E+06     1.4449210E-01
     proton          1241985.     1.2419850E+06     1.2419850E-01
     neutron          758395.     7.5839500E+05     7.5839500E-02
     alpha             34771.     3.4771000E+04     3.4771000E-03
     deuteron          24355.     2.4355000E+04     2.4355000E-03
     positron          10517.     1.0517000E+04     1.0517000E-03
     triton             2196.     2.1960000E+03     2.1960000E-04
     3he                1504.     1.5040000E+03     1.5040000E-04
     electron            197.     1.9700000E+02     1.9700000E-05

-------------------------------------------------------------------------------
 particle decays       number        weight        weight per source
-------------------------------------------------------------------------------
     positron          10517.     1.0517000E+04     1.0517000E-03

-------------------------------------------------------------------------------
 stop. particles.    number        weight        weight per source
-------------------------------------------------------------------------------
     proton          9984944.     9.9849440E+06     9.9849440E-01
     electron        2548540.     2.5485400E+06     2.5485400E-01
     nucleus         1413713.     1.4137130E+06     1.4137130E-01
     alpha             34736.     3.4736000E+04     3.4736000E-03
     deuteron          24173.     2.4173000E+04     2.4173000E-03
     positron          10517.     1.0517000E+04     1.0517000E-03
     triton             2184.     2.1840000E+03     2.1840000E-04
     3he                1503.     1.5030000E+03     1.5030000E-04
     photon             1150.     1.1500000E+03     1.1500000E-04
     neutron               7.     7.0000000E+00     7.0000000E-07

-------------------------------------------------------------------------------
 leak. particles       number        weight        weight per source
-------------------------------------------------------------------------------
     photon          1204543.     1.2045430E+06     1.2045430E-01
     neutron          571052.     5.7105200E+05     5.7105200E-02
     electron          13907.     1.3907000E+04     1.3907000E-03
     proton             2007.     2.0070000E+03     2.0070000E-04
     positron           1221.     1.2210000E+03     1.2210000E-04
     deuteron             61.     6.1000000E+01     6.1000000E-06
     alpha                34.     3.4000000E+01     3.4000000E-06
     3he                   1.     1.0000000E+00     1.0000000E-07
     triton                1.     1.0000000E+00     1.0000000E-07
     nucleus               1.     1.0000000E+00     1.0000000E-07

-------------------------------------------------------------------------------
 source: maxcas    maxbch      irskip   average weight          total source
-------------------------------------------------------------------------------
     1000000          10           0    1.0000000E+00    1.0000000000000E+07

-------------------------------------------------------------------------------
 used ATIMA database
-------------------------------------------------------------------------------
     for dedx  =       75 / mdbatima =      500

-------------------------------------------------------------------------------
 Geometry error summary
-------------------------------------------------------------------------------
 Number of lost particles     =     0 / nlost =       10
 Number of geometry recovering =     0
 Number of unrecovered errors =     0

-------------------------------------------------------------------------------
 initial random seed:
   bitrseed = 0100001010011000001011101100011110011000110110100110010000000000
 next initial random seed:
   bitrseed = 1000110000001000111111101100101001110101110010000011011101101000

-------------------------------------------------------------------------------
 job termination date : 2024/12/02
                 time :   18:20:01

-------------------------------------------------------------------------------
    CPU time and number of event called in PHITS
-------------------------------------------------------------------------------

                             sec
total cpu time =         1609.68


                           count
      analysis =       63499903.  : data processing
         nevap =        1320128.  : evaporation
        dexgam =         558516.  : de-excitation
         nreac =       28367524.  : atomic and nuclear reactions
         dklos =          10517.  : particle decay
         hydro =              0.  : nucleon-nucleon scattering
        n-data =         150571.  : neutron data library
        h-data =              0.  : p, d, a data library
        p-data =              0.  : photon data library
        e-data =              0.  : electron data library
        p-egs5 =         950939.  : photon interaction with EGS5
        e-egs5 =       25992359.  : electron interaction with EGS5
      e-tsmode =              0.  : electron track structure mode
    ion-tsmode =              0.  : ion track structure mode
     photonucl =              0.  : photo-nuclear reaction
 photonucl lib =              0.  : photo-nuclear reaction with library
       mu-reac =              0.  : muon-induced nuclear reaction
       mu-brem =              0.  : muon-induced bremsstrahlung
       mu-pprd =              0.  : muon-induced pair production
        mu-cap =              0.  : muon capture in nucleus
         elast =         738234.  : elastic scattering
         ncasc =        1542148.  : nuclear reaction model

       bertini =             11.  : Bertini model
        isobar =              0.  : isobar model
           JAM =              0.  : JAM model
           QMD =              0.  : JQMD model
        JAMQMD =              0.  : JAMQMD model
          INCL =        1542137.  : INCL model
        INCELF =              0.  : INCELF model
     frag data =              0.  : user defined cross section
       SCINFUL =              0.  : SCINFUL mode

>>> Citation Request >>>=======================================================

 This execution uses model(s) that must be explicitly cited in addition to
 the PHITS original document: T.Sato et al., J.Nucl.Sci.Technol.55, 684-690 (2018).
 Please refer the following document(s) in your publication using this result

 The INCL model:
    A. Boudard et al., Phys. Rev C87, 014606 (2013).

 The EGS5 code:
    H. Hirayama et al., SLAC-R-730 (2005) and KEK Report 2005-8 (2005)

 The KUROTAMA model:
    K. Iida, A. Kohama, and K. Oyamatsu, J. Phys. Soc. Japan 76, 044201 (2007).

 END 
