[ T-SED ]
    title = microdosimetric_spectra_water_photon_PHITS
     mesh =  reg            # mesh type is region-wise
      reg = 1
  se-type =    3            # se-mesh is log given by emin, emax and ne
     emin =  1.0000000E-02  # minimum value of e-mesh points
     emax =   10000.00      # maximum value of e-mesh points
#    edel =  7.6752836E-02  # mesh width of e-mesh points
       ne =  180            # number of e-mesh points
#    data = ( e(i), i = 1, ne + 1 )
#           1.00000E-02  1.07978E-02  1.16591E-02  1.25893E-02  1.35936E-02
#           1.46780E-02  1.58489E-02  1.71133E-02  1.84785E-02  1.99526E-02
#           2.15443E-02  2.32631E-02  2.51189E-02  2.71227E-02  2.92864E-02
#           3.16228E-02  3.41455E-02  3.68695E-02  3.98107E-02  4.29866E-02
#           4.64159E-02  5.01187E-02  5.41170E-02  5.84341E-02  6.30957E-02
#           6.81292E-02  7.35642E-02  7.94328E-02  8.57696E-02  9.26119E-02
#           1.00000E-01  1.07978E-01  1.16591E-01  1.25893E-01  1.35936E-01
#           1.46780E-01  1.58489E-01  1.71133E-01  1.84785E-01  1.99526E-01
#           2.15443E-01  2.32631E-01  2.51189E-01  2.71227E-01  2.92864E-01
#           3.16228E-01  3.41455E-01  3.68695E-01  3.98107E-01  4.29866E-01
#           4.64159E-01  5.01187E-01  5.41170E-01  5.84341E-01  6.30957E-01
#           6.81292E-01  7.35642E-01  7.94328E-01  8.57696E-01  9.26119E-01
#           1.00000E+00  1.07978E+00  1.16591E+00  1.25893E+00  1.35936E+00
#           1.46780E+00  1.58489E+00  1.71133E+00  1.84785E+00  1.99526E+00
#           2.15443E+00  2.32631E+00  2.51189E+00  2.71227E+00  2.92864E+00
#           3.16228E+00  3.41455E+00  3.68695E+00  3.98107E+00  4.29866E+00
#           4.64159E+00  5.01187E+00  5.41170E+00  5.84341E+00  6.30957E+00
#           6.81292E+00  7.35642E+00  7.94328E+00  8.57696E+00  9.26119E+00
#           1.00000E+01  1.07978E+01  1.16591E+01  1.25893E+01  1.35936E+01
#           1.46780E+01  1.58489E+01  1.71133E+01  1.84785E+01  1.99526E+01
#           2.15443E+01  2.32631E+01  2.51189E+01  2.71227E+01  2.92864E+01
#           3.16228E+01  3.41455E+01  3.68695E+01  3.98107E+01  4.29866E+01
#           4.64159E+01  5.01187E+01  5.41170E+01  5.84341E+01  6.30957E+01
#           6.81292E+01  7.35642E+01  7.94328E+01  8.57696E+01  9.26119E+01
#           1.00000E+02  1.07978E+02  1.16591E+02  1.25893E+02  1.35936E+02
#           1.46780E+02  1.58489E+02  1.71133E+02  1.84785E+02  1.99526E+02
#           2.15443E+02  2.32631E+02  2.51189E+02  2.71227E+02  2.92864E+02
#           3.16228E+02  3.41455E+02  3.68695E+02  3.98107E+02  4.29866E+02
#           4.64159E+02  5.01187E+02  5.41170E+02  5.84341E+02  6.30957E+02
#           6.81292E+02  7.35642E+02  7.94328E+02  8.57696E+02  9.26119E+02
#           1.00000E+03  1.07978E+03  1.16591E+03  1.25893E+03  1.35936E+03
#           1.46780E+03  1.58489E+03  1.71133E+03  1.84785E+03  1.99526E+03
#           2.15443E+03  2.32631E+03  2.51189E+03  2.71227E+03  2.92864E+03
#           3.16228E+03  3.41455E+03  3.68695E+03  3.98107E+03  4.29866E+03
#           4.64159E+03  5.01187E+03  5.41170E+03  5.84341E+03  6.30957E+03
#           6.81292E+03  7.35642E+03  7.94328E+03  8.57696E+03  9.26119E+03
#           1.00000E+04
  se-unit =    2            # se-unit is [keV/um]
     unit =    8            # unit is z*d(z) [Gy]
    model =    1            # (D=0) Model type 0:old, 1:new
    cdiam = -1.000000       # (D=1.0) diameter of target sphere [um]
   letmat =   -5            # (D=0) mat ID for LET, 0:real mat, <0: electron for H2O
 material =  all            # (D=all) number of specific material
     axis =  sed            # axis of output
     file = ydy_Ti.out      # file name of output for the above axis
     part =  all      
# kf/name :  0        
#    used :        main (  %)        temp (  %)       total (  %)
#  memory :         183 (  0)           0 (  0)         183 (  0)

#------------------------------------------------------------------------------
#newpage:
#   no. =  1   reg =      1

x: y [keV/um]  
y: y*d(y) [keV/um]               
p: xlog ylog afac(0.8) form(0.9)
h: n            x            y(all     ),hh0l n  
#  sed-lwr      sed-upr        all       r.err 
   1.0000E-02   1.0798E-02   2.3406E-05  0.0041
   1.0798E-02   1.1659E-02   2.7360E-05  0.0041
   1.1659E-02   1.2589E-02   3.1988E-05  0.0041
   1.2589E-02   1.3594E-02   3.7408E-05  0.0041
   1.3594E-02   1.4678E-02   4.3757E-05  0.0040
   1.4678E-02   1.5849E-02   5.1195E-05  0.0040
   1.5849E-02   1.7113E-02   5.9913E-05  0.0040
   1.7113E-02   1.8478E-02   7.0136E-05  0.0040
   1.8478E-02   1.9953E-02   8.2127E-05  0.0040
   1.9953E-02   2.1544E-02   9.6197E-05  0.0040
   2.1544E-02   2.3263E-02   1.1271E-04  0.0040
   2.3263E-02   2.5119E-02   1.3211E-04  0.0040
   2.5119E-02   2.7123E-02   1.5490E-04  0.0040
   2.7123E-02   2.9286E-02   1.8169E-04  0.0040
   2.9286E-02   3.1623E-02   2.1321E-04  0.0040
   3.1623E-02   3.4145E-02   2.5031E-04  0.0041
   3.4145E-02   3.6869E-02   2.9404E-04  0.0041
   3.6869E-02   3.9811E-02   3.4564E-04  0.0041
   3.9811E-02   4.2987E-02   4.0661E-04  0.0041
   4.2987E-02   4.6416E-02   4.7878E-04  0.0041
   4.6416E-02   5.0119E-02   5.6436E-04  0.0041
   5.0119E-02   5.4117E-02   6.6600E-04  0.0041
   5.4117E-02   5.8434E-02   7.8688E-04  0.0041
   5.8434E-02   6.3096E-02   9.3083E-04  0.0041
   6.3096E-02   6.8129E-02   1.1025E-03  0.0041
   6.8129E-02   7.3564E-02   1.3074E-03  0.0040
   7.3564E-02   7.9433E-02   1.5526E-03  0.0040
   7.9433E-02   8.5770E-02   1.8464E-03  0.0040
   8.5770E-02   9.2612E-02   2.1986E-03  0.0040
   9.2612E-02   1.0000E-01   2.5552E-03  0.0040
   1.0000E-01   1.0798E-01   2.9583E-03  0.0040
   1.0798E-01   1.1659E-01   3.4251E-03  0.0040
   1.1659E-01   1.2589E-01   3.9668E-03  0.0040
   1.2589E-01   1.3594E-01   4.5965E-03  0.0040
   1.3594E-01   1.4678E-01   5.3297E-03  0.0040
   1.4678E-01   1.5849E-01   6.1875E-03  0.0040
   1.5849E-01   1.7113E-01   7.1958E-03  0.0040
   1.7113E-01   1.8478E-01   8.3897E-03  0.0040
   1.8478E-01   1.9953E-01   9.6234E-03  0.0040
   1.9953E-01   2.1544E-01   1.0713E-02  0.0040
   2.1544E-01   2.3263E-01   1.1906E-02  0.0040
   2.3263E-01   2.5119E-01   1.3202E-02  0.0040
   2.5119E-01   2.7123E-01   1.4601E-02  0.0040
   2.7123E-01   2.9286E-01   1.6106E-02  0.0040
   2.9286E-01   3.1623E-01   1.7717E-02  0.0040
   3.1623E-01   3.4145E-01   1.9432E-02  0.0040
   3.4145E-01   3.6869E-01   2.1251E-02  0.0040
   3.6869E-01   3.9811E-01   2.3169E-02  0.0040
   3.9811E-01   4.2987E-01   2.5183E-02  0.0040
   4.2987E-01   4.6416E-01   2.7287E-02  0.0040
   4.6416E-01   5.0119E-01   2.9474E-02  0.0040
   5.0119E-01   5.4117E-01   3.1736E-02  0.0040
   5.4117E-01   5.8434E-01   3.4062E-02  0.0040
   5.8434E-01   6.3096E-01   3.6442E-02  0.0040
   6.3096E-01   6.8129E-01   3.8864E-02  0.0040
   6.8129E-01   7.3564E-01   4.1315E-02  0.0040
   7.3564E-01   7.9433E-01   4.3780E-02  0.0040
   7.9433E-01   8.5770E-01   4.6244E-02  0.0040
   8.5770E-01   9.2612E-01   4.8693E-02  0.0040
   9.2612E-01   1.0000E+00   5.1112E-02  0.0040
   1.0000E+00   1.0798E+00   5.3489E-02  0.0040
   1.0798E+00   1.1659E+00   5.5817E-02  0.0040
   1.1659E+00   1.2589E+00   5.8092E-02  0.0040
   1.2589E+00   1.3594E+00   6.0318E-02  0.0040
   1.3594E+00   1.4678E+00   6.2509E-02  0.0040
   1.4678E+00   1.5849E+00   6.4685E-02  0.0040
   1.5849E+00   1.7113E+00   6.6872E-02  0.0040
   1.7113E+00   1.8478E+00   6.9105E-02  0.0040
   1.8478E+00   1.9953E+00   7.1417E-02  0.0040
   1.9953E+00   2.1544E+00   7.3840E-02  0.0041
   2.1544E+00   2.3263E+00   7.6402E-02  0.0041
   2.3263E+00   2.5119E+00   7.9121E-02  0.0041
   2.5119E+00   2.7123E+00   8.2005E-02  0.0041
   2.7123E+00   2.9286E+00   8.5055E-02  0.0041
   2.9286E+00   3.1623E+00   8.8262E-02  0.0041
   3.1623E+00   3.4145E+00   9.1613E-02  0.0040
   3.4145E+00   3.6869E+00   9.5096E-02  0.0040
   3.6869E+00   3.9811E+00   9.8697E-02  0.0040
   3.9811E+00   4.2987E+00   1.0242E-01  0.0040
   4.2987E+00   4.6416E+00   1.0627E-01  0.0040
   4.6416E+00   5.0119E+00   1.1032E-01  0.0040
   5.0119E+00   5.4117E+00   1.1466E-01  0.0041
   5.4117E+00   5.8434E+00   1.1950E-01  0.0041
   5.8434E+00   6.3096E+00   1.2511E-01  0.0041
   6.3096E+00   6.8129E+00   1.3189E-01  0.0041
   6.8129E+00   7.3564E+00   1.4037E-01  0.0041
   7.3564E+00   7.9433E+00   1.5124E-01  0.0041
   7.9433E+00   8.5770E+00   1.6543E-01  0.0041
   8.5770E+00   9.2612E+00   1.8411E-01  0.0041
   9.2612E+00   1.0000E+01   2.0873E-01  0.0041
   1.0000E+01   1.0798E+01   2.4098E-01  0.0041
   1.0798E+01   1.1659E+01   2.8278E-01  0.0041
   1.1659E+01   1.2589E+01   3.3624E-01  0.0041
   1.2589E+01   1.3594E+01   4.0346E-01  0.0041
   1.3594E+01   1.4678E+01   4.8587E-01  0.0041
   1.4678E+01   1.5849E+01   5.8284E-01  0.0041
   1.5849E+01   1.7113E+01   6.8948E-01  0.0041
   1.7113E+01   1.8478E+01   7.9401E-01  0.0041
   1.8478E+01   1.9953E+01   8.7775E-01  0.0041
   1.9953E+01   2.1544E+01   9.2092E-01  0.0041
   2.1544E+01   2.3263E+01   9.0908E-01  0.0041
   2.3263E+01   2.5119E+01   8.3283E-01  0.0041
   2.5119E+01   2.7123E+01   6.9388E-01  0.0041
   2.7123E+01   2.9286E+01   5.1794E-01  0.0041
   2.9286E+01   3.1623E+01   3.4624E-01  0.0041
   3.1623E+01   3.4145E+01   2.0945E-01  0.0042
   3.4145E+01   3.6869E+01   1.1608E-01  0.0043
   3.6869E+01   3.9811E+01   5.9474E-02  0.0047
   3.9811E+01   4.2987E+01   2.8389E-02  0.0065
   4.2987E+01   4.6416E+01   1.2797E-02  0.0131
   4.6416E+01   5.0119E+01   5.6639E-03  0.0321
   5.0119E+01   5.4117E+01   2.7127E-03  0.0748
   5.4117E+01   5.8434E+01   1.6224E-03  0.1381
   5.8434E+01   6.3096E+01   1.2488E-03  0.1900
   6.3096E+01   6.8129E+01   1.0897E-03  0.2217
   6.8129E+01   7.3564E+01   9.8487E-04  0.2472
   7.3564E+01   7.9433E+01   9.0565E-04  0.2686
   7.9433E+01   8.5770E+01   8.1902E-04  0.2842
   8.5770E+01   9.2612E+01   6.9442E-04  0.3046
   9.2612E+01   1.0000E+02   5.3203E-04  0.3560
   1.0000E+02   1.0798E+02   4.6099E-04  0.4490
   1.0798E+02   1.1659E+02   4.5096E-04  0.5072
   1.1659E+02   1.2589E+02   4.0484E-04  0.5219
   1.2589E+02   1.3594E+02   3.0973E-04  0.5448
   1.3594E+02   1.4678E+02   2.6392E-04  0.6842
   1.4678E+02   1.5849E+02   2.7174E-04  0.7595
   1.5849E+02   1.7113E+02   2.3137E-04  0.7212
   1.7113E+02   1.8478E+02   1.4725E-04  0.7753
   1.8478E+02   1.9953E+02   1.4241E-04  0.9527
   1.9953E+02   2.1544E+02   1.7339E-04  0.9844
   2.1544E+02   2.3263E+02   2.1764E-04  0.9873
   2.3263E+02   2.5119E+02   2.7390E-04  0.9876
   2.5119E+02   2.7123E+02   3.4477E-04  0.9877
   2.7123E+02   2.9286E+02   4.3375E-04  0.9878
   2.9286E+02   3.1623E+02   5.3229E-04  0.9875
   3.1623E+02   3.4145E+02   2.8805E-04  0.9712
   3.4145E+02   3.6869E+02   1.8371E-05  0.5889
   3.6869E+02   3.9811E+02   1.3335E-05  0.7031
   3.9811E+02   4.2987E+02   1.6671E-05  0.7078
   4.2987E+02   4.6416E+02   2.0984E-05  0.7078
   4.6416E+02   5.0119E+02   2.6416E-05  0.7078
   5.0119E+02   5.4117E+02   3.3255E-05  0.7078
   5.4117E+02   5.8434E+02   4.1865E-05  0.7078
   5.8434E+02   6.3096E+02   5.2704E-05  0.7078
   6.3096E+02   6.8129E+02   6.6342E-05  0.7078
   6.8129E+02   7.3564E+02   8.3025E-05  0.7077
   7.3564E+02   7.9433E+02   8.3642E-05  0.7211
   7.9433E+02   8.5770E+02   6.4831E-05  0.9751
   8.5770E+02   9.2612E+02   7.9567E-05  0.9998
   9.2612E+02   1.0000E+03   1.0015E-04  1.0000
   1.0000E+03   1.0798E+03   1.2608E-04  1.0000
   1.0798E+03   1.1659E+03   1.5873E-04  1.0000
   1.1659E+03   1.2589E+03   1.9983E-04  1.0000
   1.2589E+03   1.3594E+03   2.5157E-04  1.0000
   1.3594E+03   1.4678E+03   3.1671E-04  1.0000
   1.4678E+03   1.5849E+03   3.9872E-04  1.0000
   1.5849E+03   1.7113E+03   5.0195E-04  1.0000
   1.7113E+03   1.8478E+03   6.3192E-04  1.0000
   1.8478E+03   1.9953E+03   7.9554E-04  1.0000
   1.9953E+03   2.1544E+03   1.0015E-03  1.0000
   2.1544E+03   2.3263E+03   1.2608E-03  1.0000
   2.3263E+03   2.5119E+03   1.5873E-03  1.0000
   2.5119E+03   2.7123E+03   1.9983E-03  1.0000
   2.7123E+03   2.9286E+03   5.7509E-04  1.0000
   2.9286E+03   3.1623E+03   0.0000E+00  0.0000
   3.1623E+03   3.4145E+03   0.0000E+00  0.0000
   3.4145E+03   3.6869E+03   0.0000E+00  0.0000
   3.6869E+03   3.9811E+03   0.0000E+00  0.0000
   3.9811E+03   4.2987E+03   0.0000E+00  0.0000
   4.2987E+03   4.6416E+03   0.0000E+00  0.0000
   4.6416E+03   5.0119E+03   0.0000E+00  0.0000
   5.0119E+03   5.4117E+03   0.0000E+00  0.0000
   5.4117E+03   5.8434E+03   0.0000E+00  0.0000
   5.8434E+03   6.3096E+03   0.0000E+00  0.0000
   6.3096E+03   6.8129E+03   0.0000E+00  0.0000
   6.8129E+03   7.3564E+03   0.0000E+00  0.0000
   7.3564E+03   7.9433E+03   0.0000E+00  0.0000
   7.9433E+03   8.5770E+03   0.0000E+00  0.0000
   8.5770E+03   9.2612E+03   0.0000E+00  0.0000
   9.2612E+03   1.0000E+04   0.0000E+00  0.0000

#               Dose mean    1.8607E+01

'no. =  1,  reg  =      1'
msuc: {\huge microdosimetric_spectra_water_photon_PHITS}
msdr: {\it plotted by \ANGEL \version}
msdl: {\it calculated by \PHITS  3.32}
 
# Information for Restart Calculation
# This calculation was newly started
# istdev =  2 # 1:Batch variance, 2:History variance
# resc2  = 1.00000000000000000E+06 # Total source weight or Total source weight / maxcas
# resc3  = 1.00000000000000000E+06 # Total history number or Total batch number
# maxcas =      100000 # History / Batch, only used for istdev=1
# bitrseed = 0101101000001110011101111011110101001001010001111010111000101101 # bit data of rseed
