[ T-SED ]
    title = microdosimetric_spectra_water_photon_PHITS
     mesh =  reg            # mesh type is region-wise
      reg = 1
  se-type =    3            # se-mesh is log given by emin, emax and ne
     emin =  1.0000000E-02  # minimum value of e-mesh points
     emax =   10000.00      # maximum value of e-mesh points
#    edel =  7.6752836E-02  # mesh width of e-mesh points
       ne =  180            # number of e-mesh points
#    data = ( e(i), i = 1, ne + 1 )
#           1.00000E-02  1.07978E-02  1.16591E-02  1.25893E-02  1.35936E-02
#           1.46780E-02  1.58489E-02  1.71133E-02  1.84785E-02  1.99526E-02
#           2.15443E-02  2.32631E-02  2.51189E-02  2.71227E-02  2.92864E-02
#           3.16228E-02  3.41455E-02  3.68695E-02  3.98107E-02  4.29866E-02
#           4.64159E-02  5.01187E-02  5.41170E-02  5.84341E-02  6.30957E-02
#           6.81292E-02  7.35642E-02  7.94328E-02  8.57696E-02  9.26119E-02
#           1.00000E-01  1.07978E-01  1.16591E-01  1.25893E-01  1.35936E-01
#           1.46780E-01  1.58489E-01  1.71133E-01  1.84785E-01  1.99526E-01
#           2.15443E-01  2.32631E-01  2.51189E-01  2.71227E-01  2.92864E-01
#           3.16228E-01  3.41455E-01  3.68695E-01  3.98107E-01  4.29866E-01
#           4.64159E-01  5.01187E-01  5.41170E-01  5.84341E-01  6.30957E-01
#           6.81292E-01  7.35642E-01  7.94328E-01  8.57696E-01  9.26119E-01
#           1.00000E+00  1.07978E+00  1.16591E+00  1.25893E+00  1.35936E+00
#           1.46780E+00  1.58489E+00  1.71133E+00  1.84785E+00  1.99526E+00
#           2.15443E+00  2.32631E+00  2.51189E+00  2.71227E+00  2.92864E+00
#           3.16228E+00  3.41455E+00  3.68695E+00  3.98107E+00  4.29866E+00
#           4.64159E+00  5.01187E+00  5.41170E+00  5.84341E+00  6.30957E+00
#           6.81292E+00  7.35642E+00  7.94328E+00  8.57696E+00  9.26119E+00
#           1.00000E+01  1.07978E+01  1.16591E+01  1.25893E+01  1.35936E+01
#           1.46780E+01  1.58489E+01  1.71133E+01  1.84785E+01  1.99526E+01
#           2.15443E+01  2.32631E+01  2.51189E+01  2.71227E+01  2.92864E+01
#           3.16228E+01  3.41455E+01  3.68695E+01  3.98107E+01  4.29866E+01
#           4.64159E+01  5.01187E+01  5.41170E+01  5.84341E+01  6.30957E+01
#           6.81292E+01  7.35642E+01  7.94328E+01  8.57696E+01  9.26119E+01
#           1.00000E+02  1.07978E+02  1.16591E+02  1.25893E+02  1.35936E+02
#           1.46780E+02  1.58489E+02  1.71133E+02  1.84785E+02  1.99526E+02
#           2.15443E+02  2.32631E+02  2.51189E+02  2.71227E+02  2.92864E+02
#           3.16228E+02  3.41455E+02  3.68695E+02  3.98107E+02  4.29866E+02
#           4.64159E+02  5.01187E+02  5.41170E+02  5.84341E+02  6.30957E+02
#           6.81292E+02  7.35642E+02  7.94328E+02  8.57696E+02  9.26119E+02
#           1.00000E+03  1.07978E+03  1.16591E+03  1.25893E+03  1.35936E+03
#           1.46780E+03  1.58489E+03  1.71133E+03  1.84785E+03  1.99526E+03
#           2.15443E+03  2.32631E+03  2.51189E+03  2.71227E+03  2.92864E+03
#           3.16228E+03  3.41455E+03  3.68695E+03  3.98107E+03  4.29866E+03
#           4.64159E+03  5.01187E+03  5.41170E+03  5.84341E+03  6.30957E+03
#           6.81292E+03  7.35642E+03  7.94328E+03  8.57696E+03  9.26119E+03
#           1.00000E+04
  se-unit =    2            # se-unit is [keV/um]
     unit =    7            # unit is z*f(z) [dimensionless]
    model =    1            # (D=0) Model type 0:old, 1:new
    cdiam = -1.000000       # (D=1.0) diameter of target sphere [um]
   letmat =   -5            # (D=0) mat ID for LET, 0:real mat, <0: electron for H2O
 material =  all            # (D=all) number of specific material
     axis =  sed            # axis of output
     file = yfy_Ti.out      # file name of output for the above axis
     part =  all      
# kf/name :  0        
#    used :        main (  %)        temp (  %)       total (  %)
#  memory :         183 (  0)           0 (  0)         183 (  0)

#------------------------------------------------------------------------------
#newpage:
#   no. =  1   reg =      1

x: y [keV/um]  
y: y*f(y) [dimensionless]        
p: xlog ylog afac(0.8) form(0.9)
h: n            x            y(all     ),hh0l n  
#  sed-lwr      sed-upr        all       r.err 
   1.0000E-02   1.0798E-02   8.9492E-03  0.0041
   1.0798E-02   1.1659E-02   9.6881E-03  0.0041
   1.1659E-02   1.2589E-02   1.0490E-02  0.0041
   1.2589E-02   1.3594E-02   1.1361E-02  0.0041
   1.3594E-02   1.4678E-02   1.2308E-02  0.0040
   1.4678E-02   1.5849E-02   1.3336E-02  0.0040
   1.5849E-02   1.7113E-02   1.4454E-02  0.0040
   1.7113E-02   1.8478E-02   1.5670E-02  0.0040
   1.8478E-02   1.9953E-02   1.6993E-02  0.0040
   1.9953E-02   2.1544E-02   1.8434E-02  0.0040
   2.1544E-02   2.3263E-02   2.0004E-02  0.0040
   2.3263E-02   2.5119E-02   2.1714E-02  0.0040
   2.5119E-02   2.7123E-02   2.3579E-02  0.0040
   2.7123E-02   2.9286E-02   2.5614E-02  0.0040
   2.9286E-02   3.1623E-02   2.7836E-02  0.0040
   3.1623E-02   3.4145E-02   3.0265E-02  0.0041
   3.4145E-02   3.6869E-02   3.2926E-02  0.0041
   3.6869E-02   3.9811E-02   3.5844E-02  0.0041
   3.9811E-02   4.2987E-02   3.9051E-02  0.0041
   4.2987E-02   4.6416E-02   4.2586E-02  0.0041
   4.6416E-02   5.0119E-02   4.6489E-02  0.0041
   5.0119E-02   5.4117E-02   5.0809E-02  0.0041
   5.4117E-02   5.8434E-02   5.5595E-02  0.0041
   5.8434E-02   6.3096E-02   6.0907E-02  0.0041
   6.3096E-02   6.8129E-02   6.6807E-02  0.0041
   6.8129E-02   7.3564E-02   7.3373E-02  0.0040
   7.3564E-02   7.9433E-02   8.0695E-02  0.0040
   7.9433E-02   8.5770E-02   8.8874E-02  0.0040
   8.5770E-02   9.2612E-02   9.8010E-02  0.0040
   9.2612E-02   1.0000E-01   1.0549E-01  0.0040
   1.0000E-01   1.0798E-01   1.1311E-01  0.0040
   1.0798E-01   1.1659E-01   1.2128E-01  0.0040
   1.1659E-01   1.2589E-01   1.3009E-01  0.0040
   1.2589E-01   1.3594E-01   1.3960E-01  0.0040
   1.3594E-01   1.4678E-01   1.4991E-01  0.0040
   1.4678E-01   1.5849E-01   1.6118E-01  0.0040
   1.5849E-01   1.7113E-01   1.7360E-01  0.0040
   1.7113E-01   1.8478E-01   1.8745E-01  0.0040
   1.8478E-01   1.9953E-01   1.9912E-01  0.0040
   1.9953E-01   2.1544E-01   2.0529E-01  0.0040
   2.1544E-01   2.3263E-01   2.1130E-01  0.0040
   2.3263E-01   2.5119E-01   2.1698E-01  0.0040
   2.5119E-01   2.7123E-01   2.2226E-01  0.0040
   2.7123E-01   2.9286E-01   2.2705E-01  0.0040
   2.9286E-01   3.1623E-01   2.3130E-01  0.0040
   3.1623E-01   3.4145E-01   2.3496E-01  0.0040
   3.4145E-01   3.6869E-01   2.3796E-01  0.0040
   3.6869E-01   3.9811E-01   2.4027E-01  0.0040
   3.9811E-01   4.2987E-01   2.4187E-01  0.0040
   4.2987E-01   4.6416E-01   2.4271E-01  0.0040
   4.6416E-01   5.0119E-01   2.4279E-01  0.0040
   5.0119E-01   5.4117E-01   2.4211E-01  0.0040
   5.4117E-01   5.8434E-01   2.4066E-01  0.0040
   5.8434E-01   6.3096E-01   2.3845E-01  0.0040
   6.3096E-01   6.8129E-01   2.3551E-01  0.0040
   6.8129E-01   7.3564E-01   2.3187E-01  0.0040
   7.3564E-01   7.9433E-01   2.2755E-01  0.0040
   7.9433E-01   8.5770E-01   2.2260E-01  0.0040
   8.5770E-01   9.2612E-01   2.1707E-01  0.0040
   9.2612E-01   1.0000E+00   2.1102E-01  0.0040
   1.0000E+00   1.0798E+00   2.0452E-01  0.0040
   1.0798E+00   1.1659E+00   1.9765E-01  0.0040
   1.1659E+00   1.2589E+00   1.9051E-01  0.0040
   1.2589E+00   1.3594E+00   1.8319E-01  0.0040
   1.3594E+00   1.4678E+00   1.7582E-01  0.0040
   1.4678E+00   1.5849E+00   1.6850E-01  0.0040
   1.5849E+00   1.7113E+00   1.6133E-01  0.0040
   1.7113E+00   1.8478E+00   1.5440E-01  0.0040
   1.8478E+00   1.9953E+00   1.4777E-01  0.0040
   1.9953E+00   2.1544E+00   1.4150E-01  0.0041
   2.1544E+00   2.3263E+00   1.3559E-01  0.0041
   2.3263E+00   2.5119E+00   1.3004E-01  0.0041
   2.5119E+00   2.7123E+00   1.2482E-01  0.0041
   2.7123E+00   2.9286E+00   1.1990E-01  0.0041
   2.9286E+00   3.1623E+00   1.1523E-01  0.0041
   3.1623E+00   3.4145E+00   1.1077E-01  0.0040
   3.4145E+00   3.6869E+00   1.0649E-01  0.0040
   3.6869E+00   3.9811E+00   1.0235E-01  0.0040
   3.9811E+00   4.2987E+00   9.8362E-02  0.0040
   4.2987E+00   4.6416E+00   9.4524E-02  0.0040
   4.6416E+00   5.0119E+00   9.0873E-02  0.0040
   5.0119E+00   5.4117E+00   8.7475E-02  0.0041
   5.4117E+00   5.8434E+00   8.4431E-02  0.0041
   5.8434E+00   6.3096E+00   8.1865E-02  0.0041
   6.3096E+00   6.8129E+00   7.9926E-02  0.0041
   6.8129E+00   7.3564E+00   7.8777E-02  0.0041
   7.3564E+00   7.9433E+00   7.8608E-02  0.0041
   7.9433E+00   8.5770E+00   7.9630E-02  0.0041
   8.5770E+00   9.2612E+00   8.2075E-02  0.0041
   9.2612E+00   1.0000E+01   8.6174E-02  0.0041
   1.0000E+01   1.0798E+01   9.2138E-02  0.0041
   1.0798E+01   1.1659E+01   1.0013E-01  0.0041
   1.1659E+01   1.2589E+01   1.1027E-01  0.0041
   1.2589E+01   1.3594E+01   1.2254E-01  0.0041
   1.3594E+01   1.4678E+01   1.3666E-01  0.0041
   1.4678E+01   1.5849E+01   1.5183E-01  0.0041
   1.5849E+01   1.7113E+01   1.6633E-01  0.0041
   1.7113E+01   1.8478E+01   1.7740E-01  0.0041
   1.8478E+01   1.9953E+01   1.8162E-01  0.0041
   1.9953E+01   2.1544E+01   1.7647E-01  0.0041
   2.1544E+01   2.3263E+01   1.6134E-01  0.0041
   2.3263E+01   2.5119E+01   1.3688E-01  0.0041
   2.5119E+01   2.7123E+01   1.0562E-01  0.0041
   2.7123E+01   2.9286E+01   7.3015E-02  0.0041
   2.9286E+01   3.1623E+01   4.5203E-02  0.0041
   3.1623E+01   3.4145E+01   2.5325E-02  0.0042
   3.4145E+01   3.6869E+01   1.2998E-02  0.0043
   3.6869E+01   3.9811E+01   6.1677E-03  0.0047
   3.9811E+01   4.2987E+01   2.7265E-03  0.0065
   4.2987E+01   4.6416E+01   1.1383E-03  0.0131
   4.6416E+01   5.0119E+01   4.6656E-04  0.0321
   5.0119E+01   5.4117E+01   2.0695E-04  0.0748
   5.4117E+01   5.8434E+01   1.1463E-04  0.1381
   5.8434E+01   6.3096E+01   8.1713E-05  0.1900
   6.3096E+01   6.8129E+01   6.6036E-05  0.2217
   6.8129E+01   7.3564E+01   5.5272E-05  0.2472
   7.3564E+01   7.9433E+01   4.7071E-05  0.2686
   7.9433E+01   8.5770E+01   3.9424E-05  0.2842
   8.5770E+01   9.2612E+01   3.0956E-05  0.3046
   9.2612E+01   1.0000E+02   2.1965E-05  0.3560
   1.0000E+02   1.0798E+02   1.7626E-05  0.4490
   1.0798E+02   1.1659E+02   1.5969E-05  0.5072
   1.1659E+02   1.2589E+02   1.3276E-05  0.5219
   1.2589E+02   1.3594E+02   9.4068E-06  0.5448
   1.3594E+02   1.4678E+02   7.4233E-06  0.6842
   1.4678E+02   1.5849E+02   7.0785E-06  0.7595
   1.5849E+02   1.7113E+02   5.5817E-06  0.7212
   1.7113E+02   1.8478E+02   3.2899E-06  0.7753
   1.8478E+02   1.9953E+02   2.9466E-06  0.9527
   1.9953E+02   2.1544E+02   3.3226E-06  0.9844
   2.1544E+02   2.3263E+02   3.8625E-06  0.9873
   2.3263E+02   2.5119E+02   4.5018E-06  0.9876
   2.5119E+02   2.7123E+02   5.2480E-06  0.9877
   2.7123E+02   2.9286E+02   6.1146E-06  0.9878
   2.9286E+02   3.1623E+02   6.9493E-06  0.9875
   3.1623E+02   3.4145E+02   3.4829E-06  0.9712
   3.4145E+02   3.6869E+02   2.0572E-07  0.5889
   3.6869E+02   3.9811E+02   1.3829E-07  0.7031
   3.9811E+02   4.2987E+02   1.6011E-07  0.7078
   4.2987E+02   4.6416E+02   1.8665E-07  0.7078
   4.6416E+02   5.0119E+02   2.1760E-07  0.7078
   5.0119E+02   5.4117E+02   2.5370E-07  0.7078
   5.4117E+02   5.8434E+02   2.9579E-07  0.7078
   5.8434E+02   6.3096E+02   3.4486E-07  0.7078
   6.3096E+02   6.8129E+02   4.0202E-07  0.7078
   6.8129E+02   7.3564E+02   4.6595E-07  0.7077
   7.3564E+02   7.9433E+02   4.3473E-07  0.7211
   7.9433E+02   8.5770E+02   3.1206E-07  0.9751
   8.5770E+02   9.2612E+02   3.5470E-07  0.9998
   9.2612E+02   1.0000E+03   4.1348E-07  1.0000
   1.0000E+03   1.0798E+03   4.8209E-07  1.0000
   1.0798E+03   1.1659E+03   5.6207E-07  1.0000
   1.1659E+03   1.2589E+03   6.5533E-07  1.0000
   1.2589E+03   1.3594E+03   7.6405E-07  1.0000
   1.3594E+03   1.4678E+03   8.9082E-07  1.0000
   1.4678E+03   1.5849E+03   1.0386E-06  1.0000
   1.5849E+03   1.7113E+03   1.2109E-06  1.0000
   1.7113E+03   1.8478E+03   1.4119E-06  1.0000
   1.8478E+03   1.9953E+03   1.6461E-06  1.0000
   1.9953E+03   2.1544E+03   1.9192E-06  1.0000
   2.1544E+03   2.3263E+03   2.2376E-06  1.0000
   2.3263E+03   2.5119E+03   2.6089E-06  1.0000
   2.5119E+03   2.7123E+03   3.0418E-06  1.0000
   2.7123E+03   2.9286E+03   8.1070E-07  1.0000
   2.9286E+03   3.1623E+03   0.0000E+00  0.0000
   3.1623E+03   3.4145E+03   0.0000E+00  0.0000
   3.4145E+03   3.6869E+03   0.0000E+00  0.0000
   3.6869E+03   3.9811E+03   0.0000E+00  0.0000
   3.9811E+03   4.2987E+03   0.0000E+00  0.0000
   4.2987E+03   4.6416E+03   0.0000E+00  0.0000
   4.6416E+03   5.0119E+03   0.0000E+00  0.0000
   5.0119E+03   5.4117E+03   0.0000E+00  0.0000
   5.4117E+03   5.8434E+03   0.0000E+00  0.0000
   5.8434E+03   6.3096E+03   0.0000E+00  0.0000
   6.3096E+03   6.8129E+03   0.0000E+00  0.0000
   6.8129E+03   7.3564E+03   0.0000E+00  0.0000
   7.3564E+03   7.9433E+03   0.0000E+00  0.0000
   7.9433E+03   8.5770E+03   0.0000E+00  0.0000
   8.5770E+03   9.2612E+03   0.0000E+00  0.0000
   9.2612E+03   1.0000E+04   0.0000E+00  0.0000

#          Frequency mean    7.9520E+00

'no. =  1,  reg  =      1'
msuc: {\huge microdosimetric_spectra_water_photon_PHITS}
msdr: {\it plotted by \ANGEL \version}
msdl: {\it calculated by \PHITS  3.32}
 
# Information for Restart Calculation
# This calculation was newly started
# istdev =  2 # 1:Batch variance, 2:History variance
# resc2  = 1.00000000000000000E+06 # Total source weight or Total source weight / maxcas
# resc3  = 1.00000000000000000E+06 # Total history number or Total batch number
# maxcas =      100000 # History / Batch, only used for istdev=1
# bitrseed = 0101101000001110011101111011110101001001010001111010111000101101 # bit data of rseed
