[ T-SED ]
    title = microdosimetric_spectra_water_photon_PHITS
     mesh =  reg            # mesh type is region-wise
      reg = 1
  se-type =    3            # se-mesh is log given by emin, emax and ne
     emin =  1.0000000E-02  # minimum value of e-mesh points
     emax =   10000.00      # maximum value of e-mesh points
#    edel =  7.6752836E-02  # mesh width of e-mesh points
       ne =  180            # number of e-mesh points
#    data = ( e(i), i = 1, ne + 1 )
#           1.00000E-02  1.07978E-02  1.16591E-02  1.25893E-02  1.35936E-02
#           1.46780E-02  1.58489E-02  1.71133E-02  1.84785E-02  1.99526E-02
#           2.15443E-02  2.32631E-02  2.51189E-02  2.71227E-02  2.92864E-02
#           3.16228E-02  3.41455E-02  3.68695E-02  3.98107E-02  4.29866E-02
#           4.64159E-02  5.01187E-02  5.41170E-02  5.84341E-02  6.30957E-02
#           6.81292E-02  7.35642E-02  7.94328E-02  8.57696E-02  9.26119E-02
#           1.00000E-01  1.07978E-01  1.16591E-01  1.25893E-01  1.35936E-01
#           1.46780E-01  1.58489E-01  1.71133E-01  1.84785E-01  1.99526E-01
#           2.15443E-01  2.32631E-01  2.51189E-01  2.71227E-01  2.92864E-01
#           3.16228E-01  3.41455E-01  3.68695E-01  3.98107E-01  4.29866E-01
#           4.64159E-01  5.01187E-01  5.41170E-01  5.84341E-01  6.30957E-01
#           6.81292E-01  7.35642E-01  7.94328E-01  8.57696E-01  9.26119E-01
#           1.00000E+00  1.07978E+00  1.16591E+00  1.25893E+00  1.35936E+00
#           1.46780E+00  1.58489E+00  1.71133E+00  1.84785E+00  1.99526E+00
#           2.15443E+00  2.32631E+00  2.51189E+00  2.71227E+00  2.92864E+00
#           3.16228E+00  3.41455E+00  3.68695E+00  3.98107E+00  4.29866E+00
#           4.64159E+00  5.01187E+00  5.41170E+00  5.84341E+00  6.30957E+00
#           6.81292E+00  7.35642E+00  7.94328E+00  8.57696E+00  9.26119E+00
#           1.00000E+01  1.07978E+01  1.16591E+01  1.25893E+01  1.35936E+01
#           1.46780E+01  1.58489E+01  1.71133E+01  1.84785E+01  1.99526E+01
#           2.15443E+01  2.32631E+01  2.51189E+01  2.71227E+01  2.92864E+01
#           3.16228E+01  3.41455E+01  3.68695E+01  3.98107E+01  4.29866E+01
#           4.64159E+01  5.01187E+01  5.41170E+01  5.84341E+01  6.30957E+01
#           6.81292E+01  7.35642E+01  7.94328E+01  8.57696E+01  9.26119E+01
#           1.00000E+02  1.07978E+02  1.16591E+02  1.25893E+02  1.35936E+02
#           1.46780E+02  1.58489E+02  1.71133E+02  1.84785E+02  1.99526E+02
#           2.15443E+02  2.32631E+02  2.51189E+02  2.71227E+02  2.92864E+02
#           3.16228E+02  3.41455E+02  3.68695E+02  3.98107E+02  4.29866E+02
#           4.64159E+02  5.01187E+02  5.41170E+02  5.84341E+02  6.30957E+02
#           6.81292E+02  7.35642E+02  7.94328E+02  8.57696E+02  9.26119E+02
#           1.00000E+03  1.07978E+03  1.16591E+03  1.25893E+03  1.35936E+03
#           1.46780E+03  1.58489E+03  1.71133E+03  1.84785E+03  1.99526E+03
#           2.15443E+03  2.32631E+03  2.51189E+03  2.71227E+03  2.92864E+03
#           3.16228E+03  3.41455E+03  3.68695E+03  3.98107E+03  4.29866E+03
#           4.64159E+03  5.01187E+03  5.41170E+03  5.84341E+03  6.30957E+03
#           6.81292E+03  7.35642E+03  7.94328E+03  8.57696E+03  9.26119E+03
#           1.00000E+04
  se-unit =    2            # se-unit is [keV/um]
     unit =    7            # unit is z*f(z) [dimensionless]
    model =    1            # (D=0) Model type 0:old, 1:new
    cdiam = -1.000000       # (D=1.0) diameter of target sphere [um]
   letmat =   -5            # (D=0) mat ID for LET, 0:real mat, <0: electron for H2O
 material =  all            # (D=all) number of specific material
     axis =  sed            # axis of output
     file = yfy_PMMA.out    # file name of output for the above axis
     part =  all      
# kf/name :  0        
#    used :        main (  %)        temp (  %)       total (  %)
#  memory :         183 (  0)           0 (  0)         183 (  0)

#------------------------------------------------------------------------------
#newpage:
#   no. =  1   reg =      1

x: y [keV/um]  
y: y*f(y) [dimensionless]        
p: xlog ylog afac(0.8) form(0.9)
h: n            x            y(all     ),hh0l n  
#  sed-lwr      sed-upr        all       r.err 
   1.0000E-02   1.0798E-02   8.9842E-03  0.0057
   1.0798E-02   1.1659E-02   9.7270E-03  0.0057
   1.1659E-02   1.2589E-02   1.0534E-02  0.0057
   1.2589E-02   1.3594E-02   1.1409E-02  0.0057
   1.3594E-02   1.4678E-02   1.2361E-02  0.0057
   1.4678E-02   1.5849E-02   1.3396E-02  0.0057
   1.5849E-02   1.7113E-02   1.4520E-02  0.0057
   1.7113E-02   1.8478E-02   1.5744E-02  0.0057
   1.8478E-02   1.9953E-02   1.7075E-02  0.0057
   1.9953E-02   2.1544E-02   1.8525E-02  0.0057
   2.1544E-02   2.3263E-02   2.0103E-02  0.0057
   2.3263E-02   2.5119E-02   2.1823E-02  0.0057
   2.5119E-02   2.7123E-02   2.3698E-02  0.0057
   2.7123E-02   2.9286E-02   2.5743E-02  0.0057
   2.9286E-02   3.1623E-02   2.7976E-02  0.0057
   3.1623E-02   3.4145E-02   3.0415E-02  0.0057
   3.4145E-02   3.6869E-02   3.3086E-02  0.0057
   3.6869E-02   3.9811E-02   3.6015E-02  0.0057
   3.9811E-02   4.2987E-02   3.9237E-02  0.0057
   4.2987E-02   4.6416E-02   4.2790E-02  0.0057
   4.6416E-02   5.0119E-02   4.6717E-02  0.0057
   5.0119E-02   5.4117E-02   5.1069E-02  0.0057
   5.4117E-02   5.8434E-02   5.5897E-02  0.0057
   5.8434E-02   6.3096E-02   6.1259E-02  0.0057
   6.3096E-02   6.8129E-02   6.7221E-02  0.0057
   6.8129E-02   7.3564E-02   7.3860E-02  0.0057
   7.3564E-02   7.9433E-02   8.1267E-02  0.0057
   7.9433E-02   8.5770E-02   8.9544E-02  0.0057
   8.5770E-02   9.2612E-02   9.8791E-02  0.0057
   9.2612E-02   1.0000E-01   1.0631E-01  0.0057
   1.0000E-01   1.0798E-01   1.1394E-01  0.0057
   1.0798E-01   1.1659E-01   1.2213E-01  0.0057
   1.1659E-01   1.2589E-01   1.3093E-01  0.0057
   1.2589E-01   1.3594E-01   1.4042E-01  0.0057
   1.3594E-01   1.4678E-01   1.5066E-01  0.0057
   1.4678E-01   1.5849E-01   1.6184E-01  0.0057
   1.5849E-01   1.7113E-01   1.7412E-01  0.0057
   1.7113E-01   1.8478E-01   1.8779E-01  0.0057
   1.8478E-01   1.9953E-01   1.9935E-01  0.0057
   1.9953E-01   2.1544E-01   2.0556E-01  0.0057
   2.1544E-01   2.3263E-01   2.1160E-01  0.0057
   2.3263E-01   2.5119E-01   2.1731E-01  0.0057
   2.5119E-01   2.7123E-01   2.2261E-01  0.0057
   2.7123E-01   2.9286E-01   2.2742E-01  0.0057
   2.9286E-01   3.1623E-01   2.3168E-01  0.0057
   3.1623E-01   3.4145E-01   2.3534E-01  0.0057
   3.4145E-01   3.6869E-01   2.3833E-01  0.0057
   3.6869E-01   3.9811E-01   2.4062E-01  0.0057
   3.9811E-01   4.2987E-01   2.4218E-01  0.0057
   4.2987E-01   4.6416E-01   2.4299E-01  0.0057
   4.6416E-01   5.0119E-01   2.4302E-01  0.0057
   5.0119E-01   5.4117E-01   2.4227E-01  0.0057
   5.4117E-01   5.8434E-01   2.4076E-01  0.0057
   5.8434E-01   6.3096E-01   2.3850E-01  0.0057
   6.3096E-01   6.8129E-01   2.3552E-01  0.0057
   6.8129E-01   7.3564E-01   2.3185E-01  0.0057
   7.3564E-01   7.9433E-01   2.2753E-01  0.0057
   7.9433E-01   8.5770E-01   2.2261E-01  0.0057
   8.5770E-01   9.2612E-01   2.1715E-01  0.0057
   9.2612E-01   1.0000E+00   2.1121E-01  0.0057
   1.0000E+00   1.0798E+00   2.0486E-01  0.0057
   1.0798E+00   1.1659E+00   1.9817E-01  0.0057
   1.1659E+00   1.2589E+00   1.9123E-01  0.0057
   1.2589E+00   1.3594E+00   1.8415E-01  0.0057
   1.3594E+00   1.4678E+00   1.7701E-01  0.0057
   1.4678E+00   1.5849E+00   1.6992E-01  0.0057
   1.5849E+00   1.7113E+00   1.6296E-01  0.0057
   1.7113E+00   1.8478E+00   1.5622E-01  0.0057
   1.8478E+00   1.9953E+00   1.4973E-01  0.0058
   1.9953E+00   2.1544E+00   1.4353E-01  0.0058
   2.1544E+00   2.3263E+00   1.3763E-01  0.0058
   2.3263E+00   2.5119E+00   1.3200E-01  0.0058
   2.5119E+00   2.7123E+00   1.2663E-01  0.0058
   2.7123E+00   2.9286E+00   1.2148E-01  0.0058
   2.9286E+00   3.1623E+00   1.1654E-01  0.0058
   3.1623E+00   3.4145E+00   1.1178E-01  0.0057
   3.4145E+00   3.6869E+00   1.0719E-01  0.0057
   3.6869E+00   3.9811E+00   1.0279E-01  0.0057
   3.9811E+00   4.2987E+00   9.8561E-02  0.0057
   4.2987E+00   4.6416E+00   9.4534E-02  0.0057
   4.6416E+00   5.0119E+00   9.0742E-02  0.0057
   5.0119E+00   5.4117E+00   8.7252E-02  0.0057
   5.4117E+00   5.8434E+00   8.4170E-02  0.0057
   5.8434E+00   6.3096E+00   8.1621E-02  0.0058
   6.3096E+00   6.8129E+00   7.9736E-02  0.0058
   6.8129E+00   7.3564E+00   7.8659E-02  0.0058
   7.3564E+00   7.9433E+00   7.8560E-02  0.0058
   7.9433E+00   8.5770E+00   7.9653E-02  0.0058
   8.5770E+00   9.2612E+00   8.2186E-02  0.0058
   9.2612E+00   1.0000E+01   8.6393E-02  0.0058
   1.0000E+01   1.0798E+01   9.2464E-02  0.0058
   1.0798E+01   1.1659E+01   1.0052E-01  0.0058
   1.1659E+01   1.2589E+01   1.1063E-01  0.0058
   1.2589E+01   1.3594E+01   1.2280E-01  0.0058
   1.3594E+01   1.4678E+01   1.3674E-01  0.0059
   1.4678E+01   1.5849E+01   1.5153E-01  0.0059
   1.5849E+01   1.7113E+01   1.6533E-01  0.0059
   1.7113E+01   1.8478E+01   1.7528E-01  0.0059
   1.8478E+01   1.9953E+01   1.7806E-01  0.0059
   1.9953E+01   2.1544E+01   1.7146E-01  0.0059
   2.1544E+01   2.3263E+01   1.5525E-01  0.0059
   2.3263E+01   2.5119E+01   1.3039E-01  0.0059
   2.5119E+01   2.7123E+01   9.9615E-02  0.0059
   2.7123E+01   2.9286E+01   6.8284E-02  0.0059
   2.9286E+01   3.1623E+01   4.2020E-02  0.0059
   3.1623E+01   3.4145E+01   2.3458E-02  0.0059
   3.4145E+01   3.6869E+01   1.2024E-02  0.0061
   3.6869E+01   3.9811E+01   5.7133E-03  0.0070
   3.9811E+01   4.2987E+01   2.5418E-03  0.0108
   4.2987E+01   4.6416E+01   1.0811E-03  0.0233
   4.6416E+01   5.0119E+01   4.6504E-04  0.0551
   5.0119E+01   5.4117E+01   2.2854E-04  0.1156
   5.4117E+01   5.8434E+01   1.4679E-04  0.1856
   5.8434E+01   6.3096E+01   1.2205E-04  0.2319
   6.3096E+01   6.8129E+01   1.1598E-04  0.2553
   6.8129E+01   7.3564E+01   1.1353E-04  0.2682
   7.3564E+01   7.9433E+01   1.0746E-04  0.2794
   7.9433E+01   8.5770E+01   9.5958E-05  0.2940
   8.5770E+01   9.2612E+01   8.1405E-05  0.3174
   9.2612E+01   1.0000E+02   6.8565E-05  0.3507
   1.0000E+02   1.0798E+02   6.0165E-05  0.3824
   1.0798E+02   1.1659E+02   5.0110E-05  0.3924
   1.1659E+02   1.2589E+02   3.8970E-05  0.4417
   1.2589E+02   1.3594E+02   2.7788E-05  0.4940
   1.3594E+02   1.4678E+02   1.9436E-05  0.6502
   1.4678E+02   1.5849E+02   1.5312E-05  0.7290
   1.5849E+02   1.7113E+02   8.8447E-06  0.6780
   1.7113E+02   1.8478E+02   5.6195E-06  0.8576
   1.8478E+02   1.9953E+02   3.9253E-06  0.9656
   1.9953E+02   2.1544E+02   1.4991E-06  0.9818
   2.1544E+02   2.3263E+02   5.4010E-07  0.9868
   2.3263E+02   2.5119E+02   1.7078E-07  0.9882
   2.5119E+02   2.7123E+02   4.4463E-08  0.9879
   2.7123E+02   2.9286E+02   1.0019E-08  0.9870
   2.9286E+02   3.1623E+02   1.9923E-09  0.9860
   3.1623E+02   3.4145E+02   3.4935E-10  0.9855
   3.4145E+02   3.6869E+02   5.2846E-11  1.0000
   3.6869E+02   3.9811E+02   5.9444E-12  1.0000
   3.9811E+02   4.2987E+02   0.0000E+00  0.0000
   4.2987E+02   4.6416E+02   0.0000E+00  0.0000
   4.6416E+02   5.0119E+02   0.0000E+00  0.0000
   5.0119E+02   5.4117E+02   0.0000E+00  0.0000
   5.4117E+02   5.8434E+02   0.0000E+00  0.0000
   5.8434E+02   6.3096E+02   0.0000E+00  0.0000
   6.3096E+02   6.8129E+02   0.0000E+00  0.0000
   6.8129E+02   7.3564E+02   0.0000E+00  0.0000
   7.3564E+02   7.9433E+02   0.0000E+00  0.0000
   7.9433E+02   8.5770E+02   0.0000E+00  0.0000
   8.5770E+02   9.2612E+02   0.0000E+00  0.0000
   9.2612E+02   1.0000E+03   0.0000E+00  0.0000
   1.0000E+03   1.0798E+03   0.0000E+00  0.0000
   1.0798E+03   1.1659E+03   0.0000E+00  0.0000
   1.1659E+03   1.2589E+03   0.0000E+00  0.0000
   1.2589E+03   1.3594E+03   0.0000E+00  0.0000
   1.3594E+03   1.4678E+03   0.0000E+00  0.0000
   1.4678E+03   1.5849E+03   0.0000E+00  0.0000
   1.5849E+03   1.7113E+03   0.0000E+00  0.0000
   1.7113E+03   1.8478E+03   0.0000E+00  0.0000
   1.8478E+03   1.9953E+03   0.0000E+00  0.0000
   1.9953E+03   2.1544E+03   0.0000E+00  0.0000
   2.1544E+03   2.3263E+03   0.0000E+00  0.0000
   2.3263E+03   2.5119E+03   0.0000E+00  0.0000
   2.5119E+03   2.7123E+03   0.0000E+00  0.0000
   2.7123E+03   2.9286E+03   0.0000E+00  0.0000
   2.9286E+03   3.1623E+03   0.0000E+00  0.0000
   3.1623E+03   3.4145E+03   0.0000E+00  0.0000
   3.4145E+03   3.6869E+03   0.0000E+00  0.0000
   3.6869E+03   3.9811E+03   0.0000E+00  0.0000
   3.9811E+03   4.2987E+03   0.0000E+00  0.0000
   4.2987E+03   4.6416E+03   0.0000E+00  0.0000
   4.6416E+03   5.0119E+03   0.0000E+00  0.0000
   5.0119E+03   5.4117E+03   0.0000E+00  0.0000
   5.4117E+03   5.8434E+03   0.0000E+00  0.0000
   5.8434E+03   6.3096E+03   0.0000E+00  0.0000
   6.3096E+03   6.8129E+03   0.0000E+00  0.0000
   6.8129E+03   7.3564E+03   0.0000E+00  0.0000
   7.3564E+03   7.9433E+03   0.0000E+00  0.0000
   7.9433E+03   8.5770E+03   0.0000E+00  0.0000
   8.5770E+03   9.2612E+03   0.0000E+00  0.0000
   9.2612E+03   1.0000E+04   0.0000E+00  0.0000

#          Frequency mean    7.8033E+00

'no. =  1,  reg  =      1'
msuc: {\huge microdosimetric_spectra_water_photon_PHITS}
msdr: {\it plotted by \ANGEL \version}
msdl: {\it calculated by \PHITS  3.32}
 
# Information for Restart Calculation
# This calculation was newly started
# istdev =  2 # 1:Batch variance, 2:History variance
# resc2  = 5.00000000000000000E+05 # Total source weight or Total source weight / maxcas
# resc3  = 5.00000000000000000E+05 # Total history number or Total batch number
# maxcas =      100000 # History / Batch, only used for istdev=1
# bitrseed = 1111000010101100000101101011010101111000000001010110000101000000 # bit data of rseed
