[ T-Deposit ]
    title = depth-dose distribution
     mesh =  r-z            # mesh type is r-z scoring mesh
       x0 =   0.000000      # center x-position of r-z mesh
       y0 =   0.000000      # center y-position of r-z mesh
   r-type =    2            # r-mesh is linear given by rmin, rmax and nr
     rmin =   0.000000      # minimum value of r-mesh points
     rmax =   1.000000      # maximum value of r-mesh points
#    rdel =   1.000000      # mesh width of r-mesh points
       nr =      1          # number of r-mesh points
#    data = ( r(i), i = 1, nr + 1 )
#           0.00000E+00  1.00000E+00
   z-type =    2            # z-mesh is linear given by zmin, zmax and nz
     zmin =  -2.500000      # minimum value of z-mesh points
     zmax =   2.500000      # maximum value of z-mesh points
#    zdel =  5.0000000E-03  # mesh width of z-mesh points
       nz =   1000          # number of z-mesh points
#    data = ( z(i), i = 1, nz + 1 )
#          -2.50000E+00 -2.49500E+00 -2.49000E+00 -2.48500E+00 -2.48000E+00
#          -2.47500E+00 -2.47000E+00 -2.46500E+00 -2.46000E+00 -2.45500E+00
#          -2.45000E+00 -2.44500E+00 -2.44000E+00 -2.43500E+00 -2.43000E+00
#          -2.42500E+00 -2.42000E+00 -2.41500E+00 -2.41000E+00 -2.40500E+00
#          -2.40000E+00 -2.39500E+00 -2.39000E+00 -2.38500E+00 -2.38000E+00
#          -2.37500E+00 -2.37000E+00 -2.36500E+00 -2.36000E+00 -2.35500E+00
#          -2.35000E+00 -2.34500E+00 -2.34000E+00 -2.33500E+00 -2.33000E+00
#          -2.32500E+00 -2.32000E+00 -2.31500E+00 -2.31000E+00 -2.30500E+00
#          -2.30000E+00 -2.29500E+00 -2.29000E+00 -2.28500E+00 -2.28000E+00
#          -2.27500E+00 -2.27000E+00 -2.26500E+00 -2.26000E+00 -2.25500E+00
#          -2.25000E+00 -2.24500E+00 -2.24000E+00 -2.23500E+00 -2.23000E+00
#          -2.22500E+00 -2.22000E+00 -2.21500E+00 -2.21000E+00 -2.20500E+00
#          -2.20000E+00 -2.19500E+00 -2.19000E+00 -2.18500E+00 -2.18000E+00
#          -2.17500E+00 -2.17000E+00 -2.16500E+00 -2.16000E+00 -2.15500E+00
#          -2.15000E+00 -2.14500E+00 -2.14000E+00 -2.13500E+00 -2.13000E+00
#          -2.12500E+00 -2.12000E+00 -2.11500E+00 -2.11000E+00 -2.10500E+00
#          -2.10000E+00 -2.09500E+00 -2.09000E+00 -2.08500E+00 -2.08000E+00
#          -2.07500E+00 -2.07000E+00 -2.06500E+00 -2.06000E+00 -2.05500E+00
#          -2.05000E+00 -2.04500E+00 -2.04000E+00 -2.03500E+00 -2.03000E+00
#          -2.02500E+00 -2.02000E+00 -2.01500E+00 -2.01000E+00 -2.00500E+00
#          -2.00000E+00 -1.99500E+00 -1.99000E+00 -1.98500E+00 -1.98000E+00
#          -1.97500E+00 -1.97000E+00 -1.96500E+00 -1.96000E+00 -1.95500E+00
#          -1.95000E+00 -1.94500E+00 -1.94000E+00 -1.93500E+00 -1.93000E+00
#          -1.92500E+00 -1.92000E+00 -1.91500E+00 -1.91000E+00 -1.90500E+00
#          -1.90000E+00 -1.89500E+00 -1.89000E+00 -1.88500E+00 -1.88000E+00
#          -1.87500E+00 -1.87000E+00 -1.86500E+00 -1.86000E+00 -1.85500E+00
#          -1.85000E+00 -1.84500E+00 -1.84000E+00 -1.83500E+00 -1.83000E+00
#          -1.82500E+00 -1.82000E+00 -1.81500E+00 -1.81000E+00 -1.80500E+00
#          -1.80000E+00 -1.79500E+00 -1.79000E+00 -1.78500E+00 -1.78000E+00
#          -1.77500E+00 -1.77000E+00 -1.76500E+00 -1.76000E+00 -1.75500E+00
#          -1.75000E+00 -1.74500E+00 -1.74000E+00 -1.73500E+00 -1.73000E+00
#          -1.72500E+00 -1.72000E+00 -1.71500E+00 -1.71000E+00 -1.70500E+00
#          -1.70000E+00 -1.69500E+00 -1.69000E+00 -1.68500E+00 -1.68000E+00
#          -1.67500E+00 -1.67000E+00 -1.66500E+00 -1.66000E+00 -1.65500E+00
#          -1.65000E+00 -1.64500E+00 -1.64000E+00 -1.63500E+00 -1.63000E+00
#          -1.62500E+00 -1.62000E+00 -1.61500E+00 -1.61000E+00 -1.60500E+00
#          -1.60000E+00 -1.59500E+00 -1.59000E+00 -1.58500E+00 -1.58000E+00
#          -1.57500E+00 -1.57000E+00 -1.56500E+00 -1.56000E+00 -1.55500E+00
#          -1.55000E+00 -1.54500E+00 -1.54000E+00 -1.53500E+00 -1.53000E+00
#          -1.52500E+00 -1.52000E+00 -1.51500E+00 -1.51000E+00 -1.50500E+00
#          -1.50000E+00 -1.49500E+00 -1.49000E+00 -1.48500E+00 -1.48000E+00
#          -1.47500E+00 -1.47000E+00 -1.46500E+00 -1.46000E+00 -1.45500E+00
#          -1.45000E+00 -1.44500E+00 -1.44000E+00 -1.43500E+00 -1.43000E+00
#          -1.42500E+00 -1.42000E+00 -1.41500E+00 -1.41000E+00 -1.40500E+00
#          -1.40000E+00 -1.39500E+00 -1.39000E+00 -1.38500E+00 -1.38000E+00
#          -1.37500E+00 -1.37000E+00 -1.36500E+00 -1.36000E+00 -1.35500E+00
#          -1.35000E+00 -1.34500E+00 -1.34000E+00 -1.33500E+00 -1.33000E+00
#          -1.32500E+00 -1.32000E+00 -1.31500E+00 -1.31000E+00 -1.30500E+00
#          -1.30000E+00 -1.29500E+00 -1.29000E+00 -1.28500E+00 -1.28000E+00
#          -1.27500E+00 -1.27000E+00 -1.26500E+00 -1.26000E+00 -1.25500E+00
#          -1.25000E+00 -1.24500E+00 -1.24000E+00 -1.23500E+00 -1.23000E+00
#          -1.22500E+00 -1.22000E+00 -1.21500E+00 -1.21000E+00 -1.20500E+00
#          -1.20000E+00 -1.19500E+00 -1.19000E+00 -1.18500E+00 -1.18000E+00
#          -1.17500E+00 -1.17000E+00 -1.16500E+00 -1.16000E+00 -1.15500E+00
#          -1.15000E+00 -1.14500E+00 -1.14000E+00 -1.13500E+00 -1.13000E+00
#          -1.12500E+00 -1.12000E+00 -1.11500E+00 -1.11000E+00 -1.10500E+00
#          -1.10000E+00 -1.09500E+00 -1.09000E+00 -1.08500E+00 -1.08000E+00
#          -1.07500E+00 -1.07000E+00 -1.06500E+00 -1.06000E+00 -1.05500E+00
#          -1.05000E+00 -1.04500E+00 -1.04000E+00 -1.03500E+00 -1.03000E+00
#          -1.02500E+00 -1.02000E+00 -1.01500E+00 -1.01000E+00 -1.00500E+00
#          -1.00000E+00 -9.95000E-01 -9.90000E-01 -9.85000E-01 -9.80000E-01
#          -9.75000E-01 -9.70000E-01 -9.65000E-01 -9.60000E-01 -9.55000E-01
#          -9.50000E-01 -9.45000E-01 -9.40000E-01 -9.35000E-01 -9.30000E-01
#          -9.25000E-01 -9.20000E-01 -9.15000E-01 -9.10000E-01 -9.05000E-01
#          -9.00000E-01 -8.95000E-01 -8.90000E-01 -8.85000E-01 -8.80000E-01
#          -8.75000E-01 -8.70000E-01 -8.65000E-01 -8.60000E-01 -8.55000E-01
#          -8.50000E-01 -8.45000E-01 -8.40000E-01 -8.35000E-01 -8.30000E-01
#          -8.25000E-01 -8.20000E-01 -8.15000E-01 -8.10000E-01 -8.05000E-01
#          -8.00000E-01 -7.95000E-01 -7.90000E-01 -7.85000E-01 -7.80000E-01
#          -7.75000E-01 -7.70000E-01 -7.65000E-01 -7.60000E-01 -7.55000E-01
#          -7.50000E-01 -7.45000E-01 -7.40000E-01 -7.35000E-01 -7.30000E-01
#          -7.25000E-01 -7.20000E-01 -7.15000E-01 -7.10000E-01 -7.05000E-01
#          -7.00000E-01 -6.95000E-01 -6.90000E-01 -6.85000E-01 -6.80000E-01
#          -6.75000E-01 -6.70000E-01 -6.65000E-01 -6.60000E-01 -6.55000E-01
#          -6.50000E-01 -6.45000E-01 -6.40000E-01 -6.35000E-01 -6.30000E-01
#          -6.25000E-01 -6.20000E-01 -6.15000E-01 -6.10000E-01 -6.05000E-01
#          -6.00000E-01 -5.95000E-01 -5.90000E-01 -5.85000E-01 -5.80000E-01
#          -5.75000E-01 -5.70000E-01 -5.65000E-01 -5.60000E-01 -5.55000E-01
#          -5.50000E-01 -5.45000E-01 -5.40000E-01 -5.35000E-01 -5.30000E-01
#          -5.25000E-01 -5.20000E-01 -5.15000E-01 -5.10000E-01 -5.05000E-01
#          -5.00000E-01 -4.95000E-01 -4.90000E-01 -4.85000E-01 -4.80000E-01
#          -4.75000E-01 -4.70000E-01 -4.65000E-01 -4.60000E-01 -4.55000E-01
#          -4.50000E-01 -4.45000E-01 -4.40000E-01 -4.35000E-01 -4.30000E-01
#          -4.25000E-01 -4.20000E-01 -4.15000E-01 -4.10000E-01 -4.05000E-01
#          -4.00000E-01 -3.95000E-01 -3.90000E-01 -3.85000E-01 -3.80000E-01
#          -3.75000E-01 -3.70000E-01 -3.65000E-01 -3.60000E-01 -3.55000E-01
#          -3.50000E-01 -3.45000E-01 -3.40000E-01 -3.35000E-01 -3.30000E-01
#          -3.25000E-01 -3.20000E-01 -3.15000E-01 -3.10000E-01 -3.05000E-01
#          -3.00000E-01 -2.95000E-01 -2.90000E-01 -2.85000E-01 -2.80000E-01
#          -2.75000E-01 -2.70000E-01 -2.65000E-01 -2.60000E-01 -2.55000E-01
#          -2.50000E-01 -2.45000E-01 -2.40000E-01 -2.35000E-01 -2.30000E-01
#          -2.25000E-01 -2.20000E-01 -2.15000E-01 -2.10000E-01 -2.05000E-01
#          -2.00000E-01 -1.95000E-01 -1.90000E-01 -1.85000E-01 -1.80000E-01
#          -1.75000E-01 -1.70000E-01 -1.65000E-01 -1.60000E-01 -1.55000E-01
#          -1.50000E-01 -1.45000E-01 -1.40000E-01 -1.35000E-01 -1.30000E-01
#          -1.25000E-01 -1.20000E-01 -1.15000E-01 -1.10000E-01 -1.05000E-01
#          -1.00000E-01 -9.50000E-02 -9.00000E-02 -8.50000E-02 -8.00000E-02
#          -7.50000E-02 -7.00000E-02 -6.50000E-02 -6.00000E-02 -5.50000E-02
#          -5.00000E-02 -4.50000E-02 -4.00000E-02 -3.50000E-02 -3.00000E-02
#          -2.50000E-02 -2.00000E-02 -1.50000E-02 -1.00000E-02 -5.00000E-03
#           0.00000E+00  5.00000E-03  1.00000E-02  1.50000E-02  2.00000E-02
#           2.50000E-02  3.00000E-02  3.50000E-02  4.00000E-02  4.50000E-02
#           5.00000E-02  5.50000E-02  6.00000E-02  6.50000E-02  7.00000E-02
#           7.50000E-02  8.00000E-02  8.50000E-02  9.00000E-02  9.50000E-02
#           1.00000E-01  1.05000E-01  1.10000E-01  1.15000E-01  1.20000E-01
#           1.25000E-01  1.30000E-01  1.35000E-01  1.40000E-01  1.45000E-01
#           1.50000E-01  1.55000E-01  1.60000E-01  1.65000E-01  1.70000E-01
#           1.75000E-01  1.80000E-01  1.85000E-01  1.90000E-01  1.95000E-01
#           2.00000E-01  2.05000E-01  2.10000E-01  2.15000E-01  2.20000E-01
#           2.25000E-01  2.30000E-01  2.35000E-01  2.40000E-01  2.45000E-01
#           2.50000E-01  2.55000E-01  2.60000E-01  2.65000E-01  2.70000E-01
#           2.75000E-01  2.80000E-01  2.85000E-01  2.90000E-01  2.95000E-01
#           3.00000E-01  3.05000E-01  3.10000E-01  3.15000E-01  3.20000E-01
#           3.25000E-01  3.30000E-01  3.35000E-01  3.40000E-01  3.45000E-01
#           3.50000E-01  3.55000E-01  3.60000E-01  3.65000E-01  3.70000E-01
#           3.75000E-01  3.80000E-01  3.85000E-01  3.90000E-01  3.95000E-01
#           4.00000E-01  4.05000E-01  4.10000E-01  4.15000E-01  4.20000E-01
#           4.25000E-01  4.30000E-01  4.35000E-01  4.40000E-01  4.45000E-01
#           4.50000E-01  4.55000E-01  4.60000E-01  4.65000E-01  4.70000E-01
#           4.75000E-01  4.80000E-01  4.85000E-01  4.90000E-01  4.95000E-01
#           5.00000E-01  5.05000E-01  5.10000E-01  5.15000E-01  5.20000E-01
#           5.25000E-01  5.30000E-01  5.35000E-01  5.40000E-01  5.45000E-01
#           5.50000E-01  5.55000E-01  5.60000E-01  5.65000E-01  5.70000E-01
#           5.75000E-01  5.80000E-01  5.85000E-01  5.90000E-01  5.95000E-01
#           6.00000E-01  6.05000E-01  6.10000E-01  6.15000E-01  6.20000E-01
#           6.25000E-01  6.30000E-01  6.35000E-01  6.40000E-01  6.45000E-01
#           6.50000E-01  6.55000E-01  6.60000E-01  6.65000E-01  6.70000E-01
#           6.75000E-01  6.80000E-01  6.85000E-01  6.90000E-01  6.95000E-01
#           7.00000E-01  7.05000E-01  7.10000E-01  7.15000E-01  7.20000E-01
#           7.25000E-01  7.30000E-01  7.35000E-01  7.40000E-01  7.45000E-01
#           7.50000E-01  7.55000E-01  7.60000E-01  7.65000E-01  7.70000E-01
#           7.75000E-01  7.80000E-01  7.85000E-01  7.90000E-01  7.95000E-01
#           8.00000E-01  8.05000E-01  8.10000E-01  8.15000E-01  8.20000E-01
#           8.25000E-01  8.30000E-01  8.35000E-01  8.40000E-01  8.45000E-01
#           8.50000E-01  8.55000E-01  8.60000E-01  8.65000E-01  8.70000E-01
#           8.75000E-01  8.80000E-01  8.85000E-01  8.90000E-01  8.95000E-01
#           9.00000E-01  9.05000E-01  9.10000E-01  9.15000E-01  9.20000E-01
#           9.25000E-01  9.30000E-01  9.35000E-01  9.40000E-01  9.45000E-01
#           9.50000E-01  9.55000E-01  9.60000E-01  9.65000E-01  9.70000E-01
#           9.75000E-01  9.80000E-01  9.85000E-01  9.90000E-01  9.95000E-01
#           1.00000E+00  1.00500E+00  1.01000E+00  1.01500E+00  1.02000E+00
#           1.02500E+00  1.03000E+00  1.03500E+00  1.04000E+00  1.04500E+00
#           1.05000E+00  1.05500E+00  1.06000E+00  1.06500E+00  1.07000E+00
#           1.07500E+00  1.08000E+00  1.08500E+00  1.09000E+00  1.09500E+00
#           1.10000E+00  1.10500E+00  1.11000E+00  1.11500E+00  1.12000E+00
#           1.12500E+00  1.13000E+00  1.13500E+00  1.14000E+00  1.14500E+00
#           1.15000E+00  1.15500E+00  1.16000E+00  1.16500E+00  1.17000E+00
#           1.17500E+00  1.18000E+00  1.18500E+00  1.19000E+00  1.19500E+00
#           1.20000E+00  1.20500E+00  1.21000E+00  1.21500E+00  1.22000E+00
#           1.22500E+00  1.23000E+00  1.23500E+00  1.24000E+00  1.24500E+00
#           1.25000E+00  1.25500E+00  1.26000E+00  1.26500E+00  1.27000E+00
#           1.27500E+00  1.28000E+00  1.28500E+00  1.29000E+00  1.29500E+00
#           1.30000E+00  1.30500E+00  1.31000E+00  1.31500E+00  1.32000E+00
#           1.32500E+00  1.33000E+00  1.33500E+00  1.34000E+00  1.34500E+00
#           1.35000E+00  1.35500E+00  1.36000E+00  1.36500E+00  1.37000E+00
#           1.37500E+00  1.38000E+00  1.38500E+00  1.39000E+00  1.39500E+00
#           1.40000E+00  1.40500E+00  1.41000E+00  1.41500E+00  1.42000E+00
#           1.42500E+00  1.43000E+00  1.43500E+00  1.44000E+00  1.44500E+00
#           1.45000E+00  1.45500E+00  1.46000E+00  1.46500E+00  1.47000E+00
#           1.47500E+00  1.48000E+00  1.48500E+00  1.49000E+00  1.49500E+00
#           1.50000E+00  1.50500E+00  1.51000E+00  1.51500E+00  1.52000E+00
#           1.52500E+00  1.53000E+00  1.53500E+00  1.54000E+00  1.54500E+00
#           1.55000E+00  1.55500E+00  1.56000E+00  1.56500E+00  1.57000E+00
#           1.57500E+00  1.58000E+00  1.58500E+00  1.59000E+00  1.59500E+00
#           1.60000E+00  1.60500E+00  1.61000E+00  1.61500E+00  1.62000E+00
#           1.62500E+00  1.63000E+00  1.63500E+00  1.64000E+00  1.64500E+00
#           1.65000E+00  1.65500E+00  1.66000E+00  1.66500E+00  1.67000E+00
#           1.67500E+00  1.68000E+00  1.68500E+00  1.69000E+00  1.69500E+00
#           1.70000E+00  1.70500E+00  1.71000E+00  1.71500E+00  1.72000E+00
#           1.72500E+00  1.73000E+00  1.73500E+00  1.74000E+00  1.74500E+00
#           1.75000E+00  1.75500E+00  1.76000E+00  1.76500E+00  1.77000E+00
#           1.77500E+00  1.78000E+00  1.78500E+00  1.79000E+00  1.79500E+00
#           1.80000E+00  1.80500E+00  1.81000E+00  1.81500E+00  1.82000E+00
#           1.82500E+00  1.83000E+00  1.83500E+00  1.84000E+00  1.84500E+00
#           1.85000E+00  1.85500E+00  1.86000E+00  1.86500E+00  1.87000E+00
#           1.87500E+00  1.88000E+00  1.88500E+00  1.89000E+00  1.89500E+00
#           1.90000E+00  1.90500E+00  1.91000E+00  1.91500E+00  1.92000E+00
#           1.92500E+00  1.93000E+00  1.93500E+00  1.94000E+00  1.94500E+00
#           1.95000E+00  1.95500E+00  1.96000E+00  1.96500E+00  1.97000E+00
#           1.97500E+00  1.98000E+00  1.98500E+00  1.99000E+00  1.99500E+00
#           2.00000E+00  2.00500E+00  2.01000E+00  2.01500E+00  2.02000E+00
#           2.02500E+00  2.03000E+00  2.03500E+00  2.04000E+00  2.04500E+00
#           2.05000E+00  2.05500E+00  2.06000E+00  2.06500E+00  2.07000E+00
#           2.07500E+00  2.08000E+00  2.08500E+00  2.09000E+00  2.09500E+00
#           2.10000E+00  2.10500E+00  2.11000E+00  2.11500E+00  2.12000E+00
#           2.12500E+00  2.13000E+00  2.13500E+00  2.14000E+00  2.14500E+00
#           2.15000E+00  2.15500E+00  2.16000E+00  2.16500E+00  2.17000E+00
#           2.17500E+00  2.18000E+00  2.18500E+00  2.19000E+00  2.19500E+00
#           2.20000E+00  2.20500E+00  2.21000E+00  2.21500E+00  2.22000E+00
#           2.22500E+00  2.23000E+00  2.23500E+00  2.24000E+00  2.24500E+00
#           2.25000E+00  2.25500E+00  2.26000E+00  2.26500E+00  2.27000E+00
#           2.27500E+00  2.28000E+00  2.28500E+00  2.29000E+00  2.29500E+00
#           2.30000E+00  2.30500E+00  2.31000E+00  2.31500E+00  2.32000E+00
#           2.32500E+00  2.33000E+00  2.33500E+00  2.34000E+00  2.34500E+00
#           2.35000E+00  2.35500E+00  2.36000E+00  2.36500E+00  2.37000E+00
#           2.37500E+00  2.38000E+00  2.38500E+00  2.39000E+00  2.39500E+00
#           2.40000E+00  2.40500E+00  2.41000E+00  2.41500E+00  2.42000E+00
#           2.42500E+00  2.43000E+00  2.43500E+00  2.44000E+00  2.44500E+00
#           2.45000E+00  2.45500E+00  2.46000E+00  2.46500E+00  2.47000E+00
#           2.47500E+00  2.48000E+00  2.48500E+00  2.49000E+00  2.49500E+00
#           2.50000E+00
     unit =    2            # unit is [MeV/source)]
   letmat =    0            # (D=0) mat ID for LET, 0:real mat, <0: electron for H2O
  dedxfnc =    0            # (D=0) user defined multiplier, 0(no), 1, 2
 material =  all            # (D=all) number of specific material
   output =  dose           # total deposit energy
  deposit =    0            # (D=0) 0-> total deposit dist, 1-> each process
     axis =     z           # axis of output
     file = dose.out        # file name of output for the above axis
     part =  all      
# kf/name :  0        
   epsout =    1            # (D=0) generate eps file by ANGEL
#    used :        main (  %)        temp (  %)       total (  %)
#  memory :        1006 (  0)           0 (  0)        1006 (  0)

#------------------------------------------------------------------------------
#newpage:
#   no. =  1   ir  =  1
#   r = (   0.0000E+00  -   1.0000E+00  )

x: z [cm]
y: Dose [MeV/source]     
p: xlin ylog afac(0.8) form(0.9)
h: n            x            y(all     ),hh0l n 
#  z-lower      z-upper        all       r.err 
  -2.5000E+00  -2.4950E+00   7.7860E-02  0.0007
  -2.4950E+00  -2.4900E+00   7.8378E-02  0.0008
  -2.4900E+00  -2.4850E+00   7.8841E-02  0.0008
  -2.4850E+00  -2.4800E+00   7.9317E-02  0.0008
  -2.4800E+00  -2.4750E+00   7.9763E-02  0.0008
  -2.4750E+00  -2.4700E+00   8.0248E-02  0.0008
  -2.4700E+00  -2.4650E+00   8.0720E-02  0.0008
  -2.4650E+00  -2.4600E+00   8.1187E-02  0.0008
  -2.4600E+00  -2.4550E+00   8.1681E-02  0.0008
  -2.4550E+00  -2.4500E+00   8.2195E-02  0.0008
  -2.4500E+00  -2.4450E+00   8.2735E-02  0.0008
  -2.4450E+00  -2.4400E+00   8.3204E-02  0.0008
  -2.4400E+00  -2.4350E+00   8.3742E-02  0.0008
  -2.4350E+00  -2.4300E+00   8.4265E-02  0.0008
  -2.4300E+00  -2.4250E+00   8.4810E-02  0.0008
  -2.4250E+00  -2.4200E+00   8.5381E-02  0.0008
  -2.4200E+00  -2.4150E+00   8.5953E-02  0.0008
  -2.4150E+00  -2.4100E+00   8.6558E-02  0.0008
  -2.4100E+00  -2.4050E+00   8.7107E-02  0.0008
  -2.4050E+00  -2.4000E+00   8.7708E-02  0.0008
  -2.4000E+00  -2.3950E+00   8.8302E-02  0.0008
  -2.3950E+00  -2.3900E+00   8.8902E-02  0.0008
  -2.3900E+00  -2.3850E+00   8.9557E-02  0.0008
  -2.3850E+00  -2.3800E+00   9.0240E-02  0.0008
  -2.3800E+00  -2.3750E+00   9.0898E-02  0.0008
  -2.3750E+00  -2.3700E+00   9.1560E-02  0.0008
  -2.3700E+00  -2.3650E+00   9.2281E-02  0.0008
  -2.3650E+00  -2.3600E+00   9.3007E-02  0.0008
  -2.3600E+00  -2.3550E+00   9.3746E-02  0.0008
  -2.3550E+00  -2.3500E+00   9.4522E-02  0.0008
  -2.3500E+00  -2.3450E+00   9.5331E-02  0.0008
  -2.3450E+00  -2.3400E+00   9.6154E-02  0.0008
  -2.3400E+00  -2.3350E+00   9.6989E-02  0.0007
  -2.3350E+00  -2.3300E+00   9.7872E-02  0.0008
  -2.3300E+00  -2.3250E+00   9.8782E-02  0.0008
  -2.3250E+00  -2.3200E+00   9.9737E-02  0.0008
  -2.3200E+00  -2.3150E+00   1.0071E-01  0.0008
  -2.3150E+00  -2.3100E+00   1.0170E-01  0.0008
  -2.3100E+00  -2.3050E+00   1.0273E-01  0.0007
  -2.3050E+00  -2.3000E+00   1.0383E-01  0.0007
  -2.3000E+00  -2.2950E+00   1.0493E-01  0.0007
  -2.2950E+00  -2.2900E+00   1.0611E-01  0.0007
  -2.2900E+00  -2.2850E+00   1.0733E-01  0.0007
  -2.2850E+00  -2.2800E+00   1.0864E-01  0.0008
  -2.2800E+00  -2.2750E+00   1.0995E-01  0.0007
  -2.2750E+00  -2.2700E+00   1.1136E-01  0.0007
  -2.2700E+00  -2.2650E+00   1.1281E-01  0.0007
  -2.2650E+00  -2.2600E+00   1.1435E-01  0.0007
  -2.2600E+00  -2.2550E+00   1.1597E-01  0.0007
  -2.2550E+00  -2.2500E+00   1.1768E-01  0.0007
  -2.2500E+00  -2.2450E+00   1.1951E-01  0.0007
  -2.2450E+00  -2.2400E+00   1.2141E-01  0.0007
  -2.2400E+00  -2.2350E+00   1.2344E-01  0.0007
  -2.2350E+00  -2.2300E+00   1.2564E-01  0.0007
  -2.2300E+00  -2.2250E+00   1.2809E-01  0.0007
  -2.2250E+00  -2.2200E+00   1.3068E-01  0.0007
  -2.2200E+00  -2.2150E+00   1.3349E-01  0.0007
  -2.2150E+00  -2.2100E+00   1.3650E-01  0.0007
  -2.2100E+00  -2.2050E+00   1.3979E-01  0.0007
  -2.2050E+00  -2.2000E+00   1.4336E-01  0.0007
  -2.2000E+00  -2.1950E+00   1.4727E-01  0.0007
  -2.1950E+00  -2.1900E+00   1.5161E-01  0.0007
  -2.1900E+00  -2.1850E+00   1.5641E-01  0.0007
  -2.1850E+00  -2.1800E+00   1.6179E-01  0.0007
  -2.1800E+00  -2.1750E+00   1.6785E-01  0.0007
  -2.1750E+00  -2.1700E+00   1.7477E-01  0.0007
  -2.1700E+00  -2.1650E+00   1.8271E-01  0.0007
  -2.1650E+00  -2.1600E+00   1.9201E-01  0.0007
  -2.1600E+00  -2.1550E+00   2.0315E-01  0.0007
  -2.1550E+00  -2.1500E+00   2.1684E-01  0.0007
  -2.1500E+00  -2.1450E+00   2.3404E-01  0.0007
  -2.1450E+00  -2.1400E+00   2.5641E-01  0.0007
  -2.1400E+00  -2.1350E+00   2.8778E-01  0.0007
  -2.1350E+00  -2.1300E+00   3.3904E-01  0.0007
  -2.1300E+00  -2.1250E+00   4.4908E-01  0.0007
  -2.1250E+00  -2.1200E+00   4.3764E-01  0.0007
  -2.1200E+00  -2.1150E+00   7.9821E-05  0.0276
  -2.1150E+00  -2.1100E+00   7.9669E-05  0.0363
  -2.1100E+00  -2.1050E+00   7.7972E-05  0.0294
  -2.1050E+00  -2.1000E+00   8.1365E-05  0.0451
  -2.1000E+00  -2.0950E+00   7.7742E-05  0.0280
  -2.0950E+00  -2.0900E+00   7.2321E-05  0.0283
  -2.0900E+00  -2.0850E+00   6.9977E-05  0.0289
  -2.0850E+00  -2.0800E+00   7.2446E-05  0.0408
  -2.0800E+00  -2.0750E+00   6.9222E-05  0.0290
  -2.0750E+00  -2.0700E+00   6.7846E-05  0.0292
  -2.0700E+00  -2.0650E+00   6.8857E-05  0.0296
  -2.0650E+00  -2.0600E+00   6.4023E-05  0.0306
  -2.0600E+00  -2.0550E+00   6.3590E-05  0.0320
  -2.0550E+00  -2.0500E+00   6.4649E-05  0.0323
  -2.0500E+00  -2.0450E+00   6.4277E-05  0.0301
  -2.0450E+00  -2.0400E+00   6.2898E-05  0.0299
  -2.0400E+00  -2.0350E+00   6.4673E-05  0.0321
  -2.0350E+00  -2.0300E+00   6.5363E-05  0.0456
  -2.0300E+00  -2.0250E+00   5.9456E-05  0.0324
  -2.0250E+00  -2.0200E+00   6.0247E-05  0.0359
  -2.0200E+00  -2.0150E+00   6.1657E-05  0.0370
  -2.0150E+00  -2.0100E+00   5.7584E-05  0.0352
  -2.0100E+00  -2.0050E+00   5.7774E-05  0.0321
  -2.0050E+00  -2.0000E+00   5.8579E-05  0.0357
  -2.0000E+00  -1.9950E+00   5.7713E-05  0.0318
  -1.9950E+00  -1.9900E+00   6.0029E-05  0.0364
  -1.9900E+00  -1.9850E+00   6.1653E-05  0.0490
  -1.9850E+00  -1.9800E+00   5.7386E-05  0.0424
  -1.9800E+00  -1.9750E+00   5.9015E-05  0.0340
  -1.9750E+00  -1.9700E+00   5.7189E-05  0.0324
  -1.9700E+00  -1.9650E+00   5.6301E-05  0.0332
  -1.9650E+00  -1.9600E+00   5.7068E-05  0.0356
  -1.9600E+00  -1.9550E+00   5.3013E-05  0.0330
  -1.9550E+00  -1.9500E+00   5.4758E-05  0.0337
  -1.9500E+00  -1.9450E+00   5.1410E-05  0.0328
  -1.9450E+00  -1.9400E+00   5.0883E-05  0.0337
  -1.9400E+00  -1.9350E+00   4.9356E-05  0.0333
  -1.9350E+00  -1.9300E+00   5.1901E-05  0.0345
  -1.9300E+00  -1.9250E+00   5.2499E-05  0.0359
  -1.9250E+00  -1.9200E+00   5.0678E-05  0.0348
  -1.9200E+00  -1.9150E+00   4.9730E-05  0.0353
  -1.9150E+00  -1.9100E+00   4.8690E-05  0.0350
  -1.9100E+00  -1.9050E+00   4.8394E-05  0.0357
  -1.9050E+00  -1.9000E+00   4.9742E-05  0.0384
  -1.9000E+00  -1.8950E+00   4.8030E-05  0.0364
  -1.8950E+00  -1.8900E+00   4.6537E-05  0.0334
  -1.8900E+00  -1.8850E+00   4.7225E-05  0.0392
  -1.8850E+00  -1.8800E+00   4.6485E-05  0.0371
  -1.8800E+00  -1.8750E+00   5.1275E-05  0.0471
  -1.8750E+00  -1.8700E+00   4.8042E-05  0.0434
  -1.8700E+00  -1.8650E+00   4.4975E-05  0.0350
  -1.8650E+00  -1.8600E+00   4.3910E-05  0.0395
  -1.8600E+00  -1.8550E+00   4.4530E-05  0.0385
  -1.8550E+00  -1.8500E+00   4.7390E-05  0.0382
  -1.8500E+00  -1.8450E+00   4.3988E-05  0.0362
  -1.8450E+00  -1.8400E+00   4.6727E-05  0.0360
  -1.8400E+00  -1.8350E+00   5.0082E-05  0.0616
  -1.8350E+00  -1.8300E+00   4.8113E-05  0.0465
  -1.8300E+00  -1.8250E+00   4.5843E-05  0.0487
  -1.8250E+00  -1.8200E+00   4.6335E-05  0.0382
  -1.8200E+00  -1.8150E+00   4.6733E-05  0.0376
  -1.8150E+00  -1.8100E+00   4.7734E-05  0.0394
  -1.8100E+00  -1.8050E+00   4.6892E-05  0.0363
  -1.8050E+00  -1.8000E+00   4.1975E-05  0.0382
  -1.8000E+00  -1.7950E+00   4.2998E-05  0.0405
  -1.7950E+00  -1.7900E+00   4.1310E-05  0.0433
  -1.7900E+00  -1.7850E+00   4.1705E-05  0.0397
  -1.7850E+00  -1.7800E+00   4.4733E-05  0.0494
  -1.7800E+00  -1.7750E+00   4.3403E-05  0.0485
  -1.7750E+00  -1.7700E+00   4.3005E-05  0.0483
  -1.7700E+00  -1.7650E+00   4.0395E-05  0.0414
  -1.7650E+00  -1.7600E+00   3.8488E-05  0.0385
  -1.7600E+00  -1.7550E+00   3.8504E-05  0.0415
  -1.7550E+00  -1.7500E+00   3.9037E-05  0.0396
  -1.7500E+00  -1.7450E+00   3.8314E-05  0.0398
  -1.7450E+00  -1.7400E+00   4.1697E-05  0.0519
  -1.7400E+00  -1.7350E+00   4.1020E-05  0.0528
  -1.7350E+00  -1.7300E+00   4.3166E-05  0.0475
  -1.7300E+00  -1.7250E+00   4.1783E-05  0.0497
  -1.7250E+00  -1.7200E+00   4.1177E-05  0.0553
  -1.7200E+00  -1.7150E+00   3.8822E-05  0.0420
  -1.7150E+00  -1.7100E+00   4.0426E-05  0.0381
  -1.7100E+00  -1.7050E+00   3.9488E-05  0.0390
  -1.7050E+00  -1.7000E+00   3.6392E-05  0.0420
  -1.7000E+00  -1.6950E+00   3.8141E-05  0.0422
  -1.6950E+00  -1.6900E+00   3.7428E-05  0.0413
  -1.6900E+00  -1.6850E+00   3.6601E-05  0.0464
  -1.6850E+00  -1.6800E+00   3.8720E-05  0.0661
  -1.6800E+00  -1.6750E+00   3.7331E-05  0.0448
  -1.6750E+00  -1.6700E+00   3.9267E-05  0.0459
  -1.6700E+00  -1.6650E+00   4.0666E-05  0.0580
  -1.6650E+00  -1.6600E+00   3.8195E-05  0.0479
  -1.6600E+00  -1.6550E+00   3.6106E-05  0.0458
  -1.6550E+00  -1.6500E+00   3.7656E-05  0.0434
  -1.6500E+00  -1.6450E+00   3.9030E-05  0.0506
  -1.6450E+00  -1.6400E+00   3.5413E-05  0.0467
  -1.6400E+00  -1.6350E+00   3.1935E-05  0.0427
  -1.6350E+00  -1.6300E+00   3.3499E-05  0.0430
  -1.6300E+00  -1.6250E+00   3.1756E-05  0.0437
  -1.6250E+00  -1.6200E+00   3.1873E-05  0.0419
  -1.6200E+00  -1.6150E+00   3.2683E-05  0.0420
  -1.6150E+00  -1.6100E+00   3.3847E-05  0.0432
  -1.6100E+00  -1.6050E+00   3.0352E-05  0.0430
  -1.6050E+00  -1.6000E+00   3.0697E-05  0.0431
  -1.6000E+00  -1.5950E+00   3.0997E-05  0.0430
  -1.5950E+00  -1.5900E+00   3.1746E-05  0.0630
  -1.5900E+00  -1.5850E+00   2.9800E-05  0.0429
  -1.5850E+00  -1.5800E+00   3.1522E-05  0.0483
  -1.5800E+00  -1.5750E+00   3.1522E-05  0.0503
  -1.5750E+00  -1.5700E+00   3.3523E-05  0.0479
  -1.5700E+00  -1.5650E+00   3.2659E-05  0.0433
  -1.5650E+00  -1.5600E+00   3.5575E-05  0.0829
  -1.5600E+00  -1.5550E+00   3.2675E-05  0.0480
  -1.5550E+00  -1.5500E+00   3.2863E-05  0.0473
  -1.5500E+00  -1.5450E+00   3.2760E-05  0.0467
  -1.5450E+00  -1.5400E+00   3.7996E-05  0.0716
  -1.5400E+00  -1.5350E+00   3.6382E-05  0.0561
  -1.5350E+00  -1.5300E+00   3.4618E-05  0.0512
  -1.5300E+00  -1.5250E+00   3.3416E-05  0.0529
  -1.5250E+00  -1.5200E+00   3.3720E-05  0.0506
  -1.5200E+00  -1.5150E+00   3.3390E-05  0.0459
  -1.5150E+00  -1.5100E+00   3.3472E-05  0.0492
  -1.5100E+00  -1.5050E+00   3.0032E-05  0.0510
  -1.5050E+00  -1.5000E+00   2.9367E-05  0.0500
  -1.5000E+00  -1.4950E+00   3.0810E-05  0.0589
  -1.4950E+00  -1.4900E+00   3.1953E-05  0.0600
  -1.4900E+00  -1.4850E+00   3.0185E-05  0.0461
  -1.4850E+00  -1.4800E+00   2.8872E-05  0.0461
  -1.4800E+00  -1.4750E+00   3.0213E-05  0.0556
  -1.4750E+00  -1.4700E+00   3.0978E-05  0.0543
  -1.4700E+00  -1.4650E+00   2.9881E-05  0.0638
  -1.4650E+00  -1.4600E+00   2.6678E-05  0.0507
  -1.4600E+00  -1.4550E+00   2.7242E-05  0.0640
  -1.4550E+00  -1.4500E+00   2.5949E-05  0.0560
  -1.4500E+00  -1.4450E+00   2.5384E-05  0.0560
  -1.4450E+00  -1.4400E+00   2.7013E-05  0.0622
  -1.4400E+00  -1.4350E+00   2.5555E-05  0.0448
  -1.4350E+00  -1.4300E+00   2.6762E-05  0.0454
  -1.4300E+00  -1.4250E+00   2.8525E-05  0.0454
  -1.4250E+00  -1.4200E+00   2.9696E-05  0.0463
  -1.4200E+00  -1.4150E+00   2.8630E-05  0.0486
  -1.4150E+00  -1.4100E+00   2.6806E-05  0.0504
  -1.4100E+00  -1.4050E+00   2.7313E-05  0.0468
  -1.4050E+00  -1.4000E+00   2.4652E-05  0.0488
  -1.4000E+00  -1.3950E+00   2.7243E-05  0.0494
  -1.3950E+00  -1.3900E+00   2.7341E-05  0.0513
  -1.3900E+00  -1.3850E+00   2.8229E-05  0.0597
  -1.3850E+00  -1.3800E+00   2.7870E-05  0.0477
  -1.3800E+00  -1.3750E+00   2.6773E-05  0.0514
  -1.3750E+00  -1.3700E+00   2.7238E-05  0.0572
  -1.3700E+00  -1.3650E+00   2.7806E-05  0.0539
  -1.3650E+00  -1.3600E+00   2.7301E-05  0.0537
  -1.3600E+00  -1.3550E+00   2.7208E-05  0.0495
  -1.3550E+00  -1.3500E+00   2.5497E-05  0.0471
  -1.3500E+00  -1.3450E+00   2.4251E-05  0.0497
  -1.3450E+00  -1.3400E+00   2.5047E-05  0.0465
  -1.3400E+00  -1.3350E+00   2.6478E-05  0.0488
  -1.3350E+00  -1.3300E+00   2.5808E-05  0.0498
  -1.3300E+00  -1.3250E+00   2.6617E-05  0.0522
  -1.3250E+00  -1.3200E+00   2.4906E-05  0.0543
  -1.3200E+00  -1.3150E+00   2.4132E-05  0.0508
  -1.3150E+00  -1.3100E+00   2.2957E-05  0.0524
  -1.3100E+00  -1.3050E+00   2.2751E-05  0.0499
  -1.3050E+00  -1.3000E+00   2.2415E-05  0.0503
  -1.3000E+00  -1.2950E+00   2.4800E-05  0.0576
  -1.2950E+00  -1.2900E+00   2.7247E-05  0.0629
  -1.2900E+00  -1.2850E+00   2.5507E-05  0.0535
  -1.2850E+00  -1.2800E+00   2.4481E-05  0.0484
  -1.2800E+00  -1.2750E+00   2.4399E-05  0.0498
  -1.2750E+00  -1.2700E+00   2.3595E-05  0.0484
  -1.2700E+00  -1.2650E+00   2.3245E-05  0.0503
  -1.2650E+00  -1.2600E+00   2.5993E-05  0.0518
  -1.2600E+00  -1.2550E+00   2.6082E-05  0.0541
  -1.2550E+00  -1.2500E+00   2.5277E-05  0.0600
  -1.2500E+00  -1.2450E+00   2.3747E-05  0.0552
  -1.2450E+00  -1.2400E+00   2.3232E-05  0.0584
  -1.2400E+00  -1.2350E+00   2.3165E-05  0.0507
  -1.2350E+00  -1.2300E+00   2.1021E-05  0.0537
  -1.2300E+00  -1.2250E+00   2.0564E-05  0.0559
  -1.2250E+00  -1.2200E+00   2.0690E-05  0.0562
  -1.2200E+00  -1.2150E+00   2.1937E-05  0.0561
  -1.2150E+00  -1.2100E+00   2.2570E-05  0.0581
  -1.2100E+00  -1.2050E+00   2.1405E-05  0.0609
  -1.2050E+00  -1.2000E+00   2.1838E-05  0.0666
  -1.2000E+00  -1.1950E+00   2.3110E-05  0.0627
  -1.1950E+00  -1.1900E+00   2.2131E-05  0.0617
  -1.1900E+00  -1.1850E+00   2.4348E-05  0.0940
  -1.1850E+00  -1.1800E+00   2.3055E-05  0.0591
  -1.1800E+00  -1.1750E+00   2.3767E-05  0.0746
  -1.1750E+00  -1.1700E+00   2.2535E-05  0.0610
  -1.1700E+00  -1.1650E+00   2.3509E-05  0.0622
  -1.1650E+00  -1.1600E+00   2.1964E-05  0.0665
  -1.1600E+00  -1.1550E+00   2.0588E-05  0.0588
  -1.1550E+00  -1.1500E+00   2.0295E-05  0.0575
  -1.1500E+00  -1.1450E+00   2.0997E-05  0.0611
  -1.1450E+00  -1.1400E+00   2.0805E-05  0.0689
  -1.1400E+00  -1.1350E+00   2.0938E-05  0.0652
  -1.1350E+00  -1.1300E+00   2.1247E-05  0.0576
  -1.1300E+00  -1.1250E+00   2.1484E-05  0.0560
  -1.1250E+00  -1.1200E+00   2.1373E-05  0.0587
  -1.1200E+00  -1.1150E+00   2.0169E-05  0.0572
  -1.1150E+00  -1.1100E+00   2.2463E-05  0.0577
  -1.1100E+00  -1.1050E+00   2.1413E-05  0.0649
  -1.1050E+00  -1.1000E+00   2.0927E-05  0.0573
  -1.1000E+00  -1.0950E+00   2.0002E-05  0.0587
  -1.0950E+00  -1.0900E+00   2.0758E-05  0.0547
  -1.0900E+00  -1.0850E+00   2.1142E-05  0.0583
  -1.0850E+00  -1.0800E+00   2.3951E-05  0.0831
  -1.0800E+00  -1.0750E+00   2.0563E-05  0.0644
  -1.0750E+00  -1.0700E+00   1.9638E-05  0.0628
  -1.0700E+00  -1.0650E+00   2.0698E-05  0.0585
  -1.0650E+00  -1.0600E+00   2.1161E-05  0.0794
  -1.0600E+00  -1.0550E+00   1.8489E-05  0.0614
  -1.0550E+00  -1.0500E+00   1.8766E-05  0.0555
  -1.0500E+00  -1.0450E+00   1.8491E-05  0.0592
  -1.0450E+00  -1.0400E+00   2.0457E-05  0.0660
  -1.0400E+00  -1.0350E+00   1.9377E-05  0.0576
  -1.0350E+00  -1.0300E+00   1.9340E-05  0.0572
  -1.0300E+00  -1.0250E+00   2.1365E-05  0.0613
  -1.0250E+00  -1.0200E+00   2.1168E-05  0.0583
  -1.0200E+00  -1.0150E+00   2.0696E-05  0.0707
  -1.0150E+00  -1.0100E+00   2.0215E-05  0.0620
  -1.0100E+00  -1.0050E+00   1.9858E-05  0.0710
  -1.0050E+00  -1.0000E+00   1.8116E-05  0.0594
  -1.0000E+00  -9.9500E-01   1.8894E-05  0.0640
  -9.9500E-01  -9.9000E-01   1.7472E-05  0.0557
  -9.9000E-01  -9.8500E-01   1.7371E-05  0.0570
  -9.8500E-01  -9.8000E-01   1.8340E-05  0.0588
  -9.8000E-01  -9.7500E-01   1.7494E-05  0.0626
  -9.7500E-01  -9.7000E-01   1.9272E-05  0.0639
  -9.7000E-01  -9.6500E-01   1.8841E-05  0.0733
  -9.6500E-01  -9.6000E-01   1.8423E-05  0.0595
  -9.6000E-01  -9.5500E-01   1.7376E-05  0.0637
  -9.5500E-01  -9.5000E-01   2.0848E-05  0.0998
  -9.5000E-01  -9.4500E-01   1.8639E-05  0.0589
  -9.4500E-01  -9.4000E-01   1.9642E-05  0.0648
  -9.4000E-01  -9.3500E-01   2.0687E-05  0.0685
  -9.3500E-01  -9.3000E-01   2.1012E-05  0.0806
  -9.3000E-01  -9.2500E-01   2.1470E-05  0.0833
  -9.2500E-01  -9.2000E-01   1.9137E-05  0.0584
  -9.2000E-01  -9.1500E-01   2.0703E-05  0.0746
  -9.1500E-01  -9.1000E-01   2.1550E-05  0.1005
  -9.1000E-01  -9.0500E-01   1.7327E-05  0.0621
  -9.0500E-01  -9.0000E-01   1.6026E-05  0.0616
  -9.0000E-01  -8.9500E-01   1.7134E-05  0.0599
  -8.9500E-01  -8.9000E-01   1.5877E-05  0.0619
  -8.9000E-01  -8.8500E-01   1.5921E-05  0.0643
  -8.8500E-01  -8.8000E-01   1.6521E-05  0.0675
  -8.8000E-01  -8.7500E-01   1.5911E-05  0.0618
  -8.7500E-01  -8.7000E-01   1.7063E-05  0.0816
  -8.7000E-01  -8.6500E-01   1.6930E-05  0.0765
  -8.6500E-01  -8.6000E-01   1.5789E-05  0.0591
  -8.6000E-01  -8.5500E-01   1.6749E-05  0.0577
  -8.5500E-01  -8.5000E-01   1.8219E-05  0.1234
  -8.5000E-01  -8.4500E-01   1.7269E-05  0.1005
  -8.4500E-01  -8.4000E-01   1.6923E-05  0.0657
  -8.4000E-01  -8.3500E-01   1.6779E-05  0.0733
  -8.3500E-01  -8.3000E-01   1.7273E-05  0.0967
  -8.3000E-01  -8.2500E-01   1.7864E-05  0.0701
  -8.2500E-01  -8.2000E-01   2.0751E-05  0.1106
  -8.2000E-01  -8.1500E-01   1.8449E-05  0.0804
  -8.1500E-01  -8.1000E-01   1.9028E-05  0.0668
  -8.1000E-01  -8.0500E-01   1.9935E-05  0.1335
  -8.0500E-01  -8.0000E-01   1.8493E-05  0.0750
  -8.0000E-01  -7.9500E-01   1.8083E-05  0.0814
  -7.9500E-01  -7.9000E-01   1.8179E-05  0.1119
  -7.9000E-01  -7.8500E-01   1.5695E-05  0.0717
  -7.8500E-01  -7.8000E-01   1.4993E-05  0.0877
  -7.8000E-01  -7.7500E-01   1.4787E-05  0.0857
  -7.7500E-01  -7.7000E-01   1.4970E-05  0.0741
  -7.7000E-01  -7.6500E-01   1.3312E-05  0.0710
  -7.6500E-01  -7.6000E-01   1.3563E-05  0.0719
  -7.6000E-01  -7.5500E-01   1.4229E-05  0.0660
  -7.5500E-01  -7.5000E-01   1.5369E-05  0.0659
  -7.5000E-01  -7.4500E-01   1.5770E-05  0.0619
  -7.4500E-01  -7.4000E-01   1.6610E-05  0.0634
  -7.4000E-01  -7.3500E-01   1.5341E-05  0.0674
  -7.3500E-01  -7.3000E-01   1.7380E-05  0.1121
  -7.3000E-01  -7.2500E-01   1.6585E-05  0.0711
  -7.2500E-01  -7.2000E-01   1.7353E-05  0.0707
  -7.2000E-01  -7.1500E-01   1.6059E-05  0.0678
  -7.1500E-01  -7.1000E-01   1.5578E-05  0.0699
  -7.1000E-01  -7.0500E-01   1.7291E-05  0.0717
  -7.0500E-01  -7.0000E-01   1.5620E-05  0.0674
  -7.0000E-01  -6.9500E-01   1.5752E-05  0.0802
  -6.9500E-01  -6.9000E-01   1.3492E-05  0.0672
  -6.9000E-01  -6.8500E-01   1.3901E-05  0.0678
  -6.8500E-01  -6.8000E-01   1.4617E-05  0.0595
  -6.8000E-01  -6.7500E-01   1.4073E-05  0.0703
  -6.7500E-01  -6.7000E-01   1.3233E-05  0.0860
  -6.7000E-01  -6.6500E-01   1.3890E-05  0.0656
  -6.6500E-01  -6.6000E-01   1.2930E-05  0.0686
  -6.6000E-01  -6.5500E-01   1.2287E-05  0.0616
  -6.5500E-01  -6.5000E-01   1.2752E-05  0.0605
  -6.5000E-01  -6.4500E-01   1.3201E-05  0.0656
  -6.4500E-01  -6.4000E-01   1.4300E-05  0.0736
  -6.4000E-01  -6.3500E-01   1.4800E-05  0.0868
  -6.3500E-01  -6.3000E-01   1.4589E-05  0.0963
  -6.3000E-01  -6.2500E-01   1.2674E-05  0.0732
  -6.2500E-01  -6.2000E-01   1.3278E-05  0.0701
  -6.2000E-01  -6.1500E-01   1.3969E-05  0.0660
  -6.1500E-01  -6.1000E-01   1.4200E-05  0.0732
  -6.1000E-01  -6.0500E-01   1.3579E-05  0.0648
  -6.0500E-01  -6.0000E-01   1.3012E-05  0.0772
  -6.0000E-01  -5.9500E-01   1.4296E-05  0.0744
  -5.9500E-01  -5.9000E-01   1.3597E-05  0.0766
  -5.9000E-01  -5.8500E-01   1.1597E-05  0.0686
  -5.8500E-01  -5.8000E-01   1.3366E-05  0.0670
  -5.8000E-01  -5.7500E-01   1.2595E-05  0.0732
  -5.7500E-01  -5.7000E-01   1.2741E-05  0.0733
  -5.7000E-01  -5.6500E-01   1.4199E-05  0.0734
  -5.6500E-01  -5.6000E-01   1.3543E-05  0.0695
  -5.6000E-01  -5.5500E-01   1.2801E-05  0.0726
  -5.5500E-01  -5.5000E-01   1.3547E-05  0.0871
  -5.5000E-01  -5.4500E-01   1.2710E-05  0.0686
  -5.4500E-01  -5.4000E-01   1.1777E-05  0.0735
  -5.4000E-01  -5.3500E-01   1.3736E-05  0.0743
  -5.3500E-01  -5.3000E-01   1.4685E-05  0.0971
  -5.3000E-01  -5.2500E-01   1.4524E-05  0.0810
  -5.2500E-01  -5.2000E-01   1.4515E-05  0.0804
  -5.2000E-01  -5.1500E-01   1.4450E-05  0.0870
  -5.1500E-01  -5.1000E-01   1.3332E-05  0.0740
  -5.1000E-01  -5.0500E-01   1.2745E-05  0.0811
  -5.0500E-01  -5.0000E-01   1.2726E-05  0.0778
  -5.0000E-01  -4.9500E-01   1.1810E-05  0.0725
  -4.9500E-01  -4.9000E-01   1.2840E-05  0.0706
  -4.9000E-01  -4.8500E-01   1.4573E-05  0.0726
  -4.8500E-01  -4.8000E-01   1.2532E-05  0.0809
  -4.8000E-01  -4.7500E-01   1.1662E-05  0.0693
  -4.7500E-01  -4.7000E-01   1.2358E-05  0.0707
  -4.7000E-01  -4.6500E-01   1.4695E-05  0.1219
  -4.6500E-01  -4.6000E-01   1.5900E-05  0.1271
  -4.6000E-01  -4.5500E-01   1.3255E-05  0.0763
  -4.5500E-01  -4.5000E-01   1.1754E-05  0.0740
  -4.5000E-01  -4.4500E-01   1.1724E-05  0.0629
  -4.4500E-01  -4.4000E-01   1.3962E-05  0.1323
  -4.4000E-01  -4.3500E-01   1.1476E-05  0.0705
  -4.3500E-01  -4.3000E-01   1.3266E-05  0.0717
  -4.3000E-01  -4.2500E-01   1.4176E-05  0.0802
  -4.2500E-01  -4.2000E-01   1.4446E-05  0.0808
  -4.2000E-01  -4.1500E-01   1.2205E-05  0.0812
  -4.1500E-01  -4.1000E-01   1.2625E-05  0.1101
  -4.1000E-01  -4.0500E-01   1.2643E-05  0.0707
  -4.0500E-01  -4.0000E-01   1.4036E-05  0.1388
  -4.0000E-01  -3.9500E-01   1.2634E-05  0.0882
  -3.9500E-01  -3.9000E-01   1.2227E-05  0.0873
  -3.9000E-01  -3.8500E-01   1.1655E-05  0.0702
  -3.8500E-01  -3.8000E-01   1.1895E-05  0.0725
  -3.8000E-01  -3.7500E-01   1.2904E-05  0.0728
  -3.7500E-01  -3.7000E-01   1.3036E-05  0.0797
  -3.7000E-01  -3.6500E-01   1.3303E-05  0.0809
  -3.6500E-01  -3.6000E-01   1.2631E-05  0.0726
  -3.6000E-01  -3.5500E-01   1.2231E-05  0.0737
  -3.5500E-01  -3.5000E-01   1.1946E-05  0.0730
  -3.5000E-01  -3.4500E-01   1.1340E-05  0.0767
  -3.4500E-01  -3.4000E-01   1.3023E-05  0.0780
  -3.4000E-01  -3.3500E-01   1.1675E-05  0.0839
  -3.3500E-01  -3.3000E-01   1.2139E-05  0.0770
  -3.3000E-01  -3.2500E-01   1.1721E-05  0.0838
  -3.2500E-01  -3.2000E-01   1.2318E-05  0.0834
  -3.2000E-01  -3.1500E-01   1.2732E-05  0.0815
  -3.1500E-01  -3.1000E-01   1.2918E-05  0.0796
  -3.1000E-01  -3.0500E-01   1.1906E-05  0.0890
  -3.0500E-01  -3.0000E-01   1.2243E-05  0.0896
  -3.0000E-01  -2.9500E-01   1.1610E-05  0.0855
  -2.9500E-01  -2.9000E-01   1.2469E-05  0.0963
  -2.9000E-01  -2.8500E-01   1.3073E-05  0.1335
  -2.8500E-01  -2.8000E-01   1.1379E-05  0.0749
  -2.8000E-01  -2.7500E-01   1.0168E-05  0.0771
  -2.7500E-01  -2.7000E-01   1.0353E-05  0.0773
  -2.7000E-01  -2.6500E-01   1.0678E-05  0.0782
  -2.6500E-01  -2.6000E-01   1.1844E-05  0.0800
  -2.6000E-01  -2.5500E-01   1.3410E-05  0.1347
  -2.5500E-01  -2.5000E-01   1.2221E-05  0.0821
  -2.5000E-01  -2.4500E-01   1.0246E-05  0.0720
  -2.4500E-01  -2.4000E-01   1.1793E-05  0.0733
  -2.4000E-01  -2.3500E-01   1.1282E-05  0.0766
  -2.3500E-01  -2.3000E-01   1.0479E-05  0.0813
  -2.3000E-01  -2.2500E-01   1.0449E-05  0.0894
  -2.2500E-01  -2.2000E-01   1.2027E-05  0.1377
  -2.2000E-01  -2.1500E-01   1.2090E-05  0.0744
  -2.1500E-01  -2.1000E-01   1.0607E-05  0.0791
  -2.1000E-01  -2.0500E-01   1.2067E-05  0.1093
  -2.0500E-01  -2.0000E-01   1.1239E-05  0.0834
  -2.0000E-01  -1.9500E-01   1.0624E-05  0.0831
  -1.9500E-01  -1.9000E-01   1.0651E-05  0.0837
  -1.9000E-01  -1.8500E-01   1.0056E-05  0.0769
  -1.8500E-01  -1.8000E-01   1.0895E-05  0.0724
  -1.8000E-01  -1.7500E-01   1.1356E-05  0.0732
  -1.7500E-01  -1.7000E-01   1.1938E-05  0.0785
  -1.7000E-01  -1.6500E-01   1.1636E-05  0.0865
  -1.6500E-01  -1.6000E-01   1.4357E-05  0.1876
  -1.6000E-01  -1.5500E-01   1.1275E-05  0.0919
  -1.5500E-01  -1.5000E-01   1.0378E-05  0.0901
  -1.5000E-01  -1.4500E-01   1.1723E-05  0.0856
  -1.4500E-01  -1.4000E-01   1.0200E-05  0.0813
  -1.4000E-01  -1.3500E-01   1.1452E-05  0.0908
  -1.3500E-01  -1.3000E-01   1.0043E-05  0.0759
  -1.3000E-01  -1.2500E-01   9.2643E-06  0.0836
  -1.2500E-01  -1.2000E-01   9.2127E-06  0.0761
  -1.2000E-01  -1.1500E-01   1.0098E-05  0.0968
  -1.1500E-01  -1.1000E-01   1.2039E-05  0.1089
  -1.1000E-01  -1.0500E-01   1.0755E-05  0.0783
  -1.0500E-01  -1.0000E-01   1.0510E-05  0.0756
  -1.0000E-01  -9.5000E-02   1.0155E-05  0.0819
  -9.5000E-02  -9.0000E-02   9.1526E-06  0.0828
  -9.0000E-02  -8.5000E-02   9.5830E-06  0.0852
  -8.5000E-02  -8.0000E-02   9.6192E-06  0.0987
  -8.0000E-02  -7.5000E-02   9.4704E-06  0.0822
  -7.5000E-02  -7.0000E-02   1.0196E-05  0.0860
  -7.0000E-02  -6.5000E-02   8.5841E-06  0.0891
  -6.5000E-02  -6.0000E-02   9.3243E-06  0.0814
  -6.0000E-02  -5.5000E-02   1.1241E-05  0.1881
  -5.5000E-02  -5.0000E-02   8.9486E-06  0.0789
  -5.0000E-02  -4.5000E-02   1.0219E-05  0.0791
  -4.5000E-02  -4.0000E-02   1.0429E-05  0.0813
  -4.0000E-02  -3.5000E-02   1.1725E-05  0.2126
  -3.5000E-02  -3.0000E-02   9.6990E-06  0.0856
  -3.0000E-02  -2.5000E-02   1.0024E-05  0.0905
  -2.5000E-02  -2.0000E-02   1.0788E-05  0.0797
  -2.0000E-02  -1.5000E-02   1.0540E-05  0.0709
  -1.5000E-02  -1.0000E-02   9.3320E-06  0.0761
  -1.0000E-02  -5.0000E-03   1.0999E-05  0.1515
  -5.0000E-03   0.0000E+00   1.0618E-05  0.0789
   0.0000E+00   5.0000E-03   9.8009E-06  0.0778
   5.0000E-03   1.0000E-02   8.7165E-06  0.0808
   1.0000E-02   1.5000E-02   9.0160E-06  0.0827
   1.5000E-02   2.0000E-02   8.4860E-06  0.0891
   2.0000E-02   2.5000E-02   9.5111E-06  0.0948
   2.5000E-02   3.0000E-02   1.0984E-05  0.1176
   3.0000E-02   3.5000E-02   1.0574E-05  0.0974
   3.5000E-02   4.0000E-02   1.0720E-05  0.0989
   4.0000E-02   4.5000E-02   8.6052E-06  0.1064
   4.5000E-02   5.0000E-02   9.5380E-06  0.1222
   5.0000E-02   5.5000E-02   9.9071E-06  0.1055
   5.5000E-02   6.0000E-02   9.2294E-06  0.1176
   6.0000E-02   6.5000E-02   9.3943E-06  0.0993
   6.5000E-02   7.0000E-02   1.0552E-05  0.1194
   7.0000E-02   7.5000E-02   1.0063E-05  0.1717
   7.5000E-02   8.0000E-02   9.9540E-06  0.0876
   8.0000E-02   8.5000E-02   1.0598E-05  0.1161
   8.5000E-02   9.0000E-02   1.1341E-05  0.1893
   9.0000E-02   9.5000E-02   9.1402E-06  0.0852
   9.5000E-02   1.0000E-01   8.3833E-06  0.0963
   1.0000E-01   1.0500E-01   9.4029E-06  0.0816
   1.0500E-01   1.1000E-01   1.0506E-05  0.1099
   1.1000E-01   1.1500E-01   9.3221E-06  0.0990
   1.1500E-01   1.2000E-01   9.7420E-06  0.0924
   1.2000E-01   1.2500E-01   9.6662E-06  0.1056
   1.2500E-01   1.3000E-01   9.7119E-06  0.1073
   1.3000E-01   1.3500E-01   9.4210E-06  0.0878
   1.3500E-01   1.4000E-01   8.6782E-06  0.0881
   1.4000E-01   1.4500E-01   8.5403E-06  0.1009
   1.4500E-01   1.5000E-01   7.4680E-06  0.0932
   1.5000E-01   1.5500E-01   8.1681E-06  0.0946
   1.5500E-01   1.6000E-01   8.4698E-06  0.0993
   1.6000E-01   1.6500E-01   9.3746E-06  0.1047
   1.6500E-01   1.7000E-01   8.1144E-06  0.0972
   1.7000E-01   1.7500E-01   9.0959E-06  0.0932
   1.7500E-01   1.8000E-01   1.0363E-05  0.0981
   1.8000E-01   1.8500E-01   1.0400E-05  0.1212
   1.8500E-01   1.9000E-01   8.7920E-06  0.1010
   1.9000E-01   1.9500E-01   7.3945E-06  0.0987
   1.9500E-01   2.0000E-01   7.9831E-06  0.0955
   2.0000E-01   2.0500E-01   7.9518E-06  0.1029
   2.0500E-01   2.1000E-01   7.9867E-06  0.1088
   2.1000E-01   2.1500E-01   1.0014E-05  0.1323
   2.1500E-01   2.2000E-01   8.1498E-06  0.0945
   2.2000E-01   2.2500E-01   8.0239E-06  0.1021
   2.2500E-01   2.3000E-01   8.8946E-06  0.1234
   2.3000E-01   2.3500E-01   9.3683E-06  0.1697
   2.3500E-01   2.4000E-01   7.3295E-06  0.0916
   2.4000E-01   2.4500E-01   8.4617E-06  0.0952
   2.4500E-01   2.5000E-01   8.6905E-06  0.1097
   2.5000E-01   2.5500E-01   9.5120E-06  0.1005
   2.5500E-01   2.6000E-01   9.4740E-06  0.1161
   2.6000E-01   2.6500E-01   9.8094E-06  0.1494
   2.6500E-01   2.7000E-01   8.6036E-06  0.1231
   2.7000E-01   2.7500E-01   7.8438E-06  0.0972
   2.7500E-01   2.8000E-01   8.3973E-06  0.1073
   2.8000E-01   2.8500E-01   9.2208E-06  0.1087
   2.8500E-01   2.9000E-01   8.9918E-06  0.1261
   2.9000E-01   2.9500E-01   8.2799E-06  0.1952
   2.9500E-01   3.0000E-01   7.8569E-06  0.1028
   3.0000E-01   3.0500E-01   6.9153E-06  0.0961
   3.0500E-01   3.1000E-01   7.0423E-06  0.0978
   3.1000E-01   3.1500E-01   7.3695E-06  0.1006
   3.1500E-01   3.2000E-01   7.4974E-06  0.1145
   3.2000E-01   3.2500E-01   9.5442E-06  0.1711
   3.2500E-01   3.3000E-01   7.3178E-06  0.1045
   3.3000E-01   3.3500E-01   8.0759E-06  0.1017
   3.3500E-01   3.4000E-01   6.8853E-06  0.0968
   3.4000E-01   3.4500E-01   7.2237E-06  0.0895
   3.4500E-01   3.5000E-01   7.0590E-06  0.0867
   3.5000E-01   3.5500E-01   8.1072E-06  0.0871
   3.5500E-01   3.6000E-01   9.3729E-06  0.1394
   3.6000E-01   3.6500E-01   9.2498E-06  0.1001
   3.6500E-01   3.7000E-01   8.8432E-06  0.0842
   3.7000E-01   3.7500E-01   8.4694E-06  0.0984
   3.7500E-01   3.8000E-01   8.5001E-06  0.1020
   3.8000E-01   3.8500E-01   7.9876E-06  0.1006
   3.8500E-01   3.9000E-01   8.8788E-06  0.0932
   3.9000E-01   3.9500E-01   7.3664E-06  0.0936
   3.9500E-01   4.0000E-01   7.0906E-06  0.1006
   4.0000E-01   4.0500E-01   7.5335E-06  0.1065
   4.0500E-01   4.1000E-01   8.0719E-06  0.1354
   4.1000E-01   4.1500E-01   7.7246E-06  0.0979
   4.1500E-01   4.2000E-01   7.5251E-06  0.1084
   4.2000E-01   4.2500E-01   7.6922E-06  0.1285
   4.2500E-01   4.3000E-01   8.8224E-06  0.1544
   4.3000E-01   4.3500E-01   8.1781E-06  0.1081
   4.3500E-01   4.4000E-01   7.6890E-06  0.0942
   4.4000E-01   4.4500E-01   7.5218E-06  0.0955
   4.4500E-01   4.5000E-01   8.2555E-06  0.0929
   4.5000E-01   4.5500E-01   9.9317E-06  0.2080
   4.5500E-01   4.6000E-01   7.2671E-06  0.0981
   4.6000E-01   4.6500E-01   6.8057E-06  0.0962
   4.6500E-01   4.7000E-01   6.3691E-06  0.1159
   4.7000E-01   4.7500E-01   6.8549E-06  0.0989
   4.7500E-01   4.8000E-01   6.8675E-06  0.0960
   4.8000E-01   4.8500E-01   6.5037E-06  0.0944
   4.8500E-01   4.9000E-01   7.5103E-06  0.1066
   4.9000E-01   4.9500E-01   8.2750E-06  0.1963
   4.9500E-01   5.0000E-01   8.4364E-06  0.1124
   5.0000E-01   5.0500E-01   9.0140E-06  0.1503
   5.0500E-01   5.1000E-01   1.0858E-05  0.2828
   5.1000E-01   5.1500E-01   7.6288E-06  0.0991
   5.1500E-01   5.2000E-01   7.7446E-06  0.1011
   5.2000E-01   5.2500E-01   8.0907E-06  0.1058
   5.2500E-01   5.3000E-01   7.4723E-06  0.1054
   5.3000E-01   5.3500E-01   7.1309E-06  0.0882
   5.3500E-01   5.4000E-01   6.8435E-06  0.0900
   5.4000E-01   5.4500E-01   5.8032E-06  0.0867
   5.4500E-01   5.5000E-01   6.6730E-06  0.0865
   5.5000E-01   5.5500E-01   6.5334E-06  0.0970
   5.5500E-01   5.6000E-01   7.2236E-06  0.1750
   5.6000E-01   5.6500E-01   6.1746E-06  0.1007
   5.6500E-01   5.7000E-01   6.0145E-06  0.1191
   5.7000E-01   5.7500E-01   7.1422E-06  0.1060
   5.7500E-01   5.8000E-01   6.3811E-06  0.1005
   5.8000E-01   5.8500E-01   6.2464E-06  0.0981
   5.8500E-01   5.9000E-01   7.3183E-06  0.1149
   5.9000E-01   5.9500E-01   8.1035E-06  0.1254
   5.9500E-01   6.0000E-01   6.7283E-06  0.1004
   6.0000E-01   6.0500E-01   6.8731E-06  0.1184
   6.0500E-01   6.1000E-01   7.2393E-06  0.0867
   6.1000E-01   6.1500E-01   7.1278E-06  0.0898
   6.1500E-01   6.2000E-01   6.3177E-06  0.1010
   6.2000E-01   6.2500E-01   7.6872E-06  0.1114
   6.2500E-01   6.3000E-01   7.6159E-06  0.1287
   6.3000E-01   6.3500E-01   7.4124E-06  0.1601
   6.3500E-01   6.4000E-01   6.7422E-06  0.1179
   6.4000E-01   6.4500E-01   6.3516E-06  0.1209
   6.4500E-01   6.5000E-01   6.5485E-06  0.1177
   6.5000E-01   6.5500E-01   6.2469E-06  0.0929
   6.5500E-01   6.6000E-01   5.7333E-06  0.0927
   6.6000E-01   6.6500E-01   5.5335E-06  0.0933
   6.6500E-01   6.7000E-01   5.9681E-06  0.0922
   6.7000E-01   6.7500E-01   6.1064E-06  0.0921
   6.7500E-01   6.8000E-01   6.3313E-06  0.1075
   6.8000E-01   6.8500E-01   6.8138E-06  0.1076
   6.8500E-01   6.9000E-01   7.6165E-06  0.1067
   6.9000E-01   6.9500E-01   7.7194E-06  0.1065
   6.9500E-01   7.0000E-01   7.0909E-06  0.1232
   7.0000E-01   7.0500E-01   6.5663E-06  0.1274
   7.0500E-01   7.1000E-01   6.7697E-06  0.1109
   7.1000E-01   7.1500E-01   6.4644E-06  0.1128
   7.1500E-01   7.2000E-01   6.5641E-06  0.1230
   7.2000E-01   7.2500E-01   7.7266E-06  0.1460
   7.2500E-01   7.3000E-01   6.0454E-06  0.1099
   7.3000E-01   7.3500E-01   6.6256E-06  0.1103
   7.3500E-01   7.4000E-01   6.8283E-06  0.1121
   7.4000E-01   7.4500E-01   7.5003E-06  0.1078
   7.4500E-01   7.5000E-01   8.1917E-06  0.1203
   7.5000E-01   7.5500E-01   6.8153E-06  0.1196
   7.5500E-01   7.6000E-01   6.8871E-06  0.0994
   7.6000E-01   7.6500E-01   6.3378E-06  0.1049
   7.6500E-01   7.7000E-01   8.7046E-06  0.1843
   7.7000E-01   7.7500E-01   6.3958E-06  0.1141
   7.7500E-01   7.8000E-01   7.0969E-06  0.1100
   7.8000E-01   7.8500E-01   6.4419E-06  0.1371
   7.8500E-01   7.9000E-01   5.4379E-06  0.1335
   7.9000E-01   7.9500E-01   5.5197E-06  0.1019
   7.9500E-01   8.0000E-01   5.7501E-06  0.1079
   8.0000E-01   8.0500E-01   5.6525E-06  0.1181
   8.0500E-01   8.1000E-01   5.5973E-06  0.1138
   8.1000E-01   8.1500E-01   5.1198E-06  0.1070
   8.1500E-01   8.2000E-01   4.9004E-06  0.1034
   8.2000E-01   8.2500E-01   4.8009E-06  0.0986
   8.2500E-01   8.3000E-01   5.2846E-06  0.1099
   8.3000E-01   8.3500E-01   5.3173E-06  0.1031
   8.3500E-01   8.4000E-01   7.6372E-06  0.1894
   8.4000E-01   8.4500E-01   6.1155E-06  0.1204
   8.4500E-01   8.5000E-01   6.8854E-06  0.0975
   8.5000E-01   8.5500E-01   6.1391E-06  0.1017
   8.5500E-01   8.6000E-01   7.3805E-06  0.2405
   8.6000E-01   8.6500E-01   7.1706E-06  0.1232
   8.6500E-01   8.7000E-01   8.2403E-06  0.2231
   8.7000E-01   8.7500E-01   6.7910E-06  0.1516
   8.7500E-01   8.8000E-01   6.3938E-06  0.1888
   8.8000E-01   8.8500E-01   5.7995E-06  0.1196
   8.8500E-01   8.9000E-01   5.4959E-06  0.1066
   8.9000E-01   8.9500E-01   5.1634E-06  0.1187
   8.9500E-01   9.0000E-01   6.6408E-06  0.1520
   9.0000E-01   9.0500E-01   4.9022E-06  0.0980
   9.0500E-01   9.1000E-01   5.8255E-06  0.1240
   9.1000E-01   9.1500E-01   6.2038E-06  0.1552
   9.1500E-01   9.2000E-01   5.9856E-06  0.1359
   9.2000E-01   9.2500E-01   5.1903E-06  0.1240
   9.2500E-01   9.3000E-01   6.0069E-06  0.1296
   9.3000E-01   9.3500E-01   7.6089E-06  0.2145
   9.3500E-01   9.4000E-01   6.5851E-06  0.1488
   9.4000E-01   9.4500E-01   6.5035E-06  0.1563
   9.4500E-01   9.5000E-01   5.3594E-06  0.1596
   9.5000E-01   9.5500E-01   4.8322E-06  0.1271
   9.5500E-01   9.6000E-01   4.5951E-06  0.1374
   9.6000E-01   9.6500E-01   5.5400E-06  0.1441
   9.6500E-01   9.7000E-01   5.3531E-06  0.1337
   9.7000E-01   9.7500E-01   5.2494E-06  0.1604
   9.7500E-01   9.8000E-01   5.9145E-06  0.1613
   9.8000E-01   9.8500E-01   4.9215E-06  0.1154
   9.8500E-01   9.9000E-01   5.2254E-06  0.1107
   9.9000E-01   9.9500E-01   5.7227E-06  0.1153
   9.9500E-01   1.0000E+00   5.7633E-06  0.1203
   1.0000E+00   1.0050E+00   7.0764E-06  0.1194
   1.0050E+00   1.0100E+00   6.4167E-06  0.1280
   1.0100E+00   1.0150E+00   5.5030E-06  0.1674
   1.0150E+00   1.0200E+00   5.4387E-06  0.1419
   1.0200E+00   1.0250E+00   4.5611E-06  0.1021
   1.0250E+00   1.0300E+00   4.4821E-06  0.1036
   1.0300E+00   1.0350E+00   4.8570E-06  0.1054
   1.0350E+00   1.0400E+00   5.0319E-06  0.1065
   1.0400E+00   1.0450E+00   4.7658E-06  0.1138
   1.0450E+00   1.0500E+00   3.9351E-06  0.1254
   1.0500E+00   1.0550E+00   4.3337E-06  0.1243
   1.0550E+00   1.0600E+00   5.1853E-06  0.1386
   1.0600E+00   1.0650E+00   5.6563E-06  0.1473
   1.0650E+00   1.0700E+00   6.3493E-06  0.1649
   1.0700E+00   1.0750E+00   5.5439E-06  0.1176
   1.0750E+00   1.0800E+00   5.0590E-06  0.1223
   1.0800E+00   1.0850E+00   5.9569E-06  0.1351
   1.0850E+00   1.0900E+00   4.7702E-06  0.1419
   1.0900E+00   1.0950E+00   4.6487E-06  0.1183
   1.0950E+00   1.1000E+00   4.8443E-06  0.1212
   1.1000E+00   1.1050E+00   4.5503E-06  0.1084
   1.1050E+00   1.1100E+00   3.9035E-06  0.1107
   1.1100E+00   1.1150E+00   3.7312E-06  0.1093
   1.1150E+00   1.1200E+00   4.7983E-06  0.1752
   1.1200E+00   1.1250E+00   4.4999E-06  0.1224
   1.1250E+00   1.1300E+00   5.0780E-06  0.1273
   1.1300E+00   1.1350E+00   5.2722E-06  0.1394
   1.1350E+00   1.1400E+00   5.0554E-06  0.1510
   1.1400E+00   1.1450E+00   4.7329E-06  0.1703
   1.1450E+00   1.1500E+00   4.3339E-06  0.1236
   1.1500E+00   1.1550E+00   4.8798E-06  0.1235
   1.1550E+00   1.1600E+00   4.9151E-06  0.1333
   1.1600E+00   1.1650E+00   5.3824E-06  0.1499
   1.1650E+00   1.1700E+00   5.1694E-06  0.1037
   1.1700E+00   1.1750E+00   5.7185E-06  0.1350
   1.1750E+00   1.1800E+00   5.9044E-06  0.2159
   1.1800E+00   1.1850E+00   5.1300E-06  0.1252
   1.1850E+00   1.1900E+00   5.4865E-06  0.1213
   1.1900E+00   1.1950E+00   5.8139E-06  0.1183
   1.1950E+00   1.2000E+00   6.7294E-06  0.1216
   1.2000E+00   1.2050E+00   6.6458E-06  0.1594
   1.2050E+00   1.2100E+00   6.7822E-06  0.1730
   1.2100E+00   1.2150E+00   4.3858E-06  0.1070
   1.2150E+00   1.2200E+00   4.6776E-06  0.1025
   1.2200E+00   1.2250E+00   5.0840E-06  0.1161
   1.2250E+00   1.2300E+00   5.0291E-06  0.1089
   1.2300E+00   1.2350E+00   5.3376E-06  0.1090
   1.2350E+00   1.2400E+00   6.0121E-06  0.1130
   1.2400E+00   1.2450E+00   5.1214E-06  0.1333
   1.2450E+00   1.2500E+00   6.1298E-06  0.1403
   1.2500E+00   1.2550E+00   5.9637E-06  0.1160
   1.2550E+00   1.2600E+00   6.0031E-06  0.1254
   1.2600E+00   1.2650E+00   6.1651E-06  0.1343
   1.2650E+00   1.2700E+00   6.5080E-06  0.1585
   1.2700E+00   1.2750E+00   6.2375E-06  0.1578
   1.2750E+00   1.2800E+00   6.4146E-06  0.1674
   1.2800E+00   1.2850E+00   5.3550E-06  0.1195
   1.2850E+00   1.2900E+00   5.4625E-06  0.1239
   1.2900E+00   1.2950E+00   5.6685E-06  0.1248
   1.2950E+00   1.3000E+00   5.6325E-06  0.1402
   1.3000E+00   1.3050E+00   5.0563E-06  0.1367
   1.3050E+00   1.3100E+00   4.5953E-06  0.1367
   1.3100E+00   1.3150E+00   5.0479E-06  0.1319
   1.3150E+00   1.3200E+00   5.7532E-06  0.1234
   1.3200E+00   1.3250E+00   5.6478E-06  0.1307
   1.3250E+00   1.3300E+00   5.1645E-06  0.1759
   1.3300E+00   1.3350E+00   4.9932E-06  0.1541
   1.3350E+00   1.3400E+00   5.5169E-06  0.1795
   1.3400E+00   1.3450E+00   4.8905E-06  0.1725
   1.3450E+00   1.3500E+00   5.3324E-06  0.1888
   1.3500E+00   1.3550E+00   4.3164E-06  0.1340
   1.3550E+00   1.3600E+00   4.4034E-06  0.1384
   1.3600E+00   1.3650E+00   3.9756E-06  0.1512
   1.3650E+00   1.3700E+00   4.5247E-06  0.1454
   1.3700E+00   1.3750E+00   4.7983E-06  0.1236
   1.3750E+00   1.3800E+00   4.6272E-06  0.1365
   1.3800E+00   1.3850E+00   3.7334E-06  0.1378
   1.3850E+00   1.3900E+00   4.5222E-06  0.1230
   1.3900E+00   1.3950E+00   4.0850E-06  0.1197
   1.3950E+00   1.4000E+00   3.9379E-06  0.1310
   1.4000E+00   1.4050E+00   4.1762E-06  0.1327
   1.4050E+00   1.4100E+00   4.6782E-06  0.1200
   1.4100E+00   1.4150E+00   4.1593E-06  0.1550
   1.4150E+00   1.4200E+00   3.9847E-06  0.1084
   1.4200E+00   1.4250E+00   4.0265E-06  0.1162
   1.4250E+00   1.4300E+00   3.4177E-06  0.1236
   1.4300E+00   1.4350E+00   3.8853E-06  0.1222
   1.4350E+00   1.4400E+00   4.1101E-06  0.1327
   1.4400E+00   1.4450E+00   4.7474E-06  0.1194
   1.4450E+00   1.4500E+00   3.6594E-06  0.1339
   1.4500E+00   1.4550E+00   3.9010E-06  0.1164
   1.4550E+00   1.4600E+00   4.1631E-06  0.1219
   1.4600E+00   1.4650E+00   4.1832E-06  0.1246
   1.4650E+00   1.4700E+00   5.1090E-06  0.2333
   1.4700E+00   1.4750E+00   6.1284E-06  0.3025
   1.4750E+00   1.4800E+00   4.2867E-06  0.1528
   1.4800E+00   1.4850E+00   4.4721E-06  0.1384
   1.4850E+00   1.4900E+00   2.7565E-06  0.1092
   1.4900E+00   1.4950E+00   2.7121E-06  0.1366
   1.4950E+00   1.5000E+00   3.1781E-06  0.1166
   1.5000E+00   1.5050E+00   3.0279E-06  0.1274
   1.5050E+00   1.5100E+00   2.7608E-06  0.1236
   1.5100E+00   1.5150E+00   3.1044E-06  0.1216
   1.5150E+00   1.5200E+00   3.5323E-06  0.1212
   1.5200E+00   1.5250E+00   3.8585E-06  0.1223
   1.5250E+00   1.5300E+00   3.5335E-06  0.1373
   1.5300E+00   1.5350E+00   3.7784E-06  0.1674
   1.5350E+00   1.5400E+00   5.9952E-06  0.2655
   1.5400E+00   1.5450E+00   4.9217E-06  0.3656
   1.5450E+00   1.5500E+00   4.3759E-06  0.2166
   1.5500E+00   1.5550E+00   4.9265E-06  0.1443
   1.5550E+00   1.5600E+00   3.9727E-06  0.1223
   1.5600E+00   1.5650E+00   4.1534E-06  0.1275
   1.5650E+00   1.5700E+00   3.4628E-06  0.1245
   1.5700E+00   1.5750E+00   3.0895E-06  0.1608
   1.5750E+00   1.5800E+00   3.0389E-06  0.1751
   1.5800E+00   1.5850E+00   3.6685E-06  0.1686
   1.5850E+00   1.5900E+00   4.0871E-06  0.1727
   1.5900E+00   1.5950E+00   3.2362E-06  0.1577
   1.5950E+00   1.6000E+00   5.4672E-06  0.3393
   1.6000E+00   1.6050E+00   4.6268E-06  0.1764
   1.6050E+00   1.6100E+00   3.6601E-06  0.1521
   1.6100E+00   1.6150E+00   4.0850E-06  0.1473
   1.6150E+00   1.6200E+00   4.1069E-06  0.1454
   1.6200E+00   1.6250E+00   3.8410E-06  0.1406
   1.6250E+00   1.6300E+00   4.3280E-06  0.1543
   1.6300E+00   1.6350E+00   4.4937E-06  0.1141
   1.6350E+00   1.6400E+00   4.8834E-06  0.1169
   1.6400E+00   1.6450E+00   4.0615E-06  0.1209
   1.6450E+00   1.6500E+00   4.4791E-06  0.1184
   1.6500E+00   1.6550E+00   4.2309E-06  0.1166
   1.6550E+00   1.6600E+00   3.9989E-06  0.1142
   1.6600E+00   1.6650E+00   4.1355E-06  0.1258
   1.6650E+00   1.6700E+00   3.6899E-06  0.1263
   1.6700E+00   1.6750E+00   4.2078E-06  0.1283
   1.6750E+00   1.6800E+00   4.0966E-06  0.1329
   1.6800E+00   1.6850E+00   3.8159E-06  0.1549
   1.6850E+00   1.6900E+00   3.5320E-06  0.1865
   1.6900E+00   1.6950E+00   3.6980E-06  0.1332
   1.6950E+00   1.7000E+00   3.7059E-06  0.1353
   1.7000E+00   1.7050E+00   3.9733E-06  0.1390
   1.7050E+00   1.7100E+00   4.1104E-06  0.1510
   1.7100E+00   1.7150E+00   4.6878E-06  0.1630
   1.7150E+00   1.7200E+00   5.5399E-06  0.1746
   1.7200E+00   1.7250E+00   4.3968E-06  0.1691
   1.7250E+00   1.7300E+00   4.8481E-06  0.1682
   1.7300E+00   1.7350E+00   4.4216E-06  0.1737
   1.7350E+00   1.7400E+00   4.4650E-06  0.1435
   1.7400E+00   1.7450E+00   4.7688E-06  0.1448
   1.7450E+00   1.7500E+00   4.0595E-06  0.1571
   1.7500E+00   1.7550E+00   4.5182E-06  0.1832
   1.7550E+00   1.7600E+00   3.5740E-06  0.2210
   1.7600E+00   1.7650E+00   2.2172E-06  0.1300
   1.7650E+00   1.7700E+00   2.6479E-06  0.1392
   1.7700E+00   1.7750E+00   2.4583E-06  0.1468
   1.7750E+00   1.7800E+00   3.3248E-06  0.1527
   1.7800E+00   1.7850E+00   3.8964E-06  0.1780
   1.7850E+00   1.7900E+00   3.8080E-06  0.2075
   1.7900E+00   1.7950E+00   3.4672E-06  0.3215
   1.7950E+00   1.8000E+00   2.8478E-06  0.1274
   1.8000E+00   1.8050E+00   3.0037E-06  0.1277
   1.8050E+00   1.8100E+00   3.0375E-06  0.1219
   1.8100E+00   1.8150E+00   3.0754E-06  0.1243
   1.8150E+00   1.8200E+00   4.5143E-06  0.3826
   1.8200E+00   1.8250E+00   3.4023E-06  0.1132
   1.8250E+00   1.8300E+00   3.2848E-06  0.1435
   1.8300E+00   1.8350E+00   3.2503E-06  0.1371
   1.8350E+00   1.8400E+00   2.7558E-06  0.1425
   1.8400E+00   1.8450E+00   3.2996E-06  0.1324
   1.8450E+00   1.8500E+00   2.5199E-06  0.1508
   1.8500E+00   1.8550E+00   2.5122E-06  0.1670
   1.8550E+00   1.8600E+00   4.8498E-06  0.3742
   1.8600E+00   1.8650E+00   2.9737E-06  0.1232
   1.8650E+00   1.8700E+00   2.4265E-06  0.1502
   1.8700E+00   1.8750E+00   2.5597E-06  0.1454
   1.8750E+00   1.8800E+00   2.9956E-06  0.1437
   1.8800E+00   1.8850E+00   3.0077E-06  0.1448
   1.8850E+00   1.8900E+00   3.4936E-06  0.1432
   1.8900E+00   1.8950E+00   3.4741E-06  0.1417
   1.8950E+00   1.9000E+00   5.8281E-06  0.3580
   1.9000E+00   1.9050E+00   3.6408E-06  0.1734
   1.9050E+00   1.9100E+00   3.6369E-06  0.1980
   1.9100E+00   1.9150E+00   3.8705E-06  0.2202
   1.9150E+00   1.9200E+00   3.1947E-06  0.1846
   1.9200E+00   1.9250E+00   3.1402E-06  0.2067
   1.9250E+00   1.9300E+00   3.0100E-06  0.2058
   1.9300E+00   1.9350E+00   2.7962E-06  0.1453
   1.9350E+00   1.9400E+00   3.1450E-06  0.1354
   1.9400E+00   1.9450E+00   3.2596E-06  0.1258
   1.9450E+00   1.9500E+00   3.3807E-06  0.1376
   1.9500E+00   1.9550E+00   2.7118E-06  0.1452
   1.9550E+00   1.9600E+00   2.7125E-06  0.1496
   1.9600E+00   1.9650E+00   3.6064E-06  0.2491
   1.9650E+00   1.9700E+00   3.0790E-06  0.2004
   1.9700E+00   1.9750E+00   2.7829E-06  0.1716
   1.9750E+00   1.9800E+00   3.5390E-06  0.1819
   1.9800E+00   1.9850E+00   2.7404E-06  0.1398
   1.9850E+00   1.9900E+00   3.0428E-06  0.1386
   1.9900E+00   1.9950E+00   3.9655E-06  0.1310
   1.9950E+00   2.0000E+00   3.1433E-06  0.1367
   2.0000E+00   2.0050E+00   2.6183E-06  0.1496
   2.0050E+00   2.0100E+00   3.0272E-06  0.1433
   2.0100E+00   2.0150E+00   3.3403E-06  0.1471
   2.0150E+00   2.0200E+00   2.3401E-06  0.1721
   2.0200E+00   2.0250E+00   3.2159E-06  0.2406
   2.0250E+00   2.0300E+00   2.7206E-06  0.1815
   2.0300E+00   2.0350E+00   3.1166E-06  0.1822
   2.0350E+00   2.0400E+00   2.4969E-06  0.1992
   2.0400E+00   2.0450E+00   2.2242E-06  0.1576
   2.0450E+00   2.0500E+00   2.6732E-06  0.1519
   2.0500E+00   2.0550E+00   2.6308E-06  0.2044
   2.0550E+00   2.0600E+00   3.1060E-06  0.2139
   2.0600E+00   2.0650E+00   2.8743E-06  0.1956
   2.0650E+00   2.0700E+00   2.5690E-06  0.1591
   2.0700E+00   2.0750E+00   3.8669E-06  0.2043
   2.0750E+00   2.0800E+00   5.0689E-06  0.3869
   2.0800E+00   2.0850E+00   3.2398E-06  0.1521
   2.0850E+00   2.0900E+00   3.0286E-06  0.1704
   2.0900E+00   2.0950E+00   3.0984E-06  0.1692
   2.0950E+00   2.1000E+00   2.9897E-06  0.1573
   2.1000E+00   2.1050E+00   3.5543E-06  0.1866
   2.1050E+00   2.1100E+00   4.5448E-06  0.2655
   2.1100E+00   2.1150E+00   3.9484E-06  0.2315
   2.1150E+00   2.1200E+00   3.3302E-06  0.2160
   2.1200E+00   2.1250E+00   3.1499E-06  0.1875
   2.1250E+00   2.1300E+00   3.4754E-06  0.2951
   2.1300E+00   2.1350E+00   3.5435E-06  0.1928
   2.1350E+00   2.1400E+00   3.0560E-06  0.1537
   2.1400E+00   2.1450E+00   2.5863E-06  0.1625
   2.1450E+00   2.1500E+00   2.3697E-06  0.1900
   2.1500E+00   2.1550E+00   2.5047E-06  0.1920
   2.1550E+00   2.1600E+00   2.5353E-06  0.2396
   2.1600E+00   2.1650E+00   2.8429E-06  0.2184
   2.1650E+00   2.1700E+00   2.5977E-06  0.2146
   2.1700E+00   2.1750E+00   2.3112E-06  0.2512
   2.1750E+00   2.1800E+00   2.6881E-06  0.2420
   2.1800E+00   2.1850E+00   2.5944E-06  0.2039
   2.1850E+00   2.1900E+00   2.1426E-06  0.1579
   2.1900E+00   2.1950E+00   1.9128E-06  0.1533
   2.1950E+00   2.2000E+00   2.0392E-06  0.1480
   2.2000E+00   2.2050E+00   1.8956E-06  0.1589
   2.2050E+00   2.2100E+00   2.1315E-06  0.1585
   2.2100E+00   2.2150E+00   2.7345E-06  0.2606
   2.2150E+00   2.2200E+00   3.1576E-06  0.2983
   2.2200E+00   2.2250E+00   2.1818E-06  0.1548
   2.2250E+00   2.2300E+00   2.1254E-06  0.1715
   2.2300E+00   2.2350E+00   2.7419E-06  0.1648
   2.2350E+00   2.2400E+00   3.1053E-06  0.2141
   2.2400E+00   2.2450E+00   3.1765E-06  0.2883
   2.2450E+00   2.2500E+00   2.7393E-06  0.2838
   2.2500E+00   2.2550E+00   3.2309E-06  0.2509
   2.2550E+00   2.2600E+00   3.1152E-06  0.3199
   2.2600E+00   2.2650E+00   3.1817E-06  0.3663
   2.2650E+00   2.2700E+00   2.4218E-06  0.1662
   2.2700E+00   2.2750E+00   2.3477E-06  0.1881
   2.2750E+00   2.2800E+00   2.1124E-06  0.1620
   2.2800E+00   2.2850E+00   1.8901E-06  0.1710
   2.2850E+00   2.2900E+00   2.0433E-06  0.1852
   2.2900E+00   2.2950E+00   2.3502E-06  0.1791
   2.2950E+00   2.3000E+00   2.7834E-06  0.1947
   2.3000E+00   2.3050E+00   2.3742E-06  0.2012
   2.3050E+00   2.3100E+00   2.2816E-06  0.1996
   2.3100E+00   2.3150E+00   2.1036E-06  0.2682
   2.3150E+00   2.3200E+00   3.1078E-06  0.3822
   2.3200E+00   2.3250E+00   2.8505E-06  0.3519
   2.3250E+00   2.3300E+00   2.2870E-06  0.1806
   2.3300E+00   2.3350E+00   1.9018E-06  0.1877
   2.3350E+00   2.3400E+00   2.0734E-06  0.2001
   2.3400E+00   2.3450E+00   3.8528E-06  0.3531
   2.3450E+00   2.3500E+00   2.2001E-06  0.2398
   2.3500E+00   2.3550E+00   2.0764E-06  0.2020
   2.3550E+00   2.3600E+00   2.0844E-06  0.2452
   2.3600E+00   2.3650E+00   1.9920E-06  0.1899
   2.3650E+00   2.3700E+00   1.8622E-06  0.1532
   2.3700E+00   2.3750E+00   1.4149E-06  0.1547
   2.3750E+00   2.3800E+00   2.0937E-06  0.3608
   2.3800E+00   2.3850E+00   2.1065E-06  0.3723
   2.3850E+00   2.3900E+00   1.2773E-06  0.1846
   2.3900E+00   2.3950E+00   2.0629E-06  0.4508
   2.3950E+00   2.4000E+00   2.6866E-06  0.4675
   2.4000E+00   2.4050E+00   2.6020E-06  0.4568
   2.4050E+00   2.4100E+00   1.3094E-06  0.2000
   2.4100E+00   2.4150E+00   1.9614E-06  0.1695
   2.4150E+00   2.4200E+00   1.8002E-06  0.1625
   2.4200E+00   2.4250E+00   1.6032E-06  0.1914
   2.4250E+00   2.4300E+00   1.5887E-06  0.1723
   2.4300E+00   2.4350E+00   2.0552E-06  0.1636
   2.4350E+00   2.4400E+00   2.0585E-06  0.2015
   2.4400E+00   2.4450E+00   2.2086E-06  0.2055
   2.4450E+00   2.4500E+00   2.3580E-06  0.2506
   2.4500E+00   2.4550E+00   2.0347E-06  0.2097
   2.4550E+00   2.4600E+00   1.2892E-06  0.2186
   2.4600E+00   2.4650E+00   1.3607E-06  0.1713
   2.4650E+00   2.4700E+00   1.1153E-06  0.1955
   2.4700E+00   2.4750E+00   8.9816E-07  0.1931
   2.4750E+00   2.4800E+00   9.1440E-07  0.1967
   2.4800E+00   2.4850E+00   8.9799E-07  0.2344
   2.4850E+00   2.4900E+00   1.4661E-06  0.2048
   2.4900E+00   2.4950E+00   1.3214E-06  0.2186
   2.4950E+00   2.5000E+00   1.2753E-06  0.4383

#   sum over                 9.7415E+00

'no. =  1,  ir =  1'
msuc: {\huge depth-dose distribution}
msdr: {\it plotted by \ANGEL \version}
msdl: {\it calculated by \PHITS  3.32}
wt: s(0.7)
\vspace{-3}
  rmin  &=&   0.0000E+00 [cm]
  rmax  &=&   1.0000E+00 [cm]
e:
 
# Information for Restart Calculation
# This calculation was newly started
# istdev =  2 # 1:Batch variance, 2:History variance
# resc2  = 1.00000000000000000E+07 # Total source weight or Total source weight / maxcas
# resc3  = 1.00000000000000000E+07 # Total history number or Total batch number
# maxcas =     1000000 # History / Batch, only used for istdev=1
# bitrseed = 1000110000001000111111101100101001110101110010000011011101101000 # bit data of rseed
