[ T-SED ]
    title = microdosimetric_spectra_water_photon_PHITS
     mesh =  reg            # mesh type is region-wise
      reg = 1
  se-type =    3            # se-mesh is log given by emin, emax and ne
     emin =  1.0000000E-02  # minimum value of e-mesh points
     emax =   10000.00      # maximum value of e-mesh points
#    edel =  7.6752836E-02  # mesh width of e-mesh points
       ne =  180            # number of e-mesh points
#    data = ( e(i), i = 1, ne + 1 )
#           1.00000E-02  1.07978E-02  1.16591E-02  1.25893E-02  1.35936E-02
#           1.46780E-02  1.58489E-02  1.71133E-02  1.84785E-02  1.99526E-02
#           2.15443E-02  2.32631E-02  2.51189E-02  2.71227E-02  2.92864E-02
#           3.16228E-02  3.41455E-02  3.68695E-02  3.98107E-02  4.29866E-02
#           4.64159E-02  5.01187E-02  5.41170E-02  5.84341E-02  6.30957E-02
#           6.81292E-02  7.35642E-02  7.94328E-02  8.57696E-02  9.26119E-02
#           1.00000E-01  1.07978E-01  1.16591E-01  1.25893E-01  1.35936E-01
#           1.46780E-01  1.58489E-01  1.71133E-01  1.84785E-01  1.99526E-01
#           2.15443E-01  2.32631E-01  2.51189E-01  2.71227E-01  2.92864E-01
#           3.16228E-01  3.41455E-01  3.68695E-01  3.98107E-01  4.29866E-01
#           4.64159E-01  5.01187E-01  5.41170E-01  5.84341E-01  6.30957E-01
#           6.81292E-01  7.35642E-01  7.94328E-01  8.57696E-01  9.26119E-01
#           1.00000E+00  1.07978E+00  1.16591E+00  1.25893E+00  1.35936E+00
#           1.46780E+00  1.58489E+00  1.71133E+00  1.84785E+00  1.99526E+00
#           2.15443E+00  2.32631E+00  2.51189E+00  2.71227E+00  2.92864E+00
#           3.16228E+00  3.41455E+00  3.68695E+00  3.98107E+00  4.29866E+00
#           4.64159E+00  5.01187E+00  5.41170E+00  5.84341E+00  6.30957E+00
#           6.81292E+00  7.35642E+00  7.94328E+00  8.57696E+00  9.26119E+00
#           1.00000E+01  1.07978E+01  1.16591E+01  1.25893E+01  1.35936E+01
#           1.46780E+01  1.58489E+01  1.71133E+01  1.84785E+01  1.99526E+01
#           2.15443E+01  2.32631E+01  2.51189E+01  2.71227E+01  2.92864E+01
#           3.16228E+01  3.41455E+01  3.68695E+01  3.98107E+01  4.29866E+01
#           4.64159E+01  5.01187E+01  5.41170E+01  5.84341E+01  6.30957E+01
#           6.81292E+01  7.35642E+01  7.94328E+01  8.57696E+01  9.26119E+01
#           1.00000E+02  1.07978E+02  1.16591E+02  1.25893E+02  1.35936E+02
#           1.46780E+02  1.58489E+02  1.71133E+02  1.84785E+02  1.99526E+02
#           2.15443E+02  2.32631E+02  2.51189E+02  2.71227E+02  2.92864E+02
#           3.16228E+02  3.41455E+02  3.68695E+02  3.98107E+02  4.29866E+02
#           4.64159E+02  5.01187E+02  5.41170E+02  5.84341E+02  6.30957E+02
#           6.81292E+02  7.35642E+02  7.94328E+02  8.57696E+02  9.26119E+02
#           1.00000E+03  1.07978E+03  1.16591E+03  1.25893E+03  1.35936E+03
#           1.46780E+03  1.58489E+03  1.71133E+03  1.84785E+03  1.99526E+03
#           2.15443E+03  2.32631E+03  2.51189E+03  2.71227E+03  2.92864E+03
#           3.16228E+03  3.41455E+03  3.68695E+03  3.98107E+03  4.29866E+03
#           4.64159E+03  5.01187E+03  5.41170E+03  5.84341E+03  6.30957E+03
#           6.81292E+03  7.35642E+03  7.94328E+03  8.57696E+03  9.26119E+03
#           1.00000E+04
  se-unit =    2            # se-unit is [keV/um]
     unit =    8            # unit is z*d(z) [Gy]
    model =    1            # (D=0) Model type 0:old, 1:new
    cdiam = -1.000000       # (D=1.0) diameter of target sphere [um]
   letmat =   -5            # (D=0) mat ID for LET, 0:real mat, <0: electron for H2O
 material =  all            # (D=all) number of specific material
     axis =  sed            # axis of output
     file = ydy_Ti.out      # file name of output for the above axis
     part =  all      
# kf/name :  0        
#    used :        main (  %)        temp (  %)       total (  %)
#  memory :         183 (  0)           0 (  0)         183 (  0)

#------------------------------------------------------------------------------
#newpage:
#   no. =  1   reg =      1

x: y [keV/um]  
y: y*d(y) [keV/um]               
p: xlog ylog afac(0.8) form(0.9)
h: n            x            y(all     ),hh0l n  
#  sed-lwr      sed-upr        all       r.err 
   1.0000E-02   1.0798E-02   1.4246E-05  0.0013
   1.0798E-02   1.1659E-02   1.6753E-05  0.0013
   1.1659E-02   1.2589E-02   1.9711E-05  0.0013
   1.2589E-02   1.3594E-02   2.3201E-05  0.0013
   1.3594E-02   1.4678E-02   2.7317E-05  0.0013
   1.4678E-02   1.5849E-02   3.2170E-05  0.0013
   1.5849E-02   1.7113E-02   3.7884E-05  0.0013
   1.7113E-02   1.8478E-02   4.4601E-05  0.0013
   1.8478E-02   1.9953E-02   5.2481E-05  0.0013
   1.9953E-02   2.1544E-02   6.1697E-05  0.0013
   2.1544E-02   2.3263E-02   7.2432E-05  0.0013
   2.3263E-02   2.5119E-02   8.4881E-05  0.0013
   2.5119E-02   2.7123E-02   9.9243E-05  0.0013
   2.7123E-02   2.9286E-02   1.1573E-04  0.0013
   2.9286E-02   3.1623E-02   1.3460E-04  0.0013
   3.1623E-02   3.4145E-02   1.5618E-04  0.0013
   3.4145E-02   3.6869E-02   1.8097E-04  0.0013
   3.6869E-02   3.9811E-02   2.0981E-04  0.0013
   3.9811E-02   4.2987E-02   2.4400E-04  0.0013
   4.2987E-02   4.6416E-02   2.8542E-04  0.0013
   4.6416E-02   5.0119E-02   3.3653E-04  0.0013
   5.0119E-02   5.4117E-02   4.0014E-04  0.0013
   5.4117E-02   5.8434E-02   4.7917E-04  0.0013
   5.8434E-02   6.3096E-02   5.7648E-04  0.0013
   6.3096E-02   6.8129E-02   6.9300E-04  0.0013
   6.8129E-02   7.3564E-02   8.3311E-04  0.0013
   7.3564E-02   7.9433E-02   1.0021E-03  0.0013
   7.9433E-02   8.5770E-02   1.2055E-03  0.0013
   8.5770E-02   9.2612E-02   1.4486E-03  0.0012
   9.2612E-02   1.0000E-01   1.7394E-03  0.0012
   1.0000E-01   1.0798E-01   2.0875E-03  0.0012
   1.0798E-01   1.1659E-01   2.5052E-03  0.0012
   1.1659E-01   1.2589E-01   3.0070E-03  0.0012
   1.2589E-01   1.3594E-01   3.6003E-03  0.0012
   1.3594E-01   1.4678E-01   4.2832E-03  0.0012
   1.4678E-01   1.5849E-01   5.0953E-03  0.0012
   1.5849E-01   1.7113E-01   6.0566E-03  0.0012
   1.7113E-01   1.8478E-01   7.1905E-03  0.0012
   1.8478E-01   1.9953E-01   8.5230E-03  0.0012
   1.9953E-01   2.1544E-01   1.0081E-02  0.0012
   2.1544E-01   2.3263E-01   1.1897E-02  0.0012
   2.3263E-01   2.5119E-01   1.4004E-02  0.0012
   2.5119E-01   2.7123E-01   1.6435E-02  0.0012
   2.7123E-01   2.9286E-01   1.9222E-02  0.0012
   2.9286E-01   3.1623E-01   2.2394E-02  0.0012
   3.1623E-01   3.4145E-01   2.5904E-02  0.0012
   3.4145E-01   3.6869E-01   2.9775E-02  0.0012
   3.6869E-01   3.9811E-01   3.4037E-02  0.0011
   3.9811E-01   4.2987E-01   3.8684E-02  0.0011
   4.2987E-01   4.6416E-01   4.3703E-02  0.0011
   4.6416E-01   5.0119E-01   4.9069E-02  0.0011
   5.0119E-01   5.4117E-01   5.4745E-02  0.0011
   5.4117E-01   5.8434E-01   6.0688E-02  0.0011
   5.8434E-01   6.3096E-01   6.6849E-02  0.0011
   6.3096E-01   6.8129E-01   7.3194E-02  0.0011
   6.8129E-01   7.3564E-01   7.9709E-02  0.0011
   7.3564E-01   7.9433E-01   8.6388E-02  0.0011
   7.9433E-01   8.5770E-01   9.3235E-02  0.0011
   8.5770E-01   9.2612E-01   1.0025E-01  0.0010
   9.2612E-01   1.0000E+00   1.0744E-01  0.0010
   1.0000E+00   1.0798E+00   1.1488E-01  0.0010
   1.0798E+00   1.1659E+00   1.2263E-01  0.0011
   1.1659E+00   1.2589E+00   1.3078E-01  0.0011
   1.2589E+00   1.3594E+00   1.3944E-01  0.0011
   1.3594E+00   1.4678E+00   1.4874E-01  0.0011
   1.4678E+00   1.5849E+00   1.5881E-01  0.0011
   1.5849E+00   1.7113E+00   1.6980E-01  0.0011
   1.7113E+00   1.8478E+00   1.8180E-01  0.0011
   1.8478E+00   1.9953E+00   1.9487E-01  0.0011
   1.9953E+00   2.1544E+00   2.0893E-01  0.0011
   2.1544E+00   2.3263E+00   2.2380E-01  0.0011
   2.3263E+00   2.5119E+00   2.3919E-01  0.0012
   2.5119E+00   2.7123E+00   2.5468E-01  0.0012
   2.7123E+00   2.9286E+00   2.6976E-01  0.0012
   2.9286E+00   3.1623E+00   2.8396E-01  0.0012
   3.1623E+00   3.4145E+00   2.9692E-01  0.0012
   3.4145E+00   3.6869E+00   3.0848E-01  0.0012
   3.6869E+00   3.9811E+00   3.1865E-01  0.0012
   3.9811E+00   4.2987E+00   3.2751E-01  0.0012
   4.2987E+00   4.6416E+00   3.3502E-01  0.0013
   4.6416E+00   5.0119E+00   3.4097E-01  0.0013
   5.0119E+00   5.4117E+00   3.4490E-01  0.0013
   5.4117E+00   5.8434E+00   3.4619E-01  0.0013
   5.8434E+00   6.3096E+00   3.4422E-01  0.0014
   6.3096E+00   6.8129E+00   3.3864E-01  0.0014
   6.8129E+00   7.3564E+00   3.2936E-01  0.0014
   7.3564E+00   7.9433E+00   3.1668E-01  0.0015
   7.9433E+00   8.5770E+00   3.0116E-01  0.0016
   8.5770E+00   9.2612E+00   2.8358E-01  0.0016
   9.2612E+00   1.0000E+01   2.6479E-01  0.0017
   1.0000E+01   1.0798E+01   2.4561E-01  0.0019
   1.0798E+01   1.1659E+01   2.2674E-01  0.0020
   1.1659E+01   1.2589E+01   2.0867E-01  0.0022
   1.2589E+01   1.3594E+01   1.9172E-01  0.0024
   1.3594E+01   1.4678E+01   1.7618E-01  0.0026
   1.4678E+01   1.5849E+01   1.6239E-01  0.0028
   1.5849E+01   1.7113E+01   1.5072E-01  0.0030
   1.7113E+01   1.8478E+01   1.4143E-01  0.0033
   1.8478E+01   1.9953E+01   1.3447E-01  0.0035
   1.9953E+01   2.1544E+01   1.2930E-01  0.0038
   2.1544E+01   2.3263E+01   1.2501E-01  0.0041
   2.3263E+01   2.5119E+01   1.2089E-01  0.0044
   2.5119E+01   2.7123E+01   1.1676E-01  0.0047
   2.7123E+01   2.9286E+01   1.1301E-01  0.0050
   2.9286E+01   3.1623E+01   1.1036E-01  0.0053
   3.1623E+01   3.4145E+01   1.0893E-01  0.0057
   3.4145E+01   3.6869E+01   1.0803E-01  0.0060
   3.6869E+01   3.9811E+01   1.0654E-01  0.0064
   3.9811E+01   4.2987E+01   1.0364E-01  0.0067
   4.2987E+01   4.6416E+01   9.9250E-02  0.0071
   4.6416E+01   5.0119E+01   9.4557E-02  0.0075
   5.0119E+01   5.4117E+01   9.0851E-02  0.0080
   5.4117E+01   5.8434E+01   8.8021E-02  0.0086
   5.8434E+01   6.3096E+01   8.5170E-02  0.0092
   6.3096E+01   6.8129E+01   8.1544E-02  0.0100
   6.8129E+01   7.3564E+01   7.6971E-02  0.0108
   7.3564E+01   7.9433E+01   7.1843E-02  0.0116
   7.9433E+01   8.5770E+01   6.7173E-02  0.0126
   8.5770E+01   9.2612E+01   6.2583E-02  0.0136
   9.2612E+01   1.0000E+02   5.7544E-02  0.0147
   1.0000E+02   1.0798E+02   5.2421E-02  0.0159
   1.0798E+02   1.1659E+02   4.7547E-02  0.0172
   1.1659E+02   1.2589E+02   4.3731E-02  0.0189
   1.2589E+02   1.3594E+02   4.0989E-02  0.0204
   1.3594E+02   1.4678E+02   3.8273E-02  0.0220
   1.4678E+02   1.5849E+02   3.5831E-02  0.0237
   1.5849E+02   1.7113E+02   3.3920E-02  0.0255
   1.7113E+02   1.8478E+02   3.2330E-02  0.0275
   1.8478E+02   1.9953E+02   3.0693E-02  0.0296
   1.9953E+02   2.1544E+02   2.8745E-02  0.0321
   2.1544E+02   2.3263E+02   2.6804E-02  0.0347
   2.3263E+02   2.5119E+02   2.4825E-02  0.0377
   2.5119E+02   2.7123E+02   2.3048E-02  0.0415
   2.7123E+02   2.9286E+02   2.1029E-02  0.0456
   2.9286E+02   3.1623E+02   1.9127E-02  0.0500
   3.1623E+02   3.4145E+02   1.6194E-02  0.0539
   3.4145E+02   3.6869E+02   1.4007E-02  0.0597
   3.6869E+02   3.9811E+02   1.2806E-02  0.0650
   3.9811E+02   4.2987E+02   1.2101E-02  0.0710
   4.2987E+02   4.6416E+02   1.1990E-02  0.0765
   4.6416E+02   5.0119E+02   1.1684E-02  0.0815
   5.0119E+02   5.4117E+02   1.0140E-02  0.0885
   5.4117E+02   5.8434E+02   8.6454E-03  0.0987
   5.8434E+02   6.3096E+02   7.7924E-03  0.1075
   6.3096E+02   6.8129E+02   7.3039E-03  0.1190
   6.8129E+02   7.3564E+02   7.2963E-03  0.1291
   7.3564E+02   7.9433E+02   6.6617E-03  0.1402
   7.9433E+02   8.5770E+02   5.5417E-03  0.1541
   8.5770E+02   9.2612E+02   4.4673E-03  0.1788
   9.2612E+02   1.0000E+03   3.5743E-03  0.2106
   1.0000E+03   1.0798E+03   1.3520E-03  0.2533
   1.0798E+03   1.1659E+03   7.4118E-04  0.3623
   1.1659E+03   1.2589E+03   7.0006E-04  0.4327
   1.2589E+03   1.3594E+03   7.0262E-04  0.4253
   1.3594E+03   1.4678E+03   6.2486E-04  0.4476
   1.4678E+03   1.5849E+03   6.0623E-04  0.4470
   1.5849E+03   1.7113E+03   4.6421E-04  0.4803
   1.7113E+03   1.8478E+03   3.8668E-04  0.6271
   1.8478E+03   1.9953E+03   4.8680E-04  0.6271
   1.9953E+03   2.1544E+03   6.1285E-04  0.6271
   2.1544E+03   2.3263E+03   7.7153E-04  0.6271
   2.3263E+03   2.5119E+03   7.2864E-04  0.6000
   2.5119E+03   2.7123E+03   4.2976E-04  0.6001
   2.7123E+03   2.9286E+03   2.3580E-04  1.0000
   2.9286E+03   3.1623E+03   2.9686E-04  1.0000
   3.1623E+03   3.4145E+03   3.7372E-04  1.0000
   3.4145E+03   3.6869E+03   4.7049E-04  1.0000
   3.6869E+03   3.9811E+03   0.0000E+00  0.0000
   3.9811E+03   4.2987E+03   0.0000E+00  0.0000
   4.2987E+03   4.6416E+03   0.0000E+00  0.0000
   4.6416E+03   5.0119E+03   0.0000E+00  0.0000
   5.0119E+03   5.4117E+03   0.0000E+00  0.0000
   5.4117E+03   5.8434E+03   0.0000E+00  0.0000
   5.8434E+03   6.3096E+03   0.0000E+00  0.0000
   6.3096E+03   6.8129E+03   0.0000E+00  0.0000
   6.8129E+03   7.3564E+03   0.0000E+00  0.0000
   7.3564E+03   7.9433E+03   0.0000E+00  0.0000
   7.9433E+03   8.5770E+03   0.0000E+00  0.0000
   8.5770E+03   9.2612E+03   0.0000E+00  0.0000
   9.2612E+03   1.0000E+04   0.0000E+00  0.0000

#               Dose mean    2.5937E+01

'no. =  1,  reg  =      1'
msuc: {\huge microdosimetric_spectra_water_photon_PHITS}
msdr: {\it plotted by \ANGEL \version}
msdl: {\it calculated by \PHITS  3.32}
 
# Information for Restart Calculation
# This calculation was newly started
# istdev =  2 # 1:Batch variance, 2:History variance
# resc2  = 1.00000000000000000E+08 # Total source weight or Total source weight / maxcas
# resc3  = 1.00000000000000000E+08 # Total history number or Total batch number
# maxcas =    10000000 # History / Batch, only used for istdev=1
# bitrseed = 1101111110010001010110101011011001110100110101001100011110000101 # bit data of rseed
