[ T-SED ]
    title = microdosimetric_spectra_water_photon_PHITS
     mesh =  reg            # mesh type is region-wise
      reg = 1
  se-type =    3            # se-mesh is log given by emin, emax and ne
     emin =  1.0000000E-02  # minimum value of e-mesh points
     emax =   10000.00      # maximum value of e-mesh points
#    edel =  7.6752836E-02  # mesh width of e-mesh points
       ne =  180            # number of e-mesh points
#    data = ( e(i), i = 1, ne + 1 )
#           1.00000E-02  1.07978E-02  1.16591E-02  1.25893E-02  1.35936E-02
#           1.46780E-02  1.58489E-02  1.71133E-02  1.84785E-02  1.99526E-02
#           2.15443E-02  2.32631E-02  2.51189E-02  2.71227E-02  2.92864E-02
#           3.16228E-02  3.41455E-02  3.68695E-02  3.98107E-02  4.29866E-02
#           4.64159E-02  5.01187E-02  5.41170E-02  5.84341E-02  6.30957E-02
#           6.81292E-02  7.35642E-02  7.94328E-02  8.57696E-02  9.26119E-02
#           1.00000E-01  1.07978E-01  1.16591E-01  1.25893E-01  1.35936E-01
#           1.46780E-01  1.58489E-01  1.71133E-01  1.84785E-01  1.99526E-01
#           2.15443E-01  2.32631E-01  2.51189E-01  2.71227E-01  2.92864E-01
#           3.16228E-01  3.41455E-01  3.68695E-01  3.98107E-01  4.29866E-01
#           4.64159E-01  5.01187E-01  5.41170E-01  5.84341E-01  6.30957E-01
#           6.81292E-01  7.35642E-01  7.94328E-01  8.57696E-01  9.26119E-01
#           1.00000E+00  1.07978E+00  1.16591E+00  1.25893E+00  1.35936E+00
#           1.46780E+00  1.58489E+00  1.71133E+00  1.84785E+00  1.99526E+00
#           2.15443E+00  2.32631E+00  2.51189E+00  2.71227E+00  2.92864E+00
#           3.16228E+00  3.41455E+00  3.68695E+00  3.98107E+00  4.29866E+00
#           4.64159E+00  5.01187E+00  5.41170E+00  5.84341E+00  6.30957E+00
#           6.81292E+00  7.35642E+00  7.94328E+00  8.57696E+00  9.26119E+00
#           1.00000E+01  1.07978E+01  1.16591E+01  1.25893E+01  1.35936E+01
#           1.46780E+01  1.58489E+01  1.71133E+01  1.84785E+01  1.99526E+01
#           2.15443E+01  2.32631E+01  2.51189E+01  2.71227E+01  2.92864E+01
#           3.16228E+01  3.41455E+01  3.68695E+01  3.98107E+01  4.29866E+01
#           4.64159E+01  5.01187E+01  5.41170E+01  5.84341E+01  6.30957E+01
#           6.81292E+01  7.35642E+01  7.94328E+01  8.57696E+01  9.26119E+01
#           1.00000E+02  1.07978E+02  1.16591E+02  1.25893E+02  1.35936E+02
#           1.46780E+02  1.58489E+02  1.71133E+02  1.84785E+02  1.99526E+02
#           2.15443E+02  2.32631E+02  2.51189E+02  2.71227E+02  2.92864E+02
#           3.16228E+02  3.41455E+02  3.68695E+02  3.98107E+02  4.29866E+02
#           4.64159E+02  5.01187E+02  5.41170E+02  5.84341E+02  6.30957E+02
#           6.81292E+02  7.35642E+02  7.94328E+02  8.57696E+02  9.26119E+02
#           1.00000E+03  1.07978E+03  1.16591E+03  1.25893E+03  1.35936E+03
#           1.46780E+03  1.58489E+03  1.71133E+03  1.84785E+03  1.99526E+03
#           2.15443E+03  2.32631E+03  2.51189E+03  2.71227E+03  2.92864E+03
#           3.16228E+03  3.41455E+03  3.68695E+03  3.98107E+03  4.29866E+03
#           4.64159E+03  5.01187E+03  5.41170E+03  5.84341E+03  6.30957E+03
#           6.81292E+03  7.35642E+03  7.94328E+03  8.57696E+03  9.26119E+03
#           1.00000E+04
  se-unit =    2            # se-unit is [keV/um]
     unit =    8            # unit is z*d(z) [Gy]
    model =    1            # (D=0) Model type 0:old, 1:new
    cdiam = -1.000000       # (D=1.0) diameter of target sphere [um]
   letmat =   -5            # (D=0) mat ID for LET, 0:real mat, <0: electron for H2O
 material =  all            # (D=all) number of specific material
     axis =  sed            # axis of output
     file = ydy_Ti.out      # file name of output for the above axis
     part =  all      
# kf/name :  0        
#    used :        main (  %)        temp (  %)       total (  %)
#  memory :         183 (  0)           0 (  0)         183 (  0)

#------------------------------------------------------------------------------
#newpage:
#   no. =  1   reg =      1

x: y [keV/um]  
y: y*d(y) [keV/um]               
p: xlog ylog afac(0.8) form(0.9)
h: n            x            y(all     ),hh0l n  
#  sed-lwr      sed-upr        all       r.err 
   1.0000E-02   1.0798E-02   2.4100E-05  0.0019
   1.0798E-02   1.1659E-02   2.8419E-05  0.0019
   1.1659E-02   1.2589E-02   3.3533E-05  0.0019
   1.2589E-02   1.3594E-02   3.9592E-05  0.0019
   1.3594E-02   1.4678E-02   4.6768E-05  0.0019
   1.4678E-02   1.5849E-02   5.5265E-05  0.0019
   1.5849E-02   1.7113E-02   6.5319E-05  0.0019
   1.7113E-02   1.8478E-02   7.7198E-05  0.0019
   1.8478E-02   1.9953E-02   9.1206E-05  0.0019
   1.9953E-02   2.1544E-02   1.0768E-04  0.0019
   2.1544E-02   2.3263E-02   1.2697E-04  0.0019
   2.3263E-02   2.5119E-02   1.4948E-04  0.0019
   2.5119E-02   2.7123E-02   1.7561E-04  0.0019
   2.7123E-02   2.9286E-02   2.0579E-04  0.0019
   2.9286E-02   3.1623E-02   2.4054E-04  0.0019
   3.1623E-02   3.4145E-02   2.8054E-04  0.0019
   3.4145E-02   3.6869E-02   3.2684E-04  0.0019
   3.6869E-02   3.9811E-02   3.8113E-04  0.0019
   3.9811E-02   4.2987E-02   4.4607E-04  0.0019
   4.2987E-02   4.6416E-02   5.2553E-04  0.0019
   4.6416E-02   5.0119E-02   6.2459E-04  0.0019
   5.0119E-02   5.4117E-02   7.4907E-04  0.0019
   5.4117E-02   5.8434E-02   9.0508E-04  0.0019
   5.8434E-02   6.3096E-02   1.0989E-03  0.0019
   6.3096E-02   6.8129E-02   1.3378E-03  0.0019
   6.8129E-02   7.3564E-02   1.6308E-03  0.0019
   7.3564E-02   7.9433E-02   1.9899E-03  0.0019
   7.9433E-02   8.5770E-02   2.4298E-03  0.0019
   8.5770E-02   9.2612E-02   2.9687E-03  0.0018
   9.2612E-02   1.0000E-01   3.6291E-03  0.0018
   1.0000E-01   1.0798E-01   4.4381E-03  0.0018
   1.0798E-01   1.1659E-01   5.4290E-03  0.0018
   1.1659E-01   1.2589E-01   6.6420E-03  0.0018
   1.2589E-01   1.3594E-01   8.1258E-03  0.0018
   1.3594E-01   1.4678E-01   9.9390E-03  0.0018
   1.4678E-01   1.5849E-01   1.2152E-02  0.0018
   1.5849E-01   1.7113E-01   1.4849E-02  0.0018
   1.7113E-01   1.8478E-01   1.8130E-02  0.0018
   1.8478E-01   1.9953E-01   2.2111E-02  0.0018
   1.9953E-01   2.1544E-01   2.6929E-02  0.0018
   2.1544E-01   2.3263E-01   3.2742E-02  0.0018
   2.3263E-01   2.5119E-01   3.9729E-02  0.0018
   2.5119E-01   2.7123E-01   4.8089E-02  0.0018
   2.7123E-01   2.9286E-01   5.8044E-02  0.0018
   2.9286E-01   3.1623E-01   6.9827E-02  0.0018
   3.1623E-01   3.4145E-01   8.3682E-02  0.0018
   3.4145E-01   3.6869E-01   9.9847E-02  0.0018
   3.6869E-01   3.9811E-01   1.1854E-01  0.0018
   3.9811E-01   4.2987E-01   1.3994E-01  0.0018
   4.2987E-01   4.6416E-01   1.6416E-01  0.0018
   4.6416E-01   5.0119E-01   1.9121E-01  0.0018
   5.0119E-01   5.4117E-01   2.2095E-01  0.0018
   5.4117E-01   5.8434E-01   2.5306E-01  0.0018
   5.8434E-01   6.3096E-01   2.8702E-01  0.0018
   6.3096E-01   6.8129E-01   3.2204E-01  0.0018
   6.8129E-01   7.3564E-01   3.5705E-01  0.0018
   7.3564E-01   7.9433E-01   3.9073E-01  0.0018
   7.9433E-01   8.5770E-01   4.2159E-01  0.0018
   8.5770E-01   9.2612E-01   4.4800E-01  0.0018
   9.2612E-01   1.0000E+00   4.6840E-01  0.0018
   1.0000E+00   1.0798E+00   4.8145E-01  0.0018
   1.0798E+00   1.1659E+00   4.8624E-01  0.0018
   1.1659E+00   1.2589E+00   4.8241E-01  0.0018
   1.2589E+00   1.3594E+00   4.7031E-01  0.0018
   1.3594E+00   1.4678E+00   4.5095E-01  0.0018
   1.4678E+00   1.5849E+00   4.2596E-01  0.0018
   1.5849E+00   1.7113E+00   3.9740E-01  0.0018
   1.7113E+00   1.8478E+00   3.6752E-01  0.0018
   1.8478E+00   1.9953E+00   3.3852E-01  0.0018
   1.9953E+00   2.1544E+00   3.1227E-01  0.0019
   2.1544E+00   2.3263E+00   2.9015E-01  0.0019
   2.3263E+00   2.5119E+00   2.7290E-01  0.0019
   2.5119E+00   2.7123E+00   2.6059E-01  0.0019
   2.7123E+00   2.9286E+00   2.5274E-01  0.0019
   2.9286E+00   3.1623E+00   2.4840E-01  0.0019
   3.1623E+00   3.4145E+00   2.4634E-01  0.0019
   3.4145E+00   3.6869E+00   2.4526E-01  0.0019
   3.6869E+00   3.9811E+00   2.4397E-01  0.0019
   3.9811E+00   4.2987E+00   2.4144E-01  0.0019
   4.2987E+00   4.6416E+00   2.3692E-01  0.0019
   4.6416E+00   5.0119E+00   2.2991E-01  0.0019
   5.0119E+00   5.4117E+00   2.2022E-01  0.0020
   5.4117E+00   5.8434E+00   2.0786E-01  0.0020
   5.8434E+00   6.3096E+00   1.9305E-01  0.0020
   6.3096E+00   6.8129E+00   1.7618E-01  0.0021
   6.8129E+00   7.3564E+00   1.5777E-01  0.0022
   7.3564E+00   7.9433E+00   1.3845E-01  0.0023
   7.9433E+00   8.5770E+00   1.1887E-01  0.0025
   8.5770E+00   9.2612E+00   9.9705E-02  0.0028
   9.2612E+00   1.0000E+01   8.1570E-02  0.0032
   1.0000E+01   1.0798E+01   6.4990E-02  0.0038
   1.0798E+01   1.1659E+01   5.0353E-02  0.0048
   1.1659E+01   1.2589E+01   3.7894E-02  0.0063
   1.2589E+01   1.3594E+01   2.7684E-02  0.0086
   1.3594E+01   1.4678E+01   1.9645E-02  0.0124
   1.4678E+01   1.5849E+01   1.3574E-02  0.0185
   1.5849E+01   1.7113E+01   9.1869E-03  0.0284
   1.7113E+01   1.8478E+01   6.1593E-03  0.0446
   1.8478E+01   1.9953E+01   4.1651E-03  0.0694
   1.9953E+01   2.1544E+01   2.9000E-03  0.1032
   2.1544E+01   2.3263E+01   2.1013E-03  0.1408
   2.3263E+01   2.5119E+01   1.5724E-03  0.1753
   2.5119E+01   2.7123E+01   1.2028E-03  0.2075
   2.7123E+01   2.9286E+01   9.5088E-04  0.2489
   2.9286E+01   3.1623E+01   7.9709E-04  0.3034
   3.1623E+01   3.4145E+01   7.1353E-04  0.3570
   3.4145E+01   3.6869E+01   6.6361E-04  0.4006
   3.6869E+01   3.9811E+01   6.2054E-04  0.4208
   3.9811E+01   4.2987E+01   5.5697E-04  0.4052
   4.2987E+01   4.6416E+01   5.0885E-04  0.3911
   4.6416E+01   5.0119E+01   5.3230E-04  0.4226
   5.0119E+01   5.4117E+01   6.2792E-04  0.4461
   5.4117E+01   5.8434E+01   7.7738E-04  0.4533
   5.8434E+01   6.3096E+01   9.7507E-04  0.4549
   6.3096E+01   6.8129E+01   1.2260E-03  0.4551
   6.8129E+01   7.3564E+01   1.5369E-03  0.4545
   7.3564E+01   7.9433E+01   1.8695E-03  0.4489
   7.9433E+01   8.5770E+01   1.8954E-03  0.4208
   8.5770E+01   9.2612E+01   1.5793E-03  0.4469
   9.2612E+01   1.0000E+02   1.6868E-03  0.4996
   1.0000E+02   1.0798E+02   1.9604E-03  0.5051
   1.0798E+02   1.1659E+02   2.1481E-03  0.5243
   1.1659E+02   1.2589E+02   2.3841E-03  0.5622
   1.2589E+02   1.3594E+02   2.6088E-03  0.5766
   1.3594E+02   1.4678E+02   2.2727E-03  0.5947
   1.4678E+02   1.5849E+02   1.7020E-03  0.6984
   1.5849E+02   1.7113E+02   1.4369E-03  0.7554
   1.7113E+02   1.8478E+02   1.4834E-03  0.7505
   1.8478E+02   1.9953E+02   1.8014E-03  0.7487
   1.9953E+02   2.1544E+02   2.2381E-03  0.7515
   2.1544E+02   2.3263E+02   2.5746E-03  0.7868
   2.3263E+02   2.5119E+02   2.8514E-03  0.8595
   2.5119E+02   2.7123E+02   3.5283E-03  0.8708
   2.7123E+02   2.9286E+02   4.3176E-03  0.8689
   2.9286E+02   3.1623E+02   3.1638E-03  0.8313
   3.1623E+02   3.4145E+02   2.9167E-04  0.8246
   3.4145E+02   3.6869E+02   5.1547E-06  0.8291
   3.6869E+02   3.9811E+02   5.8500E-08  0.8291
   3.9811E+02   4.2987E+02   0.0000E+00  0.0000
   4.2987E+02   4.6416E+02   0.0000E+00  0.0000
   4.6416E+02   5.0119E+02   0.0000E+00  0.0000
   5.0119E+02   5.4117E+02   0.0000E+00  0.0000
   5.4117E+02   5.8434E+02   0.0000E+00  0.0000
   5.8434E+02   6.3096E+02   0.0000E+00  0.0000
   6.3096E+02   6.8129E+02   0.0000E+00  0.0000
   6.8129E+02   7.3564E+02   0.0000E+00  0.0000
   7.3564E+02   7.9433E+02   0.0000E+00  0.0000
   7.9433E+02   8.5770E+02   0.0000E+00  0.0000
   8.5770E+02   9.2612E+02   0.0000E+00  0.0000
   9.2612E+02   1.0000E+03   0.0000E+00  0.0000
   1.0000E+03   1.0798E+03   0.0000E+00  0.0000
   1.0798E+03   1.1659E+03   0.0000E+00  0.0000
   1.1659E+03   1.2589E+03   0.0000E+00  0.0000
   1.2589E+03   1.3594E+03   0.0000E+00  0.0000
   1.3594E+03   1.4678E+03   0.0000E+00  0.0000
   1.4678E+03   1.5849E+03   0.0000E+00  0.0000
   1.5849E+03   1.7113E+03   0.0000E+00  0.0000
   1.7113E+03   1.8478E+03   0.0000E+00  0.0000
   1.8478E+03   1.9953E+03   0.0000E+00  0.0000
   1.9953E+03   2.1544E+03   0.0000E+00  0.0000
   2.1544E+03   2.3263E+03   0.0000E+00  0.0000
   2.3263E+03   2.5119E+03   0.0000E+00  0.0000
   2.5119E+03   2.7123E+03   0.0000E+00  0.0000
   2.7123E+03   2.9286E+03   0.0000E+00  0.0000
   2.9286E+03   3.1623E+03   0.0000E+00  0.0000
   3.1623E+03   3.4145E+03   0.0000E+00  0.0000
   3.4145E+03   3.6869E+03   0.0000E+00  0.0000
   3.6869E+03   3.9811E+03   0.0000E+00  0.0000
   3.9811E+03   4.2987E+03   0.0000E+00  0.0000
   4.2987E+03   4.6416E+03   0.0000E+00  0.0000
   4.6416E+03   5.0119E+03   0.0000E+00  0.0000
   5.0119E+03   5.4117E+03   0.0000E+00  0.0000
   5.4117E+03   5.8434E+03   0.0000E+00  0.0000
   5.8434E+03   6.3096E+03   0.0000E+00  0.0000
   6.3096E+03   6.8129E+03   0.0000E+00  0.0000
   6.8129E+03   7.3564E+03   0.0000E+00  0.0000
   7.3564E+03   7.9433E+03   0.0000E+00  0.0000
   7.9433E+03   8.5770E+03   0.0000E+00  0.0000
   8.5770E+03   9.2612E+03   0.0000E+00  0.0000
   9.2612E+03   1.0000E+04   0.0000E+00  0.0000

#               Dose mean    4.0159E+00

'no. =  1,  reg  =      1'
msuc: {\huge microdosimetric_spectra_water_photon_PHITS}
msdr: {\it plotted by \ANGEL \version}
msdl: {\it calculated by \PHITS  3.32}
 
# Information for Restart Calculation
# This calculation was newly started
# istdev =  2 # 1:Batch variance, 2:History variance
# resc2  = 1.00000000000000000E+06 # Total source weight or Total source weight / maxcas
# resc3  = 1.00000000000000000E+06 # Total history number or Total batch number
# maxcas =      100000 # History / Batch, only used for istdev=1
# bitrseed = 0101101000001110011101111011110101001001010001111010111000101101 # bit data of rseed
