[ T-SED ]
    title = microdosimetric_spectra_water_photon_PHITS
     mesh =  reg            # mesh type is region-wise
      reg = 1
  se-type =    3            # se-mesh is log given by emin, emax and ne
     emin =  1.0000000E-02  # minimum value of e-mesh points
     emax =   10000.00      # maximum value of e-mesh points
#    edel =  7.6752836E-02  # mesh width of e-mesh points
       ne =  180            # number of e-mesh points
#    data = ( e(i), i = 1, ne + 1 )
#           1.00000E-02  1.07978E-02  1.16591E-02  1.25893E-02  1.35936E-02
#           1.46780E-02  1.58489E-02  1.71133E-02  1.84785E-02  1.99526E-02
#           2.15443E-02  2.32631E-02  2.51189E-02  2.71227E-02  2.92864E-02
#           3.16228E-02  3.41455E-02  3.68695E-02  3.98107E-02  4.29866E-02
#           4.64159E-02  5.01187E-02  5.41170E-02  5.84341E-02  6.30957E-02
#           6.81292E-02  7.35642E-02  7.94328E-02  8.57696E-02  9.26119E-02
#           1.00000E-01  1.07978E-01  1.16591E-01  1.25893E-01  1.35936E-01
#           1.46780E-01  1.58489E-01  1.71133E-01  1.84785E-01  1.99526E-01
#           2.15443E-01  2.32631E-01  2.51189E-01  2.71227E-01  2.92864E-01
#           3.16228E-01  3.41455E-01  3.68695E-01  3.98107E-01  4.29866E-01
#           4.64159E-01  5.01187E-01  5.41170E-01  5.84341E-01  6.30957E-01
#           6.81292E-01  7.35642E-01  7.94328E-01  8.57696E-01  9.26119E-01
#           1.00000E+00  1.07978E+00  1.16591E+00  1.25893E+00  1.35936E+00
#           1.46780E+00  1.58489E+00  1.71133E+00  1.84785E+00  1.99526E+00
#           2.15443E+00  2.32631E+00  2.51189E+00  2.71227E+00  2.92864E+00
#           3.16228E+00  3.41455E+00  3.68695E+00  3.98107E+00  4.29866E+00
#           4.64159E+00  5.01187E+00  5.41170E+00  5.84341E+00  6.30957E+00
#           6.81292E+00  7.35642E+00  7.94328E+00  8.57696E+00  9.26119E+00
#           1.00000E+01  1.07978E+01  1.16591E+01  1.25893E+01  1.35936E+01
#           1.46780E+01  1.58489E+01  1.71133E+01  1.84785E+01  1.99526E+01
#           2.15443E+01  2.32631E+01  2.51189E+01  2.71227E+01  2.92864E+01
#           3.16228E+01  3.41455E+01  3.68695E+01  3.98107E+01  4.29866E+01
#           4.64159E+01  5.01187E+01  5.41170E+01  5.84341E+01  6.30957E+01
#           6.81292E+01  7.35642E+01  7.94328E+01  8.57696E+01  9.26119E+01
#           1.00000E+02  1.07978E+02  1.16591E+02  1.25893E+02  1.35936E+02
#           1.46780E+02  1.58489E+02  1.71133E+02  1.84785E+02  1.99526E+02
#           2.15443E+02  2.32631E+02  2.51189E+02  2.71227E+02  2.92864E+02
#           3.16228E+02  3.41455E+02  3.68695E+02  3.98107E+02  4.29866E+02
#           4.64159E+02  5.01187E+02  5.41170E+02  5.84341E+02  6.30957E+02
#           6.81292E+02  7.35642E+02  7.94328E+02  8.57696E+02  9.26119E+02
#           1.00000E+03  1.07978E+03  1.16591E+03  1.25893E+03  1.35936E+03
#           1.46780E+03  1.58489E+03  1.71133E+03  1.84785E+03  1.99526E+03
#           2.15443E+03  2.32631E+03  2.51189E+03  2.71227E+03  2.92864E+03
#           3.16228E+03  3.41455E+03  3.68695E+03  3.98107E+03  4.29866E+03
#           4.64159E+03  5.01187E+03  5.41170E+03  5.84341E+03  6.30957E+03
#           6.81292E+03  7.35642E+03  7.94328E+03  8.57696E+03  9.26119E+03
#           1.00000E+04
  se-unit =    2            # se-unit is [keV/um]
     unit =    7            # unit is z*f(z) [dimensionless]
    model =    1            # (D=0) Model type 0:old, 1:new
    cdiam = -1.000000       # (D=1.0) diameter of target sphere [um]
   letmat =   -5            # (D=0) mat ID for LET, 0:real mat, <0: electron for H2O
 material =  all            # (D=all) number of specific material
     axis =  sed            # axis of output
     file = yfy_gold.out    # file name of output for the above axis
     part =  all      
# kf/name :  0        
#    used :        main (  %)        temp (  %)       total (  %)
#  memory :         183 (  0)           0 (  0)         183 (  0)

#------------------------------------------------------------------------------
#newpage:
#   no. =  1   reg =      1

x: y [keV/um]  
y: y*f(y) [dimensionless]        
p: xlog ylog afac(0.8) form(0.9)
h: n            x            y(all     ),hh0l n  
#  sed-lwr      sed-upr        all       r.err 
   1.0000E-02   1.0798E-02   1.0104E-03  0.0007
   1.0798E-02   1.1659E-02   1.0956E-03  0.0007
   1.1659E-02   1.2589E-02   1.1883E-03  0.0007
   1.2589E-02   1.3594E-02   1.2891E-03  0.0007
   1.3594E-02   1.4678E-02   1.3985E-03  0.0007
   1.4678E-02   1.5849E-02   1.5172E-03  0.0007
   1.5849E-02   1.7113E-02   1.6458E-03  0.0007
   1.7113E-02   1.8478E-02   1.7846E-03  0.0007
   1.8478E-02   1.9953E-02   1.9339E-03  0.0007
   1.9953E-02   2.1544E-02   2.0936E-03  0.0007
   2.1544E-02   2.3263E-02   2.2635E-03  0.0007
   2.3263E-02   2.5119E-02   2.4426E-03  0.0007
   2.5119E-02   2.7123E-02   2.6300E-03  0.0007
   2.7123E-02   2.9286E-02   2.8242E-03  0.0007
   2.9286E-02   3.1623E-02   3.0244E-03  0.0007
   3.1623E-02   3.4145E-02   3.2308E-03  0.0007
   3.4145E-02   3.6869E-02   3.4462E-03  0.0007
   3.6869E-02   3.9811E-02   3.6772E-03  0.0007
   3.9811E-02   4.2987E-02   3.9348E-03  0.0007
   4.2987E-02   4.6416E-02   4.2334E-03  0.0007
   4.6416E-02   5.0119E-02   4.5877E-03  0.0007
   5.0119E-02   5.4117E-02   5.0083E-03  0.0007
   5.4117E-02   5.8434E-02   5.4998E-03  0.0007
   5.8434E-02   6.3096E-02   6.0622E-03  0.0007
   6.3096E-02   6.8129E-02   6.6948E-03  0.0007
   6.8129E-02   7.3564E-02   7.4031E-03  0.0007
   7.3564E-02   7.9433E-02   8.1963E-03  0.0007
   7.9433E-02   8.5770E-02   9.0852E-03  0.0007
   8.5770E-02   9.2612E-02   1.0082E-02  0.0007
   9.2612E-02   1.0000E-01   1.1201E-02  0.0007
   1.0000E-01   1.0798E-01   1.2458E-02  0.0007
   1.0798E-01   1.1659E-01   1.3874E-02  0.0007
   1.1659E-01   1.2589E-01   1.5470E-02  0.0006
   1.2589E-01   1.3594E-01   1.7270E-02  0.0006
   1.3594E-01   1.4678E-01   1.9301E-02  0.0006
   1.4678E-01   1.5849E-01   2.1597E-02  0.0006
   1.5849E-01   1.7113E-01   2.4192E-02  0.0006
   1.7113E-01   1.8478E-01   2.7129E-02  0.0006
   1.8478E-01   1.9953E-01   3.0454E-02  0.0006
   1.9953E-01   2.1544E-01   3.4219E-02  0.0006
   2.1544E-01   2.3263E-01   3.8484E-02  0.0006
   2.3263E-01   2.5119E-01   4.3315E-02  0.0006
   2.5119E-01   2.7123E-01   4.8786E-02  0.0006
   2.7123E-01   2.9286E-01   5.4982E-02  0.0006
   2.9286E-01   3.1623E-01   6.1992E-02  0.0006
   3.1623E-01   3.4145E-01   6.9919E-02  0.0006
   3.4145E-01   3.6869E-01   7.8872E-02  0.0006
   3.6869E-01   3.9811E-01   8.8970E-02  0.0006
   3.9811E-01   4.2987E-01   1.0034E-01  0.0006
   4.2987E-01   4.6416E-01   1.1311E-01  0.0006
   4.6416E-01   5.0119E-01   1.2741E-01  0.0006
   5.0119E-01   5.4117E-01   1.4338E-01  0.0006
   5.4117E-01   5.8434E-01   1.6115E-01  0.0006
   5.8434E-01   6.3096E-01   1.8082E-01  0.0006
   6.3096E-01   6.8129E-01   2.0246E-01  0.0006
   6.8129E-01   7.3564E-01   2.2614E-01  0.0006
   7.3564E-01   7.9433E-01   2.5182E-01  0.0006
   7.9433E-01   8.5770E-01   2.7941E-01  0.0006
   8.5770E-01   9.2612E-01   3.0873E-01  0.0006
   9.2612E-01   1.0000E+00   3.3945E-01  0.0006
   1.0000E+00   1.0798E+00   3.7113E-01  0.0006
   1.0798E+00   1.1659E+00   4.0315E-01  0.0006
   1.1659E+00   1.2589E+00   4.3473E-01  0.0006
   1.2589E+00   1.3594E+00   4.6495E-01  0.0006
   1.3594E+00   1.4678E+00   4.9274E-01  0.0006
   1.4678E+00   1.5849E+00   5.1695E-01  0.0006
   1.5849E+00   1.7113E+00   5.3642E-01  0.0006
   1.7113E+00   1.8478E+00   5.5004E-01  0.0006
   1.8478E+00   1.9953E+00   5.5683E-01  0.0006
   1.9953E+00   2.1544E+00   5.5604E-01  0.0006
   2.1544E+00   2.3263E+00   5.4723E-01  0.0006
   2.3263E+00   2.5119E+00   5.3030E-01  0.0006
   2.5119E+00   2.7123E+00   5.0560E-01  0.0006
   2.7123E+00   2.9286E+00   4.7388E-01  0.0006
   2.9286E+00   3.1623E+00   4.3631E-01  0.0006
   3.1623E+00   3.4145E+00   3.9437E-01  0.0006
   3.4145E+00   3.6869E+00   3.4981E-01  0.0006
   3.6869E+00   3.9811E+00   3.0442E-01  0.0006
   3.9811E+00   4.2987E+00   2.5997E-01  0.0006
   4.2987E+00   4.6416E+00   2.1799E-01  0.0006
   4.6416E+00   5.0119E+00   1.7968E-01  0.0006
   5.0119E+00   5.4117E+00   1.4587E-01  0.0006
   5.4117E+00   5.8434E+00   1.1695E-01  0.0006
   5.8434E+00   6.3096E+00   9.2912E-02  0.0006
   6.3096E+00   6.8129E+00   7.3439E-02  0.0006
   6.8129E+00   7.3564E+00   5.7987E-02  0.0006
   7.3564E+00   7.9433E+00   4.5890E-02  0.0006
   7.9433E+00   8.5770E+00   3.6463E-02  0.0006
   8.5770E+00   9.2612E+00   2.9080E-02  0.0007
   9.2612E+00   1.0000E+01   2.3220E-02  0.0007
   1.0000E+01   1.0798E+01   1.8486E-02  0.0007
   1.0798E+01   1.1659E+01   1.4601E-02  0.0008
   1.1659E+01   1.2589E+01   1.1385E-02  0.0008
   1.2589E+01   1.3594E+01   8.7248E-03  0.0009
   1.3594E+01   1.4678E+01   6.5460E-03  0.0011
   1.4678E+01   1.5849E+01   4.7937E-03  0.0013
   1.5849E+01   1.7113E+01   3.4184E-03  0.0017
   1.7113E+01   1.8478E+01   2.3697E-03  0.0023
   1.8478E+01   1.9953E+01   1.5955E-03  0.0033
   1.9953E+01   2.1544E+01   1.0437E-03  0.0049
   2.1544E+01   2.3263E+01   6.6452E-04  0.0074
   2.3263E+01   2.5119E+01   4.1363E-04  0.0115
   2.5119E+01   2.7123E+01   2.5402E-04  0.0180
   2.7123E+01   2.9286E+01   1.5649E-04  0.0281
   2.9286E+01   3.1623E+01   9.9062E-05  0.0428
   3.1623E+01   3.4145E+01   6.5907E-05  0.0612
   3.4145E+01   3.6869E+01   4.6548E-05  0.0811
   3.6869E+01   3.9811E+01   3.4972E-05  0.1013
   3.9811E+01   4.2987E+01   2.7739E-05  0.1194
   4.2987E+01   4.6416E+01   2.2745E-05  0.1355
   4.6416E+01   5.0119E+01   1.9074E-05  0.1531
   5.0119E+01   5.4117E+01   1.6239E-05  0.1725
   5.4117E+01   5.8434E+01   1.3890E-05  0.1898
   5.8434E+01   6.3096E+01   1.1438E-05  0.2065
   6.3096E+01   6.8129E+01   9.2801E-06  0.2259
   6.8129E+01   7.3564E+01   8.0553E-06  0.2495
   7.3564E+01   7.9433E+01   7.8198E-06  0.2673
   7.9433E+01   8.5770E+01   7.2851E-06  0.2720
   8.5770E+01   9.2612E+01   6.3130E-06  0.2919
   9.2612E+01   1.0000E+02   5.1140E-06  0.3088
   1.0000E+02   1.0798E+02   3.7790E-06  0.3314
   1.0798E+02   1.1659E+02   2.5286E-06  0.3648
   1.1659E+02   1.2589E+02   1.6117E-06  0.4931
   1.2589E+02   1.3594E+02   1.6167E-06  0.5539
   1.3594E+02   1.4678E+02   1.6910E-06  0.5523
   1.4678E+02   1.5849E+02   1.5194E-06  0.5057
   1.5849E+02   1.7113E+02   1.3557E-06  0.5108
   1.7113E+02   1.8478E+02   1.4336E-06  0.5317
   1.8478E+02   1.9953E+02   1.5829E-06  0.5385
   1.9953E+02   2.1544E+02   1.7321E-06  0.5459
   2.1544E+02   2.3263E+02   1.8441E-06  0.5540
   2.3263E+02   2.5119E+02   1.6038E-06  0.5137
   2.5119E+02   2.7123E+02   1.0550E-06  0.5145
   2.7123E+02   2.9286E+02   7.7720E-07  0.5601
   2.9286E+02   3.1623E+02   5.8568E-07  0.6213
   3.1623E+02   3.4145E+02   5.0468E-07  0.6034
   3.4145E+02   3.6869E+02   4.1746E-07  0.5676
   3.6869E+02   3.9811E+02   3.1702E-07  0.5151
   3.9811E+02   4.2987E+02   2.1175E-07  0.4828
   4.2987E+02   4.6416E+02   1.6050E-07  0.6047
   4.6416E+02   5.0119E+02   1.7388E-07  0.6482
   5.0119E+02   5.4117E+02   2.0184E-07  0.6510
   5.4117E+02   5.8434E+02   2.3455E-07  0.6526
   5.8434E+02   6.3096E+02   2.5587E-07  0.6871
   6.3096E+02   6.8129E+02   2.7833E-07  0.7327
   6.8129E+02   7.3564E+02   3.2335E-07  0.7344
   7.3564E+02   7.9433E+02   3.6601E-07  0.7304
   7.9433E+02   8.5770E+02   3.1451E-07  0.7071
   8.5770E+02   9.2612E+02   2.1291E-07  0.8761
   9.2612E+02   1.0000E+03   2.1543E-07  0.9976
   1.0000E+03   1.0798E+03   2.5057E-07  1.0000
   1.0798E+03   1.1659E+03   2.9211E-07  1.0000
   1.1659E+03   1.2589E+03   2.9451E-07  1.0000
   1.2589E+03   1.3594E+03   1.5156E-09  1.0000
   1.3594E+03   1.4678E+03   0.0000E+00  0.0000
   1.4678E+03   1.5849E+03   0.0000E+00  0.0000
   1.5849E+03   1.7113E+03   0.0000E+00  0.0000
   1.7113E+03   1.8478E+03   0.0000E+00  0.0000
   1.8478E+03   1.9953E+03   0.0000E+00  0.0000
   1.9953E+03   2.1544E+03   0.0000E+00  0.0000
   2.1544E+03   2.3263E+03   0.0000E+00  0.0000
   2.3263E+03   2.5119E+03   0.0000E+00  0.0000
   2.5119E+03   2.7123E+03   0.0000E+00  0.0000
   2.7123E+03   2.9286E+03   0.0000E+00  0.0000
   2.9286E+03   3.1623E+03   0.0000E+00  0.0000
   3.1623E+03   3.4145E+03   0.0000E+00  0.0000
   3.4145E+03   3.6869E+03   0.0000E+00  0.0000
   3.6869E+03   3.9811E+03   0.0000E+00  0.0000
   3.9811E+03   4.2987E+03   0.0000E+00  0.0000
   4.2987E+03   4.6416E+03   0.0000E+00  0.0000
   4.6416E+03   5.0119E+03   0.0000E+00  0.0000
   5.0119E+03   5.4117E+03   0.0000E+00  0.0000
   5.4117E+03   5.8434E+03   0.0000E+00  0.0000
   5.8434E+03   6.3096E+03   0.0000E+00  0.0000
   6.3096E+03   6.8129E+03   0.0000E+00  0.0000
   6.8129E+03   7.3564E+03   0.0000E+00  0.0000
   7.3564E+03   7.9433E+03   0.0000E+00  0.0000
   7.9433E+03   8.5770E+03   0.0000E+00  0.0000
   8.5770E+03   9.2612E+03   0.0000E+00  0.0000
   9.2612E+03   1.0000E+04   0.0000E+00  0.0000

#          Frequency mean    4.2350E+00

'no. =  1,  reg  =      1'
msuc: {\huge microdosimetric_spectra_water_photon_PHITS}
msdr: {\it plotted by \ANGEL \version}
msdl: {\it calculated by \PHITS  3.32}
 
# Information for Restart Calculation
# This calculation was newly started
# istdev =  2 # 1:Batch variance, 2:History variance
# resc2  = 1.00000000000000000E+07 # Total source weight or Total source weight / maxcas
# resc3  = 1.00000000000000000E+07 # Total history number or Total batch number
# maxcas =     1000000 # History / Batch, only used for istdev=1
# bitrseed = 1000110000001000111111101100101001110101110010000011011101101000 # bit data of rseed
