[ T-SED ]
    title = microdosimetric_spectra_water_photon_PHITS
     mesh =  reg            # mesh type is region-wise
      reg = 1
  se-type =    3            # se-mesh is log given by emin, emax and ne
     emin =  1.0000000E-02  # minimum value of e-mesh points
     emax =   10000.00      # maximum value of e-mesh points
#    edel =  7.6752836E-02  # mesh width of e-mesh points
       ne =  180            # number of e-mesh points
#    data = ( e(i), i = 1, ne + 1 )
#           1.00000E-02  1.07978E-02  1.16591E-02  1.25893E-02  1.35936E-02
#           1.46780E-02  1.58489E-02  1.71133E-02  1.84785E-02  1.99526E-02
#           2.15443E-02  2.32631E-02  2.51189E-02  2.71227E-02  2.92864E-02
#           3.16228E-02  3.41455E-02  3.68695E-02  3.98107E-02  4.29866E-02
#           4.64159E-02  5.01187E-02  5.41170E-02  5.84341E-02  6.30957E-02
#           6.81292E-02  7.35642E-02  7.94328E-02  8.57696E-02  9.26119E-02
#           1.00000E-01  1.07978E-01  1.16591E-01  1.25893E-01  1.35936E-01
#           1.46780E-01  1.58489E-01  1.71133E-01  1.84785E-01  1.99526E-01
#           2.15443E-01  2.32631E-01  2.51189E-01  2.71227E-01  2.92864E-01
#           3.16228E-01  3.41455E-01  3.68695E-01  3.98107E-01  4.29866E-01
#           4.64159E-01  5.01187E-01  5.41170E-01  5.84341E-01  6.30957E-01
#           6.81292E-01  7.35642E-01  7.94328E-01  8.57696E-01  9.26119E-01
#           1.00000E+00  1.07978E+00  1.16591E+00  1.25893E+00  1.35936E+00
#           1.46780E+00  1.58489E+00  1.71133E+00  1.84785E+00  1.99526E+00
#           2.15443E+00  2.32631E+00  2.51189E+00  2.71227E+00  2.92864E+00
#           3.16228E+00  3.41455E+00  3.68695E+00  3.98107E+00  4.29866E+00
#           4.64159E+00  5.01187E+00  5.41170E+00  5.84341E+00  6.30957E+00
#           6.81292E+00  7.35642E+00  7.94328E+00  8.57696E+00  9.26119E+00
#           1.00000E+01  1.07978E+01  1.16591E+01  1.25893E+01  1.35936E+01
#           1.46780E+01  1.58489E+01  1.71133E+01  1.84785E+01  1.99526E+01
#           2.15443E+01  2.32631E+01  2.51189E+01  2.71227E+01  2.92864E+01
#           3.16228E+01  3.41455E+01  3.68695E+01  3.98107E+01  4.29866E+01
#           4.64159E+01  5.01187E+01  5.41170E+01  5.84341E+01  6.30957E+01
#           6.81292E+01  7.35642E+01  7.94328E+01  8.57696E+01  9.26119E+01
#           1.00000E+02  1.07978E+02  1.16591E+02  1.25893E+02  1.35936E+02
#           1.46780E+02  1.58489E+02  1.71133E+02  1.84785E+02  1.99526E+02
#           2.15443E+02  2.32631E+02  2.51189E+02  2.71227E+02  2.92864E+02
#           3.16228E+02  3.41455E+02  3.68695E+02  3.98107E+02  4.29866E+02
#           4.64159E+02  5.01187E+02  5.41170E+02  5.84341E+02  6.30957E+02
#           6.81292E+02  7.35642E+02  7.94328E+02  8.57696E+02  9.26119E+02
#           1.00000E+03  1.07978E+03  1.16591E+03  1.25893E+03  1.35936E+03
#           1.46780E+03  1.58489E+03  1.71133E+03  1.84785E+03  1.99526E+03
#           2.15443E+03  2.32631E+03  2.51189E+03  2.71227E+03  2.92864E+03
#           3.16228E+03  3.41455E+03  3.68695E+03  3.98107E+03  4.29866E+03
#           4.64159E+03  5.01187E+03  5.41170E+03  5.84341E+03  6.30957E+03
#           6.81292E+03  7.35642E+03  7.94328E+03  8.57696E+03  9.26119E+03
#           1.00000E+04
  se-unit =    2            # se-unit is [keV/um]
     unit =    7            # unit is z*f(z) [dimensionless]
    model =    1            # (D=0) Model type 0:old, 1:new
    cdiam = -1.000000       # (D=1.0) diameter of target sphere [um]
   letmat =   -5            # (D=0) mat ID for LET, 0:real mat, <0: electron for H2O
 material =  all            # (D=all) number of specific material
     axis =  sed            # axis of output
     file = yfy_titanium.out  # file name of output for the above axis
     part =  all      
# kf/name :  0        
#    used :        main (  %)        temp (  %)       total (  %)
#  memory :         183 (  0)           0 (  0)         183 (  0)

#------------------------------------------------------------------------------
#newpage:
#   no. =  1   reg =      1

x: y [keV/um]  
y: y*f(y) [dimensionless]        
p: xlog ylog afac(0.8) form(0.9)
h: n            x            y(all     ),hh0l n  
#  sed-lwr      sed-upr        all       r.err 
   1.0000E-02   1.0798E-02   9.8352E-04  0.0007
   1.0798E-02   1.1659E-02   1.0659E-03  0.0007
   1.1659E-02   1.2589E-02   1.1553E-03  0.0007
   1.2589E-02   1.3594E-02   1.2522E-03  0.0007
   1.3594E-02   1.4678E-02   1.3571E-03  0.0007
   1.4678E-02   1.5849E-02   1.4703E-03  0.0007
   1.5849E-02   1.7113E-02   1.5923E-03  0.0007
   1.7113E-02   1.8478E-02   1.7230E-03  0.0007
   1.8478E-02   1.9953E-02   1.8623E-03  0.0007
   1.9953E-02   2.1544E-02   2.0095E-03  0.0007
   2.1544E-02   2.3263E-02   2.1633E-03  0.0007
   2.3263E-02   2.5119E-02   2.3218E-03  0.0007
   2.5119E-02   2.7123E-02   2.4827E-03  0.0007
   2.7123E-02   2.9286E-02   2.6432E-03  0.0007
   2.9286E-02   3.1623E-02   2.8006E-03  0.0007
   3.1623E-02   3.4145E-02   2.9538E-03  0.0007
   3.4145E-02   3.6869E-02   3.1045E-03  0.0007
   3.6869E-02   3.9811E-02   3.2589E-03  0.0007
   3.9811E-02   4.2987E-02   3.4284E-03  0.0008
   4.2987E-02   4.6416E-02   3.6288E-03  0.0008
   4.6416E-02   5.0119E-02   3.8757E-03  0.0008
   5.0119E-02   5.4117E-02   4.1804E-03  0.0008
   5.4117E-02   5.8434E-02   4.5466E-03  0.0008
   5.8434E-02   6.3096E-02   4.9737E-03  0.0008
   6.3096E-02   6.8129E-02   5.4600E-03  0.0008
   6.8129E-02   7.3564E-02   6.0102E-03  0.0008
   7.3564E-02   7.9433E-02   6.6319E-03  0.0008
   7.9433E-02   8.5770E-02   7.3330E-03  0.0008
   8.5770E-02   9.2612E-02   8.1214E-03  0.0007
   9.2612E-02   1.0000E-01   9.0078E-03  0.0007
   1.0000E-01   1.0798E-01   1.0004E-02  0.0007
   1.0798E-01   1.1659E-01   1.1124E-02  0.0007
   1.1659E-01   1.2589E-01   1.2385E-02  0.0007
   1.2589E-01   1.3594E-01   1.3806E-02  0.0007
   1.3594E-01   1.4678E-01   1.5408E-02  0.0006
   1.4678E-01   1.5849E-01   1.7217E-02  0.0006
   1.5849E-01   1.7113E-01   1.9261E-02  0.0006
   1.7113E-01   1.8478E-01   2.1573E-02  0.0006
   1.8478E-01   1.9953E-01   2.4189E-02  0.0006
   1.9953E-01   2.1544E-01   2.7151E-02  0.0006
   2.1544E-01   2.3263E-01   3.0507E-02  0.0006
   2.3263E-01   2.5119E-01   3.4308E-02  0.0006
   2.5119E-01   2.7123E-01   3.8617E-02  0.0006
   2.7123E-01   2.9286E-01   4.3499E-02  0.0006
   2.9286E-01   3.1623E-01   4.9030E-02  0.0006
   3.1623E-01   3.4145E-01   5.5295E-02  0.0006
   3.4145E-01   3.6869E-01   6.2384E-02  0.0006
   3.6869E-01   3.9811E-01   7.0399E-02  0.0006
   3.9811E-01   4.2987E-01   7.9452E-02  0.0006
   4.2987E-01   4.6416E-01   8.9660E-02  0.0006
   4.6416E-01   5.0119E-01   1.0115E-01  0.0006
   5.0119E-01   5.4117E-01   1.1405E-01  0.0006
   5.4117E-01   5.8434E-01   1.2850E-01  0.0006
   5.8434E-01   6.3096E-01   1.4463E-01  0.0006
   6.3096E-01   6.8129E-01   1.6256E-01  0.0006
   6.8129E-01   7.3564E-01   1.8241E-01  0.0006
   7.3564E-01   7.9433E-01   2.0426E-01  0.0006
   7.9433E-01   8.5770E-01   2.2816E-01  0.0006
   8.5770E-01   9.2612E-01   2.5409E-01  0.0006
   9.2612E-01   1.0000E+00   2.8197E-01  0.0006
   1.0000E+00   1.0798E+00   3.1162E-01  0.0006
   1.0798E+00   1.1659E+00   3.4273E-01  0.0006
   1.1659E+00   1.2589E+00   3.7486E-01  0.0006
   1.2589E+00   1.3594E+00   4.0739E-01  0.0006
   1.3594E+00   1.4678E+00   4.3952E-01  0.0006
   1.4678E+00   1.5849E+00   4.7028E-01  0.0006
   1.5849E+00   1.7113E+00   4.9854E-01  0.0006
   1.7113E+00   1.8478E+00   5.2302E-01  0.0006
   1.8478E+00   1.9953E+00   5.4243E-01  0.0006
   1.9953E+00   2.1544E+00   5.5550E-01  0.0006
   2.1544E+00   2.3263E+00   5.6115E-01  0.0006
   2.3263E+00   2.5119E+00   5.5858E-01  0.0006
   2.5119E+00   2.7123E+00   5.4742E-01  0.0006
   2.7123E+00   2.9286E+00   5.2778E-01  0.0006
   2.9286E+00   3.1623E+00   5.0032E-01  0.0006
   3.1623E+00   3.4145E+00   4.6615E-01  0.0006
   3.4145E+00   3.6869E+00   4.2680E-01  0.0006
   3.6869E+00   3.9811E+00   3.8402E-01  0.0006
   3.9811E+00   4.2987E+00   3.3967E-01  0.0006
   4.2987E+00   4.6416E+00   2.9548E-01  0.0006
   4.6416E+00   5.0119E+00   2.5299E-01  0.0006
   5.0119E+00   5.4117E+00   2.1340E-01  0.0006
   5.4117E+00   5.8434E+00   1.7753E-01  0.0006
   5.8434E+00   6.3096E+00   1.4586E-01  0.0006
   6.3096E+00   6.8129E+00   1.1850E-01  0.0006
   6.8129E+00   7.3564E+00   9.5327E-02  0.0006
   7.3564E+00   7.9433E+00   7.6006E-02  0.0006
   7.9433E+00   8.5770E+00   6.0104E-02  0.0006
   8.5770E+00   9.2612E+00   4.7148E-02  0.0007
   9.2612E+00   1.0000E+01   3.6676E-02  0.0007
   1.0000E+01   1.0798E+01   2.8271E-02  0.0007
   1.0798E+01   1.1659E+01   2.1573E-02  0.0008
   1.1659E+01   1.2589E+01   1.6277E-02  0.0009
   1.2589E+01   1.3594E+01   1.2128E-02  0.0010
   1.3594E+01   1.4678E+01   8.9104E-03  0.0012
   1.4678E+01   1.5849E+01   6.4457E-03  0.0015
   1.5849E+01   1.7113E+01   4.5836E-03  0.0019
   1.7113E+01   1.8478E+01   3.1992E-03  0.0025
   1.8478E+01   1.9953E+01   2.1894E-03  0.0034
   1.9953E+01   2.1544E+01   1.4686E-03  0.0048
   2.1544E+01   2.3263E+01   9.6657E-04  0.0069
   2.3263E+01   2.5119E+01   6.2574E-04  0.0100
   2.5119E+01   2.7123E+01   4.0045E-04  0.0146
   2.7123E+01   2.9286E+01   2.5560E-04  0.0212
   2.9286E+01   3.1623E+01   1.6516E-04  0.0306
   3.1623E+01   3.4145E+01   1.1031E-04  0.0433
   3.4145E+01   3.6869E+01   7.7807E-05  0.0588
   3.6869E+01   3.9811E+01   5.8672E-05  0.0755
   3.9811E+01   4.2987E+01   4.6651E-05  0.0904
   4.2987E+01   4.6416E+01   3.7455E-05  0.1024
   4.6416E+01   5.0119E+01   2.9838E-05  0.1152
   5.0119E+01   5.4117E+01   2.4082E-05  0.1320
   5.4117E+01   5.8434E+01   2.0327E-05  0.1475
   5.8434E+01   6.3096E+01   1.7329E-05  0.1589
   6.3096E+01   6.8129E+01   1.4988E-05  0.1742
   6.8129E+01   7.3564E+01   1.3720E-05  0.1918
   7.3564E+01   7.9433E+01   1.2532E-05  0.2053
   7.9433E+01   8.5770E+01   1.0887E-05  0.2226
   8.5770E+01   9.2612E+01   9.4710E-06  0.2398
   9.2612E+01   1.0000E+02   7.7812E-06  0.2514
   1.0000E+02   1.0798E+02   5.6554E-06  0.2731
   1.0798E+02   1.1659E+02   3.8588E-06  0.3402
   1.1659E+02   1.2589E+02   3.1282E-06  0.3760
   1.2589E+02   1.3594E+02   2.7664E-06  0.3788
   1.3594E+02   1.4678E+02   2.5187E-06  0.3949
   1.4678E+02   1.5849E+02   2.3894E-06  0.4076
   1.5849E+02   1.7113E+02   2.3270E-06  0.4133
   1.7113E+02   1.8478E+02   2.3130E-06  0.4195
   1.8478E+02   1.9953E+02   2.3511E-06  0.4282
   1.9953E+02   2.1544E+02   2.4552E-06  0.4310
   2.1544E+02   2.3263E+02   2.5032E-06  0.4330
   2.3263E+02   2.5119E+02   2.2545E-06  0.4177
   2.5119E+02   2.7123E+02   2.0450E-06  0.4151
   2.7123E+02   2.9286E+02   1.7625E-06  0.4379
   2.9286E+02   3.1623E+02   1.6118E-06  0.4623
   3.1623E+02   3.4145E+02   1.3323E-06  0.4885
   3.4145E+02   3.6869E+02   1.0711E-06  0.5487
   3.6869E+02   3.9811E+02   9.7965E-07  0.5529
   3.9811E+02   4.2987E+02   8.8505E-07  0.5549
   4.2987E+02   4.6416E+02   7.7662E-07  0.5638
   4.6416E+02   5.0119E+02   6.6267E-07  0.5819
   5.0119E+02   5.4117E+02   5.8009E-07  0.5764
   5.4117E+02   5.8434E+02   5.0597E-07  0.5552
   5.8434E+02   6.3096E+02   4.1475E-07  0.5513
   6.3096E+02   6.8129E+02   2.8069E-07  0.6876
   6.8129E+02   7.3564E+02   2.1475E-07  0.9380
   7.3564E+02   7.9433E+02   2.3393E-07  1.0000
   7.9433E+02   8.5770E+02   2.5723E-07  1.0000
   8.5770E+02   9.2612E+02   1.6383E-07  1.0000
   9.2612E+02   1.0000E+03   2.5311E-08  1.0000
   1.0000E+03   1.0798E+03   3.2274E-10  1.0000
   1.0798E+03   1.1659E+03   3.0160E-12  1.0000
   1.1659E+03   1.2589E+03   0.0000E+00  0.0000
   1.2589E+03   1.3594E+03   0.0000E+00  0.0000
   1.3594E+03   1.4678E+03   0.0000E+00  0.0000
   1.4678E+03   1.5849E+03   0.0000E+00  0.0000
   1.5849E+03   1.7113E+03   0.0000E+00  0.0000
   1.7113E+03   1.8478E+03   0.0000E+00  0.0000
   1.8478E+03   1.9953E+03   0.0000E+00  0.0000
   1.9953E+03   2.1544E+03   0.0000E+00  0.0000
   2.1544E+03   2.3263E+03   0.0000E+00  0.0000
   2.3263E+03   2.5119E+03   0.0000E+00  0.0000
   2.5119E+03   2.7123E+03   0.0000E+00  0.0000
   2.7123E+03   2.9286E+03   0.0000E+00  0.0000
   2.9286E+03   3.1623E+03   0.0000E+00  0.0000
   3.1623E+03   3.4145E+03   0.0000E+00  0.0000
   3.4145E+03   3.6869E+03   0.0000E+00  0.0000
   3.6869E+03   3.9811E+03   0.0000E+00  0.0000
   3.9811E+03   4.2987E+03   0.0000E+00  0.0000
   4.2987E+03   4.6416E+03   0.0000E+00  0.0000
   4.6416E+03   5.0119E+03   0.0000E+00  0.0000
   5.0119E+03   5.4117E+03   0.0000E+00  0.0000
   5.4117E+03   5.8434E+03   0.0000E+00  0.0000
   5.8434E+03   6.3096E+03   0.0000E+00  0.0000
   6.3096E+03   6.8129E+03   0.0000E+00  0.0000
   6.8129E+03   7.3564E+03   0.0000E+00  0.0000
   7.3564E+03   7.9433E+03   0.0000E+00  0.0000
   7.9433E+03   8.5770E+03   0.0000E+00  0.0000
   8.5770E+03   9.2612E+03   0.0000E+00  0.0000
   9.2612E+03   1.0000E+04   0.0000E+00  0.0000

#          Frequency mean    4.8779E+00

'no. =  1,  reg  =      1'
msuc: {\huge microdosimetric_spectra_water_photon_PHITS}
msdr: {\it plotted by \ANGEL \version}
msdl: {\it calculated by \PHITS  3.32}
 
# Information for Restart Calculation
# This calculation was newly started
# istdev =  2 # 1:Batch variance, 2:History variance
# resc2  = 1.00000000000000000E+07 # Total source weight or Total source weight / maxcas
# resc3  = 1.00000000000000000E+07 # Total history number or Total batch number
# maxcas =     1000000 # History / Batch, only used for istdev=1
# bitrseed = 1000110000001000111111101100101001110101110010000011011101101000 # bit data of rseed
