[ T-Deposit ]
    title = depth-dose distribution
     mesh =  r-z            # mesh type is r-z scoring mesh
       x0 =   0.000000      # center x-position of r-z mesh
       y0 =   0.000000      # center y-position of r-z mesh
   r-type =    2            # r-mesh is linear given by rmin, rmax and nr
     rmin =   0.000000      # minimum value of r-mesh points
     rmax =   1.000000      # maximum value of r-mesh points
#    rdel =   1.000000      # mesh width of r-mesh points
       nr =      1          # number of r-mesh points
#    data = ( r(i), i = 1, nr + 1 )
#           0.00000E+00  1.00000E+00
   z-type =    2            # z-mesh is linear given by zmin, zmax and nz
     zmin =  -2.500000      # minimum value of z-mesh points
     zmax =   2.500000      # maximum value of z-mesh points
#    zdel =  5.0000000E-03  # mesh width of z-mesh points
       nz =   1000          # number of z-mesh points
#    data = ( z(i), i = 1, nz + 1 )
#          -2.50000E+00 -2.49500E+00 -2.49000E+00 -2.48500E+00 -2.48000E+00
#          -2.47500E+00 -2.47000E+00 -2.46500E+00 -2.46000E+00 -2.45500E+00
#          -2.45000E+00 -2.44500E+00 -2.44000E+00 -2.43500E+00 -2.43000E+00
#          -2.42500E+00 -2.42000E+00 -2.41500E+00 -2.41000E+00 -2.40500E+00
#          -2.40000E+00 -2.39500E+00 -2.39000E+00 -2.38500E+00 -2.38000E+00
#          -2.37500E+00 -2.37000E+00 -2.36500E+00 -2.36000E+00 -2.35500E+00
#          -2.35000E+00 -2.34500E+00 -2.34000E+00 -2.33500E+00 -2.33000E+00
#          -2.32500E+00 -2.32000E+00 -2.31500E+00 -2.31000E+00 -2.30500E+00
#          -2.30000E+00 -2.29500E+00 -2.29000E+00 -2.28500E+00 -2.28000E+00
#          -2.27500E+00 -2.27000E+00 -2.26500E+00 -2.26000E+00 -2.25500E+00
#          -2.25000E+00 -2.24500E+00 -2.24000E+00 -2.23500E+00 -2.23000E+00
#          -2.22500E+00 -2.22000E+00 -2.21500E+00 -2.21000E+00 -2.20500E+00
#          -2.20000E+00 -2.19500E+00 -2.19000E+00 -2.18500E+00 -2.18000E+00
#          -2.17500E+00 -2.17000E+00 -2.16500E+00 -2.16000E+00 -2.15500E+00
#          -2.15000E+00 -2.14500E+00 -2.14000E+00 -2.13500E+00 -2.13000E+00
#          -2.12500E+00 -2.12000E+00 -2.11500E+00 -2.11000E+00 -2.10500E+00
#          -2.10000E+00 -2.09500E+00 -2.09000E+00 -2.08500E+00 -2.08000E+00
#          -2.07500E+00 -2.07000E+00 -2.06500E+00 -2.06000E+00 -2.05500E+00
#          -2.05000E+00 -2.04500E+00 -2.04000E+00 -2.03500E+00 -2.03000E+00
#          -2.02500E+00 -2.02000E+00 -2.01500E+00 -2.01000E+00 -2.00500E+00
#          -2.00000E+00 -1.99500E+00 -1.99000E+00 -1.98500E+00 -1.98000E+00
#          -1.97500E+00 -1.97000E+00 -1.96500E+00 -1.96000E+00 -1.95500E+00
#          -1.95000E+00 -1.94500E+00 -1.94000E+00 -1.93500E+00 -1.93000E+00
#          -1.92500E+00 -1.92000E+00 -1.91500E+00 -1.91000E+00 -1.90500E+00
#          -1.90000E+00 -1.89500E+00 -1.89000E+00 -1.88500E+00 -1.88000E+00
#          -1.87500E+00 -1.87000E+00 -1.86500E+00 -1.86000E+00 -1.85500E+00
#          -1.85000E+00 -1.84500E+00 -1.84000E+00 -1.83500E+00 -1.83000E+00
#          -1.82500E+00 -1.82000E+00 -1.81500E+00 -1.81000E+00 -1.80500E+00
#          -1.80000E+00 -1.79500E+00 -1.79000E+00 -1.78500E+00 -1.78000E+00
#          -1.77500E+00 -1.77000E+00 -1.76500E+00 -1.76000E+00 -1.75500E+00
#          -1.75000E+00 -1.74500E+00 -1.74000E+00 -1.73500E+00 -1.73000E+00
#          -1.72500E+00 -1.72000E+00 -1.71500E+00 -1.71000E+00 -1.70500E+00
#          -1.70000E+00 -1.69500E+00 -1.69000E+00 -1.68500E+00 -1.68000E+00
#          -1.67500E+00 -1.67000E+00 -1.66500E+00 -1.66000E+00 -1.65500E+00
#          -1.65000E+00 -1.64500E+00 -1.64000E+00 -1.63500E+00 -1.63000E+00
#          -1.62500E+00 -1.62000E+00 -1.61500E+00 -1.61000E+00 -1.60500E+00
#          -1.60000E+00 -1.59500E+00 -1.59000E+00 -1.58500E+00 -1.58000E+00
#          -1.57500E+00 -1.57000E+00 -1.56500E+00 -1.56000E+00 -1.55500E+00
#          -1.55000E+00 -1.54500E+00 -1.54000E+00 -1.53500E+00 -1.53000E+00
#          -1.52500E+00 -1.52000E+00 -1.51500E+00 -1.51000E+00 -1.50500E+00
#          -1.50000E+00 -1.49500E+00 -1.49000E+00 -1.48500E+00 -1.48000E+00
#          -1.47500E+00 -1.47000E+00 -1.46500E+00 -1.46000E+00 -1.45500E+00
#          -1.45000E+00 -1.44500E+00 -1.44000E+00 -1.43500E+00 -1.43000E+00
#          -1.42500E+00 -1.42000E+00 -1.41500E+00 -1.41000E+00 -1.40500E+00
#          -1.40000E+00 -1.39500E+00 -1.39000E+00 -1.38500E+00 -1.38000E+00
#          -1.37500E+00 -1.37000E+00 -1.36500E+00 -1.36000E+00 -1.35500E+00
#          -1.35000E+00 -1.34500E+00 -1.34000E+00 -1.33500E+00 -1.33000E+00
#          -1.32500E+00 -1.32000E+00 -1.31500E+00 -1.31000E+00 -1.30500E+00
#          -1.30000E+00 -1.29500E+00 -1.29000E+00 -1.28500E+00 -1.28000E+00
#          -1.27500E+00 -1.27000E+00 -1.26500E+00 -1.26000E+00 -1.25500E+00
#          -1.25000E+00 -1.24500E+00 -1.24000E+00 -1.23500E+00 -1.23000E+00
#          -1.22500E+00 -1.22000E+00 -1.21500E+00 -1.21000E+00 -1.20500E+00
#          -1.20000E+00 -1.19500E+00 -1.19000E+00 -1.18500E+00 -1.18000E+00
#          -1.17500E+00 -1.17000E+00 -1.16500E+00 -1.16000E+00 -1.15500E+00
#          -1.15000E+00 -1.14500E+00 -1.14000E+00 -1.13500E+00 -1.13000E+00
#          -1.12500E+00 -1.12000E+00 -1.11500E+00 -1.11000E+00 -1.10500E+00
#          -1.10000E+00 -1.09500E+00 -1.09000E+00 -1.08500E+00 -1.08000E+00
#          -1.07500E+00 -1.07000E+00 -1.06500E+00 -1.06000E+00 -1.05500E+00
#          -1.05000E+00 -1.04500E+00 -1.04000E+00 -1.03500E+00 -1.03000E+00
#          -1.02500E+00 -1.02000E+00 -1.01500E+00 -1.01000E+00 -1.00500E+00
#          -1.00000E+00 -9.95000E-01 -9.90000E-01 -9.85000E-01 -9.80000E-01
#          -9.75000E-01 -9.70000E-01 -9.65000E-01 -9.60000E-01 -9.55000E-01
#          -9.50000E-01 -9.45000E-01 -9.40000E-01 -9.35000E-01 -9.30000E-01
#          -9.25000E-01 -9.20000E-01 -9.15000E-01 -9.10000E-01 -9.05000E-01
#          -9.00000E-01 -8.95000E-01 -8.90000E-01 -8.85000E-01 -8.80000E-01
#          -8.75000E-01 -8.70000E-01 -8.65000E-01 -8.60000E-01 -8.55000E-01
#          -8.50000E-01 -8.45000E-01 -8.40000E-01 -8.35000E-01 -8.30000E-01
#          -8.25000E-01 -8.20000E-01 -8.15000E-01 -8.10000E-01 -8.05000E-01
#          -8.00000E-01 -7.95000E-01 -7.90000E-01 -7.85000E-01 -7.80000E-01
#          -7.75000E-01 -7.70000E-01 -7.65000E-01 -7.60000E-01 -7.55000E-01
#          -7.50000E-01 -7.45000E-01 -7.40000E-01 -7.35000E-01 -7.30000E-01
#          -7.25000E-01 -7.20000E-01 -7.15000E-01 -7.10000E-01 -7.05000E-01
#          -7.00000E-01 -6.95000E-01 -6.90000E-01 -6.85000E-01 -6.80000E-01
#          -6.75000E-01 -6.70000E-01 -6.65000E-01 -6.60000E-01 -6.55000E-01
#          -6.50000E-01 -6.45000E-01 -6.40000E-01 -6.35000E-01 -6.30000E-01
#          -6.25000E-01 -6.20000E-01 -6.15000E-01 -6.10000E-01 -6.05000E-01
#          -6.00000E-01 -5.95000E-01 -5.90000E-01 -5.85000E-01 -5.80000E-01
#          -5.75000E-01 -5.70000E-01 -5.65000E-01 -5.60000E-01 -5.55000E-01
#          -5.50000E-01 -5.45000E-01 -5.40000E-01 -5.35000E-01 -5.30000E-01
#          -5.25000E-01 -5.20000E-01 -5.15000E-01 -5.10000E-01 -5.05000E-01
#          -5.00000E-01 -4.95000E-01 -4.90000E-01 -4.85000E-01 -4.80000E-01
#          -4.75000E-01 -4.70000E-01 -4.65000E-01 -4.60000E-01 -4.55000E-01
#          -4.50000E-01 -4.45000E-01 -4.40000E-01 -4.35000E-01 -4.30000E-01
#          -4.25000E-01 -4.20000E-01 -4.15000E-01 -4.10000E-01 -4.05000E-01
#          -4.00000E-01 -3.95000E-01 -3.90000E-01 -3.85000E-01 -3.80000E-01
#          -3.75000E-01 -3.70000E-01 -3.65000E-01 -3.60000E-01 -3.55000E-01
#          -3.50000E-01 -3.45000E-01 -3.40000E-01 -3.35000E-01 -3.30000E-01
#          -3.25000E-01 -3.20000E-01 -3.15000E-01 -3.10000E-01 -3.05000E-01
#          -3.00000E-01 -2.95000E-01 -2.90000E-01 -2.85000E-01 -2.80000E-01
#          -2.75000E-01 -2.70000E-01 -2.65000E-01 -2.60000E-01 -2.55000E-01
#          -2.50000E-01 -2.45000E-01 -2.40000E-01 -2.35000E-01 -2.30000E-01
#          -2.25000E-01 -2.20000E-01 -2.15000E-01 -2.10000E-01 -2.05000E-01
#          -2.00000E-01 -1.95000E-01 -1.90000E-01 -1.85000E-01 -1.80000E-01
#          -1.75000E-01 -1.70000E-01 -1.65000E-01 -1.60000E-01 -1.55000E-01
#          -1.50000E-01 -1.45000E-01 -1.40000E-01 -1.35000E-01 -1.30000E-01
#          -1.25000E-01 -1.20000E-01 -1.15000E-01 -1.10000E-01 -1.05000E-01
#          -1.00000E-01 -9.50000E-02 -9.00000E-02 -8.50000E-02 -8.00000E-02
#          -7.50000E-02 -7.00000E-02 -6.50000E-02 -6.00000E-02 -5.50000E-02
#          -5.00000E-02 -4.50000E-02 -4.00000E-02 -3.50000E-02 -3.00000E-02
#          -2.50000E-02 -2.00000E-02 -1.50000E-02 -1.00000E-02 -5.00000E-03
#           0.00000E+00  5.00000E-03  1.00000E-02  1.50000E-02  2.00000E-02
#           2.50000E-02  3.00000E-02  3.50000E-02  4.00000E-02  4.50000E-02
#           5.00000E-02  5.50000E-02  6.00000E-02  6.50000E-02  7.00000E-02
#           7.50000E-02  8.00000E-02  8.50000E-02  9.00000E-02  9.50000E-02
#           1.00000E-01  1.05000E-01  1.10000E-01  1.15000E-01  1.20000E-01
#           1.25000E-01  1.30000E-01  1.35000E-01  1.40000E-01  1.45000E-01
#           1.50000E-01  1.55000E-01  1.60000E-01  1.65000E-01  1.70000E-01
#           1.75000E-01  1.80000E-01  1.85000E-01  1.90000E-01  1.95000E-01
#           2.00000E-01  2.05000E-01  2.10000E-01  2.15000E-01  2.20000E-01
#           2.25000E-01  2.30000E-01  2.35000E-01  2.40000E-01  2.45000E-01
#           2.50000E-01  2.55000E-01  2.60000E-01  2.65000E-01  2.70000E-01
#           2.75000E-01  2.80000E-01  2.85000E-01  2.90000E-01  2.95000E-01
#           3.00000E-01  3.05000E-01  3.10000E-01  3.15000E-01  3.20000E-01
#           3.25000E-01  3.30000E-01  3.35000E-01  3.40000E-01  3.45000E-01
#           3.50000E-01  3.55000E-01  3.60000E-01  3.65000E-01  3.70000E-01
#           3.75000E-01  3.80000E-01  3.85000E-01  3.90000E-01  3.95000E-01
#           4.00000E-01  4.05000E-01  4.10000E-01  4.15000E-01  4.20000E-01
#           4.25000E-01  4.30000E-01  4.35000E-01  4.40000E-01  4.45000E-01
#           4.50000E-01  4.55000E-01  4.60000E-01  4.65000E-01  4.70000E-01
#           4.75000E-01  4.80000E-01  4.85000E-01  4.90000E-01  4.95000E-01
#           5.00000E-01  5.05000E-01  5.10000E-01  5.15000E-01  5.20000E-01
#           5.25000E-01  5.30000E-01  5.35000E-01  5.40000E-01  5.45000E-01
#           5.50000E-01  5.55000E-01  5.60000E-01  5.65000E-01  5.70000E-01
#           5.75000E-01  5.80000E-01  5.85000E-01  5.90000E-01  5.95000E-01
#           6.00000E-01  6.05000E-01  6.10000E-01  6.15000E-01  6.20000E-01
#           6.25000E-01  6.30000E-01  6.35000E-01  6.40000E-01  6.45000E-01
#           6.50000E-01  6.55000E-01  6.60000E-01  6.65000E-01  6.70000E-01
#           6.75000E-01  6.80000E-01  6.85000E-01  6.90000E-01  6.95000E-01
#           7.00000E-01  7.05000E-01  7.10000E-01  7.15000E-01  7.20000E-01
#           7.25000E-01  7.30000E-01  7.35000E-01  7.40000E-01  7.45000E-01
#           7.50000E-01  7.55000E-01  7.60000E-01  7.65000E-01  7.70000E-01
#           7.75000E-01  7.80000E-01  7.85000E-01  7.90000E-01  7.95000E-01
#           8.00000E-01  8.05000E-01  8.10000E-01  8.15000E-01  8.20000E-01
#           8.25000E-01  8.30000E-01  8.35000E-01  8.40000E-01  8.45000E-01
#           8.50000E-01  8.55000E-01  8.60000E-01  8.65000E-01  8.70000E-01
#           8.75000E-01  8.80000E-01  8.85000E-01  8.90000E-01  8.95000E-01
#           9.00000E-01  9.05000E-01  9.10000E-01  9.15000E-01  9.20000E-01
#           9.25000E-01  9.30000E-01  9.35000E-01  9.40000E-01  9.45000E-01
#           9.50000E-01  9.55000E-01  9.60000E-01  9.65000E-01  9.70000E-01
#           9.75000E-01  9.80000E-01  9.85000E-01  9.90000E-01  9.95000E-01
#           1.00000E+00  1.00500E+00  1.01000E+00  1.01500E+00  1.02000E+00
#           1.02500E+00  1.03000E+00  1.03500E+00  1.04000E+00  1.04500E+00
#           1.05000E+00  1.05500E+00  1.06000E+00  1.06500E+00  1.07000E+00
#           1.07500E+00  1.08000E+00  1.08500E+00  1.09000E+00  1.09500E+00
#           1.10000E+00  1.10500E+00  1.11000E+00  1.11500E+00  1.12000E+00
#           1.12500E+00  1.13000E+00  1.13500E+00  1.14000E+00  1.14500E+00
#           1.15000E+00  1.15500E+00  1.16000E+00  1.16500E+00  1.17000E+00
#           1.17500E+00  1.18000E+00  1.18500E+00  1.19000E+00  1.19500E+00
#           1.20000E+00  1.20500E+00  1.21000E+00  1.21500E+00  1.22000E+00
#           1.22500E+00  1.23000E+00  1.23500E+00  1.24000E+00  1.24500E+00
#           1.25000E+00  1.25500E+00  1.26000E+00  1.26500E+00  1.27000E+00
#           1.27500E+00  1.28000E+00  1.28500E+00  1.29000E+00  1.29500E+00
#           1.30000E+00  1.30500E+00  1.31000E+00  1.31500E+00  1.32000E+00
#           1.32500E+00  1.33000E+00  1.33500E+00  1.34000E+00  1.34500E+00
#           1.35000E+00  1.35500E+00  1.36000E+00  1.36500E+00  1.37000E+00
#           1.37500E+00  1.38000E+00  1.38500E+00  1.39000E+00  1.39500E+00
#           1.40000E+00  1.40500E+00  1.41000E+00  1.41500E+00  1.42000E+00
#           1.42500E+00  1.43000E+00  1.43500E+00  1.44000E+00  1.44500E+00
#           1.45000E+00  1.45500E+00  1.46000E+00  1.46500E+00  1.47000E+00
#           1.47500E+00  1.48000E+00  1.48500E+00  1.49000E+00  1.49500E+00
#           1.50000E+00  1.50500E+00  1.51000E+00  1.51500E+00  1.52000E+00
#           1.52500E+00  1.53000E+00  1.53500E+00  1.54000E+00  1.54500E+00
#           1.55000E+00  1.55500E+00  1.56000E+00  1.56500E+00  1.57000E+00
#           1.57500E+00  1.58000E+00  1.58500E+00  1.59000E+00  1.59500E+00
#           1.60000E+00  1.60500E+00  1.61000E+00  1.61500E+00  1.62000E+00
#           1.62500E+00  1.63000E+00  1.63500E+00  1.64000E+00  1.64500E+00
#           1.65000E+00  1.65500E+00  1.66000E+00  1.66500E+00  1.67000E+00
#           1.67500E+00  1.68000E+00  1.68500E+00  1.69000E+00  1.69500E+00
#           1.70000E+00  1.70500E+00  1.71000E+00  1.71500E+00  1.72000E+00
#           1.72500E+00  1.73000E+00  1.73500E+00  1.74000E+00  1.74500E+00
#           1.75000E+00  1.75500E+00  1.76000E+00  1.76500E+00  1.77000E+00
#           1.77500E+00  1.78000E+00  1.78500E+00  1.79000E+00  1.79500E+00
#           1.80000E+00  1.80500E+00  1.81000E+00  1.81500E+00  1.82000E+00
#           1.82500E+00  1.83000E+00  1.83500E+00  1.84000E+00  1.84500E+00
#           1.85000E+00  1.85500E+00  1.86000E+00  1.86500E+00  1.87000E+00
#           1.87500E+00  1.88000E+00  1.88500E+00  1.89000E+00  1.89500E+00
#           1.90000E+00  1.90500E+00  1.91000E+00  1.91500E+00  1.92000E+00
#           1.92500E+00  1.93000E+00  1.93500E+00  1.94000E+00  1.94500E+00
#           1.95000E+00  1.95500E+00  1.96000E+00  1.96500E+00  1.97000E+00
#           1.97500E+00  1.98000E+00  1.98500E+00  1.99000E+00  1.99500E+00
#           2.00000E+00  2.00500E+00  2.01000E+00  2.01500E+00  2.02000E+00
#           2.02500E+00  2.03000E+00  2.03500E+00  2.04000E+00  2.04500E+00
#           2.05000E+00  2.05500E+00  2.06000E+00  2.06500E+00  2.07000E+00
#           2.07500E+00  2.08000E+00  2.08500E+00  2.09000E+00  2.09500E+00
#           2.10000E+00  2.10500E+00  2.11000E+00  2.11500E+00  2.12000E+00
#           2.12500E+00  2.13000E+00  2.13500E+00  2.14000E+00  2.14500E+00
#           2.15000E+00  2.15500E+00  2.16000E+00  2.16500E+00  2.17000E+00
#           2.17500E+00  2.18000E+00  2.18500E+00  2.19000E+00  2.19500E+00
#           2.20000E+00  2.20500E+00  2.21000E+00  2.21500E+00  2.22000E+00
#           2.22500E+00  2.23000E+00  2.23500E+00  2.24000E+00  2.24500E+00
#           2.25000E+00  2.25500E+00  2.26000E+00  2.26500E+00  2.27000E+00
#           2.27500E+00  2.28000E+00  2.28500E+00  2.29000E+00  2.29500E+00
#           2.30000E+00  2.30500E+00  2.31000E+00  2.31500E+00  2.32000E+00
#           2.32500E+00  2.33000E+00  2.33500E+00  2.34000E+00  2.34500E+00
#           2.35000E+00  2.35500E+00  2.36000E+00  2.36500E+00  2.37000E+00
#           2.37500E+00  2.38000E+00  2.38500E+00  2.39000E+00  2.39500E+00
#           2.40000E+00  2.40500E+00  2.41000E+00  2.41500E+00  2.42000E+00
#           2.42500E+00  2.43000E+00  2.43500E+00  2.44000E+00  2.44500E+00
#           2.45000E+00  2.45500E+00  2.46000E+00  2.46500E+00  2.47000E+00
#           2.47500E+00  2.48000E+00  2.48500E+00  2.49000E+00  2.49500E+00
#           2.50000E+00
     unit =    2            # unit is [MeV/source)]
   letmat =    0            # (D=0) mat ID for LET, 0:real mat, <0: electron for H2O
  dedxfnc =    0            # (D=0) user defined multiplier, 0(no), 1, 2
 material =  all            # (D=all) number of specific material
   output =  dose           # total deposit energy
  deposit =    0            # (D=0) 0-> total deposit dist, 1-> each process
     axis =     z           # axis of output
     file = dose.out        # file name of output for the above axis
     part =  all      
# kf/name :  0        
   epsout =    1            # (D=0) generate eps file by ANGEL
#    used :        main (  %)        temp (  %)       total (  %)
#  memory :        1006 (  0)           0 (  0)        1006 (  0)

#------------------------------------------------------------------------------
#newpage:
#   no. =  1   ir  =  1
#   r = (   0.0000E+00  -   1.0000E+00  )

x: z [cm]
y: Dose [MeV/source]     
p: xlin ylog afac(0.8) form(0.9)
h: n            x            y(all     ),hh0l n 
#  z-lower      z-upper        all       r.err 
  -2.5000E+00  -2.4950E+00   9.8956E-03  0.0012
  -2.4950E+00  -2.4900E+00   9.9529E-03  0.0015
  -2.4900E+00  -2.4850E+00   9.9538E-03  0.0013
  -2.4850E+00  -2.4800E+00   9.9847E-03  0.0014
  -2.4800E+00  -2.4750E+00   9.9895E-03  0.0013
  -2.4750E+00  -2.4700E+00   1.0012E-02  0.0014
  -2.4700E+00  -2.4650E+00   1.0005E-02  0.0013
  -2.4650E+00  -2.4600E+00   1.0038E-02  0.0014
  -2.4600E+00  -2.4550E+00   1.0045E-02  0.0014
  -2.4550E+00  -2.4500E+00   1.0055E-02  0.0013
  -2.4500E+00  -2.4450E+00   1.0061E-02  0.0013
  -2.4450E+00  -2.4400E+00   1.0064E-02  0.0013
  -2.4400E+00  -2.4350E+00   1.0076E-02  0.0013
  -2.4350E+00  -2.4300E+00   1.0085E-02  0.0013
  -2.4300E+00  -2.4250E+00   1.0097E-02  0.0013
  -2.4250E+00  -2.4200E+00   1.0127E-02  0.0014
  -2.4200E+00  -2.4150E+00   1.0115E-02  0.0013
  -2.4150E+00  -2.4100E+00   1.0166E-02  0.0015
  -2.4100E+00  -2.4050E+00   1.0162E-02  0.0014
  -2.4050E+00  -2.4000E+00   1.0149E-02  0.0013
  -2.4000E+00  -2.3950E+00   1.0167E-02  0.0014
  -2.3950E+00  -2.3900E+00   1.0166E-02  0.0013
  -2.3900E+00  -2.3850E+00   1.0190E-02  0.0014
  -2.3850E+00  -2.3800E+00   1.0192E-02  0.0013
  -2.3800E+00  -2.3750E+00   1.0196E-02  0.0013
  -2.3750E+00  -2.3700E+00   1.0194E-02  0.0013
  -2.3700E+00  -2.3650E+00   1.0216E-02  0.0013
  -2.3650E+00  -2.3600E+00   1.0223E-02  0.0013
  -2.3600E+00  -2.3550E+00   1.0221E-02  0.0012
  -2.3550E+00  -2.3500E+00   1.0233E-02  0.0012
  -2.3500E+00  -2.3450E+00   1.0265E-02  0.0013
  -2.3450E+00  -2.3400E+00   1.0278E-02  0.0014
  -2.3400E+00  -2.3350E+00   1.0272E-02  0.0013
  -2.3350E+00  -2.3300E+00   1.0288E-02  0.0013
  -2.3300E+00  -2.3250E+00   1.0312E-02  0.0014
  -2.3250E+00  -2.3200E+00   1.0335E-02  0.0014
  -2.3200E+00  -2.3150E+00   1.0329E-02  0.0013
  -2.3150E+00  -2.3100E+00   1.0332E-02  0.0014
  -2.3100E+00  -2.3050E+00   1.0339E-02  0.0013
  -2.3050E+00  -2.3000E+00   1.0351E-02  0.0013
  -2.3000E+00  -2.2950E+00   1.0365E-02  0.0013
  -2.2950E+00  -2.2900E+00   1.0364E-02  0.0013
  -2.2900E+00  -2.2850E+00   1.0388E-02  0.0014
  -2.2850E+00  -2.2800E+00   1.0404E-02  0.0014
  -2.2800E+00  -2.2750E+00   1.0397E-02  0.0013
  -2.2750E+00  -2.2700E+00   1.0407E-02  0.0013
  -2.2700E+00  -2.2650E+00   1.0421E-02  0.0013
  -2.2650E+00  -2.2600E+00   1.0439E-02  0.0013
  -2.2600E+00  -2.2550E+00   1.0436E-02  0.0013
  -2.2550E+00  -2.2500E+00   1.0461E-02  0.0014
  -2.2500E+00  -2.2450E+00   1.0465E-02  0.0014
  -2.2450E+00  -2.2400E+00   1.0459E-02  0.0012
  -2.2400E+00  -2.2350E+00   1.0491E-02  0.0014
  -2.2350E+00  -2.2300E+00   1.0508E-02  0.0014
  -2.2300E+00  -2.2250E+00   1.0521E-02  0.0014
  -2.2250E+00  -2.2200E+00   1.0506E-02  0.0013
  -2.2200E+00  -2.2150E+00   1.0540E-02  0.0014
  -2.2150E+00  -2.2100E+00   1.0542E-02  0.0014
  -2.2100E+00  -2.2050E+00   1.0521E-02  0.0013
  -2.2050E+00  -2.2000E+00   1.0567E-02  0.0014
  -2.2000E+00  -2.1950E+00   1.0568E-02  0.0014
  -2.1950E+00  -2.1900E+00   1.0582E-02  0.0014
  -2.1900E+00  -2.1850E+00   1.0585E-02  0.0014
  -2.1850E+00  -2.1800E+00   1.0588E-02  0.0013
  -2.1800E+00  -2.1750E+00   1.0601E-02  0.0014
  -2.1750E+00  -2.1700E+00   1.0594E-02  0.0012
  -2.1700E+00  -2.1650E+00   1.0616E-02  0.0013
  -2.1650E+00  -2.1600E+00   1.0614E-02  0.0013
  -2.1600E+00  -2.1550E+00   1.0636E-02  0.0014
  -2.1550E+00  -2.1500E+00   1.0652E-02  0.0014
  -2.1500E+00  -2.1450E+00   1.0658E-02  0.0014
  -2.1450E+00  -2.1400E+00   1.0670E-02  0.0014
  -2.1400E+00  -2.1350E+00   1.0663E-02  0.0013
  -2.1350E+00  -2.1300E+00   1.0681E-02  0.0013
  -2.1300E+00  -2.1250E+00   1.0701E-02  0.0013
  -2.1250E+00  -2.1200E+00   1.0710E-02  0.0013
  -2.1200E+00  -2.1150E+00   1.0712E-02  0.0013
  -2.1150E+00  -2.1100E+00   1.0712E-02  0.0013
  -2.1100E+00  -2.1050E+00   1.0726E-02  0.0013
  -2.1050E+00  -2.1000E+00   1.0754E-02  0.0013
  -2.1000E+00  -2.0950E+00   1.0772E-02  0.0014
  -2.0950E+00  -2.0900E+00   1.0779E-02  0.0014
  -2.0900E+00  -2.0850E+00   1.0781E-02  0.0013
  -2.0850E+00  -2.0800E+00   1.0777E-02  0.0013
  -2.0800E+00  -2.0750E+00   1.0791E-02  0.0013
  -2.0750E+00  -2.0700E+00   1.0792E-02  0.0012
  -2.0700E+00  -2.0650E+00   1.0811E-02  0.0013
  -2.0650E+00  -2.0600E+00   1.0802E-02  0.0012
  -2.0600E+00  -2.0550E+00   1.0813E-02  0.0012
  -2.0550E+00  -2.0500E+00   1.0835E-02  0.0013
  -2.0500E+00  -2.0450E+00   1.0850E-02  0.0013
  -2.0450E+00  -2.0400E+00   1.0857E-02  0.0013
  -2.0400E+00  -2.0350E+00   1.0871E-02  0.0013
  -2.0350E+00  -2.0300E+00   1.0895E-02  0.0013
  -2.0300E+00  -2.0250E+00   1.0909E-02  0.0014
  -2.0250E+00  -2.0200E+00   1.0915E-02  0.0013
  -2.0200E+00  -2.0150E+00   1.0939E-02  0.0014
  -2.0150E+00  -2.0100E+00   1.0948E-02  0.0014
  -2.0100E+00  -2.0050E+00   1.0943E-02  0.0013
  -2.0050E+00  -2.0000E+00   1.0959E-02  0.0013
  -2.0000E+00  -1.9950E+00   1.0967E-02  0.0013
  -1.9950E+00  -1.9900E+00   1.0986E-02  0.0013
  -1.9900E+00  -1.9850E+00   1.0989E-02  0.0013
  -1.9850E+00  -1.9800E+00   1.0982E-02  0.0012
  -1.9800E+00  -1.9750E+00   1.1002E-02  0.0013
  -1.9750E+00  -1.9700E+00   1.1017E-02  0.0013
  -1.9700E+00  -1.9650E+00   1.1043E-02  0.0014
  -1.9650E+00  -1.9600E+00   1.1067E-02  0.0014
  -1.9600E+00  -1.9550E+00   1.1066E-02  0.0013
  -1.9550E+00  -1.9500E+00   1.1056E-02  0.0012
  -1.9500E+00  -1.9450E+00   1.1058E-02  0.0012
  -1.9450E+00  -1.9400E+00   1.1096E-02  0.0013
  -1.9400E+00  -1.9350E+00   1.1100E-02  0.0013
  -1.9350E+00  -1.9300E+00   1.1110E-02  0.0013
  -1.9300E+00  -1.9250E+00   1.1131E-02  0.0013
  -1.9250E+00  -1.9200E+00   1.1134E-02  0.0013
  -1.9200E+00  -1.9150E+00   1.1128E-02  0.0012
  -1.9150E+00  -1.9100E+00   1.1154E-02  0.0013
  -1.9100E+00  -1.9050E+00   1.1160E-02  0.0013
  -1.9050E+00  -1.9000E+00   1.1178E-02  0.0014
  -1.9000E+00  -1.8950E+00   1.1183E-02  0.0013
  -1.8950E+00  -1.8900E+00   1.1198E-02  0.0013
  -1.8900E+00  -1.8850E+00   1.1228E-02  0.0014
  -1.8850E+00  -1.8800E+00   1.1226E-02  0.0013
  -1.8800E+00  -1.8750E+00   1.1251E-02  0.0014
  -1.8750E+00  -1.8700E+00   1.1234E-02  0.0012
  -1.8700E+00  -1.8650E+00   1.1243E-02  0.0012
  -1.8650E+00  -1.8600E+00   1.1254E-02  0.0013
  -1.8600E+00  -1.8550E+00   1.1262E-02  0.0013
  -1.8550E+00  -1.8500E+00   1.1277E-02  0.0013
  -1.8500E+00  -1.8450E+00   1.1307E-02  0.0013
  -1.8450E+00  -1.8400E+00   1.1306E-02  0.0013
  -1.8400E+00  -1.8350E+00   1.1316E-02  0.0012
  -1.8350E+00  -1.8300E+00   1.1337E-02  0.0013
  -1.8300E+00  -1.8250E+00   1.1330E-02  0.0012
  -1.8250E+00  -1.8200E+00   1.1346E-02  0.0012
  -1.8200E+00  -1.8150E+00   1.1366E-02  0.0012
  -1.8150E+00  -1.8100E+00   1.1378E-02  0.0013
  -1.8100E+00  -1.8050E+00   1.1397E-02  0.0013
  -1.8050E+00  -1.8000E+00   1.1387E-02  0.0012
  -1.8000E+00  -1.7950E+00   1.1405E-02  0.0012
  -1.7950E+00  -1.7900E+00   1.1409E-02  0.0012
  -1.7900E+00  -1.7850E+00   1.1408E-02  0.0012
  -1.7850E+00  -1.7800E+00   1.1429E-02  0.0012
  -1.7800E+00  -1.7750E+00   1.1456E-02  0.0013
  -1.7750E+00  -1.7700E+00   1.1461E-02  0.0013
  -1.7700E+00  -1.7650E+00   1.1482E-02  0.0013
  -1.7650E+00  -1.7600E+00   1.1495E-02  0.0013
  -1.7600E+00  -1.7550E+00   1.1522E-02  0.0013
  -1.7550E+00  -1.7500E+00   1.1509E-02  0.0012
  -1.7500E+00  -1.7450E+00   1.1523E-02  0.0012
  -1.7450E+00  -1.7400E+00   1.1544E-02  0.0013
  -1.7400E+00  -1.7350E+00   1.1560E-02  0.0013
  -1.7350E+00  -1.7300E+00   1.1551E-02  0.0012
  -1.7300E+00  -1.7250E+00   1.1580E-02  0.0013
  -1.7250E+00  -1.7200E+00   1.1585E-02  0.0012
  -1.7200E+00  -1.7150E+00   1.1603E-02  0.0013
  -1.7150E+00  -1.7100E+00   1.1623E-02  0.0013
  -1.7100E+00  -1.7050E+00   1.1631E-02  0.0013
  -1.7050E+00  -1.7000E+00   1.1655E-02  0.0013
  -1.7000E+00  -1.6950E+00   1.1654E-02  0.0013
  -1.6950E+00  -1.6900E+00   1.1649E-02  0.0012
  -1.6900E+00  -1.6850E+00   1.1652E-02  0.0012
  -1.6850E+00  -1.6800E+00   1.1680E-02  0.0013
  -1.6800E+00  -1.6750E+00   1.1714E-02  0.0014
  -1.6750E+00  -1.6700E+00   1.1707E-02  0.0012
  -1.6700E+00  -1.6650E+00   1.1728E-02  0.0013
  -1.6650E+00  -1.6600E+00   1.1754E-02  0.0013
  -1.6600E+00  -1.6550E+00   1.1756E-02  0.0012
  -1.6550E+00  -1.6500E+00   1.1758E-02  0.0012
  -1.6500E+00  -1.6450E+00   1.1765E-02  0.0012
  -1.6450E+00  -1.6400E+00   1.1782E-02  0.0012
  -1.6400E+00  -1.6350E+00   1.1811E-02  0.0013
  -1.6350E+00  -1.6300E+00   1.1831E-02  0.0013
  -1.6300E+00  -1.6250E+00   1.1835E-02  0.0013
  -1.6250E+00  -1.6200E+00   1.1843E-02  0.0012
  -1.6200E+00  -1.6150E+00   1.1877E-02  0.0013
  -1.6150E+00  -1.6100E+00   1.1888E-02  0.0013
  -1.6100E+00  -1.6050E+00   1.1883E-02  0.0012
  -1.6050E+00  -1.6000E+00   1.1901E-02  0.0013
  -1.6000E+00  -1.5950E+00   1.1897E-02  0.0012
  -1.5950E+00  -1.5900E+00   1.1936E-02  0.0013
  -1.5900E+00  -1.5850E+00   1.1946E-02  0.0013
  -1.5850E+00  -1.5800E+00   1.1962E-02  0.0013
  -1.5800E+00  -1.5750E+00   1.1971E-02  0.0013
  -1.5750E+00  -1.5700E+00   1.1987E-02  0.0013
  -1.5700E+00  -1.5650E+00   1.1973E-02  0.0012
  -1.5650E+00  -1.5600E+00   1.1999E-02  0.0013
  -1.5600E+00  -1.5550E+00   1.2016E-02  0.0013
  -1.5550E+00  -1.5500E+00   1.2029E-02  0.0012
  -1.5500E+00  -1.5450E+00   1.2044E-02  0.0012
  -1.5450E+00  -1.5400E+00   1.2079E-02  0.0013
  -1.5400E+00  -1.5350E+00   1.2052E-02  0.0012
  -1.5350E+00  -1.5300E+00   1.2066E-02  0.0012
  -1.5300E+00  -1.5250E+00   1.2090E-02  0.0012
  -1.5250E+00  -1.5200E+00   1.2118E-02  0.0013
  -1.5200E+00  -1.5150E+00   1.2134E-02  0.0013
  -1.5150E+00  -1.5100E+00   1.2124E-02  0.0012
  -1.5100E+00  -1.5050E+00   1.2144E-02  0.0012
  -1.5050E+00  -1.5000E+00   1.2173E-02  0.0013
  -1.5000E+00  -1.4950E+00   1.2171E-02  0.0012
  -1.4950E+00  -1.4900E+00   1.2206E-02  0.0013
  -1.4900E+00  -1.4850E+00   1.2227E-02  0.0013
  -1.4850E+00  -1.4800E+00   1.2220E-02  0.0012
  -1.4800E+00  -1.4750E+00   1.2253E-02  0.0013
  -1.4750E+00  -1.4700E+00   1.2264E-02  0.0013
  -1.4700E+00  -1.4650E+00   1.2263E-02  0.0012
  -1.4650E+00  -1.4600E+00   1.2269E-02  0.0012
  -1.4600E+00  -1.4550E+00   1.2305E-02  0.0013
  -1.4550E+00  -1.4500E+00   1.2298E-02  0.0012
  -1.4500E+00  -1.4450E+00   1.2307E-02  0.0011
  -1.4450E+00  -1.4400E+00   1.2331E-02  0.0013
  -1.4400E+00  -1.4350E+00   1.2350E-02  0.0012
  -1.4350E+00  -1.4300E+00   1.2373E-02  0.0013
  -1.4300E+00  -1.4250E+00   1.2380E-02  0.0012
  -1.4250E+00  -1.4200E+00   1.2380E-02  0.0012
  -1.4200E+00  -1.4150E+00   1.2401E-02  0.0012
  -1.4150E+00  -1.4100E+00   1.2442E-02  0.0013
  -1.4100E+00  -1.4050E+00   1.2424E-02  0.0012
  -1.4050E+00  -1.4000E+00   1.2446E-02  0.0012
  -1.4000E+00  -1.3950E+00   1.2455E-02  0.0012
  -1.3950E+00  -1.3900E+00   1.2480E-02  0.0012
  -1.3900E+00  -1.3850E+00   1.2503E-02  0.0012
  -1.3850E+00  -1.3800E+00   1.2526E-02  0.0013
  -1.3800E+00  -1.3750E+00   1.2544E-02  0.0013
  -1.3750E+00  -1.3700E+00   1.2547E-02  0.0012
  -1.3700E+00  -1.3650E+00   1.2570E-02  0.0012
  -1.3650E+00  -1.3600E+00   1.2587E-02  0.0012
  -1.3600E+00  -1.3550E+00   1.2599E-02  0.0012
  -1.3550E+00  -1.3500E+00   1.2609E-02  0.0012
  -1.3500E+00  -1.3450E+00   1.2626E-02  0.0012
  -1.3450E+00  -1.3400E+00   1.2637E-02  0.0012
  -1.3400E+00  -1.3350E+00   1.2649E-02  0.0012
  -1.3350E+00  -1.3300E+00   1.2676E-02  0.0013
  -1.3300E+00  -1.3250E+00   1.2684E-02  0.0012
  -1.3250E+00  -1.3200E+00   1.2680E-02  0.0012
  -1.3200E+00  -1.3150E+00   1.2703E-02  0.0012
  -1.3150E+00  -1.3100E+00   1.2719E-02  0.0012
  -1.3100E+00  -1.3050E+00   1.2758E-02  0.0013
  -1.3050E+00  -1.3000E+00   1.2768E-02  0.0012
  -1.3000E+00  -1.2950E+00   1.2783E-02  0.0012
  -1.2950E+00  -1.2900E+00   1.2806E-02  0.0012
  -1.2900E+00  -1.2850E+00   1.2822E-02  0.0012
  -1.2850E+00  -1.2800E+00   1.2835E-02  0.0012
  -1.2800E+00  -1.2750E+00   1.2875E-02  0.0013
  -1.2750E+00  -1.2700E+00   1.2871E-02  0.0012
  -1.2700E+00  -1.2650E+00   1.2885E-02  0.0012
  -1.2650E+00  -1.2600E+00   1.2887E-02  0.0012
  -1.2600E+00  -1.2550E+00   1.2912E-02  0.0012
  -1.2550E+00  -1.2500E+00   1.2936E-02  0.0012
  -1.2500E+00  -1.2450E+00   1.2961E-02  0.0012
  -1.2450E+00  -1.2400E+00   1.2984E-02  0.0012
  -1.2400E+00  -1.2350E+00   1.2987E-02  0.0012
  -1.2350E+00  -1.2300E+00   1.3007E-02  0.0012
  -1.2300E+00  -1.2250E+00   1.3034E-02  0.0012
  -1.2250E+00  -1.2200E+00   1.3042E-02  0.0012
  -1.2200E+00  -1.2150E+00   1.3074E-02  0.0012
  -1.2150E+00  -1.2100E+00   1.3092E-02  0.0012
  -1.2100E+00  -1.2050E+00   1.3105E-02  0.0013
  -1.2050E+00  -1.2000E+00   1.3113E-02  0.0012
  -1.2000E+00  -1.1950E+00   1.3117E-02  0.0012
  -1.1950E+00  -1.1900E+00   1.3131E-02  0.0012
  -1.1900E+00  -1.1850E+00   1.3145E-02  0.0011
  -1.1850E+00  -1.1800E+00   1.3155E-02  0.0011
  -1.1800E+00  -1.1750E+00   1.3195E-02  0.0012
  -1.1750E+00  -1.1700E+00   1.3217E-02  0.0012
  -1.1700E+00  -1.1650E+00   1.3241E-02  0.0012
  -1.1650E+00  -1.1600E+00   1.3261E-02  0.0012
  -1.1600E+00  -1.1550E+00   1.3259E-02  0.0011
  -1.1550E+00  -1.1500E+00   1.3295E-02  0.0012
  -1.1500E+00  -1.1450E+00   1.3312E-02  0.0012
  -1.1450E+00  -1.1400E+00   1.3309E-02  0.0011
  -1.1400E+00  -1.1350E+00   1.3347E-02  0.0012
  -1.1350E+00  -1.1300E+00   1.3363E-02  0.0012
  -1.1300E+00  -1.1250E+00   1.3387E-02  0.0012
  -1.1250E+00  -1.1200E+00   1.3413E-02  0.0012
  -1.1200E+00  -1.1150E+00   1.3421E-02  0.0012
  -1.1150E+00  -1.1100E+00   1.3427E-02  0.0011
  -1.1100E+00  -1.1050E+00   1.3471E-02  0.0012
  -1.1050E+00  -1.1000E+00   1.3485E-02  0.0012
  -1.1000E+00  -1.0950E+00   1.3514E-02  0.0012
  -1.0950E+00  -1.0900E+00   1.3534E-02  0.0012
  -1.0900E+00  -1.0850E+00   1.3538E-02  0.0011
  -1.0850E+00  -1.0800E+00   1.3565E-02  0.0012
  -1.0800E+00  -1.0750E+00   1.3601E-02  0.0012
  -1.0750E+00  -1.0700E+00   1.3616E-02  0.0012
  -1.0700E+00  -1.0650E+00   1.3641E-02  0.0012
  -1.0650E+00  -1.0600E+00   1.3665E-02  0.0012
  -1.0600E+00  -1.0550E+00   1.3666E-02  0.0012
  -1.0550E+00  -1.0500E+00   1.3686E-02  0.0012
  -1.0500E+00  -1.0450E+00   1.3692E-02  0.0011
  -1.0450E+00  -1.0400E+00   1.3717E-02  0.0012
  -1.0400E+00  -1.0350E+00   1.3765E-02  0.0012
  -1.0350E+00  -1.0300E+00   1.3782E-02  0.0012
  -1.0300E+00  -1.0250E+00   1.3804E-02  0.0012
  -1.0250E+00  -1.0200E+00   1.3832E-02  0.0012
  -1.0200E+00  -1.0150E+00   1.3846E-02  0.0012
  -1.0150E+00  -1.0100E+00   1.3857E-02  0.0011
  -1.0100E+00  -1.0050E+00   1.3886E-02  0.0012
  -1.0050E+00  -1.0000E+00   1.3892E-02  0.0011
  -1.0000E+00  -9.9500E-01   1.3913E-02  0.0011
  -9.9500E-01  -9.9000E-01   1.3936E-02  0.0012
  -9.9000E-01  -9.8500E-01   1.3956E-02  0.0011
  -9.8500E-01  -9.8000E-01   1.3981E-02  0.0011
  -9.8000E-01  -9.7500E-01   1.4004E-02  0.0012
  -9.7500E-01  -9.7000E-01   1.4026E-02  0.0011
  -9.7000E-01  -9.6500E-01   1.4041E-02  0.0011
  -9.6500E-01  -9.6000E-01   1.4072E-02  0.0011
  -9.6000E-01  -9.5500E-01   1.4112E-02  0.0012
  -9.5500E-01  -9.5000E-01   1.4114E-02  0.0011
  -9.5000E-01  -9.4500E-01   1.4171E-02  0.0012
  -9.4500E-01  -9.4000E-01   1.4171E-02  0.0011
  -9.4000E-01  -9.3500E-01   1.4206E-02  0.0012
  -9.3500E-01  -9.3000E-01   1.4236E-02  0.0012
  -9.3000E-01  -9.2500E-01   1.4243E-02  0.0011
  -9.2500E-01  -9.2000E-01   1.4285E-02  0.0012
  -9.2000E-01  -9.1500E-01   1.4292E-02  0.0011
  -9.1500E-01  -9.1000E-01   1.4305E-02  0.0011
  -9.1000E-01  -9.0500E-01   1.4323E-02  0.0011
  -9.0500E-01  -9.0000E-01   1.4360E-02  0.0012
  -9.0000E-01  -8.9500E-01   1.4409E-02  0.0012
  -8.9500E-01  -8.9000E-01   1.4409E-02  0.0011
  -8.9000E-01  -8.8500E-01   1.4431E-02  0.0011
  -8.8500E-01  -8.8000E-01   1.4453E-02  0.0011
  -8.8000E-01  -8.7500E-01   1.4487E-02  0.0011
  -8.7500E-01  -8.7000E-01   1.4508E-02  0.0011
  -8.7000E-01  -8.6500E-01   1.4561E-02  0.0012
  -8.6500E-01  -8.6000E-01   1.4560E-02  0.0011
  -8.6000E-01  -8.5500E-01   1.4574E-02  0.0011
  -8.5500E-01  -8.5000E-01   1.4619E-02  0.0012
  -8.5000E-01  -8.4500E-01   1.4627E-02  0.0011
  -8.4500E-01  -8.4000E-01   1.4653E-02  0.0011
  -8.4000E-01  -8.3500E-01   1.4691E-02  0.0012
  -8.3500E-01  -8.3000E-01   1.4709E-02  0.0011
  -8.3000E-01  -8.2500E-01   1.4747E-02  0.0012
  -8.2500E-01  -8.2000E-01   1.4772E-02  0.0012
  -8.2000E-01  -8.1500E-01   1.4784E-02  0.0011
  -8.1500E-01  -8.1000E-01   1.4825E-02  0.0012
  -8.1000E-01  -8.0500E-01   1.4850E-02  0.0011
  -8.0500E-01  -8.0000E-01   1.4872E-02  0.0011
  -8.0000E-01  -7.9500E-01   1.4917E-02  0.0011
  -7.9500E-01  -7.9000E-01   1.4920E-02  0.0011
  -7.9000E-01  -7.8500E-01   1.4946E-02  0.0011
  -7.8500E-01  -7.8000E-01   1.4995E-02  0.0011
  -7.8000E-01  -7.7500E-01   1.5025E-02  0.0011
  -7.7500E-01  -7.7000E-01   1.5067E-02  0.0011
  -7.7000E-01  -7.6500E-01   1.5078E-02  0.0011
  -7.6500E-01  -7.6000E-01   1.5106E-02  0.0011
  -7.6000E-01  -7.5500E-01   1.5132E-02  0.0011
  -7.5500E-01  -7.5000E-01   1.5170E-02  0.0011
  -7.5000E-01  -7.4500E-01   1.5207E-02  0.0011
  -7.4500E-01  -7.4000E-01   1.5238E-02  0.0011
  -7.4000E-01  -7.3500E-01   1.5272E-02  0.0011
  -7.3500E-01  -7.3000E-01   1.5295E-02  0.0012
  -7.3000E-01  -7.2500E-01   1.5327E-02  0.0011
  -7.2500E-01  -7.2000E-01   1.5341E-02  0.0011
  -7.2000E-01  -7.1500E-01   1.5375E-02  0.0011
  -7.1500E-01  -7.1000E-01   1.5407E-02  0.0011
  -7.1000E-01  -7.0500E-01   1.5424E-02  0.0011
  -7.0500E-01  -7.0000E-01   1.5464E-02  0.0011
  -7.0000E-01  -6.9500E-01   1.5496E-02  0.0011
  -6.9500E-01  -6.9000E-01   1.5526E-02  0.0011
  -6.9000E-01  -6.8500E-01   1.5569E-02  0.0011
  -6.8500E-01  -6.8000E-01   1.5604E-02  0.0011
  -6.8000E-01  -6.7500E-01   1.5662E-02  0.0012
  -6.7500E-01  -6.7000E-01   1.5681E-02  0.0011
  -6.7000E-01  -6.6500E-01   1.5713E-02  0.0011
  -6.6500E-01  -6.6000E-01   1.5732E-02  0.0011
  -6.6000E-01  -6.5500E-01   1.5759E-02  0.0011
  -6.5500E-01  -6.5000E-01   1.5833E-02  0.0012
  -6.5000E-01  -6.4500E-01   1.5846E-02  0.0011
  -6.4500E-01  -6.4000E-01   1.5857E-02  0.0010
  -6.4000E-01  -6.3500E-01   1.5896E-02  0.0011
  -6.3500E-01  -6.3000E-01   1.5929E-02  0.0010
  -6.3000E-01  -6.2500E-01   1.5980E-02  0.0011
  -6.2500E-01  -6.2000E-01   1.6003E-02  0.0011
  -6.2000E-01  -6.1500E-01   1.6038E-02  0.0011
  -6.1500E-01  -6.1000E-01   1.6065E-02  0.0010
  -6.1000E-01  -6.0500E-01   1.6114E-02  0.0011
  -6.0500E-01  -6.0000E-01   1.6175E-02  0.0011
  -6.0000E-01  -5.9500E-01   1.6170E-02  0.0010
  -5.9500E-01  -5.9000E-01   1.6212E-02  0.0011
  -5.9000E-01  -5.8500E-01   1.6239E-02  0.0010
  -5.8500E-01  -5.8000E-01   1.6287E-02  0.0011
  -5.8000E-01  -5.7500E-01   1.6333E-02  0.0011
  -5.7500E-01  -5.7000E-01   1.6354E-02  0.0010
  -5.7000E-01  -5.6500E-01   1.6423E-02  0.0011
  -5.6500E-01  -5.6000E-01   1.6471E-02  0.0011
  -5.6000E-01  -5.5500E-01   1.6503E-02  0.0011
  -5.5500E-01  -5.5000E-01   1.6548E-02  0.0011
  -5.5000E-01  -5.4500E-01   1.6569E-02  0.0010
  -5.4500E-01  -5.4000E-01   1.6610E-02  0.0011
  -5.4000E-01  -5.3500E-01   1.6653E-02  0.0011
  -5.3500E-01  -5.3000E-01   1.6698E-02  0.0011
  -5.3000E-01  -5.2500E-01   1.6712E-02  0.0010
  -5.2500E-01  -5.2000E-01   1.6752E-02  0.0010
  -5.2000E-01  -5.1500E-01   1.6833E-02  0.0011
  -5.1500E-01  -5.1000E-01   1.6886E-02  0.0011
  -5.1000E-01  -5.0500E-01   1.6920E-02  0.0011
  -5.0500E-01  -5.0000E-01   1.6957E-02  0.0011
  -5.0000E-01  -4.9500E-01   1.7011E-02  0.0011
  -4.9500E-01  -4.9000E-01   1.7033E-02  0.0010
  -4.9000E-01  -4.8500E-01   1.7078E-02  0.0010
  -4.8500E-01  -4.8000E-01   1.7120E-02  0.0010
  -4.8000E-01  -4.7500E-01   1.7173E-02  0.0010
  -4.7500E-01  -4.7000E-01   1.7216E-02  0.0010
  -4.7000E-01  -4.6500E-01   1.7261E-02  0.0010
  -4.6500E-01  -4.6000E-01   1.7303E-02  0.0010
  -4.6000E-01  -4.5500E-01   1.7355E-02  0.0010
  -4.5500E-01  -4.5000E-01   1.7394E-02  0.0010
  -4.5000E-01  -4.4500E-01   1.7439E-02  0.0010
  -4.4500E-01  -4.4000E-01   1.7496E-02  0.0011
  -4.4000E-01  -4.3500E-01   1.7550E-02  0.0011
  -4.3500E-01  -4.3000E-01   1.7577E-02  0.0010
  -4.3000E-01  -4.2500E-01   1.7623E-02  0.0010
  -4.2500E-01  -4.2000E-01   1.7687E-02  0.0010
  -4.2000E-01  -4.1500E-01   1.7728E-02  0.0010
  -4.1500E-01  -4.1000E-01   1.7790E-02  0.0010
  -4.1000E-01  -4.0500E-01   1.7843E-02  0.0010
  -4.0500E-01  -4.0000E-01   1.7904E-02  0.0010
  -4.0000E-01  -3.9500E-01   1.7943E-02  0.0010
  -3.9500E-01  -3.9000E-01   1.7993E-02  0.0010
  -3.9000E-01  -3.8500E-01   1.8055E-02  0.0010
  -3.8500E-01  -3.8000E-01   1.8112E-02  0.0010
  -3.8000E-01  -3.7500E-01   1.8151E-02  0.0010
  -3.7500E-01  -3.7000E-01   1.8199E-02  0.0010
  -3.7000E-01  -3.6500E-01   1.8249E-02  0.0010
  -3.6500E-01  -3.6000E-01   1.8305E-02  0.0010
  -3.6000E-01  -3.5500E-01   1.8369E-02  0.0010
  -3.5500E-01  -3.5000E-01   1.8415E-02  0.0010
  -3.5000E-01  -3.4500E-01   1.8478E-02  0.0010
  -3.4500E-01  -3.4000E-01   1.8536E-02  0.0010
  -3.4000E-01  -3.3500E-01   1.8598E-02  0.0010
  -3.3500E-01  -3.3000E-01   1.8667E-02  0.0010
  -3.3000E-01  -3.2500E-01   1.8714E-02  0.0010
  -3.2500E-01  -3.2000E-01   1.8799E-02  0.0010
  -3.2000E-01  -3.1500E-01   1.8879E-02  0.0010
  -3.1500E-01  -3.1000E-01   1.8920E-02  0.0010
  -3.1000E-01  -3.0500E-01   1.8967E-02  0.0010
  -3.0500E-01  -3.0000E-01   1.9036E-02  0.0010
  -3.0000E-01  -2.9500E-01   1.9099E-02  0.0010
  -2.9500E-01  -2.9000E-01   1.9184E-02  0.0010
  -2.9000E-01  -2.8500E-01   1.9241E-02  0.0010
  -2.8500E-01  -2.8000E-01   1.9304E-02  0.0010
  -2.8000E-01  -2.7500E-01   1.9394E-02  0.0010
  -2.7500E-01  -2.7000E-01   1.9448E-02  0.0010
  -2.7000E-01  -2.6500E-01   1.9516E-02  0.0010
  -2.6500E-01  -2.6000E-01   1.9576E-02  0.0010
  -2.6000E-01  -2.5500E-01   1.9653E-02  0.0009
  -2.5500E-01  -2.5000E-01   1.9724E-02  0.0009
  -2.5000E-01  -2.4500E-01   1.9822E-02  0.0010
  -2.4500E-01  -2.4000E-01   1.9883E-02  0.0009
  -2.4000E-01  -2.3500E-01   1.9970E-02  0.0010
  -2.3500E-01  -2.3000E-01   2.0042E-02  0.0010
  -2.3000E-01  -2.2500E-01   2.0104E-02  0.0009
  -2.2500E-01  -2.2000E-01   2.0189E-02  0.0009
  -2.2000E-01  -2.1500E-01   2.0275E-02  0.0010
  -2.1500E-01  -2.1000E-01   2.0353E-02  0.0009
  -2.1000E-01  -2.0500E-01   2.0433E-02  0.0009
  -2.0500E-01  -2.0000E-01   2.0509E-02  0.0009
  -2.0000E-01  -1.9500E-01   2.0613E-02  0.0009
  -1.9500E-01  -1.9000E-01   2.0709E-02  0.0010
  -1.9000E-01  -1.8500E-01   2.0791E-02  0.0009
  -1.8500E-01  -1.8000E-01   2.0886E-02  0.0009
  -1.8000E-01  -1.7500E-01   2.0974E-02  0.0009
  -1.7500E-01  -1.7000E-01   2.1064E-02  0.0009
  -1.7000E-01  -1.6500E-01   2.1171E-02  0.0009
  -1.6500E-01  -1.6000E-01   2.1248E-02  0.0009
  -1.6000E-01  -1.5500E-01   2.1357E-02  0.0009
  -1.5500E-01  -1.5000E-01   2.1447E-02  0.0009
  -1.5000E-01  -1.4500E-01   2.1567E-02  0.0009
  -1.4500E-01  -1.4000E-01   2.1659E-02  0.0009
  -1.4000E-01  -1.3500E-01   2.1735E-02  0.0009
  -1.3500E-01  -1.3000E-01   2.1877E-02  0.0009
  -1.3000E-01  -1.2500E-01   2.2001E-02  0.0009
  -1.2500E-01  -1.2000E-01   2.2109E-02  0.0009
  -1.2000E-01  -1.1500E-01   2.2217E-02  0.0009
  -1.1500E-01  -1.1000E-01   2.2325E-02  0.0009
  -1.1000E-01  -1.0500E-01   2.2436E-02  0.0009
  -1.0500E-01  -1.0000E-01   2.2560E-02  0.0009
  -1.0000E-01  -9.5000E-02   2.2664E-02  0.0009
  -9.5000E-02  -9.0000E-02   2.2805E-02  0.0009
  -9.0000E-02  -8.5000E-02   2.2927E-02  0.0009
  -8.5000E-02  -8.0000E-02   2.3034E-02  0.0009
  -8.0000E-02  -7.5000E-02   2.3191E-02  0.0009
  -7.5000E-02  -7.0000E-02   2.3311E-02  0.0009
  -7.0000E-02  -6.5000E-02   2.3428E-02  0.0009
  -6.5000E-02  -6.0000E-02   2.3576E-02  0.0009
  -6.0000E-02  -5.5000E-02   2.3706E-02  0.0009
  -5.5000E-02  -5.0000E-02   2.3857E-02  0.0009
  -5.0000E-02  -4.5000E-02   2.4020E-02  0.0009
  -4.5000E-02  -4.0000E-02   2.4182E-02  0.0009
  -4.0000E-02  -3.5000E-02   2.4325E-02  0.0009
  -3.5000E-02  -3.0000E-02   2.4485E-02  0.0009
  -3.0000E-02  -2.5000E-02   2.4627E-02  0.0009
  -2.5000E-02  -2.0000E-02   2.4825E-02  0.0009
  -2.0000E-02  -1.5000E-02   2.4984E-02  0.0009
  -1.5000E-02  -1.0000E-02   2.5155E-02  0.0009
  -1.0000E-02  -5.0000E-03   2.5319E-02  0.0009
  -5.0000E-03   0.0000E+00   2.5499E-02  0.0009
   0.0000E+00   5.0000E-03   2.5678E-02  0.0008
   5.0000E-03   1.0000E-02   2.5844E-02  0.0008
   1.0000E-02   1.5000E-02   2.6036E-02  0.0008
   1.5000E-02   2.0000E-02   2.6243E-02  0.0008
   2.0000E-02   2.5000E-02   2.6455E-02  0.0008
   2.5000E-02   3.0000E-02   2.6668E-02  0.0008
   3.0000E-02   3.5000E-02   2.6885E-02  0.0008
   3.5000E-02   4.0000E-02   2.7083E-02  0.0008
   4.0000E-02   4.5000E-02   2.7316E-02  0.0008
   4.5000E-02   5.0000E-02   2.7543E-02  0.0008
   5.0000E-02   5.5000E-02   2.7789E-02  0.0008
   5.5000E-02   6.0000E-02   2.8019E-02  0.0008
   6.0000E-02   6.5000E-02   2.8293E-02  0.0008
   6.5000E-02   7.0000E-02   2.8550E-02  0.0008
   7.0000E-02   7.5000E-02   2.8812E-02  0.0008
   7.5000E-02   8.0000E-02   2.9080E-02  0.0008
   8.0000E-02   8.5000E-02   2.9351E-02  0.0008
   8.5000E-02   9.0000E-02   2.9655E-02  0.0008
   9.0000E-02   9.5000E-02   2.9960E-02  0.0008
   9.5000E-02   1.0000E-01   3.0284E-02  0.0008
   1.0000E-01   1.0500E-01   3.0599E-02  0.0008
   1.0500E-01   1.1000E-01   3.0925E-02  0.0008
   1.1000E-01   1.1500E-01   3.1270E-02  0.0008
   1.1500E-01   1.2000E-01   3.1625E-02  0.0008
   1.2000E-01   1.2500E-01   3.1997E-02  0.0008
   1.2500E-01   1.3000E-01   3.2387E-02  0.0008
   1.3000E-01   1.3500E-01   3.2795E-02  0.0008
   1.3500E-01   1.4000E-01   3.3217E-02  0.0008
   1.4000E-01   1.4500E-01   3.3650E-02  0.0008
   1.4500E-01   1.5000E-01   3.4099E-02  0.0008
   1.5000E-01   1.5500E-01   3.4569E-02  0.0008
   1.5500E-01   1.6000E-01   3.5051E-02  0.0008
   1.6000E-01   1.6500E-01   3.5581E-02  0.0008
   1.6500E-01   1.7000E-01   3.6122E-02  0.0008
   1.7000E-01   1.7500E-01   3.6688E-02  0.0008
   1.7500E-01   1.8000E-01   3.7288E-02  0.0008
   1.8000E-01   1.8500E-01   3.7910E-02  0.0008
   1.8500E-01   1.9000E-01   3.8586E-02  0.0008
   1.9000E-01   1.9500E-01   3.9308E-02  0.0008
   1.9500E-01   2.0000E-01   4.0053E-02  0.0008
   2.0000E-01   2.0500E-01   4.0842E-02  0.0008
   2.0500E-01   2.1000E-01   4.1671E-02  0.0008
   2.1000E-01   2.1500E-01   4.2572E-02  0.0008
   2.1500E-01   2.2000E-01   4.3517E-02  0.0008
   2.2000E-01   2.2500E-01   4.4557E-02  0.0008
   2.2500E-01   2.3000E-01   4.5659E-02  0.0008
   2.3000E-01   2.3500E-01   4.6854E-02  0.0008
   2.3500E-01   2.4000E-01   4.8165E-02  0.0008
   2.4000E-01   2.4500E-01   4.9620E-02  0.0008
   2.4500E-01   2.5000E-01   5.1231E-02  0.0008
   2.5000E-01   2.5500E-01   5.3016E-02  0.0008
   2.5500E-01   2.6000E-01   5.5041E-02  0.0008
   2.6000E-01   2.6500E-01   5.7350E-02  0.0008
   2.6500E-01   2.7000E-01   6.0034E-02  0.0008
   2.7000E-01   2.7500E-01   6.3212E-02  0.0008
   2.7500E-01   2.8000E-01   6.7069E-02  0.0008
   2.8000E-01   2.8500E-01   7.1908E-02  0.0008
   2.8500E-01   2.9000E-01   7.8257E-02  0.0008
   2.9000E-01   2.9500E-01   8.7127E-02  0.0008
   2.9500E-01   3.0000E-01   1.0090E-01  0.0008
   3.0000E-01   3.0500E-01   1.2739E-01  0.0008
   3.0500E-01   3.1000E-01   2.2213E-01  0.0008
   3.1000E-01   3.1500E-01   3.5401E-06  0.1541
   3.1500E-01   3.2000E-01   4.3609E-06  0.1633
   3.2000E-01   3.2500E-01   4.6441E-06  0.2166
   3.2500E-01   3.3000E-01   3.4095E-06  0.2003
   3.3000E-01   3.3500E-01   2.7060E-06  0.1717
   3.3500E-01   3.4000E-01   4.0116E-06  0.2069
   3.4000E-01   3.4500E-01   3.1304E-06  0.1918
   3.4500E-01   3.5000E-01   3.2828E-06  0.2109
   3.5000E-01   3.5500E-01   2.5149E-06  0.1745
   3.5500E-01   3.6000E-01   3.4399E-06  0.2493
   3.6000E-01   3.6500E-01   3.2802E-06  0.2499
   3.6500E-01   3.7000E-01   3.1755E-06  0.1953
   3.7000E-01   3.7500E-01   4.1709E-06  0.2135
   3.7500E-01   3.8000E-01   3.0447E-06  0.1917
   3.8000E-01   3.8500E-01   3.4118E-06  0.2243
   3.8500E-01   3.9000E-01   2.9833E-06  0.2145
   3.9000E-01   3.9500E-01   2.3755E-06  0.1834
   3.9500E-01   4.0000E-01   2.8235E-06  0.1732
   4.0000E-01   4.0500E-01   3.8157E-06  0.1937
   4.0500E-01   4.1000E-01   3.6144E-06  0.1877
   4.1000E-01   4.1500E-01   3.1006E-06  0.1784
   4.1500E-01   4.2000E-01   3.1364E-06  0.1573
   4.2000E-01   4.2500E-01   3.7239E-06  0.1671
   4.2500E-01   4.3000E-01   3.8502E-06  0.1924
   4.3000E-01   4.3500E-01   3.1604E-06  0.2436
   4.3500E-01   4.4000E-01   2.3926E-06  0.1671
   4.4000E-01   4.4500E-01   2.3841E-06  0.1710
   4.4500E-01   4.5000E-01   3.3824E-06  0.2463
   4.5000E-01   4.5500E-01   4.2212E-06  0.2353
   4.5500E-01   4.6000E-01   4.4878E-06  0.2367
   4.6000E-01   4.6500E-01   2.6892E-06  0.2045
   4.6500E-01   4.7000E-01   2.5062E-06  0.2012
   4.7000E-01   4.7500E-01   2.4271E-06  0.1699
   4.7500E-01   4.8000E-01   3.9606E-06  0.2617
   4.8000E-01   4.8500E-01   2.8377E-06  0.2213
   4.8500E-01   4.9000E-01   2.7173E-06  0.1670
   4.9000E-01   4.9500E-01   2.8536E-06  0.2547
   4.9500E-01   5.0000E-01   3.0224E-06  0.1824
   5.0000E-01   5.0500E-01   2.7095E-06  0.1565
   5.0500E-01   5.1000E-01   3.8130E-06  0.2354
   5.1000E-01   5.1500E-01   3.2247E-06  0.1789
   5.1500E-01   5.2000E-01   3.6469E-06  0.2111
   5.2000E-01   5.2500E-01   3.3178E-06  0.1687
   5.2500E-01   5.3000E-01   2.6944E-06  0.1679
   5.3000E-01   5.3500E-01   2.3549E-06  0.1763
   5.3500E-01   5.4000E-01   4.8601E-06  0.2494
   5.4000E-01   5.4500E-01   3.7035E-06  0.2277
   5.4500E-01   5.5000E-01   3.0221E-06  0.2002
   5.5000E-01   5.5500E-01   2.6524E-06  0.2108
   5.5500E-01   5.6000E-01   2.1766E-06  0.1511
   5.6000E-01   5.6500E-01   2.7988E-06  0.1770
   5.6500E-01   5.7000E-01   3.6541E-06  0.1719
   5.7000E-01   5.7500E-01   3.7879E-06  0.2368
   5.7500E-01   5.8000E-01   3.5445E-06  0.2619
   5.8000E-01   5.8500E-01   3.1762E-06  0.3145
   5.8500E-01   5.9000E-01   3.9767E-06  0.2401
   5.9000E-01   5.9500E-01   2.1033E-06  0.1599
   5.9500E-01   6.0000E-01   2.2461E-06  0.1476
   6.0000E-01   6.0500E-01   3.1865E-06  0.2252
   6.0500E-01   6.1000E-01   3.6251E-06  0.1988
   6.1000E-01   6.1500E-01   2.5804E-06  0.1612
   6.1500E-01   6.2000E-01   2.7064E-06  0.1887
   6.2000E-01   6.2500E-01   2.6981E-06  0.2236
   6.2500E-01   6.3000E-01   2.3078E-06  0.1587
   6.3000E-01   6.3500E-01   2.9366E-06  0.1647
   6.3500E-01   6.4000E-01   3.5776E-06  0.2281
   6.4000E-01   6.4500E-01   2.3026E-06  0.1733
   6.4500E-01   6.5000E-01   3.0821E-06  0.2027
   6.5000E-01   6.5500E-01   3.6815E-06  0.1930
   6.5500E-01   6.6000E-01   3.5284E-06  0.2137
   6.6000E-01   6.6500E-01   3.4069E-06  0.1816
   6.6500E-01   6.7000E-01   3.3733E-06  0.1635
   6.7000E-01   6.7500E-01   3.2972E-06  0.2447
   6.7500E-01   6.8000E-01   2.0811E-06  0.1646
   6.8000E-01   6.8500E-01   2.7476E-06  0.1851
   6.8500E-01   6.9000E-01   3.4938E-06  0.2682
   6.9000E-01   6.9500E-01   2.5020E-06  0.1520
   6.9500E-01   7.0000E-01   2.7213E-06  0.1588
   7.0000E-01   7.0500E-01   2.9124E-06  0.1622
   7.0500E-01   7.1000E-01   4.2081E-06  0.3129
   7.1000E-01   7.1500E-01   6.0858E-06  0.3235
   7.1500E-01   7.2000E-01   4.0879E-06  0.2088
   7.2000E-01   7.2500E-01   5.0339E-06  0.2424
   7.2500E-01   7.3000E-01   2.9359E-06  0.1687
   7.3000E-01   7.3500E-01   3.4541E-06  0.2023
   7.3500E-01   7.4000E-01   2.5645E-06  0.1909
   7.4000E-01   7.4500E-01   2.6642E-06  0.1864
   7.4500E-01   7.5000E-01   3.4026E-06  0.2316
   7.5000E-01   7.5500E-01   3.1781E-06  0.1959
   7.5500E-01   7.6000E-01   2.7376E-06  0.2140
   7.6000E-01   7.6500E-01   2.7832E-06  0.1719
   7.6500E-01   7.7000E-01   4.5196E-06  0.2734
   7.7000E-01   7.7500E-01   3.3860E-06  0.2496
   7.7500E-01   7.8000E-01   2.5680E-06  0.1770
   7.8000E-01   7.8500E-01   2.2062E-06  0.1863
   7.8500E-01   7.9000E-01   2.3950E-06  0.2334
   7.9000E-01   7.9500E-01   3.1971E-06  0.1730
   7.9500E-01   8.0000E-01   3.0462E-06  0.2342
   8.0000E-01   8.0500E-01   2.5063E-06  0.2142
   8.0500E-01   8.1000E-01   2.7946E-06  0.2478
   8.1000E-01   8.1500E-01   2.3616E-06  0.2165
   8.1500E-01   8.2000E-01   4.2549E-06  0.3468
   8.2000E-01   8.2500E-01   3.8150E-06  0.3587
   8.2500E-01   8.3000E-01   1.8073E-06  0.2814
   8.3000E-01   8.3500E-01   1.8645E-06  0.1956
   8.3500E-01   8.4000E-01   2.5802E-06  0.2716
   8.4000E-01   8.4500E-01   2.2644E-06  0.1897
   8.4500E-01   8.5000E-01   1.8233E-06  0.2416
   8.5000E-01   8.5500E-01   1.7846E-06  0.2616
   8.5500E-01   8.6000E-01   1.9384E-06  0.3012
   8.6000E-01   8.6500E-01   2.0619E-06  0.2276
   8.6500E-01   8.7000E-01   2.3957E-06  0.1979
   8.7000E-01   8.7500E-01   2.1517E-06  0.2412
   8.7500E-01   8.8000E-01   2.1977E-06  0.2235
   8.8000E-01   8.8500E-01   1.6256E-06  0.1845
   8.8500E-01   8.9000E-01   1.8690E-06  0.1818
   8.9000E-01   8.9500E-01   2.0453E-06  0.2794
   8.9500E-01   9.0000E-01   1.6547E-06  0.2370
   9.0000E-01   9.0500E-01   1.9056E-06  0.2067
   9.0500E-01   9.1000E-01   2.4153E-06  0.2843
   9.1000E-01   9.1500E-01   1.9570E-06  0.2372
   9.1500E-01   9.2000E-01   2.2987E-06  0.2670
   9.2000E-01   9.2500E-01   2.7195E-06  0.2525
   9.2500E-01   9.3000E-01   2.2856E-06  0.2442
   9.3000E-01   9.3500E-01   2.0722E-06  0.2232
   9.3500E-01   9.4000E-01   2.1496E-06  0.2322
   9.4000E-01   9.4500E-01   2.4885E-06  0.4116
   9.4500E-01   9.5000E-01   1.8722E-06  0.2356
   9.5000E-01   9.5500E-01   1.7681E-06  0.2436
   9.5500E-01   9.6000E-01   1.3110E-06  0.2315
   9.6000E-01   9.6500E-01   1.4555E-06  0.2159
   9.6500E-01   9.7000E-01   2.5346E-06  0.2349
   9.7000E-01   9.7500E-01   2.3775E-06  0.2183
   9.7500E-01   9.8000E-01   1.5804E-06  0.2324
   9.8000E-01   9.8500E-01   1.5667E-06  0.1986
   9.8500E-01   9.9000E-01   2.8267E-06  0.2459
   9.9000E-01   9.9500E-01   2.9620E-06  0.3535
   9.9500E-01   1.0000E+00   1.6722E-06  0.1997
   1.0000E+00   1.0050E+00   2.1009E-06  0.3734
   1.0050E+00   1.0100E+00   2.2196E-06  0.3385
   1.0100E+00   1.0150E+00   3.4258E-06  0.3814
   1.0150E+00   1.0200E+00   2.2650E-06  0.1869
   1.0200E+00   1.0250E+00   3.4174E-06  0.3404
   1.0250E+00   1.0300E+00   2.0003E-06  0.1987
   1.0300E+00   1.0350E+00   2.4194E-06  0.2032
   1.0350E+00   1.0400E+00   2.0680E-06  0.1897
   1.0400E+00   1.0450E+00   3.9044E-06  0.3550
   1.0450E+00   1.0500E+00   2.3699E-06  0.2116
   1.0500E+00   1.0550E+00   1.6727E-06  0.1853
   1.0550E+00   1.0600E+00   2.4794E-06  0.2048
   1.0600E+00   1.0650E+00   2.0790E-06  0.2426
   1.0650E+00   1.0700E+00   3.3852E-06  0.4298
   1.0700E+00   1.0750E+00   2.8881E-06  0.3100
   1.0750E+00   1.0800E+00   2.4958E-06  0.3057
   1.0800E+00   1.0850E+00   2.3657E-06  0.3472
   1.0850E+00   1.0900E+00   1.8629E-06  0.2054
   1.0900E+00   1.0950E+00   2.3962E-06  0.2130
   1.0950E+00   1.1000E+00   1.9912E-06  0.1879
   1.1000E+00   1.1050E+00   2.2210E-06  0.1823
   1.1050E+00   1.1100E+00   2.5163E-06  0.1924
   1.1100E+00   1.1150E+00   2.3391E-06  0.2198
   1.1150E+00   1.1200E+00   2.4556E-06  0.2380
   1.1200E+00   1.1250E+00   1.6156E-06  0.1960
   1.1250E+00   1.1300E+00   1.9080E-06  0.2677
   1.1300E+00   1.1350E+00   1.8377E-06  0.2454
   1.1350E+00   1.1400E+00   1.8823E-06  0.1839
   1.1400E+00   1.1450E+00   3.4903E-06  0.2981
   1.1450E+00   1.1500E+00   1.9023E-06  0.2089
   1.1500E+00   1.1550E+00   1.8995E-06  0.2090
   1.1550E+00   1.1600E+00   1.4742E-06  0.2305
   1.1600E+00   1.1650E+00   1.6810E-06  0.2302
   1.1650E+00   1.1700E+00   1.7999E-06  0.2523
   1.1700E+00   1.1750E+00   1.8711E-06  0.4814
   1.1750E+00   1.1800E+00   2.4387E-06  0.2199
   1.1800E+00   1.1850E+00   1.2032E-06  0.1904
   1.1850E+00   1.1900E+00   1.9493E-06  0.3037
   1.1900E+00   1.1950E+00   1.6237E-06  0.2074
   1.1950E+00   1.2000E+00   1.8443E-06  0.2122
   1.2000E+00   1.2050E+00   1.9932E-06  0.2001
   1.2050E+00   1.2100E+00   2.3646E-06  0.2120
   1.2100E+00   1.2150E+00   2.0190E-06  0.2364
   1.2150E+00   1.2200E+00   2.3927E-06  0.1978
   1.2200E+00   1.2250E+00   2.1706E-06  0.2223
   1.2250E+00   1.2300E+00   2.3112E-06  0.2168
   1.2300E+00   1.2350E+00   1.7170E-06  0.2298
   1.2350E+00   1.2400E+00   1.5441E-06  0.2347
   1.2400E+00   1.2450E+00   1.0546E-06  0.1929
   1.2450E+00   1.2500E+00   1.5774E-06  0.2211
   1.2500E+00   1.2550E+00   2.3308E-06  0.2975
   1.2550E+00   1.2600E+00   2.6832E-06  0.2687
   1.2600E+00   1.2650E+00   3.4486E-06  0.3021
   1.2650E+00   1.2700E+00   2.8662E-06  0.2299
   1.2700E+00   1.2750E+00   2.6023E-06  0.2279
   1.2750E+00   1.2800E+00   2.8331E-06  0.2908
   1.2800E+00   1.2850E+00   2.6750E-06  0.3006
   1.2850E+00   1.2900E+00   2.2040E-06  0.1880
   1.2900E+00   1.2950E+00   1.9487E-06  0.2251
   1.2950E+00   1.3000E+00   2.2312E-06  0.2190
   1.3000E+00   1.3050E+00   2.4575E-06  0.3535
   1.3050E+00   1.3100E+00   1.7134E-06  0.2261
   1.3100E+00   1.3150E+00   1.5467E-06  0.2225
   1.3150E+00   1.3200E+00   1.3431E-06  0.1766
   1.3200E+00   1.3250E+00   1.5002E-06  0.1949
   1.3250E+00   1.3300E+00   2.4733E-06  0.2365
   1.3300E+00   1.3350E+00   2.0911E-06  0.2491
   1.3350E+00   1.3400E+00   1.8407E-06  0.1993
   1.3400E+00   1.3450E+00   2.3288E-06  0.2401
   1.3450E+00   1.3500E+00   2.6730E-06  0.2132
   1.3500E+00   1.3550E+00   2.3306E-06  0.2129
   1.3550E+00   1.3600E+00   1.8235E-06  0.1851
   1.3600E+00   1.3650E+00   1.5556E-06  0.1823
   1.3650E+00   1.3700E+00   2.0794E-06  0.1876
   1.3700E+00   1.3750E+00   1.8927E-06  0.1804
   1.3750E+00   1.3800E+00   2.3005E-06  0.2064
   1.3800E+00   1.3850E+00   3.6381E-06  0.2948
   1.3850E+00   1.3900E+00   1.9359E-06  0.1959
   1.3900E+00   1.3950E+00   2.0148E-06  0.2001
   1.3950E+00   1.4000E+00   2.1451E-06  0.2007
   1.4000E+00   1.4050E+00   1.7629E-06  0.2286
   1.4050E+00   1.4100E+00   1.6605E-06  0.1767
   1.4100E+00   1.4150E+00   1.5979E-06  0.2039
   1.4150E+00   1.4200E+00   1.9306E-06  0.2184
   1.4200E+00   1.4250E+00   2.8127E-06  0.2455
   1.4250E+00   1.4300E+00   2.5470E-06  0.2134
   1.4300E+00   1.4350E+00   1.7805E-06  0.1682
   1.4350E+00   1.4400E+00   1.8836E-06  0.1872
   1.4400E+00   1.4450E+00   1.8590E-06  0.1967
   1.4450E+00   1.4500E+00   3.5285E-06  0.3717
   1.4500E+00   1.4550E+00   2.6391E-06  0.2277
   1.4550E+00   1.4600E+00   2.7505E-06  0.2501
   1.4600E+00   1.4650E+00   4.2322E-06  0.2514
   1.4650E+00   1.4700E+00   3.7377E-06  0.2360
   1.4700E+00   1.4750E+00   2.6727E-06  0.2450
   1.4750E+00   1.4800E+00   2.7547E-06  0.2607
   1.4800E+00   1.4850E+00   1.7367E-06  0.2109
   1.4850E+00   1.4900E+00   1.7526E-06  0.2058
   1.4900E+00   1.4950E+00   1.8722E-06  0.2194
   1.4950E+00   1.5000E+00   1.2891E-06  0.1836
   1.5000E+00   1.5050E+00   1.5302E-06  0.2130
   1.5050E+00   1.5100E+00   2.0702E-06  0.2772
   1.5100E+00   1.5150E+00   1.3891E-06  0.2220
   1.5150E+00   1.5200E+00   2.2096E-06  0.4200
   1.5200E+00   1.5250E+00   1.5131E-06  0.2966
   1.5250E+00   1.5300E+00   1.1819E-06  0.1993
   1.5300E+00   1.5350E+00   1.6098E-06  0.3085
   1.5350E+00   1.5400E+00   2.4422E-06  0.2674
   1.5400E+00   1.5450E+00   1.9319E-06  0.2103
   1.5450E+00   1.5500E+00   1.6448E-06  0.2326
   1.5500E+00   1.5550E+00   1.4417E-06  0.2103
   1.5550E+00   1.5600E+00   1.6829E-06  0.4131
   1.5600E+00   1.5650E+00   1.3936E-06  0.2394
   1.5650E+00   1.5700E+00   1.8274E-06  0.2490
   1.5700E+00   1.5750E+00   2.4616E-06  0.2707
   1.5750E+00   1.5800E+00   1.1917E-06  0.2144
   1.5800E+00   1.5850E+00   1.6771E-06  0.2069
   1.5850E+00   1.5900E+00   1.6915E-06  0.3367
   1.5900E+00   1.5950E+00   1.4215E-06  0.2334
   1.5950E+00   1.6000E+00   1.8912E-06  0.2508
   1.6000E+00   1.6050E+00   1.3826E-06  0.2427
   1.6050E+00   1.6100E+00   1.7689E-06  0.3921
   1.6100E+00   1.6150E+00   1.2158E-06  0.2207
   1.6150E+00   1.6200E+00   1.6287E-06  0.3132
   1.6200E+00   1.6250E+00   1.5891E-06  0.2534
   1.6250E+00   1.6300E+00   1.7376E-06  0.2425
   1.6300E+00   1.6350E+00   1.3885E-06  0.2304
   1.6350E+00   1.6400E+00   1.3376E-06  0.2659
   1.6400E+00   1.6450E+00   1.8791E-06  0.2170
   1.6450E+00   1.6500E+00   1.5855E-06  0.2535
   1.6500E+00   1.6550E+00   1.2439E-06  0.1996
   1.6550E+00   1.6600E+00   1.1936E-06  0.2042
   1.6600E+00   1.6650E+00   1.4199E-06  0.2549
   1.6650E+00   1.6700E+00   1.4681E-06  0.2151
   1.6700E+00   1.6750E+00   1.5980E-06  0.2063
   1.6750E+00   1.6800E+00   1.6692E-06  0.2556
   1.6800E+00   1.6850E+00   1.6268E-06  0.3098
   1.6850E+00   1.6900E+00   1.7050E-06  0.2064
   1.6900E+00   1.6950E+00   1.6204E-06  0.2794
   1.6950E+00   1.7000E+00   2.6914E-06  0.2793
   1.7000E+00   1.7050E+00   2.4593E-06  0.3251
   1.7050E+00   1.7100E+00   1.2978E-06  0.2054
   1.7100E+00   1.7150E+00   1.4871E-06  0.2222
   1.7150E+00   1.7200E+00   1.0922E-06  0.2242
   1.7200E+00   1.7250E+00   2.0459E-06  0.2623
   1.7250E+00   1.7300E+00   1.6966E-06  0.2586
   1.7300E+00   1.7350E+00   2.1913E-06  0.3063
   1.7350E+00   1.7400E+00   1.7465E-06  0.2819
   1.7400E+00   1.7450E+00   9.2485E-07  0.2727
   1.7450E+00   1.7500E+00   1.1464E-06  0.2171
   1.7500E+00   1.7550E+00   1.7331E-06  0.2833
   1.7550E+00   1.7600E+00   1.2813E-06  0.2661
   1.7600E+00   1.7650E+00   1.3920E-06  0.2939
   1.7650E+00   1.7700E+00   9.6856E-07  0.2572
   1.7700E+00   1.7750E+00   1.2429E-06  0.2724
   1.7750E+00   1.7800E+00   1.2091E-06  0.2793
   1.7800E+00   1.7850E+00   1.6662E-06  0.3419
   1.7850E+00   1.7900E+00   2.9770E-06  0.3517
   1.7900E+00   1.7950E+00   2.9902E-06  0.4127
   1.7950E+00   1.8000E+00   3.3886E-06  0.3762
   1.8000E+00   1.8050E+00   1.5266E-06  0.2282
   1.8050E+00   1.8100E+00   1.2281E-06  0.2351
   1.8100E+00   1.8150E+00   1.4228E-06  0.3285
   1.8150E+00   1.8200E+00   1.9441E-06  0.3678
   1.8200E+00   1.8250E+00   1.5546E-06  0.2569
   1.8250E+00   1.8300E+00   1.3007E-06  0.2127
   1.8300E+00   1.8350E+00   2.0281E-06  0.2758
   1.8350E+00   1.8400E+00   1.5160E-06  0.2068
   1.8400E+00   1.8450E+00   2.1887E-06  0.2115
   1.8450E+00   1.8500E+00   1.6038E-06  0.2443
   1.8500E+00   1.8550E+00   2.1560E-06  0.3308
   1.8550E+00   1.8600E+00   1.8084E-06  0.2240
   1.8600E+00   1.8650E+00   1.7549E-06  0.2379
   1.8650E+00   1.8700E+00   1.2232E-06  0.2175
   1.8700E+00   1.8750E+00   2.7098E-06  0.4141
   1.8750E+00   1.8800E+00   1.5015E-06  0.2257
   1.8800E+00   1.8850E+00   1.6670E-06  0.2301
   1.8850E+00   1.8900E+00   9.2575E-07  0.1922
   1.8900E+00   1.8950E+00   1.7981E-06  0.4158
   1.8950E+00   1.9000E+00   1.1705E-06  0.1964
   1.9000E+00   1.9050E+00   1.4726E-06  0.2079
   1.9050E+00   1.9100E+00   1.7130E-06  0.2254
   1.9100E+00   1.9150E+00   1.8420E-06  0.2664
   1.9150E+00   1.9200E+00   1.2758E-06  0.2600
   1.9200E+00   1.9250E+00   1.3602E-06  0.2297
   1.9250E+00   1.9300E+00   1.7157E-06  0.2772
   1.9300E+00   1.9350E+00   1.0581E-06  0.2505
   1.9350E+00   1.9400E+00   9.0213E-07  0.2001
   1.9400E+00   1.9450E+00   8.0832E-07  0.2068
   1.9450E+00   1.9500E+00   2.3626E-06  0.3974
   1.9500E+00   1.9550E+00   1.3265E-06  0.2556
   1.9550E+00   1.9600E+00   3.2674E-06  0.5161
   1.9600E+00   1.9650E+00   1.1804E-06  0.2532
   1.9650E+00   1.9700E+00   1.2426E-06  0.2566
   1.9700E+00   1.9750E+00   1.6643E-06  0.2851
   1.9750E+00   1.9800E+00   1.0972E-06  0.2644
   1.9800E+00   1.9850E+00   1.7231E-06  0.2907
   1.9850E+00   1.9900E+00   1.2865E-06  0.2419
   1.9900E+00   1.9950E+00   1.1642E-06  0.2437
   1.9950E+00   2.0000E+00   1.2913E-06  0.2968
   2.0000E+00   2.0050E+00   1.3441E-06  0.3384
   2.0050E+00   2.0100E+00   8.3435E-07  0.3047
   2.0100E+00   2.0150E+00   6.8400E-07  0.2376
   2.0150E+00   2.0200E+00   8.5267E-07  0.2823
   2.0200E+00   2.0250E+00   6.4956E-07  0.2093
   2.0250E+00   2.0300E+00   8.6392E-07  0.2304
   2.0300E+00   2.0350E+00   2.5864E-06  0.3959
   2.0350E+00   2.0400E+00   5.2368E-07  0.2241
   2.0400E+00   2.0450E+00   6.7366E-07  0.2711
   2.0450E+00   2.0500E+00   7.4686E-07  0.2745
   2.0500E+00   2.0550E+00   1.1083E-06  0.4391
   2.0550E+00   2.0600E+00   7.5144E-07  0.2429
   2.0600E+00   2.0650E+00   9.5196E-07  0.2343
   2.0650E+00   2.0700E+00   3.6748E-06  0.5944
   2.0700E+00   2.0750E+00   2.5647E-06  0.4227
   2.0750E+00   2.0800E+00   9.0627E-07  0.2587
   2.0800E+00   2.0850E+00   8.0598E-07  0.2398
   2.0850E+00   2.0900E+00   9.3454E-07  0.2513
   2.0900E+00   2.0950E+00   1.1210E-06  0.3188
   2.0950E+00   2.1000E+00   1.2619E-06  0.2277
   2.1000E+00   2.1050E+00   1.0928E-06  0.2476
   2.1050E+00   2.1100E+00   1.4840E-06  0.2426
   2.1100E+00   2.1150E+00   2.7901E-06  0.3909
   2.1150E+00   2.1200E+00   1.7642E-06  0.3104
   2.1200E+00   2.1250E+00   1.6032E-06  0.2709
   2.1250E+00   2.1300E+00   2.0226E-06  0.3631
   2.1300E+00   2.1350E+00   1.2663E-06  0.2393
   2.1350E+00   2.1400E+00   3.3379E-06  0.4699
   2.1400E+00   2.1450E+00   1.0502E-06  0.2961
   2.1450E+00   2.1500E+00   7.7054E-07  0.2345
   2.1500E+00   2.1550E+00   1.0308E-06  0.3004
   2.1550E+00   2.1600E+00   1.0842E-06  0.2649
   2.1600E+00   2.1650E+00   1.1614E-06  0.2628
   2.1650E+00   2.1700E+00   1.3780E-06  0.3141
   2.1700E+00   2.1750E+00   1.6798E-06  0.4504
   2.1750E+00   2.1800E+00   1.7775E-06  0.3362
   2.1800E+00   2.1850E+00   1.1126E-06  0.3753
   2.1850E+00   2.1900E+00   9.6766E-07  0.2642
   2.1900E+00   2.1950E+00   1.0433E-06  0.3259
   2.1950E+00   2.2000E+00   8.8917E-07  0.2782
   2.2000E+00   2.2050E+00   6.8636E-07  0.2017
   2.2050E+00   2.2100E+00   8.1034E-07  0.2111
   2.2100E+00   2.2150E+00   1.8361E-06  0.3954
   2.2150E+00   2.2200E+00   1.1296E-06  0.2757
   2.2200E+00   2.2250E+00   1.8653E-06  0.3692
   2.2250E+00   2.2300E+00   1.9850E-06  0.2412
   2.2300E+00   2.2350E+00   1.1240E-06  0.2384
   2.2350E+00   2.2400E+00   1.2010E-06  0.2865
   2.2400E+00   2.2450E+00   2.0535E-06  0.3398
   2.2450E+00   2.2500E+00   1.5649E-06  0.3523
   2.2500E+00   2.2550E+00   1.1974E-06  0.2418
   2.2550E+00   2.2600E+00   1.2095E-06  0.2524
   2.2600E+00   2.2650E+00   1.3756E-06  0.2406
   2.2650E+00   2.2700E+00   1.0495E-06  0.2553
   2.2700E+00   2.2750E+00   1.1850E-06  0.2783
   2.2750E+00   2.2800E+00   8.2758E-07  0.2257
   2.2800E+00   2.2850E+00   1.4971E-06  0.4441
   2.2850E+00   2.2900E+00   1.0596E-06  0.2513
   2.2900E+00   2.2950E+00   1.0495E-06  0.2658
   2.2950E+00   2.3000E+00   9.8639E-07  0.2290
   2.3000E+00   2.3050E+00   9.7629E-07  0.2267
   2.3050E+00   2.3100E+00   1.2514E-06  0.2652
   2.3100E+00   2.3150E+00   2.1666E-06  0.3850
   2.3150E+00   2.3200E+00   1.1800E-06  0.2604
   2.3200E+00   2.3250E+00   1.5576E-06  0.3489
   2.3250E+00   2.3300E+00   1.7508E-06  0.2629
   2.3300E+00   2.3350E+00   1.7032E-06  0.2379
   2.3350E+00   2.3400E+00   1.2105E-06  0.2304
   2.3400E+00   2.3450E+00   1.0318E-06  0.2418
   2.3450E+00   2.3500E+00   2.0611E-06  0.3131
   2.3500E+00   2.3550E+00   2.7081E-06  0.3376
   2.3550E+00   2.3600E+00   3.2095E-06  0.3486
   2.3600E+00   2.3650E+00   1.3221E-06  0.3172
   2.3650E+00   2.3700E+00   1.5280E-06  0.4136
   2.3700E+00   2.3750E+00   9.9877E-07  0.3040
   2.3750E+00   2.3800E+00   1.1570E-06  0.3113
   2.3800E+00   2.3850E+00   8.6256E-07  0.2691
   2.3850E+00   2.3900E+00   8.0119E-07  0.2902
   2.3900E+00   2.3950E+00   1.0801E-06  0.3397
   2.3950E+00   2.4000E+00   4.3057E-07  0.2171
   2.4000E+00   2.4050E+00   1.6133E-06  0.4990
   2.4050E+00   2.4100E+00   1.8252E-06  0.2767
   2.4100E+00   2.4150E+00   1.4407E-06  0.2556
   2.4150E+00   2.4200E+00   1.0916E-06  0.2624
   2.4200E+00   2.4250E+00   1.4278E-06  0.3207
   2.4250E+00   2.4300E+00   1.0003E-06  0.2622
   2.4300E+00   2.4350E+00   1.6366E-06  0.3930
   2.4350E+00   2.4400E+00   6.9166E-07  0.2215
   2.4400E+00   2.4450E+00   2.4528E-06  0.5092
   2.4450E+00   2.4500E+00   1.2010E-06  0.3695
   2.4500E+00   2.4550E+00   1.6358E-06  0.4658
   2.4550E+00   2.4600E+00   1.4211E-06  0.2440
   2.4600E+00   2.4650E+00   1.7852E-06  0.2643
   2.4650E+00   2.4700E+00   1.8217E-06  0.2541
   2.4700E+00   2.4750E+00   1.1429E-06  0.2703
   2.4750E+00   2.4800E+00   1.9313E-06  0.3783
   2.4800E+00   2.4850E+00   1.0532E-06  0.3203
   2.4850E+00   2.4900E+00   1.1633E-06  0.2884
   2.4900E+00   2.4950E+00   9.1487E-07  0.2291
   2.4950E+00   2.5000E+00   1.2825E-06  0.2644

#   sum over                 9.7962E+00

'no. =  1,  ir =  1'
msuc: {\huge depth-dose distribution}
msdr: {\it plotted by \ANGEL \version}
msdl: {\it calculated by \PHITS  3.32}
wt: s(0.7)
\vspace{-3}
  rmin  &=&   0.0000E+00 [cm]
  rmax  &=&   1.0000E+00 [cm]
e:
 
# Information for Restart Calculation
# This calculation was newly started
# istdev =  2 # 1:Batch variance, 2:History variance
# resc2  = 1.00000000000000000E+07 # Total source weight or Total source weight / maxcas
# resc3  = 1.00000000000000000E+07 # Total history number or Total batch number
# maxcas =     1000000 # History / Batch, only used for istdev=1
# bitrseed = 1000110000001000111111101100101001110101110010000011011101101000 # bit data of rseed
