[ T-SED ]
    title = microdosimetric_spectra_water_photon_PHITS
     mesh =  reg            # mesh type is region-wise
      reg = 1
  se-type =    3            # se-mesh is log given by emin, emax and ne
     emin =  1.0000000E-02  # minimum value of e-mesh points
     emax =   10000.00      # maximum value of e-mesh points
#    edel =  7.6752836E-02  # mesh width of e-mesh points
       ne =  180            # number of e-mesh points
#    data = ( e(i), i = 1, ne + 1 )
#           1.00000E-02  1.07978E-02  1.16591E-02  1.25893E-02  1.35936E-02
#           1.46780E-02  1.58489E-02  1.71133E-02  1.84785E-02  1.99526E-02
#           2.15443E-02  2.32631E-02  2.51189E-02  2.71227E-02  2.92864E-02
#           3.16228E-02  3.41455E-02  3.68695E-02  3.98107E-02  4.29866E-02
#           4.64159E-02  5.01187E-02  5.41170E-02  5.84341E-02  6.30957E-02
#           6.81292E-02  7.35642E-02  7.94328E-02  8.57696E-02  9.26119E-02
#           1.00000E-01  1.07978E-01  1.16591E-01  1.25893E-01  1.35936E-01
#           1.46780E-01  1.58489E-01  1.71133E-01  1.84785E-01  1.99526E-01
#           2.15443E-01  2.32631E-01  2.51189E-01  2.71227E-01  2.92864E-01
#           3.16228E-01  3.41455E-01  3.68695E-01  3.98107E-01  4.29866E-01
#           4.64159E-01  5.01187E-01  5.41170E-01  5.84341E-01  6.30957E-01
#           6.81292E-01  7.35642E-01  7.94328E-01  8.57696E-01  9.26119E-01
#           1.00000E+00  1.07978E+00  1.16591E+00  1.25893E+00  1.35936E+00
#           1.46780E+00  1.58489E+00  1.71133E+00  1.84785E+00  1.99526E+00
#           2.15443E+00  2.32631E+00  2.51189E+00  2.71227E+00  2.92864E+00
#           3.16228E+00  3.41455E+00  3.68695E+00  3.98107E+00  4.29866E+00
#           4.64159E+00  5.01187E+00  5.41170E+00  5.84341E+00  6.30957E+00
#           6.81292E+00  7.35642E+00  7.94328E+00  8.57696E+00  9.26119E+00
#           1.00000E+01  1.07978E+01  1.16591E+01  1.25893E+01  1.35936E+01
#           1.46780E+01  1.58489E+01  1.71133E+01  1.84785E+01  1.99526E+01
#           2.15443E+01  2.32631E+01  2.51189E+01  2.71227E+01  2.92864E+01
#           3.16228E+01  3.41455E+01  3.68695E+01  3.98107E+01  4.29866E+01
#           4.64159E+01  5.01187E+01  5.41170E+01  5.84341E+01  6.30957E+01
#           6.81292E+01  7.35642E+01  7.94328E+01  8.57696E+01  9.26119E+01
#           1.00000E+02  1.07978E+02  1.16591E+02  1.25893E+02  1.35936E+02
#           1.46780E+02  1.58489E+02  1.71133E+02  1.84785E+02  1.99526E+02
#           2.15443E+02  2.32631E+02  2.51189E+02  2.71227E+02  2.92864E+02
#           3.16228E+02  3.41455E+02  3.68695E+02  3.98107E+02  4.29866E+02
#           4.64159E+02  5.01187E+02  5.41170E+02  5.84341E+02  6.30957E+02
#           6.81292E+02  7.35642E+02  7.94328E+02  8.57696E+02  9.26119E+02
#           1.00000E+03  1.07978E+03  1.16591E+03  1.25893E+03  1.35936E+03
#           1.46780E+03  1.58489E+03  1.71133E+03  1.84785E+03  1.99526E+03
#           2.15443E+03  2.32631E+03  2.51189E+03  2.71227E+03  2.92864E+03
#           3.16228E+03  3.41455E+03  3.68695E+03  3.98107E+03  4.29866E+03
#           4.64159E+03  5.01187E+03  5.41170E+03  5.84341E+03  6.30957E+03
#           6.81292E+03  7.35642E+03  7.94328E+03  8.57696E+03  9.26119E+03
#           1.00000E+04
  se-unit =    2            # se-unit is [keV/um]
     unit =    8            # unit is z*d(z) [Gy]
    model =    1            # (D=0) Model type 0:old, 1:new
    cdiam = -1.000000       # (D=1.0) diameter of target sphere [um]
   letmat =   -5            # (D=0) mat ID for LET, 0:real mat, <0: electron for H2O
 material =  all            # (D=all) number of specific material
     axis =  sed            # axis of output
     file = ydy_PMMA.out    # file name of output for the above axis
     part =  all      
# kf/name :  0        
#    used :        main (  %)        temp (  %)       total (  %)
#  memory :         183 (  0)           0 (  0)         183 (  0)

#------------------------------------------------------------------------------
#newpage:
#   no. =  1   reg =      1

x: y [keV/um]  
y: y*d(y) [keV/um]               
p: xlog ylog afac(0.8) form(0.9)
h: n            x            y(all     ),hh0l n  
#  sed-lwr      sed-upr        all       r.err 
   1.0000E-02   1.0798E-02   1.7790E-05  0.0006
   1.0798E-02   1.1659E-02   2.0968E-05  0.0006
   1.1659E-02   1.2589E-02   2.4729E-05  0.0006
   1.2589E-02   1.3594E-02   2.9184E-05  0.0006
   1.3594E-02   1.4678E-02   3.4463E-05  0.0006
   1.4678E-02   1.5849E-02   4.0718E-05  0.0006
   1.5849E-02   1.7113E-02   4.8129E-05  0.0006
   1.7113E-02   1.8478E-02   5.6906E-05  0.0006
   1.8478E-02   1.9953E-02   6.7291E-05  0.0006
   1.9953E-02   2.1544E-02   7.9563E-05  0.0006
   2.1544E-02   2.3263E-02   9.4034E-05  0.0006
   2.3263E-02   2.5119E-02   1.1106E-04  0.0006
   2.5119E-02   2.7123E-02   1.3104E-04  0.0006
   2.7123E-02   2.9286E-02   1.5443E-04  0.0006
   2.9286E-02   3.1623E-02   1.8178E-04  0.0006
   3.1623E-02   3.4145E-02   2.1376E-04  0.0006
   3.4145E-02   3.6869E-02   2.5132E-04  0.0006
   3.6869E-02   3.9811E-02   2.9581E-04  0.0006
   3.9811E-02   4.2987E-02   3.4919E-04  0.0006
   4.2987E-02   4.6416E-02   4.1416E-04  0.0006
   4.6416E-02   5.0119E-02   4.9418E-04  0.0006
   5.0119E-02   5.4117E-02   5.9329E-04  0.0006
   5.4117E-02   5.8434E-02   7.1589E-04  0.0006
   5.8434E-02   6.3096E-02   8.6681E-04  0.0006
   6.3096E-02   6.8129E-02   1.0517E-03  0.0006
   6.8129E-02   7.3564E-02   1.2778E-03  0.0006
   7.3564E-02   7.9433E-02   1.5542E-03  0.0006
   7.9433E-02   8.5770E-02   1.8921E-03  0.0006
   8.5770E-02   9.2612E-02   2.3057E-03  0.0006
   9.2612E-02   1.0000E-01   2.8118E-03  0.0006
   1.0000E-01   1.0798E-01   3.4316E-03  0.0006
   1.0798E-01   1.1659E-01   4.1905E-03  0.0006
   1.1659E-01   1.2589E-01   5.1199E-03  0.0006
   1.2589E-01   1.3594E-01   6.2578E-03  0.0006
   1.3594E-01   1.4678E-01   7.6506E-03  0.0006
   1.4678E-01   1.5849E-01   9.3542E-03  0.0006
   1.5849E-01   1.7113E-01   1.1437E-02  0.0006
   1.7113E-01   1.8478E-01   1.3979E-02  0.0006
   1.8478E-01   1.9953E-01   1.7078E-02  0.0006
   1.9953E-01   2.1544E-01   2.0851E-02  0.0006
   2.1544E-01   2.3263E-01   2.5433E-02  0.0006
   2.3263E-01   2.5119E-01   3.0984E-02  0.0006
   2.5119E-01   2.7123E-01   3.7687E-02  0.0006
   2.7123E-01   2.9286E-01   4.5752E-02  0.0006
   2.9286E-01   3.1623E-01   5.5414E-02  0.0006
   3.1623E-01   3.4145E-01   6.6928E-02  0.0006
   3.4145E-01   3.6869E-01   8.0564E-02  0.0006
   3.6869E-01   3.9811E-01   9.6598E-02  0.0006
   3.9811E-01   4.2987E-01   1.1529E-01  0.0006
   4.2987E-01   4.6416E-01   1.3685E-01  0.0006
   4.6416E-01   5.0119E-01   1.6144E-01  0.0006
   5.0119E-01   5.4117E-01   1.8909E-01  0.0006
   5.4117E-01   5.8434E-01   2.1966E-01  0.0006
   5.8434E-01   6.3096E-01   2.5279E-01  0.0006
   6.3096E-01   6.8129E-01   2.8789E-01  0.0006
   6.8129E-01   7.3564E-01   3.2402E-01  0.0006
   7.3564E-01   7.9433E-01   3.6000E-01  0.0006
   7.9433E-01   8.5770E-01   3.9434E-01  0.0006
   8.5770E-01   9.2612E-01   4.2539E-01  0.0006
   9.2612E-01   1.0000E+00   4.5150E-01  0.0006
   1.0000E+00   1.0798E+00   4.7114E-01  0.0006
   1.0798E+00   1.1659E+00   4.8314E-01  0.0006
   1.1659E+00   1.2589E+00   4.8682E-01  0.0006
   1.2589E+00   1.3594E+00   4.8218E-01  0.0006
   1.3594E+00   1.4678E+00   4.6986E-01  0.0006
   1.4678E+00   1.5849E+00   4.5113E-01  0.0006
   1.5849E+00   1.7113E+00   4.2771E-01  0.0006
   1.7113E+00   1.8478E+00   4.0160E-01  0.0006
   1.8478E+00   1.9953E+00   3.7482E-01  0.0006
   1.9953E+00   2.1544E+00   3.4920E-01  0.0006
   2.1544E+00   2.3263E+00   3.2618E-01  0.0006
   2.3263E+00   2.5119E+00   3.0668E-01  0.0006
   2.5119E+00   2.7123E+00   2.9111E-01  0.0006
   2.7123E+00   2.9286E+00   2.7931E-01  0.0006
   2.9286E+00   3.1623E+00   2.7076E-01  0.0006
   3.1623E+00   3.4145E+00   2.6461E-01  0.0006
   3.4145E+00   3.6869E+00   2.5988E-01  0.0006
   3.6869E+00   3.9811E+00   2.5561E-01  0.0006
   3.9811E+00   4.2987E+00   2.5088E-01  0.0006
   4.2987E+00   4.6416E+00   2.4494E-01  0.0006
   4.6416E+00   5.0119E+00   2.3724E-01  0.0006
   5.0119E+00   5.4117E+00   2.2740E-01  0.0006
   5.4117E+00   5.8434E+00   2.1527E-01  0.0006
   5.8434E+00   6.3096E+00   2.0087E-01  0.0007
   6.3096E+00   6.8129E+00   1.8442E-01  0.0007
   6.8129E+00   7.3564E+00   1.6631E-01  0.0007
   7.3564E+00   7.9433E+00   1.4708E-01  0.0007
   7.9433E+00   8.5770E+00   1.2735E-01  0.0008
   8.5770E+00   9.2612E+00   1.0777E-01  0.0009
   9.2612E+00   1.0000E+01   8.9009E-02  0.0010
   1.0000E+01   1.0798E+01   7.1628E-02  0.0012
   1.0798E+01   1.1659E+01   5.6087E-02  0.0014
   1.1659E+01   1.2589E+01   4.2685E-02  0.0018
   1.2589E+01   1.3594E+01   3.1557E-02  0.0025
   1.3594E+01   1.4678E+01   2.2672E-02  0.0035
   1.4678E+01   1.5849E+01   1.5863E-02  0.0051
   1.5849E+01   1.7113E+01   1.0862E-02  0.0076
   1.7113E+01   1.8478E+01   7.3481E-03  0.0115
   1.8478E+01   1.9953E+01   4.9876E-03  0.0175
   1.9953E+01   2.1544E+01   3.4711E-03  0.0259
   2.1544E+01   2.3263E+01   2.5327E-03  0.0365
   2.3263E+01   2.5119E+01   1.9646E-03  0.0480
   2.5119E+01   2.7123E+01   1.6223E-03  0.0593
   2.7123E+01   2.9286E+01   1.4191E-03  0.0698
   2.9286E+01   3.1623E+01   1.3061E-03  0.0791
   3.1623E+01   3.4145E+01   1.2528E-03  0.0867
   3.4145E+01   3.6869E+01   1.2339E-03  0.0925
   3.6869E+01   3.9811E+01   1.2357E-03  0.0963
   3.9811E+01   4.2987E+01   1.2354E-03  0.0995
   4.2987E+01   4.6416E+01   1.2431E-03  0.1043
   4.6416E+01   5.0119E+01   1.2787E-03  0.1102
   5.0119E+01   5.4117E+01   1.3371E-03  0.1153
   5.4117E+01   5.8434E+01   1.3992E-03  0.1190
   5.8434E+01   6.3096E+01   1.4757E-03  0.1241
   6.3096E+01   6.8129E+01   1.5608E-03  0.1277
   6.8129E+01   7.3564E+01   1.5486E-03  0.1301
   7.3564E+01   7.9433E+01   1.4479E-03  0.1373
   7.9433E+01   8.5770E+01   1.3607E-03  0.1501
   8.5770E+01   9.2612E+01   1.3202E-03  0.1642
   9.2612E+01   1.0000E+02   1.2843E-03  0.1775
   1.0000E+02   1.0798E+02   1.2053E-03  0.1892
   1.0798E+02   1.1659E+02   9.9462E-04  0.1957
   1.1659E+02   1.2589E+02   8.5169E-04  0.2158
   1.2589E+02   1.3594E+02   8.2889E-04  0.2373
   1.3594E+02   1.4678E+02   8.9854E-04  0.2547
   1.4678E+02   1.5849E+02   1.0042E-03  0.2592
   1.5849E+02   1.7113E+02   9.9708E-04  0.2516
   1.7113E+02   1.8478E+02   8.9031E-04  0.2644
   1.8478E+02   1.9953E+02   8.6105E-04  0.2951
   1.9953E+02   2.1544E+02   8.4658E-04  0.3118
   2.1544E+02   2.3263E+02   8.3217E-04  0.3284
   2.3263E+02   2.5119E+02   6.7486E-04  0.3310
   2.5119E+02   2.7123E+02   4.8704E-04  0.3530
   2.7123E+02   2.9286E+02   4.9449E-04  0.3996
   2.9286E+02   3.1623E+02   4.9826E-04  0.4052
   3.1623E+02   3.4145E+02   2.4485E-04  0.4215
   3.4145E+02   3.6869E+02   1.6524E-04  0.5682
   3.6869E+02   3.9811E+02   1.7683E-04  0.5990
   3.9811E+02   4.2987E+02   1.9462E-04  0.6531
   4.2987E+02   4.6416E+02   2.2871E-04  0.6944
   4.6416E+02   5.0119E+02   2.8237E-04  0.7001
   5.0119E+02   5.4117E+02   3.3325E-04  0.6859
   5.4117E+02   5.8434E+02   3.6390E-04  0.6522
   5.8434E+02   6.3096E+02   3.7088E-04  0.6071
   6.3096E+02   6.8129E+02   3.6342E-04  0.5825
   6.8129E+02   7.3564E+02   3.3438E-04  0.6489
   7.3564E+02   7.9433E+02   1.4215E-04  0.7041
   7.9433E+02   8.5770E+02   1.0101E-05  0.8747
   8.5770E+02   9.2612E+02   2.2268E-07  0.9683
   9.2612E+02   1.0000E+03   4.4081E-09  1.0000
   1.0000E+03   1.0798E+03   2.8750E-11  1.0000
   1.0798E+03   1.1659E+03   0.0000E+00  0.0000
   1.1659E+03   1.2589E+03   0.0000E+00  0.0000
   1.2589E+03   1.3594E+03   0.0000E+00  0.0000
   1.3594E+03   1.4678E+03   0.0000E+00  0.0000
   1.4678E+03   1.5849E+03   0.0000E+00  0.0000
   1.5849E+03   1.7113E+03   0.0000E+00  0.0000
   1.7113E+03   1.8478E+03   0.0000E+00  0.0000
   1.8478E+03   1.9953E+03   0.0000E+00  0.0000
   1.9953E+03   2.1544E+03   0.0000E+00  0.0000
   2.1544E+03   2.3263E+03   0.0000E+00  0.0000
   2.3263E+03   2.5119E+03   0.0000E+00  0.0000
   2.5119E+03   2.7123E+03   0.0000E+00  0.0000
   2.7123E+03   2.9286E+03   0.0000E+00  0.0000
   2.9286E+03   3.1623E+03   0.0000E+00  0.0000
   3.1623E+03   3.4145E+03   0.0000E+00  0.0000
   3.4145E+03   3.6869E+03   0.0000E+00  0.0000
   3.6869E+03   3.9811E+03   0.0000E+00  0.0000
   3.9811E+03   4.2987E+03   0.0000E+00  0.0000
   4.2987E+03   4.6416E+03   0.0000E+00  0.0000
   4.6416E+03   5.0119E+03   0.0000E+00  0.0000
   5.0119E+03   5.4117E+03   0.0000E+00  0.0000
   5.4117E+03   5.8434E+03   0.0000E+00  0.0000
   5.8434E+03   6.3096E+03   0.0000E+00  0.0000
   6.3096E+03   6.8129E+03   0.0000E+00  0.0000
   6.8129E+03   7.3564E+03   0.0000E+00  0.0000
   7.3564E+03   7.9433E+03   0.0000E+00  0.0000
   7.9433E+03   8.5770E+03   0.0000E+00  0.0000
   8.5770E+03   9.2612E+03   0.0000E+00  0.0000
   9.2612E+03   1.0000E+04   0.0000E+00  0.0000

#               Dose mean    3.8846E+00

'no. =  1,  reg  =      1'
msuc: {\huge microdosimetric_spectra_water_photon_PHITS}
msdr: {\it plotted by \ANGEL \version}
msdl: {\it calculated by \PHITS  3.33}
 
# Information for Restart Calculation
# This calculation was newly started
# istdev =  2 # 1:Batch variance, 2:History variance
# resc2  = 1.00000000000000000E+07 # Total source weight or Total source weight / maxcas
# resc3  = 1.00000000000000000E+07 # Total history number or Total batch number
# maxcas =     1000000 # History / Batch, only used for istdev=1
# bitrseed = 1000110000001000111111101100101001110101110010000011011101101000 # bit data of rseed
