[ T-Deposit ]
    title = depth-dose distribution
     mesh =  r-z            # mesh type is r-z scoring mesh
       x0 =   0.000000      # center x-position of r-z mesh
       y0 =   0.000000      # center y-position of r-z mesh
   r-type =    2            # r-mesh is linear given by rmin, rmax and nr
     rmin =   0.000000      # minimum value of r-mesh points
     rmax =   1.000000      # maximum value of r-mesh points
#    rdel =   1.000000      # mesh width of r-mesh points
       nr =      1          # number of r-mesh points
#    data = ( r(i), i = 1, nr + 1 )
#           0.00000E+00  1.00000E+00
   z-type =    2            # z-mesh is linear given by zmin, zmax and nz
     zmin =  -2.500000      # minimum value of z-mesh points
     zmax =   2.500000      # maximum value of z-mesh points
#    zdel =  5.0000000E-03  # mesh width of z-mesh points
       nz =   1000          # number of z-mesh points
#    data = ( z(i), i = 1, nz + 1 )
#          -2.50000E+00 -2.49500E+00 -2.49000E+00 -2.48500E+00 -2.48000E+00
#          -2.47500E+00 -2.47000E+00 -2.46500E+00 -2.46000E+00 -2.45500E+00
#          -2.45000E+00 -2.44500E+00 -2.44000E+00 -2.43500E+00 -2.43000E+00
#          -2.42500E+00 -2.42000E+00 -2.41500E+00 -2.41000E+00 -2.40500E+00
#          -2.40000E+00 -2.39500E+00 -2.39000E+00 -2.38500E+00 -2.38000E+00
#          -2.37500E+00 -2.37000E+00 -2.36500E+00 -2.36000E+00 -2.35500E+00
#          -2.35000E+00 -2.34500E+00 -2.34000E+00 -2.33500E+00 -2.33000E+00
#          -2.32500E+00 -2.32000E+00 -2.31500E+00 -2.31000E+00 -2.30500E+00
#          -2.30000E+00 -2.29500E+00 -2.29000E+00 -2.28500E+00 -2.28000E+00
#          -2.27500E+00 -2.27000E+00 -2.26500E+00 -2.26000E+00 -2.25500E+00
#          -2.25000E+00 -2.24500E+00 -2.24000E+00 -2.23500E+00 -2.23000E+00
#          -2.22500E+00 -2.22000E+00 -2.21500E+00 -2.21000E+00 -2.20500E+00
#          -2.20000E+00 -2.19500E+00 -2.19000E+00 -2.18500E+00 -2.18000E+00
#          -2.17500E+00 -2.17000E+00 -2.16500E+00 -2.16000E+00 -2.15500E+00
#          -2.15000E+00 -2.14500E+00 -2.14000E+00 -2.13500E+00 -2.13000E+00
#          -2.12500E+00 -2.12000E+00 -2.11500E+00 -2.11000E+00 -2.10500E+00
#          -2.10000E+00 -2.09500E+00 -2.09000E+00 -2.08500E+00 -2.08000E+00
#          -2.07500E+00 -2.07000E+00 -2.06500E+00 -2.06000E+00 -2.05500E+00
#          -2.05000E+00 -2.04500E+00 -2.04000E+00 -2.03500E+00 -2.03000E+00
#          -2.02500E+00 -2.02000E+00 -2.01500E+00 -2.01000E+00 -2.00500E+00
#          -2.00000E+00 -1.99500E+00 -1.99000E+00 -1.98500E+00 -1.98000E+00
#          -1.97500E+00 -1.97000E+00 -1.96500E+00 -1.96000E+00 -1.95500E+00
#          -1.95000E+00 -1.94500E+00 -1.94000E+00 -1.93500E+00 -1.93000E+00
#          -1.92500E+00 -1.92000E+00 -1.91500E+00 -1.91000E+00 -1.90500E+00
#          -1.90000E+00 -1.89500E+00 -1.89000E+00 -1.88500E+00 -1.88000E+00
#          -1.87500E+00 -1.87000E+00 -1.86500E+00 -1.86000E+00 -1.85500E+00
#          -1.85000E+00 -1.84500E+00 -1.84000E+00 -1.83500E+00 -1.83000E+00
#          -1.82500E+00 -1.82000E+00 -1.81500E+00 -1.81000E+00 -1.80500E+00
#          -1.80000E+00 -1.79500E+00 -1.79000E+00 -1.78500E+00 -1.78000E+00
#          -1.77500E+00 -1.77000E+00 -1.76500E+00 -1.76000E+00 -1.75500E+00
#          -1.75000E+00 -1.74500E+00 -1.74000E+00 -1.73500E+00 -1.73000E+00
#          -1.72500E+00 -1.72000E+00 -1.71500E+00 -1.71000E+00 -1.70500E+00
#          -1.70000E+00 -1.69500E+00 -1.69000E+00 -1.68500E+00 -1.68000E+00
#          -1.67500E+00 -1.67000E+00 -1.66500E+00 -1.66000E+00 -1.65500E+00
#          -1.65000E+00 -1.64500E+00 -1.64000E+00 -1.63500E+00 -1.63000E+00
#          -1.62500E+00 -1.62000E+00 -1.61500E+00 -1.61000E+00 -1.60500E+00
#          -1.60000E+00 -1.59500E+00 -1.59000E+00 -1.58500E+00 -1.58000E+00
#          -1.57500E+00 -1.57000E+00 -1.56500E+00 -1.56000E+00 -1.55500E+00
#          -1.55000E+00 -1.54500E+00 -1.54000E+00 -1.53500E+00 -1.53000E+00
#          -1.52500E+00 -1.52000E+00 -1.51500E+00 -1.51000E+00 -1.50500E+00
#          -1.50000E+00 -1.49500E+00 -1.49000E+00 -1.48500E+00 -1.48000E+00
#          -1.47500E+00 -1.47000E+00 -1.46500E+00 -1.46000E+00 -1.45500E+00
#          -1.45000E+00 -1.44500E+00 -1.44000E+00 -1.43500E+00 -1.43000E+00
#          -1.42500E+00 -1.42000E+00 -1.41500E+00 -1.41000E+00 -1.40500E+00
#          -1.40000E+00 -1.39500E+00 -1.39000E+00 -1.38500E+00 -1.38000E+00
#          -1.37500E+00 -1.37000E+00 -1.36500E+00 -1.36000E+00 -1.35500E+00
#          -1.35000E+00 -1.34500E+00 -1.34000E+00 -1.33500E+00 -1.33000E+00
#          -1.32500E+00 -1.32000E+00 -1.31500E+00 -1.31000E+00 -1.30500E+00
#          -1.30000E+00 -1.29500E+00 -1.29000E+00 -1.28500E+00 -1.28000E+00
#          -1.27500E+00 -1.27000E+00 -1.26500E+00 -1.26000E+00 -1.25500E+00
#          -1.25000E+00 -1.24500E+00 -1.24000E+00 -1.23500E+00 -1.23000E+00
#          -1.22500E+00 -1.22000E+00 -1.21500E+00 -1.21000E+00 -1.20500E+00
#          -1.20000E+00 -1.19500E+00 -1.19000E+00 -1.18500E+00 -1.18000E+00
#          -1.17500E+00 -1.17000E+00 -1.16500E+00 -1.16000E+00 -1.15500E+00
#          -1.15000E+00 -1.14500E+00 -1.14000E+00 -1.13500E+00 -1.13000E+00
#          -1.12500E+00 -1.12000E+00 -1.11500E+00 -1.11000E+00 -1.10500E+00
#          -1.10000E+00 -1.09500E+00 -1.09000E+00 -1.08500E+00 -1.08000E+00
#          -1.07500E+00 -1.07000E+00 -1.06500E+00 -1.06000E+00 -1.05500E+00
#          -1.05000E+00 -1.04500E+00 -1.04000E+00 -1.03500E+00 -1.03000E+00
#          -1.02500E+00 -1.02000E+00 -1.01500E+00 -1.01000E+00 -1.00500E+00
#          -1.00000E+00 -9.95000E-01 -9.90000E-01 -9.85000E-01 -9.80000E-01
#          -9.75000E-01 -9.70000E-01 -9.65000E-01 -9.60000E-01 -9.55000E-01
#          -9.50000E-01 -9.45000E-01 -9.40000E-01 -9.35000E-01 -9.30000E-01
#          -9.25000E-01 -9.20000E-01 -9.15000E-01 -9.10000E-01 -9.05000E-01
#          -9.00000E-01 -8.95000E-01 -8.90000E-01 -8.85000E-01 -8.80000E-01
#          -8.75000E-01 -8.70000E-01 -8.65000E-01 -8.60000E-01 -8.55000E-01
#          -8.50000E-01 -8.45000E-01 -8.40000E-01 -8.35000E-01 -8.30000E-01
#          -8.25000E-01 -8.20000E-01 -8.15000E-01 -8.10000E-01 -8.05000E-01
#          -8.00000E-01 -7.95000E-01 -7.90000E-01 -7.85000E-01 -7.80000E-01
#          -7.75000E-01 -7.70000E-01 -7.65000E-01 -7.60000E-01 -7.55000E-01
#          -7.50000E-01 -7.45000E-01 -7.40000E-01 -7.35000E-01 -7.30000E-01
#          -7.25000E-01 -7.20000E-01 -7.15000E-01 -7.10000E-01 -7.05000E-01
#          -7.00000E-01 -6.95000E-01 -6.90000E-01 -6.85000E-01 -6.80000E-01
#          -6.75000E-01 -6.70000E-01 -6.65000E-01 -6.60000E-01 -6.55000E-01
#          -6.50000E-01 -6.45000E-01 -6.40000E-01 -6.35000E-01 -6.30000E-01
#          -6.25000E-01 -6.20000E-01 -6.15000E-01 -6.10000E-01 -6.05000E-01
#          -6.00000E-01 -5.95000E-01 -5.90000E-01 -5.85000E-01 -5.80000E-01
#          -5.75000E-01 -5.70000E-01 -5.65000E-01 -5.60000E-01 -5.55000E-01
#          -5.50000E-01 -5.45000E-01 -5.40000E-01 -5.35000E-01 -5.30000E-01
#          -5.25000E-01 -5.20000E-01 -5.15000E-01 -5.10000E-01 -5.05000E-01
#          -5.00000E-01 -4.95000E-01 -4.90000E-01 -4.85000E-01 -4.80000E-01
#          -4.75000E-01 -4.70000E-01 -4.65000E-01 -4.60000E-01 -4.55000E-01
#          -4.50000E-01 -4.45000E-01 -4.40000E-01 -4.35000E-01 -4.30000E-01
#          -4.25000E-01 -4.20000E-01 -4.15000E-01 -4.10000E-01 -4.05000E-01
#          -4.00000E-01 -3.95000E-01 -3.90000E-01 -3.85000E-01 -3.80000E-01
#          -3.75000E-01 -3.70000E-01 -3.65000E-01 -3.60000E-01 -3.55000E-01
#          -3.50000E-01 -3.45000E-01 -3.40000E-01 -3.35000E-01 -3.30000E-01
#          -3.25000E-01 -3.20000E-01 -3.15000E-01 -3.10000E-01 -3.05000E-01
#          -3.00000E-01 -2.95000E-01 -2.90000E-01 -2.85000E-01 -2.80000E-01
#          -2.75000E-01 -2.70000E-01 -2.65000E-01 -2.60000E-01 -2.55000E-01
#          -2.50000E-01 -2.45000E-01 -2.40000E-01 -2.35000E-01 -2.30000E-01
#          -2.25000E-01 -2.20000E-01 -2.15000E-01 -2.10000E-01 -2.05000E-01
#          -2.00000E-01 -1.95000E-01 -1.90000E-01 -1.85000E-01 -1.80000E-01
#          -1.75000E-01 -1.70000E-01 -1.65000E-01 -1.60000E-01 -1.55000E-01
#          -1.50000E-01 -1.45000E-01 -1.40000E-01 -1.35000E-01 -1.30000E-01
#          -1.25000E-01 -1.20000E-01 -1.15000E-01 -1.10000E-01 -1.05000E-01
#          -1.00000E-01 -9.50000E-02 -9.00000E-02 -8.50000E-02 -8.00000E-02
#          -7.50000E-02 -7.00000E-02 -6.50000E-02 -6.00000E-02 -5.50000E-02
#          -5.00000E-02 -4.50000E-02 -4.00000E-02 -3.50000E-02 -3.00000E-02
#          -2.50000E-02 -2.00000E-02 -1.50000E-02 -1.00000E-02 -5.00000E-03
#           0.00000E+00  5.00000E-03  1.00000E-02  1.50000E-02  2.00000E-02
#           2.50000E-02  3.00000E-02  3.50000E-02  4.00000E-02  4.50000E-02
#           5.00000E-02  5.50000E-02  6.00000E-02  6.50000E-02  7.00000E-02
#           7.50000E-02  8.00000E-02  8.50000E-02  9.00000E-02  9.50000E-02
#           1.00000E-01  1.05000E-01  1.10000E-01  1.15000E-01  1.20000E-01
#           1.25000E-01  1.30000E-01  1.35000E-01  1.40000E-01  1.45000E-01
#           1.50000E-01  1.55000E-01  1.60000E-01  1.65000E-01  1.70000E-01
#           1.75000E-01  1.80000E-01  1.85000E-01  1.90000E-01  1.95000E-01
#           2.00000E-01  2.05000E-01  2.10000E-01  2.15000E-01  2.20000E-01
#           2.25000E-01  2.30000E-01  2.35000E-01  2.40000E-01  2.45000E-01
#           2.50000E-01  2.55000E-01  2.60000E-01  2.65000E-01  2.70000E-01
#           2.75000E-01  2.80000E-01  2.85000E-01  2.90000E-01  2.95000E-01
#           3.00000E-01  3.05000E-01  3.10000E-01  3.15000E-01  3.20000E-01
#           3.25000E-01  3.30000E-01  3.35000E-01  3.40000E-01  3.45000E-01
#           3.50000E-01  3.55000E-01  3.60000E-01  3.65000E-01  3.70000E-01
#           3.75000E-01  3.80000E-01  3.85000E-01  3.90000E-01  3.95000E-01
#           4.00000E-01  4.05000E-01  4.10000E-01  4.15000E-01  4.20000E-01
#           4.25000E-01  4.30000E-01  4.35000E-01  4.40000E-01  4.45000E-01
#           4.50000E-01  4.55000E-01  4.60000E-01  4.65000E-01  4.70000E-01
#           4.75000E-01  4.80000E-01  4.85000E-01  4.90000E-01  4.95000E-01
#           5.00000E-01  5.05000E-01  5.10000E-01  5.15000E-01  5.20000E-01
#           5.25000E-01  5.30000E-01  5.35000E-01  5.40000E-01  5.45000E-01
#           5.50000E-01  5.55000E-01  5.60000E-01  5.65000E-01  5.70000E-01
#           5.75000E-01  5.80000E-01  5.85000E-01  5.90000E-01  5.95000E-01
#           6.00000E-01  6.05000E-01  6.10000E-01  6.15000E-01  6.20000E-01
#           6.25000E-01  6.30000E-01  6.35000E-01  6.40000E-01  6.45000E-01
#           6.50000E-01  6.55000E-01  6.60000E-01  6.65000E-01  6.70000E-01
#           6.75000E-01  6.80000E-01  6.85000E-01  6.90000E-01  6.95000E-01
#           7.00000E-01  7.05000E-01  7.10000E-01  7.15000E-01  7.20000E-01
#           7.25000E-01  7.30000E-01  7.35000E-01  7.40000E-01  7.45000E-01
#           7.50000E-01  7.55000E-01  7.60000E-01  7.65000E-01  7.70000E-01
#           7.75000E-01  7.80000E-01  7.85000E-01  7.90000E-01  7.95000E-01
#           8.00000E-01  8.05000E-01  8.10000E-01  8.15000E-01  8.20000E-01
#           8.25000E-01  8.30000E-01  8.35000E-01  8.40000E-01  8.45000E-01
#           8.50000E-01  8.55000E-01  8.60000E-01  8.65000E-01  8.70000E-01
#           8.75000E-01  8.80000E-01  8.85000E-01  8.90000E-01  8.95000E-01
#           9.00000E-01  9.05000E-01  9.10000E-01  9.15000E-01  9.20000E-01
#           9.25000E-01  9.30000E-01  9.35000E-01  9.40000E-01  9.45000E-01
#           9.50000E-01  9.55000E-01  9.60000E-01  9.65000E-01  9.70000E-01
#           9.75000E-01  9.80000E-01  9.85000E-01  9.90000E-01  9.95000E-01
#           1.00000E+00  1.00500E+00  1.01000E+00  1.01500E+00  1.02000E+00
#           1.02500E+00  1.03000E+00  1.03500E+00  1.04000E+00  1.04500E+00
#           1.05000E+00  1.05500E+00  1.06000E+00  1.06500E+00  1.07000E+00
#           1.07500E+00  1.08000E+00  1.08500E+00  1.09000E+00  1.09500E+00
#           1.10000E+00  1.10500E+00  1.11000E+00  1.11500E+00  1.12000E+00
#           1.12500E+00  1.13000E+00  1.13500E+00  1.14000E+00  1.14500E+00
#           1.15000E+00  1.15500E+00  1.16000E+00  1.16500E+00  1.17000E+00
#           1.17500E+00  1.18000E+00  1.18500E+00  1.19000E+00  1.19500E+00
#           1.20000E+00  1.20500E+00  1.21000E+00  1.21500E+00  1.22000E+00
#           1.22500E+00  1.23000E+00  1.23500E+00  1.24000E+00  1.24500E+00
#           1.25000E+00  1.25500E+00  1.26000E+00  1.26500E+00  1.27000E+00
#           1.27500E+00  1.28000E+00  1.28500E+00  1.29000E+00  1.29500E+00
#           1.30000E+00  1.30500E+00  1.31000E+00  1.31500E+00  1.32000E+00
#           1.32500E+00  1.33000E+00  1.33500E+00  1.34000E+00  1.34500E+00
#           1.35000E+00  1.35500E+00  1.36000E+00  1.36500E+00  1.37000E+00
#           1.37500E+00  1.38000E+00  1.38500E+00  1.39000E+00  1.39500E+00
#           1.40000E+00  1.40500E+00  1.41000E+00  1.41500E+00  1.42000E+00
#           1.42500E+00  1.43000E+00  1.43500E+00  1.44000E+00  1.44500E+00
#           1.45000E+00  1.45500E+00  1.46000E+00  1.46500E+00  1.47000E+00
#           1.47500E+00  1.48000E+00  1.48500E+00  1.49000E+00  1.49500E+00
#           1.50000E+00  1.50500E+00  1.51000E+00  1.51500E+00  1.52000E+00
#           1.52500E+00  1.53000E+00  1.53500E+00  1.54000E+00  1.54500E+00
#           1.55000E+00  1.55500E+00  1.56000E+00  1.56500E+00  1.57000E+00
#           1.57500E+00  1.58000E+00  1.58500E+00  1.59000E+00  1.59500E+00
#           1.60000E+00  1.60500E+00  1.61000E+00  1.61500E+00  1.62000E+00
#           1.62500E+00  1.63000E+00  1.63500E+00  1.64000E+00  1.64500E+00
#           1.65000E+00  1.65500E+00  1.66000E+00  1.66500E+00  1.67000E+00
#           1.67500E+00  1.68000E+00  1.68500E+00  1.69000E+00  1.69500E+00
#           1.70000E+00  1.70500E+00  1.71000E+00  1.71500E+00  1.72000E+00
#           1.72500E+00  1.73000E+00  1.73500E+00  1.74000E+00  1.74500E+00
#           1.75000E+00  1.75500E+00  1.76000E+00  1.76500E+00  1.77000E+00
#           1.77500E+00  1.78000E+00  1.78500E+00  1.79000E+00  1.79500E+00
#           1.80000E+00  1.80500E+00  1.81000E+00  1.81500E+00  1.82000E+00
#           1.82500E+00  1.83000E+00  1.83500E+00  1.84000E+00  1.84500E+00
#           1.85000E+00  1.85500E+00  1.86000E+00  1.86500E+00  1.87000E+00
#           1.87500E+00  1.88000E+00  1.88500E+00  1.89000E+00  1.89500E+00
#           1.90000E+00  1.90500E+00  1.91000E+00  1.91500E+00  1.92000E+00
#           1.92500E+00  1.93000E+00  1.93500E+00  1.94000E+00  1.94500E+00
#           1.95000E+00  1.95500E+00  1.96000E+00  1.96500E+00  1.97000E+00
#           1.97500E+00  1.98000E+00  1.98500E+00  1.99000E+00  1.99500E+00
#           2.00000E+00  2.00500E+00  2.01000E+00  2.01500E+00  2.02000E+00
#           2.02500E+00  2.03000E+00  2.03500E+00  2.04000E+00  2.04500E+00
#           2.05000E+00  2.05500E+00  2.06000E+00  2.06500E+00  2.07000E+00
#           2.07500E+00  2.08000E+00  2.08500E+00  2.09000E+00  2.09500E+00
#           2.10000E+00  2.10500E+00  2.11000E+00  2.11500E+00  2.12000E+00
#           2.12500E+00  2.13000E+00  2.13500E+00  2.14000E+00  2.14500E+00
#           2.15000E+00  2.15500E+00  2.16000E+00  2.16500E+00  2.17000E+00
#           2.17500E+00  2.18000E+00  2.18500E+00  2.19000E+00  2.19500E+00
#           2.20000E+00  2.20500E+00  2.21000E+00  2.21500E+00  2.22000E+00
#           2.22500E+00  2.23000E+00  2.23500E+00  2.24000E+00  2.24500E+00
#           2.25000E+00  2.25500E+00  2.26000E+00  2.26500E+00  2.27000E+00
#           2.27500E+00  2.28000E+00  2.28500E+00  2.29000E+00  2.29500E+00
#           2.30000E+00  2.30500E+00  2.31000E+00  2.31500E+00  2.32000E+00
#           2.32500E+00  2.33000E+00  2.33500E+00  2.34000E+00  2.34500E+00
#           2.35000E+00  2.35500E+00  2.36000E+00  2.36500E+00  2.37000E+00
#           2.37500E+00  2.38000E+00  2.38500E+00  2.39000E+00  2.39500E+00
#           2.40000E+00  2.40500E+00  2.41000E+00  2.41500E+00  2.42000E+00
#           2.42500E+00  2.43000E+00  2.43500E+00  2.44000E+00  2.44500E+00
#           2.45000E+00  2.45500E+00  2.46000E+00  2.46500E+00  2.47000E+00
#           2.47500E+00  2.48000E+00  2.48500E+00  2.49000E+00  2.49500E+00
#           2.50000E+00
     unit =    2            # unit is [MeV/source)]
   letmat =    0            # (D=0) mat ID for LET, 0:real mat, <0: electron for H2O
  dedxfnc =    0            # (D=0) user defined multiplier, 0(no), 1, 2
 material =  all            # (D=all) number of specific material
   output =  dose           # total deposit energy
  deposit =    0            # (D=0) 0-> total deposit dist, 1-> each process
     axis =     z           # axis of output
     file = dose.out        # file name of output for the above axis
     part =  all      
# kf/name :  0        
   epsout =    1            # (D=0) generate eps file by ANGEL
#    used :        main (  %)        temp (  %)       total (  %)
#  memory :        1006 (  0)           0 (  0)        1006 (  0)

#------------------------------------------------------------------------------
#newpage:
#   no. =  1   ir  =  1
#   r = (   0.0000E+00  -   1.0000E+00  )

x: z [cm]
y: Dose [MeV/source]     
p: xlin ylog afac(0.8) form(0.9)
h: n            x            y(all     ),hh0l n 
#  z-lower      z-upper        all       r.err 
  -2.5000E+00  -2.4950E+00   1.5598E+00  0.0024
  -2.4950E+00  -2.4900E+00   1.5663E+00  0.0024
  -2.4900E+00  -2.4850E+00   1.5742E+00  0.0024
  -2.4850E+00  -2.4800E+00   1.5802E+00  0.0024
  -2.4800E+00  -2.4750E+00   1.5854E+00  0.0024
  -2.4750E+00  -2.4700E+00   1.5896E+00  0.0024
  -2.4700E+00  -2.4650E+00   1.5932E+00  0.0023
  -2.4650E+00  -2.4600E+00   1.5993E+00  0.0024
  -2.4600E+00  -2.4550E+00   1.6050E+00  0.0024
  -2.4550E+00  -2.4500E+00   1.6100E+00  0.0024
  -2.4500E+00  -2.4450E+00   1.6160E+00  0.0024
  -2.4450E+00  -2.4400E+00   1.6208E+00  0.0024
  -2.4400E+00  -2.4350E+00   1.6274E+00  0.0024
  -2.4350E+00  -2.4300E+00   1.6338E+00  0.0024
  -2.4300E+00  -2.4250E+00   1.6395E+00  0.0024
  -2.4250E+00  -2.4200E+00   1.6437E+00  0.0024
  -2.4200E+00  -2.4150E+00   1.6506E+00  0.0024
  -2.4150E+00  -2.4100E+00   1.6528E+00  0.0023
  -2.4100E+00  -2.4050E+00   1.6595E+00  0.0024
  -2.4050E+00  -2.4000E+00   1.6653E+00  0.0024
  -2.4000E+00  -2.3950E+00   1.6714E+00  0.0024
  -2.3950E+00  -2.3900E+00   1.6780E+00  0.0024
  -2.3900E+00  -2.3850E+00   1.6848E+00  0.0024
  -2.3850E+00  -2.3800E+00   1.6909E+00  0.0024
  -2.3800E+00  -2.3750E+00   1.6979E+00  0.0024
  -2.3750E+00  -2.3700E+00   1.7040E+00  0.0024
  -2.3700E+00  -2.3650E+00   1.7106E+00  0.0024
  -2.3650E+00  -2.3600E+00   1.7180E+00  0.0024
  -2.3600E+00  -2.3550E+00   1.7241E+00  0.0024
  -2.3550E+00  -2.3500E+00   1.7308E+00  0.0024
  -2.3500E+00  -2.3450E+00   1.7382E+00  0.0024
  -2.3450E+00  -2.3400E+00   1.7456E+00  0.0024
  -2.3400E+00  -2.3350E+00   1.7519E+00  0.0024
  -2.3350E+00  -2.3300E+00   1.7595E+00  0.0024
  -2.3300E+00  -2.3250E+00   1.7664E+00  0.0024
  -2.3250E+00  -2.3200E+00   1.7730E+00  0.0023
  -2.3200E+00  -2.3150E+00   1.7820E+00  0.0024
  -2.3150E+00  -2.3100E+00   1.7894E+00  0.0024
  -2.3100E+00  -2.3050E+00   1.7977E+00  0.0024
  -2.3050E+00  -2.3000E+00   1.8063E+00  0.0024
  -2.3000E+00  -2.2950E+00   1.8156E+00  0.0024
  -2.2950E+00  -2.2900E+00   1.8231E+00  0.0024
  -2.2900E+00  -2.2850E+00   1.8326E+00  0.0024
  -2.2850E+00  -2.2800E+00   1.8419E+00  0.0024
  -2.2800E+00  -2.2750E+00   1.8492E+00  0.0024
  -2.2750E+00  -2.2700E+00   1.8593E+00  0.0024
  -2.2700E+00  -2.2650E+00   1.8677E+00  0.0024
  -2.2650E+00  -2.2600E+00   1.8781E+00  0.0024
  -2.2600E+00  -2.2550E+00   1.8886E+00  0.0024
  -2.2550E+00  -2.2500E+00   1.8989E+00  0.0024
  -2.2500E+00  -2.2450E+00   1.9088E+00  0.0024
  -2.2450E+00  -2.2400E+00   1.9197E+00  0.0024
  -2.2400E+00  -2.2350E+00   1.9305E+00  0.0024
  -2.2350E+00  -2.2300E+00   1.9415E+00  0.0023
  -2.2300E+00  -2.2250E+00   1.9551E+00  0.0024
  -2.2250E+00  -2.2200E+00   1.9682E+00  0.0024
  -2.2200E+00  -2.2150E+00   1.9792E+00  0.0024
  -2.2150E+00  -2.2100E+00   1.9930E+00  0.0024
  -2.2100E+00  -2.2050E+00   2.0050E+00  0.0024
  -2.2050E+00  -2.2000E+00   2.0179E+00  0.0024
  -2.2000E+00  -2.1950E+00   2.0324E+00  0.0024
  -2.1950E+00  -2.1900E+00   2.0464E+00  0.0024
  -2.1900E+00  -2.1850E+00   2.0597E+00  0.0024
  -2.1850E+00  -2.1800E+00   2.0752E+00  0.0024
  -2.1800E+00  -2.1750E+00   2.0917E+00  0.0024
  -2.1750E+00  -2.1700E+00   2.1066E+00  0.0024
  -2.1700E+00  -2.1650E+00   2.1220E+00  0.0024
  -2.1650E+00  -2.1600E+00   2.1397E+00  0.0024
  -2.1600E+00  -2.1550E+00   2.1578E+00  0.0024
  -2.1550E+00  -2.1500E+00   2.1760E+00  0.0024
  -2.1500E+00  -2.1450E+00   2.1941E+00  0.0024
  -2.1450E+00  -2.1400E+00   2.2148E+00  0.0024
  -2.1400E+00  -2.1350E+00   2.2355E+00  0.0024
  -2.1350E+00  -2.1300E+00   2.2570E+00  0.0024
  -2.1300E+00  -2.1250E+00   2.2793E+00  0.0024
  -2.1250E+00  -2.1200E+00   2.3025E+00  0.0024
  -2.1200E+00  -2.1150E+00   2.3272E+00  0.0024
  -2.1150E+00  -2.1100E+00   2.3512E+00  0.0024
  -2.1100E+00  -2.1050E+00   2.3775E+00  0.0024
  -2.1050E+00  -2.1000E+00   2.4058E+00  0.0024
  -2.1000E+00  -2.0950E+00   2.4329E+00  0.0024
  -2.0950E+00  -2.0900E+00   2.4638E+00  0.0024
  -2.0900E+00  -2.0850E+00   2.4939E+00  0.0024
  -2.0850E+00  -2.0800E+00   2.5270E+00  0.0024
  -2.0800E+00  -2.0750E+00   2.5618E+00  0.0024
  -2.0750E+00  -2.0700E+00   2.5994E+00  0.0024
  -2.0700E+00  -2.0650E+00   2.6374E+00  0.0024
  -2.0650E+00  -2.0600E+00   2.6790E+00  0.0024
  -2.0600E+00  -2.0550E+00   2.7239E+00  0.0024
  -2.0550E+00  -2.0500E+00   2.7701E+00  0.0024
  -2.0500E+00  -2.0450E+00   2.8204E+00  0.0024
  -2.0450E+00  -2.0400E+00   2.8727E+00  0.0024
  -2.0400E+00  -2.0350E+00   2.9309E+00  0.0024
  -2.0350E+00  -2.0300E+00   2.9934E+00  0.0024
  -2.0300E+00  -2.0250E+00   3.0615E+00  0.0024
  -2.0250E+00  -2.0200E+00   3.1345E+00  0.0024
  -2.0200E+00  -2.0150E+00   3.2140E+00  0.0024
  -2.0150E+00  -2.0100E+00   3.3026E+00  0.0024
  -2.0100E+00  -2.0050E+00   3.4005E+00  0.0024
  -2.0050E+00  -2.0000E+00   3.5097E+00  0.0024
  -2.0000E+00  -1.9950E+00   3.6326E+00  0.0024
  -1.9950E+00  -1.9900E+00   3.7716E+00  0.0024
  -1.9900E+00  -1.9850E+00   3.9338E+00  0.0024
  -1.9850E+00  -1.9800E+00   4.1236E+00  0.0024
  -1.9800E+00  -1.9750E+00   4.3547E+00  0.0024
  -1.9750E+00  -1.9700E+00   4.6412E+00  0.0024
  -1.9700E+00  -1.9650E+00   5.0102E+00  0.0024
  -1.9650E+00  -1.9600E+00   5.5025E+00  0.0024
  -1.9600E+00  -1.9550E+00   6.2105E+00  0.0024
  -1.9550E+00  -1.9500E+00   7.3581E+00  0.0024
  -1.9500E+00  -1.9450E+00   9.7624E+00  0.0024
  -1.9450E+00  -1.9400E+00   1.0204E+01  0.0024
  -1.9400E+00  -1.9350E+00   4.1788E-02  0.0117
  -1.9350E+00  -1.9300E+00   4.1292E-02  0.0120
  -1.9300E+00  -1.9250E+00   4.0611E-02  0.0124
  -1.9250E+00  -1.9200E+00   3.9557E-02  0.0122
  -1.9200E+00  -1.9150E+00   3.9063E-02  0.0125
  -1.9150E+00  -1.9100E+00   3.8474E-02  0.0124
  -1.9100E+00  -1.9050E+00   3.8107E-02  0.0125
  -1.9050E+00  -1.9000E+00   3.7677E-02  0.0125
  -1.9000E+00  -1.8950E+00   3.7245E-02  0.0131
  -1.8950E+00  -1.8900E+00   3.6371E-02  0.0125
  -1.8900E+00  -1.8850E+00   3.5772E-02  0.0125
  -1.8850E+00  -1.8800E+00   3.5270E-02  0.0124
  -1.8800E+00  -1.8750E+00   3.5071E-02  0.0128
  -1.8750E+00  -1.8700E+00   3.4514E-02  0.0125
  -1.8700E+00  -1.8650E+00   3.4069E-02  0.0127
  -1.8650E+00  -1.8600E+00   3.4009E-02  0.0134
  -1.8600E+00  -1.8550E+00   3.3326E-02  0.0125
  -1.8550E+00  -1.8500E+00   3.3055E-02  0.0129
  -1.8500E+00  -1.8450E+00   3.2442E-02  0.0126
  -1.8450E+00  -1.8400E+00   3.1821E-02  0.0127
  -1.8400E+00  -1.8350E+00   3.1233E-02  0.0124
  -1.8350E+00  -1.8300E+00   3.1128E-02  0.0127
  -1.8300E+00  -1.8250E+00   3.0815E-02  0.0127
  -1.8250E+00  -1.8200E+00   3.0469E-02  0.0128
  -1.8200E+00  -1.8150E+00   3.0101E-02  0.0129
  -1.8150E+00  -1.8100E+00   2.9683E-02  0.0127
  -1.8100E+00  -1.8050E+00   2.9389E-02  0.0128
  -1.8050E+00  -1.8000E+00   2.9079E-02  0.0126
  -1.8000E+00  -1.7950E+00   2.8642E-02  0.0125
  -1.7950E+00  -1.7900E+00   2.8221E-02  0.0123
  -1.7900E+00  -1.7850E+00   2.7930E-02  0.0124
  -1.7850E+00  -1.7800E+00   2.7694E-02  0.0125
  -1.7800E+00  -1.7750E+00   2.7567E-02  0.0128
  -1.7750E+00  -1.7700E+00   2.7549E-02  0.0140
  -1.7700E+00  -1.7650E+00   2.7142E-02  0.0128
  -1.7650E+00  -1.7600E+00   2.7210E-02  0.0133
  -1.7600E+00  -1.7550E+00   2.6947E-02  0.0132
  -1.7550E+00  -1.7500E+00   2.6569E-02  0.0131
  -1.7500E+00  -1.7450E+00   2.6249E-02  0.0131
  -1.7450E+00  -1.7400E+00   2.6010E-02  0.0133
  -1.7400E+00  -1.7350E+00   2.5816E-02  0.0133
  -1.7350E+00  -1.7300E+00   2.5227E-02  0.0131
  -1.7300E+00  -1.7250E+00   2.5004E-02  0.0133
  -1.7250E+00  -1.7200E+00   2.4985E-02  0.0132
  -1.7200E+00  -1.7150E+00   2.4991E-02  0.0149
  -1.7150E+00  -1.7100E+00   2.4951E-02  0.0150
  -1.7100E+00  -1.7050E+00   2.4626E-02  0.0138
  -1.7050E+00  -1.7000E+00   2.4496E-02  0.0141
  -1.7000E+00  -1.6950E+00   2.4203E-02  0.0139
  -1.6950E+00  -1.6900E+00   2.4036E-02  0.0140
  -1.6900E+00  -1.6850E+00   2.3543E-02  0.0138
  -1.6850E+00  -1.6800E+00   2.3154E-02  0.0138
  -1.6800E+00  -1.6750E+00   2.2873E-02  0.0139
  -1.6750E+00  -1.6700E+00   2.2733E-02  0.0140
  -1.6700E+00  -1.6650E+00   2.2775E-02  0.0143
  -1.6650E+00  -1.6600E+00   2.2616E-02  0.0143
  -1.6600E+00  -1.6550E+00   2.2295E-02  0.0140
  -1.6550E+00  -1.6500E+00   2.1923E-02  0.0138
  -1.6500E+00  -1.6450E+00   2.1897E-02  0.0141
  -1.6450E+00  -1.6400E+00   2.1647E-02  0.0139
  -1.6400E+00  -1.6350E+00   2.1609E-02  0.0142
  -1.6350E+00  -1.6300E+00   2.1300E-02  0.0141
  -1.6300E+00  -1.6250E+00   2.1220E-02  0.0143
  -1.6250E+00  -1.6200E+00   2.1197E-02  0.0146
  -1.6200E+00  -1.6150E+00   2.0953E-02  0.0146
  -1.6150E+00  -1.6100E+00   2.0673E-02  0.0146
  -1.6100E+00  -1.6050E+00   2.0643E-02  0.0149
  -1.6050E+00  -1.6000E+00   2.0143E-02  0.0143
  -1.6000E+00  -1.5950E+00   1.9920E-02  0.0145
  -1.5950E+00  -1.5900E+00   1.9946E-02  0.0146
  -1.5900E+00  -1.5850E+00   1.9839E-02  0.0147
  -1.5850E+00  -1.5800E+00   1.9727E-02  0.0147
  -1.5800E+00  -1.5750E+00   1.9588E-02  0.0152
  -1.5750E+00  -1.5700E+00   1.9487E-02  0.0152
  -1.5700E+00  -1.5650E+00   1.9330E-02  0.0158
  -1.5650E+00  -1.5600E+00   1.8908E-02  0.0152
  -1.5600E+00  -1.5550E+00   1.9158E-02  0.0164
  -1.5550E+00  -1.5500E+00   1.8653E-02  0.0154
  -1.5500E+00  -1.5450E+00   1.8583E-02  0.0156
  -1.5450E+00  -1.5400E+00   1.8453E-02  0.0156
  -1.5400E+00  -1.5350E+00   1.8328E-02  0.0154
  -1.5350E+00  -1.5300E+00   1.7955E-02  0.0151
  -1.5300E+00  -1.5250E+00   1.7793E-02  0.0153
  -1.5250E+00  -1.5200E+00   1.7689E-02  0.0153
  -1.5200E+00  -1.5150E+00   1.7564E-02  0.0157
  -1.5150E+00  -1.5100E+00   1.7414E-02  0.0157
  -1.5100E+00  -1.5050E+00   1.7304E-02  0.0161
  -1.5050E+00  -1.5000E+00   1.7208E-02  0.0169
  -1.5000E+00  -1.4950E+00   1.6984E-02  0.0157
  -1.4950E+00  -1.4900E+00   1.6874E-02  0.0158
  -1.4900E+00  -1.4850E+00   1.6614E-02  0.0157
  -1.4850E+00  -1.4800E+00   1.6489E-02  0.0158
  -1.4800E+00  -1.4750E+00   1.6418E-02  0.0160
  -1.4750E+00  -1.4700E+00   1.6173E-02  0.0159
  -1.4700E+00  -1.4650E+00   1.6163E-02  0.0163
  -1.4650E+00  -1.4600E+00   1.5987E-02  0.0160
  -1.4600E+00  -1.4550E+00   1.5898E-02  0.0163
  -1.4550E+00  -1.4500E+00   1.5818E-02  0.0165
  -1.4500E+00  -1.4450E+00   1.5611E-02  0.0166
  -1.4450E+00  -1.4400E+00   1.5355E-02  0.0164
  -1.4400E+00  -1.4350E+00   1.5166E-02  0.0164
  -1.4350E+00  -1.4300E+00   1.4993E-02  0.0163
  -1.4300E+00  -1.4250E+00   1.4916E-02  0.0165
  -1.4250E+00  -1.4200E+00   1.4761E-02  0.0165
  -1.4200E+00  -1.4150E+00   1.4693E-02  0.0169
  -1.4150E+00  -1.4100E+00   1.4542E-02  0.0191
  -1.4100E+00  -1.4050E+00   1.4332E-02  0.0166
  -1.4050E+00  -1.4000E+00   1.4357E-02  0.0167
  -1.4000E+00  -1.3950E+00   1.4190E-02  0.0167
  -1.3950E+00  -1.3900E+00   1.4174E-02  0.0169
  -1.3900E+00  -1.3850E+00   1.4116E-02  0.0171
  -1.3850E+00  -1.3800E+00   1.4078E-02  0.0177
  -1.3800E+00  -1.3750E+00   1.3891E-02  0.0173
  -1.3750E+00  -1.3700E+00   1.3620E-02  0.0174
  -1.3700E+00  -1.3650E+00   1.3424E-02  0.0171
  -1.3650E+00  -1.3600E+00   1.3401E-02  0.0175
  -1.3600E+00  -1.3550E+00   1.3293E-02  0.0175
  -1.3550E+00  -1.3500E+00   1.3145E-02  0.0176
  -1.3500E+00  -1.3450E+00   1.3165E-02  0.0180
  -1.3450E+00  -1.3400E+00   1.2932E-02  0.0177
  -1.3400E+00  -1.3350E+00   1.2684E-02  0.0177
  -1.3350E+00  -1.3300E+00   1.2588E-02  0.0178
  -1.3300E+00  -1.3250E+00   1.2487E-02  0.0177
  -1.3250E+00  -1.3200E+00   1.2492E-02  0.0181
  -1.3200E+00  -1.3150E+00   1.2297E-02  0.0180
  -1.3150E+00  -1.3100E+00   1.2368E-02  0.0184
  -1.3100E+00  -1.3050E+00   1.2157E-02  0.0180
  -1.3050E+00  -1.3000E+00   1.1957E-02  0.0183
  -1.3000E+00  -1.2950E+00   1.1834E-02  0.0182
  -1.2950E+00  -1.2900E+00   1.1593E-02  0.0182
  -1.2900E+00  -1.2850E+00   1.1567E-02  0.0186
  -1.2850E+00  -1.2800E+00   1.1380E-02  0.0185
  -1.2800E+00  -1.2750E+00   1.1288E-02  0.0189
  -1.2750E+00  -1.2700E+00   1.0997E-02  0.0182
  -1.2700E+00  -1.2650E+00   1.0920E-02  0.0185
  -1.2650E+00  -1.2600E+00   1.1049E-02  0.0226
  -1.2600E+00  -1.2550E+00   1.0818E-02  0.0186
  -1.2550E+00  -1.2500E+00   1.0723E-02  0.0186
  -1.2500E+00  -1.2450E+00   1.0724E-02  0.0191
  -1.2450E+00  -1.2400E+00   1.0589E-02  0.0188
  -1.2400E+00  -1.2350E+00   1.0377E-02  0.0186
  -1.2350E+00  -1.2300E+00   1.0273E-02  0.0187
  -1.2300E+00  -1.2250E+00   1.0272E-02  0.0190
  -1.2250E+00  -1.2200E+00   1.0166E-02  0.0191
  -1.2200E+00  -1.2150E+00   9.9937E-03  0.0188
  -1.2150E+00  -1.2100E+00   1.0002E-02  0.0190
  -1.2100E+00  -1.2050E+00   9.9477E-03  0.0193
  -1.2050E+00  -1.2000E+00   9.8008E-03  0.0192
  -1.2000E+00  -1.1950E+00   9.9184E-03  0.0199
  -1.1950E+00  -1.1900E+00   9.7272E-03  0.0194
  -1.1900E+00  -1.1850E+00   9.6648E-03  0.0198
  -1.1850E+00  -1.1800E+00   9.5159E-03  0.0196
  -1.1800E+00  -1.1750E+00   9.4954E-03  0.0198
  -1.1750E+00  -1.1700E+00   9.2936E-03  0.0194
  -1.1700E+00  -1.1650E+00   9.2675E-03  0.0196
  -1.1650E+00  -1.1600E+00   9.3507E-03  0.0208
  -1.1600E+00  -1.1550E+00   9.2884E-03  0.0208
  -1.1550E+00  -1.1500E+00   9.0748E-03  0.0203
  -1.1500E+00  -1.1450E+00   8.9544E-03  0.0208
  -1.1450E+00  -1.1400E+00   8.7057E-03  0.0205
  -1.1400E+00  -1.1350E+00   8.7444E-03  0.0209
  -1.1350E+00  -1.1300E+00   8.5883E-03  0.0211
  -1.1300E+00  -1.1250E+00   8.3700E-03  0.0210
  -1.1250E+00  -1.1200E+00   8.3256E-03  0.0211
  -1.1200E+00  -1.1150E+00   8.2936E-03  0.0213
  -1.1150E+00  -1.1100E+00   8.1254E-03  0.0218
  -1.1100E+00  -1.1050E+00   8.0733E-03  0.0215
  -1.1050E+00  -1.1000E+00   7.8692E-03  0.0223
  -1.1000E+00  -1.0950E+00   7.6922E-03  0.0209
  -1.0950E+00  -1.0900E+00   7.6322E-03  0.0210
  -1.0900E+00  -1.0850E+00   7.5977E-03  0.0212
  -1.0850E+00  -1.0800E+00   7.5929E-03  0.0211
  -1.0800E+00  -1.0750E+00   7.3581E-03  0.0208
  -1.0750E+00  -1.0700E+00   7.3168E-03  0.0209
  -1.0700E+00  -1.0650E+00   7.3158E-03  0.0214
  -1.0650E+00  -1.0600E+00   7.3287E-03  0.0221
  -1.0600E+00  -1.0550E+00   7.2170E-03  0.0225
  -1.0550E+00  -1.0500E+00   7.0437E-03  0.0215
  -1.0500E+00  -1.0450E+00   6.9437E-03  0.0212
  -1.0450E+00  -1.0400E+00   7.0086E-03  0.0222
  -1.0400E+00  -1.0350E+00   6.9793E-03  0.0230
  -1.0350E+00  -1.0300E+00   6.8086E-03  0.0221
  -1.0300E+00  -1.0250E+00   6.7232E-03  0.0221
  -1.0250E+00  -1.0200E+00   6.5563E-03  0.0223
  -1.0200E+00  -1.0150E+00   6.4422E-03  0.0219
  -1.0150E+00  -1.0100E+00   6.4988E-03  0.0231
  -1.0100E+00  -1.0050E+00   6.3350E-03  0.0216
  -1.0050E+00  -1.0000E+00   6.2599E-03  0.0218
  -1.0000E+00  -9.9500E-01   6.1779E-03  0.0216
  -9.9500E-01  -9.9000E-01   6.1888E-03  0.0216
  -9.9000E-01  -9.8500E-01   6.0880E-03  0.0219
  -9.8500E-01  -9.8000E-01   6.0265E-03  0.0215
  -9.8000E-01  -9.7500E-01   6.0771E-03  0.0226
  -9.7500E-01  -9.7000E-01   6.0181E-03  0.0226
  -9.7000E-01  -9.6500E-01   6.0768E-03  0.0230
  -9.6500E-01  -9.6000E-01   5.8429E-03  0.0220
  -9.6000E-01  -9.5500E-01   5.7524E-03  0.0218
  -9.5500E-01  -9.5000E-01   5.8763E-03  0.0238
  -9.5000E-01  -9.4500E-01   5.7830E-03  0.0232
  -9.4500E-01  -9.4000E-01   5.7295E-03  0.0237
  -9.4000E-01  -9.3500E-01   5.4799E-03  0.0225
  -9.3500E-01  -9.3000E-01   5.3111E-03  0.0220
  -9.3000E-01  -9.2500E-01   5.3596E-03  0.0229
  -9.2500E-01  -9.2000E-01   5.3771E-03  0.0244
  -9.2000E-01  -9.1500E-01   5.3106E-03  0.0238
  -9.1500E-01  -9.1000E-01   5.2655E-03  0.0237
  -9.1000E-01  -9.0500E-01   5.2039E-03  0.0243
  -9.0500E-01  -9.0000E-01   5.2721E-03  0.0242
  -9.0000E-01  -8.9500E-01   5.2582E-03  0.0245
  -8.9500E-01  -8.9000E-01   5.1310E-03  0.0235
  -8.9000E-01  -8.8500E-01   5.0479E-03  0.0233
  -8.8500E-01  -8.8000E-01   5.0026E-03  0.0229
  -8.8000E-01  -8.7500E-01   4.9405E-03  0.0234
  -8.7500E-01  -8.7000E-01   4.9662E-03  0.0243
  -8.7000E-01  -8.6500E-01   4.8223E-03  0.0247
  -8.6500E-01  -8.6000E-01   4.6321E-03  0.0228
  -8.6000E-01  -8.5500E-01   4.7368E-03  0.0249
  -8.5500E-01  -8.5000E-01   4.6617E-03  0.0238
  -8.5000E-01  -8.4500E-01   4.6555E-03  0.0239
  -8.4500E-01  -8.4000E-01   4.6440E-03  0.0244
  -8.4000E-01  -8.3500E-01   4.6192E-03  0.0245
  -8.3500E-01  -8.3000E-01   4.5725E-03  0.0256
  -8.3000E-01  -8.2500E-01   4.4738E-03  0.0242
  -8.2500E-01  -8.2000E-01   4.5142E-03  0.0247
  -8.2000E-01  -8.1500E-01   4.3522E-03  0.0234
  -8.1500E-01  -8.1000E-01   4.4160E-03  0.0252
  -8.1000E-01  -8.0500E-01   4.5386E-03  0.0269
  -8.0500E-01  -8.0000E-01   4.3330E-03  0.0246
  -8.0000E-01  -7.9500E-01   4.2519E-03  0.0247
  -7.9500E-01  -7.9000E-01   4.1581E-03  0.0250
  -7.9000E-01  -7.8500E-01   4.1988E-03  0.0278
  -7.8500E-01  -7.8000E-01   4.1257E-03  0.0270
  -7.8000E-01  -7.7500E-01   4.0575E-03  0.0253
  -7.7500E-01  -7.7000E-01   3.9434E-03  0.0250
  -7.7000E-01  -7.6500E-01   3.8943E-03  0.0245
  -7.6500E-01  -7.6000E-01   3.9258E-03  0.0253
  -7.6000E-01  -7.5500E-01   3.8547E-03  0.0246
  -7.5500E-01  -7.5000E-01   3.8865E-03  0.0259
  -7.5000E-01  -7.4500E-01   3.8159E-03  0.0249
  -7.4500E-01  -7.4000E-01   3.8550E-03  0.0261
  -7.4000E-01  -7.3500E-01   3.6586E-03  0.0242
  -7.3500E-01  -7.3000E-01   3.6237E-03  0.0247
  -7.3000E-01  -7.2500E-01   3.6196E-03  0.0253
  -7.2500E-01  -7.2000E-01   3.5737E-03  0.0251
  -7.2000E-01  -7.1500E-01   3.5223E-03  0.0261
  -7.1500E-01  -7.1000E-01   3.4951E-03  0.0269
  -7.1000E-01  -7.0500E-01   3.4387E-03  0.0240
  -7.0500E-01  -7.0000E-01   3.4476E-03  0.0245
  -7.0000E-01  -6.9500E-01   3.4322E-03  0.0245
  -6.9500E-01  -6.9000E-01   3.4162E-03  0.0248
  -6.9000E-01  -6.8500E-01   3.5018E-03  0.0269
  -6.8500E-01  -6.8000E-01   3.4506E-03  0.0267
  -6.8000E-01  -6.7500E-01   3.4736E-03  0.0276
  -6.7500E-01  -6.7000E-01   3.3277E-03  0.0256
  -6.7000E-01  -6.6500E-01   3.2687E-03  0.0257
  -6.6500E-01  -6.6000E-01   3.3669E-03  0.0294
  -6.6000E-01  -6.5500E-01   3.2687E-03  0.0272
  -6.5500E-01  -6.5000E-01   3.1478E-03  0.0259
  -6.5000E-01  -6.4500E-01   3.1390E-03  0.0274
  -6.4500E-01  -6.4000E-01   3.0623E-03  0.0259
  -6.4000E-01  -6.3500E-01   3.0604E-03  0.0257
  -6.3500E-01  -6.3000E-01   3.0205E-03  0.0254
  -6.3000E-01  -6.2500E-01   2.9668E-03  0.0255
  -6.2500E-01  -6.2000E-01   3.0065E-03  0.0264
  -6.2000E-01  -6.1500E-01   2.9782E-03  0.0270
  -6.1500E-01  -6.1000E-01   2.9214E-03  0.0280
  -6.1000E-01  -6.0500E-01   2.8054E-03  0.0249
  -6.0500E-01  -6.0000E-01   2.8073E-03  0.0252
  -6.0000E-01  -5.9500E-01   2.8028E-03  0.0255
  -5.9500E-01  -5.9000E-01   2.8453E-03  0.0271
  -5.9000E-01  -5.8500E-01   2.8642E-03  0.0296
  -5.8500E-01  -5.8000E-01   2.8856E-03  0.0331
  -5.8000E-01  -5.7500E-01   2.7587E-03  0.0273
  -5.7500E-01  -5.7000E-01   2.7359E-03  0.0268
  -5.7000E-01  -5.6500E-01   2.6895E-03  0.0260
  -5.6500E-01  -5.6000E-01   2.7065E-03  0.0269
  -5.6000E-01  -5.5500E-01   2.6431E-03  0.0263
  -5.5500E-01  -5.5000E-01   2.6166E-03  0.0260
  -5.5000E-01  -5.4500E-01   2.6270E-03  0.0273
  -5.4500E-01  -5.4000E-01   2.5478E-03  0.0261
  -5.4000E-01  -5.3500E-01   2.5959E-03  0.0291
  -5.3500E-01  -5.3000E-01   2.6199E-03  0.0276
  -5.3000E-01  -5.2500E-01   2.5595E-03  0.0266
  -5.2500E-01  -5.2000E-01   2.5756E-03  0.0277
  -5.2000E-01  -5.1500E-01   2.5930E-03  0.0316
  -5.1500E-01  -5.1000E-01   2.5495E-03  0.0317
  -5.1000E-01  -5.0500E-01   2.4783E-03  0.0293
  -5.0500E-01  -5.0000E-01   2.4042E-03  0.0268
  -5.0000E-01  -4.9500E-01   2.4063E-03  0.0286
  -4.9500E-01  -4.9000E-01   2.4219E-03  0.0305
  -4.9000E-01  -4.8500E-01   2.4405E-03  0.0304
  -4.8500E-01  -4.8000E-01   2.3719E-03  0.0274
  -4.8000E-01  -4.7500E-01   2.4217E-03  0.0306
  -4.7500E-01  -4.7000E-01   2.4531E-03  0.0324
  -4.7000E-01  -4.6500E-01   2.3885E-03  0.0321
  -4.6500E-01  -4.6000E-01   2.4722E-03  0.0611
  -4.6000E-01  -4.5500E-01   2.3106E-03  0.0312
  -4.5500E-01  -4.5000E-01   2.2229E-03  0.0289
  -4.5000E-01  -4.4500E-01   2.2853E-03  0.0296
  -4.4500E-01  -4.4000E-01   2.2898E-03  0.0314
  -4.4000E-01  -4.3500E-01   2.2492E-03  0.0276
  -4.3500E-01  -4.3000E-01   2.2713E-03  0.0305
  -4.3000E-01  -4.2500E-01   2.2110E-03  0.0277
  -4.2500E-01  -4.2000E-01   2.2696E-03  0.0339
  -4.2000E-01  -4.1500E-01   2.2035E-03  0.0285
  -4.1500E-01  -4.1000E-01   2.1672E-03  0.0274
  -4.1000E-01  -4.0500E-01   2.2582E-03  0.0321
  -4.0500E-01  -4.0000E-01   2.2607E-03  0.0309
  -4.0000E-01  -3.9500E-01   2.2032E-03  0.0289
  -3.9500E-01  -3.9000E-01   2.1414E-03  0.0276
  -3.9000E-01  -3.8500E-01   2.0614E-03  0.0278
  -3.8500E-01  -3.8000E-01   2.0722E-03  0.0299
  -3.8000E-01  -3.7500E-01   2.0788E-03  0.0286
  -3.7500E-01  -3.7000E-01   2.0662E-03  0.0313
  -3.7000E-01  -3.6500E-01   2.0289E-03  0.0275
  -3.6500E-01  -3.6000E-01   2.0108E-03  0.0273
  -3.6000E-01  -3.5500E-01   2.0305E-03  0.0306
  -3.5500E-01  -3.5000E-01   2.0481E-03  0.0379
  -3.5000E-01  -3.4500E-01   2.0716E-03  0.0359
  -3.4500E-01  -3.4000E-01   2.0571E-03  0.0300
  -3.4000E-01  -3.3500E-01   2.0906E-03  0.0323
  -3.3500E-01  -3.3000E-01   2.0386E-03  0.0309
  -3.3000E-01  -3.2500E-01   1.9159E-03  0.0279
  -3.2500E-01  -3.2000E-01   1.9286E-03  0.0288
  -3.2000E-01  -3.1500E-01   1.9481E-03  0.0296
  -3.1500E-01  -3.1000E-01   1.9534E-03  0.0319
  -3.1000E-01  -3.0500E-01   1.9540E-03  0.0384
  -3.0500E-01  -3.0000E-01   1.9362E-03  0.0350
  -3.0000E-01  -2.9500E-01   1.8790E-03  0.0320
  -2.9500E-01  -2.9000E-01   1.9350E-03  0.0339
  -2.9000E-01  -2.8500E-01   1.9084E-03  0.0337
  -2.8500E-01  -2.8000E-01   1.8393E-03  0.0319
  -2.8000E-01  -2.7500E-01   1.8403E-03  0.0355
  -2.7500E-01  -2.7000E-01   1.8013E-03  0.0316
  -2.7000E-01  -2.6500E-01   1.8142E-03  0.0349
  -2.6500E-01  -2.6000E-01   1.7679E-03  0.0312
  -2.6000E-01  -2.5500E-01   1.8035E-03  0.0392
  -2.5500E-01  -2.5000E-01   1.7734E-03  0.0355
  -2.5000E-01  -2.4500E-01   1.7324E-03  0.0322
  -2.4500E-01  -2.4000E-01   1.7083E-03  0.0306
  -2.4000E-01  -2.3500E-01   1.7428E-03  0.0318
  -2.3500E-01  -2.3000E-01   1.7075E-03  0.0292
  -2.3000E-01  -2.2500E-01   1.7272E-03  0.0317
  -2.2500E-01  -2.2000E-01   1.7341E-03  0.0359
  -2.2000E-01  -2.1500E-01   1.7058E-03  0.0353
  -2.1500E-01  -2.1000E-01   1.6864E-03  0.0350
  -2.1000E-01  -2.0500E-01   1.7331E-03  0.0340
  -2.0500E-01  -2.0000E-01   1.7217E-03  0.0317
  -2.0000E-01  -1.9500E-01   1.7554E-03  0.0362
  -1.9500E-01  -1.9000E-01   1.6924E-03  0.0325
  -1.9000E-01  -1.8500E-01   1.6997E-03  0.0365
  -1.8500E-01  -1.8000E-01   1.6751E-03  0.0384
  -1.8000E-01  -1.7500E-01   1.6771E-03  0.0328
  -1.7500E-01  -1.7000E-01   1.6751E-03  0.0339
  -1.7000E-01  -1.6500E-01   1.6292E-03  0.0309
  -1.6500E-01  -1.6000E-01   1.6502E-03  0.0309
  -1.6000E-01  -1.5500E-01   1.6368E-03  0.0316
  -1.5500E-01  -1.5000E-01   1.6226E-03  0.0310
  -1.5000E-01  -1.4500E-01   1.6703E-03  0.0345
  -1.4500E-01  -1.4000E-01   1.6896E-03  0.0332
  -1.4000E-01  -1.3500E-01   1.6676E-03  0.0319
  -1.3500E-01  -1.3000E-01   1.6248E-03  0.0322
  -1.3000E-01  -1.2500E-01   1.5842E-03  0.0311
  -1.2500E-01  -1.2000E-01   1.6022E-03  0.0331
  -1.2000E-01  -1.1500E-01   1.6387E-03  0.0354
  -1.1500E-01  -1.1000E-01   1.6321E-03  0.0346
  -1.1000E-01  -1.0500E-01   1.6043E-03  0.0332
  -1.0500E-01  -1.0000E-01   1.6258E-03  0.0345
  -1.0000E-01  -9.5000E-02   1.5667E-03  0.0333
  -9.5000E-02  -9.0000E-02   1.5484E-03  0.0326
  -9.0000E-02  -8.5000E-02   1.5295E-03  0.0317
  -8.5000E-02  -8.0000E-02   1.5469E-03  0.0353
  -8.0000E-02  -7.5000E-02   1.4916E-03  0.0375
  -7.5000E-02  -7.0000E-02   1.4941E-03  0.0335
  -7.0000E-02  -6.5000E-02   1.5112E-03  0.0315
  -6.5000E-02  -6.0000E-02   1.4969E-03  0.0371
  -6.0000E-02  -5.5000E-02   1.5005E-03  0.0371
  -5.5000E-02  -5.0000E-02   1.4827E-03  0.0347
  -5.0000E-02  -4.5000E-02   1.4741E-03  0.0352
  -4.5000E-02  -4.0000E-02   1.5190E-03  0.0437
  -4.0000E-02  -3.5000E-02   1.4660E-03  0.0367
  -3.5000E-02  -3.0000E-02   1.4553E-03  0.0324
  -3.0000E-02  -2.5000E-02   1.4384E-03  0.0325
  -2.5000E-02  -2.0000E-02   1.4007E-03  0.0307
  -2.0000E-02  -1.5000E-02   1.4084E-03  0.0361
  -1.5000E-02  -1.0000E-02   1.4495E-03  0.0359
  -1.0000E-02  -5.0000E-03   1.3736E-03  0.0343
  -5.0000E-03   0.0000E+00   1.3606E-03  0.0347
   0.0000E+00   5.0000E-03   1.3598E-03  0.0389
   5.0000E-03   1.0000E-02   1.2962E-03  0.0306
   1.0000E-02   1.5000E-02   1.3065E-03  0.0321
   1.5000E-02   2.0000E-02   1.3325E-03  0.0347
   2.0000E-02   2.5000E-02   1.3882E-03  0.0424
   2.5000E-02   3.0000E-02   1.3994E-03  0.0486
   3.0000E-02   3.5000E-02   1.3417E-03  0.0396
   3.5000E-02   4.0000E-02   1.3357E-03  0.0360
   4.0000E-02   4.5000E-02   1.3683E-03  0.0387
   4.5000E-02   5.0000E-02   1.3155E-03  0.0339
   5.0000E-02   5.5000E-02   1.3507E-03  0.0453
   5.5000E-02   6.0000E-02   1.3466E-03  0.0435
   6.0000E-02   6.5000E-02   1.2940E-03  0.0343
   6.5000E-02   7.0000E-02   1.3071E-03  0.0441
   7.0000E-02   7.5000E-02   1.2859E-03  0.0353
   7.5000E-02   8.0000E-02   1.3354E-03  0.0399
   8.0000E-02   8.5000E-02   1.3155E-03  0.0375
   8.5000E-02   9.0000E-02   1.2991E-03  0.0387
   9.0000E-02   9.5000E-02   1.2623E-03  0.0350
   9.5000E-02   1.0000E-01   1.2366E-03  0.0358
   1.0000E-01   1.0500E-01   1.2481E-03  0.0387
   1.0500E-01   1.1000E-01   1.2025E-03  0.0359
   1.1000E-01   1.1500E-01   1.2109E-03  0.0372
   1.1500E-01   1.2000E-01   1.2454E-03  0.0412
   1.2000E-01   1.2500E-01   1.2015E-03  0.0370
   1.2500E-01   1.3000E-01   1.2252E-03  0.0398
   1.3000E-01   1.3500E-01   1.2257E-03  0.0374
   1.3500E-01   1.4000E-01   1.2870E-03  0.0472
   1.4000E-01   1.4500E-01   1.2502E-03  0.0408
   1.4500E-01   1.5000E-01   1.2493E-03  0.0458
   1.5000E-01   1.5500E-01   1.1777E-03  0.0412
   1.5500E-01   1.6000E-01   1.1610E-03  0.0359
   1.6000E-01   1.6500E-01   1.1966E-03  0.0384
   1.6500E-01   1.7000E-01   1.1513E-03  0.0362
   1.7000E-01   1.7500E-01   1.1310E-03  0.0329
   1.7500E-01   1.8000E-01   1.1351E-03  0.0349
   1.8000E-01   1.8500E-01   1.1649E-03  0.0409
   1.8500E-01   1.9000E-01   1.1497E-03  0.0390
   1.9000E-01   1.9500E-01   1.1825E-03  0.0377
   1.9500E-01   2.0000E-01   1.1909E-03  0.0376
   2.0000E-01   2.0500E-01   1.1947E-03  0.0411
   2.0500E-01   2.1000E-01   1.2317E-03  0.0485
   2.1000E-01   2.1500E-01   1.2552E-03  0.0545
   2.1500E-01   2.2000E-01   1.2471E-03  0.0478
   2.2000E-01   2.2500E-01   1.1455E-03  0.0370
   2.2500E-01   2.3000E-01   1.1207E-03  0.0357
   2.3000E-01   2.3500E-01   1.1453E-03  0.0409
   2.3500E-01   2.4000E-01   1.0805E-03  0.0339
   2.4000E-01   2.4500E-01   1.1513E-03  0.0519
   2.4500E-01   2.5000E-01   1.1376E-03  0.0415
   2.5000E-01   2.5500E-01   1.0703E-03  0.0349
   2.5500E-01   2.6000E-01   1.0905E-03  0.0388
   2.6000E-01   2.6500E-01   1.1023E-03  0.0420
   2.6500E-01   2.7000E-01   1.0841E-03  0.0377
   2.7000E-01   2.7500E-01   1.1111E-03  0.0428
   2.7500E-01   2.8000E-01   1.1121E-03  0.0459
   2.8000E-01   2.8500E-01   1.0845E-03  0.0384
   2.8500E-01   2.9000E-01   1.0906E-03  0.0397
   2.9000E-01   2.9500E-01   1.0747E-03  0.0417
   2.9500E-01   3.0000E-01   1.0842E-03  0.0477
   3.0000E-01   3.0500E-01   1.0422E-03  0.0370
   3.0500E-01   3.1000E-01   1.0375E-03  0.0372
   3.1000E-01   3.1500E-01   1.0574E-03  0.0430
   3.1500E-01   3.2000E-01   1.0528E-03  0.0431
   3.2000E-01   3.2500E-01   1.1065E-03  0.0423
   3.2500E-01   3.3000E-01   1.0893E-03  0.0470
   3.3000E-01   3.3500E-01   1.0764E-03  0.0442
   3.3500E-01   3.4000E-01   1.0668E-03  0.0451
   3.4000E-01   3.4500E-01   9.8662E-04  0.0388
   3.4500E-01   3.5000E-01   1.0164E-03  0.0449
   3.5000E-01   3.5500E-01   1.0101E-03  0.0432
   3.5500E-01   3.6000E-01   9.9965E-04  0.0439
   3.6000E-01   3.6500E-01   9.7435E-04  0.0411
   3.6500E-01   3.7000E-01   9.9529E-04  0.0426
   3.7000E-01   3.7500E-01   9.6570E-04  0.0368
   3.7500E-01   3.8000E-01   9.4945E-04  0.0371
   3.8000E-01   3.8500E-01   9.7430E-04  0.0439
   3.8500E-01   3.9000E-01   1.0450E-03  0.0561
   3.9000E-01   3.9500E-01   9.7983E-04  0.0423
   3.9500E-01   4.0000E-01   1.0145E-03  0.0601
   4.0000E-01   4.0500E-01   1.0063E-03  0.0441
   4.0500E-01   4.1000E-01   9.5577E-04  0.0389
   4.1000E-01   4.1500E-01   1.0291E-03  0.0465
   4.1500E-01   4.2000E-01   1.0187E-03  0.0414
   4.2000E-01   4.2500E-01   9.9930E-04  0.0395
   4.2500E-01   4.3000E-01   1.0254E-03  0.0453
   4.3000E-01   4.3500E-01   1.0043E-03  0.0412
   4.3500E-01   4.4000E-01   1.0169E-03  0.0412
   4.4000E-01   4.4500E-01   9.7723E-04  0.0398
   4.4500E-01   4.5000E-01   9.9953E-04  0.0434
   4.5000E-01   4.5500E-01   1.0530E-03  0.0498
   4.5500E-01   4.6000E-01   9.9825E-04  0.0434
   4.6000E-01   4.6500E-01   9.7919E-04  0.0421
   4.6500E-01   4.7000E-01   9.9883E-04  0.0399
   4.7000E-01   4.7500E-01   1.0158E-03  0.0460
   4.7500E-01   4.8000E-01   1.0100E-03  0.0427
   4.8000E-01   4.8500E-01   9.9505E-04  0.0434
   4.8500E-01   4.9000E-01   9.9620E-04  0.0430
   4.9000E-01   4.9500E-01   1.0389E-03  0.0503
   4.9500E-01   5.0000E-01   1.0206E-03  0.0480
   5.0000E-01   5.0500E-01   9.5992E-04  0.0475
   5.0500E-01   5.1000E-01   9.2931E-04  0.0433
   5.1000E-01   5.1500E-01   9.1298E-04  0.0453
   5.1500E-01   5.2000E-01   8.8513E-04  0.0432
   5.2000E-01   5.2500E-01   8.3682E-04  0.0432
   5.2500E-01   5.3000E-01   8.9529E-04  0.0509
   5.3000E-01   5.3500E-01   8.8715E-04  0.0423
   5.3500E-01   5.4000E-01   8.9804E-04  0.0484
   5.4000E-01   5.4500E-01   8.9041E-04  0.0457
   5.4500E-01   5.5000E-01   8.9693E-04  0.0472
   5.5000E-01   5.5500E-01   8.6301E-04  0.0437
   5.5500E-01   5.6000E-01   8.6945E-04  0.0484
   5.6000E-01   5.6500E-01   8.7582E-04  0.0480
   5.6500E-01   5.7000E-01   8.8059E-04  0.0487
   5.7000E-01   5.7500E-01   8.9077E-04  0.0490
   5.7500E-01   5.8000E-01   8.8128E-04  0.0494
   5.8000E-01   5.8500E-01   8.8787E-04  0.0481
   5.8500E-01   5.9000E-01   8.7566E-04  0.0507
   5.9000E-01   5.9500E-01   8.5349E-04  0.0498
   5.9500E-01   6.0000E-01   8.2291E-04  0.0408
   6.0000E-01   6.0500E-01   8.4621E-04  0.0417
   6.0500E-01   6.1000E-01   8.3635E-04  0.0438
   6.1000E-01   6.1500E-01   8.2868E-04  0.0419
   6.1500E-01   6.2000E-01   8.1620E-04  0.0439
   6.2000E-01   6.2500E-01   8.1890E-04  0.0502
   6.2500E-01   6.3000E-01   7.9582E-04  0.0393
   6.3000E-01   6.3500E-01   7.9595E-04  0.0410
   6.3500E-01   6.4000E-01   8.2552E-04  0.0430
   6.4000E-01   6.4500E-01   8.0863E-04  0.0442
   6.4500E-01   6.5000E-01   7.8711E-04  0.0429
   6.5000E-01   6.5500E-01   8.2177E-04  0.0552
   6.5500E-01   6.6000E-01   7.7860E-04  0.0472
   6.6000E-01   6.6500E-01   7.4095E-04  0.0446
   6.6500E-01   6.7000E-01   7.7566E-04  0.0465
   6.7000E-01   6.7500E-01   8.0528E-04  0.0516
   6.7500E-01   6.8000E-01   8.0798E-04  0.0561
   6.8000E-01   6.8500E-01   8.0047E-04  0.0455
   6.8500E-01   6.9000E-01   7.9728E-04  0.0473
   6.9000E-01   6.9500E-01   8.1626E-04  0.0486
   6.9500E-01   7.0000E-01   8.2538E-04  0.0496
   7.0000E-01   7.0500E-01   8.0829E-04  0.0551
   7.0500E-01   7.1000E-01   8.1065E-04  0.0520
   7.1000E-01   7.1500E-01   7.8822E-04  0.0532
   7.1500E-01   7.2000E-01   7.7358E-04  0.0468
   7.2000E-01   7.2500E-01   7.8993E-04  0.0533
   7.2500E-01   7.3000E-01   7.6782E-04  0.0439
   7.3000E-01   7.3500E-01   8.0886E-04  0.0656
   7.3500E-01   7.4000E-01   8.0623E-04  0.0556
   7.4000E-01   7.4500E-01   8.1081E-04  0.0504
   7.4500E-01   7.5000E-01   7.9590E-04  0.0473
   7.5000E-01   7.5500E-01   8.0790E-04  0.0638
   7.5500E-01   7.6000E-01   7.3792E-04  0.0501
   7.6000E-01   7.6500E-01   7.4398E-04  0.0450
   7.6500E-01   7.7000E-01   7.2657E-04  0.0463
   7.7000E-01   7.7500E-01   7.1819E-04  0.0497
   7.7500E-01   7.8000E-01   7.1877E-04  0.0456
   7.8000E-01   7.8500E-01   7.3534E-04  0.0523
   7.8500E-01   7.9000E-01   6.9799E-04  0.0480
   7.9000E-01   7.9500E-01   6.6905E-04  0.0466
   7.9500E-01   8.0000E-01   6.9701E-04  0.0733
   8.0000E-01   8.0500E-01   6.7758E-04  0.0478
   8.0500E-01   8.1000E-01   6.9563E-04  0.0496
   8.1000E-01   8.1500E-01   7.0086E-04  0.0476
   8.1500E-01   8.2000E-01   7.0666E-04  0.0558
   8.2000E-01   8.2500E-01   6.6543E-04  0.0464
   8.2500E-01   8.3000E-01   7.0766E-04  0.0512
   8.3000E-01   8.3500E-01   7.1248E-04  0.0520
   8.3500E-01   8.4000E-01   7.3974E-04  0.0696
   8.4000E-01   8.4500E-01   6.5798E-04  0.0448
   8.4500E-01   8.5000E-01   6.5224E-04  0.0484
   8.5000E-01   8.5500E-01   6.5135E-04  0.0471
   8.5500E-01   8.6000E-01   6.8381E-04  0.0511
   8.6000E-01   8.6500E-01   6.5480E-04  0.0488
   8.6500E-01   8.7000E-01   6.5692E-04  0.0544
   8.7000E-01   8.7500E-01   6.3212E-04  0.0458
   8.7500E-01   8.8000E-01   7.2956E-04  0.0881
   8.8000E-01   8.8500E-01   6.3295E-04  0.0484
   8.8500E-01   8.9000E-01   6.1992E-04  0.0489
   8.9000E-01   8.9500E-01   6.4249E-04  0.0540
   8.9500E-01   9.0000E-01   6.9464E-04  0.0660
   9.0000E-01   9.0500E-01   6.5018E-04  0.0560
   9.0500E-01   9.1000E-01   6.3169E-04  0.0529
   9.1000E-01   9.1500E-01   6.4430E-04  0.0592
   9.1500E-01   9.2000E-01   6.2275E-04  0.0504
   9.2000E-01   9.2500E-01   6.7604E-04  0.0647
   9.2500E-01   9.3000E-01   6.7010E-04  0.0569
   9.3000E-01   9.3500E-01   6.1142E-04  0.0492
   9.3500E-01   9.4000E-01   6.4186E-04  0.0515
   9.4000E-01   9.4500E-01   6.8792E-04  0.0814
   9.4500E-01   9.5000E-01   6.2694E-04  0.0504
   9.5000E-01   9.5500E-01   6.0706E-04  0.0484
   9.5500E-01   9.6000E-01   6.1588E-04  0.0520
   9.6000E-01   9.6500E-01   6.4374E-04  0.0544
   9.6500E-01   9.7000E-01   5.9851E-04  0.0511
   9.7000E-01   9.7500E-01   6.2577E-04  0.0554
   9.7500E-01   9.8000E-01   6.6957E-04  0.0587
   9.8000E-01   9.8500E-01   6.6225E-04  0.0544
   9.8500E-01   9.9000E-01   6.4673E-04  0.0667
   9.9000E-01   9.9500E-01   6.2237E-04  0.0574
   9.9500E-01   1.0000E+00   6.5325E-04  0.0698
   1.0000E+00   1.0050E+00   6.3019E-04  0.0567
   1.0050E+00   1.0100E+00   5.7733E-04  0.0513
   1.0100E+00   1.0150E+00   6.2886E-04  0.0743
   1.0150E+00   1.0200E+00   5.9224E-04  0.0483
   1.0200E+00   1.0250E+00   6.3620E-04  0.0673
   1.0250E+00   1.0300E+00   6.6941E-04  0.0659
   1.0300E+00   1.0350E+00   6.2307E-04  0.0606
   1.0350E+00   1.0400E+00   5.8286E-04  0.0533
   1.0400E+00   1.0450E+00   5.7570E-04  0.0492
   1.0450E+00   1.0500E+00   5.7743E-04  0.0490
   1.0500E+00   1.0550E+00   6.1552E-04  0.0627
   1.0550E+00   1.0600E+00   6.1577E-04  0.0592
   1.0600E+00   1.0650E+00   6.3454E-04  0.0654
   1.0650E+00   1.0700E+00   6.0570E-04  0.0673
   1.0700E+00   1.0750E+00   6.0311E-04  0.0544
   1.0750E+00   1.0800E+00   5.7449E-04  0.0517
   1.0800E+00   1.0850E+00   6.3751E-04  0.0878
   1.0850E+00   1.0900E+00   5.7240E-04  0.0497
   1.0900E+00   1.0950E+00   6.3002E-04  0.0636
   1.0950E+00   1.1000E+00   6.2307E-04  0.0543
   1.1000E+00   1.1050E+00   7.3219E-04  0.0796
   1.1050E+00   1.1100E+00   6.5600E-04  0.0604
   1.1100E+00   1.1150E+00   6.2657E-04  0.0604
   1.1150E+00   1.1200E+00   6.6310E-04  0.0657
   1.1200E+00   1.1250E+00   6.6424E-04  0.0867
   1.1250E+00   1.1300E+00   5.9524E-04  0.0619
   1.1300E+00   1.1350E+00   5.9904E-04  0.0746
   1.1350E+00   1.1400E+00   6.1606E-04  0.0586
   1.1400E+00   1.1450E+00   5.4450E-04  0.0519
   1.1450E+00   1.1500E+00   5.7634E-04  0.0590
   1.1500E+00   1.1550E+00   5.5672E-04  0.0558
   1.1550E+00   1.1600E+00   5.4294E-04  0.0574
   1.1600E+00   1.1650E+00   5.9982E-04  0.0648
   1.1650E+00   1.1700E+00   5.9088E-04  0.0662
   1.1700E+00   1.1750E+00   6.3427E-04  0.0783
   1.1750E+00   1.1800E+00   5.7108E-04  0.0620
   1.1800E+00   1.1850E+00   5.2005E-04  0.0532
   1.1850E+00   1.1900E+00   5.5940E-04  0.0707
   1.1900E+00   1.1950E+00   5.2247E-04  0.0546
   1.1950E+00   1.2000E+00   5.1556E-04  0.0560
   1.2000E+00   1.2050E+00   5.2861E-04  0.0580
   1.2050E+00   1.2100E+00   5.3107E-04  0.0658
   1.2100E+00   1.2150E+00   5.4231E-04  0.0776
   1.2150E+00   1.2200E+00   5.0817E-04  0.0637
   1.2200E+00   1.2250E+00   5.0807E-04  0.0686
   1.2250E+00   1.2300E+00   5.1347E-04  0.0748
   1.2300E+00   1.2350E+00   5.0367E-04  0.0659
   1.2350E+00   1.2400E+00   4.9732E-04  0.0546
   1.2400E+00   1.2450E+00   5.1945E-04  0.0698
   1.2450E+00   1.2500E+00   5.0542E-04  0.0628
   1.2500E+00   1.2550E+00   4.8949E-04  0.0590
   1.2550E+00   1.2600E+00   4.7984E-04  0.0561
   1.2600E+00   1.2650E+00   4.7451E-04  0.0560
   1.2650E+00   1.2700E+00   5.0551E-04  0.0731
   1.2700E+00   1.2750E+00   4.8235E-04  0.0553
   1.2750E+00   1.2800E+00   4.9860E-04  0.0684
   1.2800E+00   1.2850E+00   5.2146E-04  0.0719
   1.2850E+00   1.2900E+00   5.3147E-04  0.0809
   1.2900E+00   1.2950E+00   4.8889E-04  0.0589
   1.2950E+00   1.3000E+00   4.8870E-04  0.0530
   1.3000E+00   1.3050E+00   4.8359E-04  0.0543
   1.3050E+00   1.3100E+00   5.0012E-04  0.0623
   1.3100E+00   1.3150E+00   5.0767E-04  0.0734
   1.3150E+00   1.3200E+00   4.8638E-04  0.0684
   1.3200E+00   1.3250E+00   5.2592E-04  0.0782
   1.3250E+00   1.3300E+00   4.9393E-04  0.0545
   1.3300E+00   1.3350E+00   4.8467E-04  0.0528
   1.3350E+00   1.3400E+00   4.7741E-04  0.0555
   1.3400E+00   1.3450E+00   5.4305E-04  0.0764
   1.3450E+00   1.3500E+00   5.2886E-04  0.0636
   1.3500E+00   1.3550E+00   5.4812E-04  0.0756
   1.3550E+00   1.3600E+00   5.0199E-04  0.0681
   1.3600E+00   1.3650E+00   4.9568E-04  0.0674
   1.3650E+00   1.3700E+00   4.9658E-04  0.0859
   1.3700E+00   1.3750E+00   4.7558E-04  0.0705
   1.3750E+00   1.3800E+00   5.1787E-04  0.0682
   1.3800E+00   1.3850E+00   5.4836E-04  0.0875
   1.3850E+00   1.3900E+00   5.2832E-04  0.0607
   1.3900E+00   1.3950E+00   5.5123E-04  0.0961
   1.3950E+00   1.4000E+00   4.8959E-04  0.0571
   1.4000E+00   1.4050E+00   5.4684E-04  0.0799
   1.4050E+00   1.4100E+00   5.1089E-04  0.0631
   1.4100E+00   1.4150E+00   5.2456E-04  0.0644
   1.4150E+00   1.4200E+00   4.9958E-04  0.0637
   1.4200E+00   1.4250E+00   5.3936E-04  0.0737
   1.4250E+00   1.4300E+00   5.7675E-04  0.0962
   1.4300E+00   1.4350E+00   5.2290E-04  0.0751
   1.4350E+00   1.4400E+00   5.2806E-04  0.0764
   1.4400E+00   1.4450E+00   5.2156E-04  0.0711
   1.4450E+00   1.4500E+00   5.0102E-04  0.0618
   1.4500E+00   1.4550E+00   4.9297E-04  0.0666
   1.4550E+00   1.4600E+00   5.0334E-04  0.0786
   1.4600E+00   1.4650E+00   4.7648E-04  0.0699
   1.4650E+00   1.4700E+00   4.4866E-04  0.0565
   1.4700E+00   1.4750E+00   4.4429E-04  0.0566
   1.4750E+00   1.4800E+00   5.1463E-04  0.1083
   1.4800E+00   1.4850E+00   4.6894E-04  0.0657
   1.4850E+00   1.4900E+00   4.6285E-04  0.0806
   1.4900E+00   1.4950E+00   4.7211E-04  0.0699
   1.4950E+00   1.5000E+00   5.4112E-04  0.0844
   1.5000E+00   1.5050E+00   4.5157E-04  0.0662
   1.5050E+00   1.5100E+00   4.4746E-04  0.0618
   1.5100E+00   1.5150E+00   4.7467E-04  0.0733
   1.5150E+00   1.5200E+00   4.6951E-04  0.0775
   1.5200E+00   1.5250E+00   4.5725E-04  0.0809
   1.5250E+00   1.5300E+00   4.2061E-04  0.0717
   1.5300E+00   1.5350E+00   4.4954E-04  0.0678
   1.5350E+00   1.5400E+00   4.5018E-04  0.0626
   1.5400E+00   1.5450E+00   4.6407E-04  0.0682
   1.5450E+00   1.5500E+00   4.7500E-04  0.0817
   1.5500E+00   1.5550E+00   5.1438E-04  0.1109
   1.5550E+00   1.5600E+00   4.7376E-04  0.1098
   1.5600E+00   1.5650E+00   3.9795E-04  0.0612
   1.5650E+00   1.5700E+00   4.3101E-04  0.0705
   1.5700E+00   1.5750E+00   4.1471E-04  0.0620
   1.5750E+00   1.5800E+00   4.0355E-04  0.0606
   1.5800E+00   1.5850E+00   3.9737E-04  0.0651
   1.5850E+00   1.5900E+00   3.9998E-04  0.0657
   1.5900E+00   1.5950E+00   4.0202E-04  0.0707
   1.5950E+00   1.6000E+00   4.5954E-04  0.1246
   1.6000E+00   1.6050E+00   4.5388E-04  0.0886
   1.6050E+00   1.6100E+00   3.9386E-04  0.0629
   1.6100E+00   1.6150E+00   3.6965E-04  0.0619
   1.6150E+00   1.6200E+00   4.1922E-04  0.0849
   1.6200E+00   1.6250E+00   4.0995E-04  0.0877
   1.6250E+00   1.6300E+00   3.7950E-04  0.0703
   1.6300E+00   1.6350E+00   3.5748E-04  0.0712
   1.6350E+00   1.6400E+00   3.5092E-04  0.0683
   1.6400E+00   1.6450E+00   3.6979E-04  0.0695
   1.6450E+00   1.6500E+00   3.8621E-04  0.0825
   1.6500E+00   1.6550E+00   3.7956E-04  0.0710
   1.6550E+00   1.6600E+00   4.1016E-04  0.0744
   1.6600E+00   1.6650E+00   4.1943E-04  0.0848
   1.6650E+00   1.6700E+00   4.6600E-04  0.1022
   1.6700E+00   1.6750E+00   4.4422E-04  0.0893
   1.6750E+00   1.6800E+00   4.3740E-04  0.0879
   1.6800E+00   1.6850E+00   4.4710E-04  0.0938
   1.6850E+00   1.6900E+00   3.9483E-04  0.0737
   1.6900E+00   1.6950E+00   4.1536E-04  0.0793
   1.6950E+00   1.7000E+00   4.0530E-04  0.0768
   1.7000E+00   1.7050E+00   3.9155E-04  0.0730
   1.7050E+00   1.7100E+00   3.4803E-04  0.0719
   1.7100E+00   1.7150E+00   3.7438E-04  0.0820
   1.7150E+00   1.7200E+00   4.2210E-04  0.1025
   1.7200E+00   1.7250E+00   3.9662E-04  0.0813
   1.7250E+00   1.7300E+00   3.8538E-04  0.0706
   1.7300E+00   1.7350E+00   4.1445E-04  0.1063
   1.7350E+00   1.7400E+00   3.5833E-04  0.0818
   1.7400E+00   1.7450E+00   3.9589E-04  0.1343
   1.7450E+00   1.7500E+00   3.6087E-04  0.0863
   1.7500E+00   1.7550E+00   3.2880E-04  0.0735
   1.7550E+00   1.7600E+00   3.5276E-04  0.0770
   1.7600E+00   1.7650E+00   3.4128E-04  0.0712
   1.7650E+00   1.7700E+00   3.2438E-04  0.0644
   1.7700E+00   1.7750E+00   3.6694E-04  0.0877
   1.7750E+00   1.7800E+00   3.8643E-04  0.0692
   1.7800E+00   1.7850E+00   3.9277E-04  0.0732
   1.7850E+00   1.7900E+00   4.0042E-04  0.0884
   1.7900E+00   1.7950E+00   4.4186E-04  0.1022
   1.7950E+00   1.8000E+00   3.9103E-04  0.0740
   1.8000E+00   1.8050E+00   4.0466E-04  0.0793
   1.8050E+00   1.8100E+00   3.7669E-04  0.0735
   1.8100E+00   1.8150E+00   3.6330E-04  0.0713
   1.8150E+00   1.8200E+00   3.4591E-04  0.0779
   1.8200E+00   1.8250E+00   3.5843E-04  0.0799
   1.8250E+00   1.8300E+00   3.6634E-04  0.0652
   1.8300E+00   1.8350E+00   4.0346E-04  0.0812
   1.8350E+00   1.8400E+00   4.0673E-04  0.0761
   1.8400E+00   1.8450E+00   3.7963E-04  0.0761
   1.8450E+00   1.8500E+00   3.9181E-04  0.0868
   1.8500E+00   1.8550E+00   3.4586E-04  0.0639
   1.8550E+00   1.8600E+00   3.5776E-04  0.0641
   1.8600E+00   1.8650E+00   3.7189E-04  0.0661
   1.8650E+00   1.8700E+00   3.4808E-04  0.0671
   1.8700E+00   1.8750E+00   3.5908E-04  0.0700
   1.8750E+00   1.8800E+00   3.6709E-04  0.0810
   1.8800E+00   1.8850E+00   3.8970E-04  0.1144
   1.8850E+00   1.8900E+00   3.3575E-04  0.0689
   1.8900E+00   1.8950E+00   3.8495E-04  0.0881
   1.8950E+00   1.9000E+00   3.3468E-04  0.0814
   1.9000E+00   1.9050E+00   2.9928E-04  0.0643
   1.9050E+00   1.9100E+00   3.1136E-04  0.0590
   1.9100E+00   1.9150E+00   3.2875E-04  0.0646
   1.9150E+00   1.9200E+00   3.5969E-04  0.0687
   1.9200E+00   1.9250E+00   3.5651E-04  0.0670
   1.9250E+00   1.9300E+00   3.4507E-04  0.0737
   1.9300E+00   1.9350E+00   3.7441E-04  0.0939
   1.9350E+00   1.9400E+00   3.4808E-04  0.0775
   1.9400E+00   1.9450E+00   3.6344E-04  0.0789
   1.9450E+00   1.9500E+00   4.0559E-04  0.0903
   1.9500E+00   1.9550E+00   3.7966E-04  0.0767
   1.9550E+00   1.9600E+00   3.8876E-04  0.0927
   1.9600E+00   1.9650E+00   3.8186E-04  0.0975
   1.9650E+00   1.9700E+00   4.0446E-04  0.1251
   1.9700E+00   1.9750E+00   3.1891E-04  0.0677
   1.9750E+00   1.9800E+00   3.2126E-04  0.0689
   1.9800E+00   1.9850E+00   3.7723E-04  0.1270
   1.9850E+00   1.9900E+00   3.3642E-04  0.0985
   1.9900E+00   1.9950E+00   2.9411E-04  0.0653
   1.9950E+00   2.0000E+00   3.3436E-04  0.0876
   2.0000E+00   2.0050E+00   3.3242E-04  0.0689
   2.0050E+00   2.0100E+00   3.1900E-04  0.0684
   2.0100E+00   2.0150E+00   3.5443E-04  0.0786
   2.0150E+00   2.0200E+00   3.4591E-04  0.0693
   2.0200E+00   2.0250E+00   3.4597E-04  0.0806
   2.0250E+00   2.0300E+00   3.3727E-04  0.0907
   2.0300E+00   2.0350E+00   3.5193E-04  0.0810
   2.0350E+00   2.0400E+00   3.2402E-04  0.0785
   2.0400E+00   2.0450E+00   3.2914E-04  0.1060
   2.0450E+00   2.0500E+00   3.5535E-04  0.1063
   2.0500E+00   2.0550E+00   3.7072E-04  0.0979
   2.0550E+00   2.0600E+00   3.3116E-04  0.0954
   2.0600E+00   2.0650E+00   3.6398E-04  0.0976
   2.0650E+00   2.0700E+00   3.3487E-04  0.0793
   2.0700E+00   2.0750E+00   3.1956E-04  0.0774
   2.0750E+00   2.0800E+00   3.2593E-04  0.0753
   2.0800E+00   2.0850E+00   3.7227E-04  0.0927
   2.0850E+00   2.0900E+00   3.3806E-04  0.0827
   2.0900E+00   2.0950E+00   3.3984E-04  0.0761
   2.0950E+00   2.1000E+00   3.2735E-04  0.0753
   2.1000E+00   2.1050E+00   3.8103E-04  0.1331
   2.1050E+00   2.1100E+00   3.3538E-04  0.0846
   2.1100E+00   2.1150E+00   3.2953E-04  0.0916
   2.1150E+00   2.1200E+00   3.2673E-04  0.0765
   2.1200E+00   2.1250E+00   3.4252E-04  0.0781
   2.1250E+00   2.1300E+00   3.3651E-04  0.0828
   2.1300E+00   2.1350E+00   3.3341E-04  0.0954
   2.1350E+00   2.1400E+00   3.0334E-04  0.0827
   2.1400E+00   2.1450E+00   3.0807E-04  0.1015
   2.1450E+00   2.1500E+00   2.7801E-04  0.0915
   2.1500E+00   2.1550E+00   2.8100E-04  0.0845
   2.1550E+00   2.1600E+00   2.7768E-04  0.0997
   2.1600E+00   2.1650E+00   3.0876E-04  0.1226
   2.1650E+00   2.1700E+00   2.7635E-04  0.0921
   2.1700E+00   2.1750E+00   2.7126E-04  0.0987
   2.1750E+00   2.1800E+00   2.5591E-04  0.0835
   2.1800E+00   2.1850E+00   2.4844E-04  0.0806
   2.1850E+00   2.1900E+00   2.5704E-04  0.0893
   2.1900E+00   2.1950E+00   2.4991E-04  0.0876
   2.1950E+00   2.2000E+00   2.5676E-04  0.0918
   2.2000E+00   2.2050E+00   2.7923E-04  0.1117
   2.2050E+00   2.2100E+00   2.5153E-04  0.0898
   2.2100E+00   2.2150E+00   2.8947E-04  0.1189
   2.2150E+00   2.2200E+00   2.9237E-04  0.1151
   2.2200E+00   2.2250E+00   2.5535E-04  0.1180
   2.2250E+00   2.2300E+00   2.6146E-04  0.1168
   2.2300E+00   2.2350E+00   2.4143E-04  0.0986
   2.2350E+00   2.2400E+00   2.4151E-04  0.0913
   2.2400E+00   2.2450E+00   2.1682E-04  0.0785
   2.2450E+00   2.2500E+00   2.2711E-04  0.0855
   2.2500E+00   2.2550E+00   2.2363E-04  0.0824
   2.2550E+00   2.2600E+00   2.4328E-04  0.0881
   2.2600E+00   2.2650E+00   2.4569E-04  0.0982
   2.2650E+00   2.2700E+00   2.1556E-04  0.0810
   2.2700E+00   2.2750E+00   2.1443E-04  0.0804
   2.2750E+00   2.2800E+00   2.2150E-04  0.0751
   2.2800E+00   2.2850E+00   2.3561E-04  0.0836
   2.2850E+00   2.2900E+00   2.4085E-04  0.1034
   2.2900E+00   2.2950E+00   2.7786E-04  0.1057
   2.2950E+00   2.3000E+00   2.4967E-04  0.1090
   2.3000E+00   2.3050E+00   2.0659E-04  0.0880
   2.3050E+00   2.3100E+00   2.1763E-04  0.0902
   2.3100E+00   2.3150E+00   2.4579E-04  0.1725
   2.3150E+00   2.3200E+00   2.2881E-04  0.0895
   2.3200E+00   2.3250E+00   2.2092E-04  0.0834
   2.3250E+00   2.3300E+00   2.4202E-04  0.1074
   2.3300E+00   2.3350E+00   2.3482E-04  0.0910
   2.3350E+00   2.3400E+00   2.4072E-04  0.1261
   2.3400E+00   2.3450E+00   2.1130E-04  0.0944
   2.3450E+00   2.3500E+00   2.2627E-04  0.0954
   2.3500E+00   2.3550E+00   2.2581E-04  0.1109
   2.3550E+00   2.3600E+00   2.2363E-04  0.1295
   2.3600E+00   2.3650E+00   2.3328E-04  0.1116
   2.3650E+00   2.3700E+00   2.4452E-04  0.1271
   2.3700E+00   2.3750E+00   2.7044E-04  0.1521
   2.3750E+00   2.3800E+00   2.4227E-04  0.1468
   2.3800E+00   2.3850E+00   2.1333E-04  0.0961
   2.3850E+00   2.3900E+00   2.3758E-04  0.1337
   2.3900E+00   2.3950E+00   2.7138E-04  0.1735
   2.3950E+00   2.4000E+00   2.4188E-04  0.1208
   2.4000E+00   2.4050E+00   2.1469E-04  0.0872
   2.4050E+00   2.4100E+00   2.1879E-04  0.0988
   2.4100E+00   2.4150E+00   2.7098E-04  0.2056
   2.4150E+00   2.4200E+00   2.1074E-04  0.0885
   2.4200E+00   2.4250E+00   1.9954E-04  0.0934
   2.4250E+00   2.4300E+00   2.0042E-04  0.0930
   2.4300E+00   2.4350E+00   2.0716E-04  0.0901
   2.4350E+00   2.4400E+00   2.1939E-04  0.1328
   2.4400E+00   2.4450E+00   2.0477E-04  0.0902
   2.4450E+00   2.4500E+00   2.3178E-04  0.1127
   2.4500E+00   2.4550E+00   2.2948E-04  0.1422
   2.4550E+00   2.4600E+00   2.1325E-04  0.1350
   2.4600E+00   2.4650E+00   2.0402E-04  0.0945
   2.4650E+00   2.4700E+00   2.0013E-04  0.0896
   2.4700E+00   2.4750E+00   2.1384E-04  0.1021
   2.4750E+00   2.4800E+00   1.9452E-04  0.0996
   2.4800E+00   2.4850E+00   1.8146E-04  0.1075
   2.4850E+00   2.4900E+00   1.9509E-04  0.1200
   2.4900E+00   2.4950E+00   2.1478E-04  0.1319
   2.4950E+00   2.5000E+00   1.6082E-04  0.1042

#   sum over                 2.7907E+02

'no. =  1,  ir =  1'
msuc: {\huge depth-dose distribution}
msdr: {\it plotted by \ANGEL \version}
msdl: {\it calculated by \PHITS  3.32}
wt: s(0.7)
\vspace{-3}
  rmin  &=&   0.0000E+00 [cm]
  rmax  &=&   1.0000E+00 [cm]
e:
 
# Information for Restart Calculation
# This calculation was newly started
# istdev =  2 # 1:Batch variance, 2:History variance
# resc2  = 1.00000000000000000E+06 # Total source weight or Total source weight / maxcas
# resc3  = 1.00000000000000000E+06 # Total history number or Total batch number
# maxcas =      100000 # History / Batch, only used for istdev=1
# bitrseed = 0101101000001110011101111011110101001001010001111010111000101101 # bit data of rseed
