[ T-SED ]
    title = microdosimetric_spectra_water_photon_PHITS
     mesh =  reg            # mesh type is region-wise
      reg = 1
  se-type =    3            # se-mesh is log given by emin, emax and ne
     emin =  1.0000000E-02  # minimum value of e-mesh points
     emax =   10000.00      # maximum value of e-mesh points
#    edel =  7.6752836E-02  # mesh width of e-mesh points
       ne =  180            # number of e-mesh points
#    data = ( e(i), i = 1, ne + 1 )
#           1.00000E-02  1.07978E-02  1.16591E-02  1.25893E-02  1.35936E-02
#           1.46780E-02  1.58489E-02  1.71133E-02  1.84785E-02  1.99526E-02
#           2.15443E-02  2.32631E-02  2.51189E-02  2.71227E-02  2.92864E-02
#           3.16228E-02  3.41455E-02  3.68695E-02  3.98107E-02  4.29866E-02
#           4.64159E-02  5.01187E-02  5.41170E-02  5.84341E-02  6.30957E-02
#           6.81292E-02  7.35642E-02  7.94328E-02  8.57696E-02  9.26119E-02
#           1.00000E-01  1.07978E-01  1.16591E-01  1.25893E-01  1.35936E-01
#           1.46780E-01  1.58489E-01  1.71133E-01  1.84785E-01  1.99526E-01
#           2.15443E-01  2.32631E-01  2.51189E-01  2.71227E-01  2.92864E-01
#           3.16228E-01  3.41455E-01  3.68695E-01  3.98107E-01  4.29866E-01
#           4.64159E-01  5.01187E-01  5.41170E-01  5.84341E-01  6.30957E-01
#           6.81292E-01  7.35642E-01  7.94328E-01  8.57696E-01  9.26119E-01
#           1.00000E+00  1.07978E+00  1.16591E+00  1.25893E+00  1.35936E+00
#           1.46780E+00  1.58489E+00  1.71133E+00  1.84785E+00  1.99526E+00
#           2.15443E+00  2.32631E+00  2.51189E+00  2.71227E+00  2.92864E+00
#           3.16228E+00  3.41455E+00  3.68695E+00  3.98107E+00  4.29866E+00
#           4.64159E+00  5.01187E+00  5.41170E+00  5.84341E+00  6.30957E+00
#           6.81292E+00  7.35642E+00  7.94328E+00  8.57696E+00  9.26119E+00
#           1.00000E+01  1.07978E+01  1.16591E+01  1.25893E+01  1.35936E+01
#           1.46780E+01  1.58489E+01  1.71133E+01  1.84785E+01  1.99526E+01
#           2.15443E+01  2.32631E+01  2.51189E+01  2.71227E+01  2.92864E+01
#           3.16228E+01  3.41455E+01  3.68695E+01  3.98107E+01  4.29866E+01
#           4.64159E+01  5.01187E+01  5.41170E+01  5.84341E+01  6.30957E+01
#           6.81292E+01  7.35642E+01  7.94328E+01  8.57696E+01  9.26119E+01
#           1.00000E+02  1.07978E+02  1.16591E+02  1.25893E+02  1.35936E+02
#           1.46780E+02  1.58489E+02  1.71133E+02  1.84785E+02  1.99526E+02
#           2.15443E+02  2.32631E+02  2.51189E+02  2.71227E+02  2.92864E+02
#           3.16228E+02  3.41455E+02  3.68695E+02  3.98107E+02  4.29866E+02
#           4.64159E+02  5.01187E+02  5.41170E+02  5.84341E+02  6.30957E+02
#           6.81292E+02  7.35642E+02  7.94328E+02  8.57696E+02  9.26119E+02
#           1.00000E+03  1.07978E+03  1.16591E+03  1.25893E+03  1.35936E+03
#           1.46780E+03  1.58489E+03  1.71133E+03  1.84785E+03  1.99526E+03
#           2.15443E+03  2.32631E+03  2.51189E+03  2.71227E+03  2.92864E+03
#           3.16228E+03  3.41455E+03  3.68695E+03  3.98107E+03  4.29866E+03
#           4.64159E+03  5.01187E+03  5.41170E+03  5.84341E+03  6.30957E+03
#           6.81292E+03  7.35642E+03  7.94328E+03  8.57696E+03  9.26119E+03
#           1.00000E+04
  se-unit =    2            # se-unit is [keV/um]
     unit =    8            # unit is z*d(z) [Gy]
    model =    1            # (D=0) Model type 0:old, 1:new
    cdiam = -1.000000       # (D=1.0) diameter of target sphere [um]
   letmat =   -5            # (D=0) mat ID for LET, 0:real mat, <0: electron for H2O
 material =  all            # (D=all) number of specific material
     axis =  sed            # axis of output
     file = ydy_PMMA.out    # file name of output for the above axis
     part =  all      
# kf/name :  0        
#    used :        main (  %)        temp (  %)       total (  %)
#  memory :         183 (  0)           0 (  0)         183 (  0)

#------------------------------------------------------------------------------
#newpage:
#   no. =  1   reg =      1

x: y [keV/um]  
y: y*d(y) [keV/um]               
p: xlog ylog afac(0.8) form(0.9)
h: n            x            y(all     ),hh0l n  
#  sed-lwr      sed-upr        all       r.err 
   1.0000E-02   1.0798E-02   1.7771E-05  0.0019
   1.0798E-02   1.1659E-02   2.0945E-05  0.0019
   1.1659E-02   1.2589E-02   2.4702E-05  0.0019
   1.2589E-02   1.3594E-02   2.9153E-05  0.0019
   1.3594E-02   1.4678E-02   3.4425E-05  0.0019
   1.4678E-02   1.5849E-02   4.0673E-05  0.0019
   1.5849E-02   1.7113E-02   4.8076E-05  0.0019
   1.7113E-02   1.8478E-02   5.6844E-05  0.0019
   1.8478E-02   1.9953E-02   6.7217E-05  0.0019
   1.9953E-02   2.1544E-02   7.9475E-05  0.0019
   2.1544E-02   2.3263E-02   9.3930E-05  0.0019
   2.3263E-02   2.5119E-02   1.1094E-04  0.0019
   2.5119E-02   2.7123E-02   1.3090E-04  0.0019
   2.7123E-02   2.9286E-02   1.5426E-04  0.0019
   2.9286E-02   3.1623E-02   1.8157E-04  0.0019
   3.1623E-02   3.4145E-02   2.1352E-04  0.0019
   3.4145E-02   3.6869E-02   2.5104E-04  0.0019
   3.6869E-02   3.9811E-02   2.9548E-04  0.0019
   3.9811E-02   4.2987E-02   3.4880E-04  0.0019
   4.2987E-02   4.6416E-02   4.1369E-04  0.0019
   4.6416E-02   5.0119E-02   4.9362E-04  0.0019
   5.0119E-02   5.4117E-02   5.9261E-04  0.0019
   5.4117E-02   5.8434E-02   7.1507E-04  0.0019
   5.8434E-02   6.3096E-02   8.6582E-04  0.0019
   6.3096E-02   6.8129E-02   1.0505E-03  0.0019
   6.8129E-02   7.3564E-02   1.2764E-03  0.0019
   7.3564E-02   7.9433E-02   1.5524E-03  0.0019
   7.9433E-02   8.5770E-02   1.8900E-03  0.0019
   8.5770E-02   9.2612E-02   2.3031E-03  0.0019
   9.2612E-02   1.0000E-01   2.8087E-03  0.0019
   1.0000E-01   1.0798E-01   3.4277E-03  0.0019
   1.0798E-01   1.1659E-01   4.1858E-03  0.0019
   1.1659E-01   1.2589E-01   5.1142E-03  0.0019
   1.2589E-01   1.3594E-01   6.2509E-03  0.0019
   1.3594E-01   1.4678E-01   7.6421E-03  0.0019
   1.4678E-01   1.5849E-01   9.3439E-03  0.0019
   1.5849E-01   1.7113E-01   1.1424E-02  0.0019
   1.7113E-01   1.8478E-01   1.3963E-02  0.0019
   1.8478E-01   1.9953E-01   1.7060E-02  0.0019
   1.9953E-01   2.1544E-01   2.0828E-02  0.0019
   2.1544E-01   2.3263E-01   2.5405E-02  0.0019
   2.3263E-01   2.5119E-01   3.0950E-02  0.0019
   2.5119E-01   2.7123E-01   3.7646E-02  0.0019
   2.7123E-01   2.9286E-01   4.5703E-02  0.0019
   2.9286E-01   3.1623E-01   5.5354E-02  0.0019
   3.1623E-01   3.4145E-01   6.6855E-02  0.0019
   3.4145E-01   3.6869E-01   8.0477E-02  0.0019
   3.6869E-01   3.9811E-01   9.6493E-02  0.0019
   3.9811E-01   4.2987E-01   1.1516E-01  0.0019
   4.2987E-01   4.6416E-01   1.3671E-01  0.0019
   4.6416E-01   5.0119E-01   1.6127E-01  0.0019
   5.0119E-01   5.4117E-01   1.8889E-01  0.0019
   5.4117E-01   5.8434E-01   2.1942E-01  0.0019
   5.8434E-01   6.3096E-01   2.5252E-01  0.0019
   6.3096E-01   6.8129E-01   2.8758E-01  0.0019
   6.8129E-01   7.3564E-01   3.2368E-01  0.0019
   7.3564E-01   7.9433E-01   3.5962E-01  0.0019
   7.9433E-01   8.5770E-01   3.9392E-01  0.0019
   8.5770E-01   9.2612E-01   4.2495E-01  0.0019
   9.2612E-01   1.0000E+00   4.5104E-01  0.0019
   1.0000E+00   1.0798E+00   4.7066E-01  0.0019
   1.0798E+00   1.1659E+00   4.8265E-01  0.0019
   1.1659E+00   1.2589E+00   4.8633E-01  0.0019
   1.2589E+00   1.3594E+00   4.8170E-01  0.0019
   1.3594E+00   1.4678E+00   4.6940E-01  0.0019
   1.4678E+00   1.5849E+00   4.5069E-01  0.0019
   1.5849E+00   1.7113E+00   4.2730E-01  0.0019
   1.7113E+00   1.8478E+00   4.0122E-01  0.0019
   1.8478E+00   1.9953E+00   3.7447E-01  0.0019
   1.9953E+00   2.1544E+00   3.4888E-01  0.0019
   2.1544E+00   2.3263E+00   3.2588E-01  0.0019
   2.3263E+00   2.5119E+00   3.0641E-01  0.0019
   2.5119E+00   2.7123E+00   2.9085E-01  0.0019
   2.7123E+00   2.9286E+00   2.7907E-01  0.0019
   2.9286E+00   3.1623E+00   2.7052E-01  0.0019
   3.1623E+00   3.4145E+00   2.6438E-01  0.0019
   3.4145E+00   3.6869E+00   2.5967E-01  0.0019
   3.6869E+00   3.9811E+00   2.5541E-01  0.0019
   3.9811E+00   4.2987E+00   2.5070E-01  0.0019
   4.2987E+00   4.6416E+00   2.4479E-01  0.0020
   4.6416E+00   5.0119E+00   2.3712E-01  0.0020
   5.0119E+00   5.4117E+00   2.2733E-01  0.0020
   5.4117E+00   5.8434E+00   2.1523E-01  0.0021
   5.8434E+00   6.3096E+00   2.0088E-01  0.0021
   6.3096E+00   6.8129E+00   1.8448E-01  0.0022
   6.8129E+00   7.3564E+00   1.6642E-01  0.0023
   7.3564E+00   7.9433E+00   1.4723E-01  0.0024
   7.9433E+00   8.5770E+00   1.2753E-01  0.0026
   8.5770E+00   9.2612E+00   1.0798E-01  0.0029
   9.2612E+00   1.0000E+01   8.9220E-02  0.0033
   1.0000E+01   1.0798E+01   7.1830E-02  0.0039
   1.0798E+01   1.1659E+01   5.6261E-02  0.0047
   1.1659E+01   1.2589E+01   4.2815E-02  0.0060
   1.2589E+01   1.3594E+01   3.1627E-02  0.0079
   1.3594E+01   1.4678E+01   2.2670E-02  0.0107
   1.4678E+01   1.5849E+01   1.5782E-02  0.0151
   1.5849E+01   1.7113E+01   1.0702E-02  0.0220
   1.7113E+01   1.8478E+01   7.1162E-03  0.0327
   1.8478E+01   1.9953E+01   4.6978E-03  0.0493
   1.9953E+01   2.1544E+01   3.1431E-03  0.0745
   2.1544E+01   2.3263E+01   2.1901E-03  0.1100
   2.3263E+01   2.5119E+01   1.6276E-03  0.1535
   2.5119E+01   2.7123E+01   1.2962E-03  0.1980
   2.7123E+01   2.9286E+01   1.0866E-03  0.2372
   2.9286E+01   3.1623E+01   9.3343E-04  0.2676
   3.1623E+01   3.4145E+01   8.0818E-04  0.2921
   3.4145E+01   3.6869E+01   7.1008E-04  0.3242
   3.6869E+01   3.9811E+01   6.6087E-04  0.3621
   3.9811E+01   4.2987E+01   6.4936E-04  0.3809
   4.2987E+01   4.6416E+01   6.5956E-04  0.3850
   4.6416E+01   5.0119E+01   7.2198E-04  0.4084
   5.0119E+01   5.4117E+01   8.5758E-04  0.4250
   5.4117E+01   5.8434E+01   1.0514E-03  0.4276
   5.8434E+01   6.3096E+01   1.2823E-03  0.4223
   6.3096E+01   6.8129E+01   1.5133E-03  0.4119
   6.8129E+01   7.3564E+01   1.6621E-03  0.4064
   7.3564E+01   7.9433E+01   1.6768E-03  0.4301
   7.9433E+01   8.5770E+01   1.5878E-03  0.4552
   8.5770E+01   9.2612E+01   1.2950E-03  0.4870
   9.2612E+01   1.0000E+02   1.0072E-03  0.4873
   1.0000E+02   1.0798E+02   8.4359E-04  0.5437
   1.0798E+02   1.1659E+02   8.3670E-04  0.6485
   1.1659E+02   1.2589E+02   9.4440E-04  0.7155
   1.2589E+02   1.3594E+02   1.1508E-03  0.7360
   1.3594E+02   1.4678E+02   1.4175E-03  0.7372
   1.4678E+02   1.5849E+02   1.6232E-03  0.7210
   1.5849E+02   1.7113E+02   1.4492E-03  0.6738
   1.7113E+02   1.8478E+02   1.3064E-03  0.6976
   1.8478E+02   1.9953E+02   1.5205E-03  0.7219
   1.9953E+02   2.1544E+02   1.8443E-03  0.7272
   2.1544E+02   2.3263E+02   1.8251E-03  0.7030
   2.3263E+02   2.5119E+02   9.2171E-04  0.5946
   2.5119E+02   2.7123E+02   6.4215E-04  0.6905
   2.7123E+02   2.9286E+02   5.7881E-04  0.7362
   2.9286E+02   3.1623E+02   5.4149E-04  0.8793
   3.1623E+02   3.4145E+02   6.0809E-04  0.9752
   3.4145E+02   3.6869E+02   7.4864E-04  0.9969
   3.6869E+02   3.9811E+02   9.3983E-04  0.9997
   3.9811E+02   4.2987E+02   1.1828E-03  1.0000
   4.2987E+02   4.6416E+02   1.4879E-03  1.0000
   4.6416E+02   5.0119E+02   1.8496E-03  1.0000
   5.0119E+02   5.4117E+02   2.1103E-03  1.0000
   5.4117E+02   5.8434E+02   2.1012E-03  1.0000
   5.8434E+02   6.3096E+02   1.7737E-03  1.0000
   6.3096E+02   6.8129E+02   1.2022E-03  1.0000
   6.8129E+02   7.3564E+02   3.7887E-04  1.0000
   7.3564E+02   7.9433E+02   9.4543E-06  1.0000
   7.9433E+02   8.5770E+02   7.3367E-08  1.0000
   8.5770E+02   9.2612E+02   0.0000E+00  0.0000
   9.2612E+02   1.0000E+03   0.0000E+00  0.0000
   1.0000E+03   1.0798E+03   0.0000E+00  0.0000
   1.0798E+03   1.1659E+03   0.0000E+00  0.0000
   1.1659E+03   1.2589E+03   0.0000E+00  0.0000
   1.2589E+03   1.3594E+03   0.0000E+00  0.0000
   1.3594E+03   1.4678E+03   0.0000E+00  0.0000
   1.4678E+03   1.5849E+03   0.0000E+00  0.0000
   1.5849E+03   1.7113E+03   0.0000E+00  0.0000
   1.7113E+03   1.8478E+03   0.0000E+00  0.0000
   1.8478E+03   1.9953E+03   0.0000E+00  0.0000
   1.9953E+03   2.1544E+03   0.0000E+00  0.0000
   2.1544E+03   2.3263E+03   0.0000E+00  0.0000
   2.3263E+03   2.5119E+03   0.0000E+00  0.0000
   2.5119E+03   2.7123E+03   0.0000E+00  0.0000
   2.7123E+03   2.9286E+03   0.0000E+00  0.0000
   2.9286E+03   3.1623E+03   0.0000E+00  0.0000
   3.1623E+03   3.4145E+03   0.0000E+00  0.0000
   3.4145E+03   3.6869E+03   0.0000E+00  0.0000
   3.6869E+03   3.9811E+03   0.0000E+00  0.0000
   3.9811E+03   4.2987E+03   0.0000E+00  0.0000
   4.2987E+03   4.6416E+03   0.0000E+00  0.0000
   4.6416E+03   5.0119E+03   0.0000E+00  0.0000
   5.0119E+03   5.4117E+03   0.0000E+00  0.0000
   5.4117E+03   5.8434E+03   0.0000E+00  0.0000
   5.8434E+03   6.3096E+03   0.0000E+00  0.0000
   6.3096E+03   6.8129E+03   0.0000E+00  0.0000
   6.8129E+03   7.3564E+03   0.0000E+00  0.0000
   7.3564E+03   7.9433E+03   0.0000E+00  0.0000
   7.9433E+03   8.5770E+03   0.0000E+00  0.0000
   8.5770E+03   9.2612E+03   0.0000E+00  0.0000
   9.2612E+03   1.0000E+04   0.0000E+00  0.0000

#               Dose mean    4.3709E+00

'no. =  1,  reg  =      1'
msuc: {\huge microdosimetric_spectra_water_photon_PHITS}
msdr: {\it plotted by \ANGEL \version}
msdl: {\it calculated by \PHITS  3.32}
 
# Information for Restart Calculation
# This calculation was newly started
# istdev =  2 # 1:Batch variance, 2:History variance
# resc2  = 1.00000000000000000E+06 # Total source weight or Total source weight / maxcas
# resc3  = 1.00000000000000000E+06 # Total history number or Total batch number
# maxcas =      100000 # History / Batch, only used for istdev=1
# bitrseed = 0101101000001110011101111011110101001001010001111010111000101101 # bit data of rseed
