[ T-Deposit ]
    title = depth-dose distribution
     mesh =  r-z            # mesh type is r-z scoring mesh
       x0 =   0.000000      # center x-position of r-z mesh
       y0 =   0.000000      # center y-position of r-z mesh
   r-type =    2            # r-mesh is linear given by rmin, rmax and nr
     rmin =   0.000000      # minimum value of r-mesh points
     rmax =   1.000000      # maximum value of r-mesh points
#    rdel =   1.000000      # mesh width of r-mesh points
       nr =      1          # number of r-mesh points
#    data = ( r(i), i = 1, nr + 1 )
#           0.00000E+00  1.00000E+00
   z-type =    2            # z-mesh is linear given by zmin, zmax and nz
     zmin =  -2.500000      # minimum value of z-mesh points
     zmax =   2.500000      # maximum value of z-mesh points
#    zdel =  5.0000000E-03  # mesh width of z-mesh points
       nz =   1000          # number of z-mesh points
#    data = ( z(i), i = 1, nz + 1 )
#          -2.50000E+00 -2.49500E+00 -2.49000E+00 -2.48500E+00 -2.48000E+00
#          -2.47500E+00 -2.47000E+00 -2.46500E+00 -2.46000E+00 -2.45500E+00
#          -2.45000E+00 -2.44500E+00 -2.44000E+00 -2.43500E+00 -2.43000E+00
#          -2.42500E+00 -2.42000E+00 -2.41500E+00 -2.41000E+00 -2.40500E+00
#          -2.40000E+00 -2.39500E+00 -2.39000E+00 -2.38500E+00 -2.38000E+00
#          -2.37500E+00 -2.37000E+00 -2.36500E+00 -2.36000E+00 -2.35500E+00
#          -2.35000E+00 -2.34500E+00 -2.34000E+00 -2.33500E+00 -2.33000E+00
#          -2.32500E+00 -2.32000E+00 -2.31500E+00 -2.31000E+00 -2.30500E+00
#          -2.30000E+00 -2.29500E+00 -2.29000E+00 -2.28500E+00 -2.28000E+00
#          -2.27500E+00 -2.27000E+00 -2.26500E+00 -2.26000E+00 -2.25500E+00
#          -2.25000E+00 -2.24500E+00 -2.24000E+00 -2.23500E+00 -2.23000E+00
#          -2.22500E+00 -2.22000E+00 -2.21500E+00 -2.21000E+00 -2.20500E+00
#          -2.20000E+00 -2.19500E+00 -2.19000E+00 -2.18500E+00 -2.18000E+00
#          -2.17500E+00 -2.17000E+00 -2.16500E+00 -2.16000E+00 -2.15500E+00
#          -2.15000E+00 -2.14500E+00 -2.14000E+00 -2.13500E+00 -2.13000E+00
#          -2.12500E+00 -2.12000E+00 -2.11500E+00 -2.11000E+00 -2.10500E+00
#          -2.10000E+00 -2.09500E+00 -2.09000E+00 -2.08500E+00 -2.08000E+00
#          -2.07500E+00 -2.07000E+00 -2.06500E+00 -2.06000E+00 -2.05500E+00
#          -2.05000E+00 -2.04500E+00 -2.04000E+00 -2.03500E+00 -2.03000E+00
#          -2.02500E+00 -2.02000E+00 -2.01500E+00 -2.01000E+00 -2.00500E+00
#          -2.00000E+00 -1.99500E+00 -1.99000E+00 -1.98500E+00 -1.98000E+00
#          -1.97500E+00 -1.97000E+00 -1.96500E+00 -1.96000E+00 -1.95500E+00
#          -1.95000E+00 -1.94500E+00 -1.94000E+00 -1.93500E+00 -1.93000E+00
#          -1.92500E+00 -1.92000E+00 -1.91500E+00 -1.91000E+00 -1.90500E+00
#          -1.90000E+00 -1.89500E+00 -1.89000E+00 -1.88500E+00 -1.88000E+00
#          -1.87500E+00 -1.87000E+00 -1.86500E+00 -1.86000E+00 -1.85500E+00
#          -1.85000E+00 -1.84500E+00 -1.84000E+00 -1.83500E+00 -1.83000E+00
#          -1.82500E+00 -1.82000E+00 -1.81500E+00 -1.81000E+00 -1.80500E+00
#          -1.80000E+00 -1.79500E+00 -1.79000E+00 -1.78500E+00 -1.78000E+00
#          -1.77500E+00 -1.77000E+00 -1.76500E+00 -1.76000E+00 -1.75500E+00
#          -1.75000E+00 -1.74500E+00 -1.74000E+00 -1.73500E+00 -1.73000E+00
#          -1.72500E+00 -1.72000E+00 -1.71500E+00 -1.71000E+00 -1.70500E+00
#          -1.70000E+00 -1.69500E+00 -1.69000E+00 -1.68500E+00 -1.68000E+00
#          -1.67500E+00 -1.67000E+00 -1.66500E+00 -1.66000E+00 -1.65500E+00
#          -1.65000E+00 -1.64500E+00 -1.64000E+00 -1.63500E+00 -1.63000E+00
#          -1.62500E+00 -1.62000E+00 -1.61500E+00 -1.61000E+00 -1.60500E+00
#          -1.60000E+00 -1.59500E+00 -1.59000E+00 -1.58500E+00 -1.58000E+00
#          -1.57500E+00 -1.57000E+00 -1.56500E+00 -1.56000E+00 -1.55500E+00
#          -1.55000E+00 -1.54500E+00 -1.54000E+00 -1.53500E+00 -1.53000E+00
#          -1.52500E+00 -1.52000E+00 -1.51500E+00 -1.51000E+00 -1.50500E+00
#          -1.50000E+00 -1.49500E+00 -1.49000E+00 -1.48500E+00 -1.48000E+00
#          -1.47500E+00 -1.47000E+00 -1.46500E+00 -1.46000E+00 -1.45500E+00
#          -1.45000E+00 -1.44500E+00 -1.44000E+00 -1.43500E+00 -1.43000E+00
#          -1.42500E+00 -1.42000E+00 -1.41500E+00 -1.41000E+00 -1.40500E+00
#          -1.40000E+00 -1.39500E+00 -1.39000E+00 -1.38500E+00 -1.38000E+00
#          -1.37500E+00 -1.37000E+00 -1.36500E+00 -1.36000E+00 -1.35500E+00
#          -1.35000E+00 -1.34500E+00 -1.34000E+00 -1.33500E+00 -1.33000E+00
#          -1.32500E+00 -1.32000E+00 -1.31500E+00 -1.31000E+00 -1.30500E+00
#          -1.30000E+00 -1.29500E+00 -1.29000E+00 -1.28500E+00 -1.28000E+00
#          -1.27500E+00 -1.27000E+00 -1.26500E+00 -1.26000E+00 -1.25500E+00
#          -1.25000E+00 -1.24500E+00 -1.24000E+00 -1.23500E+00 -1.23000E+00
#          -1.22500E+00 -1.22000E+00 -1.21500E+00 -1.21000E+00 -1.20500E+00
#          -1.20000E+00 -1.19500E+00 -1.19000E+00 -1.18500E+00 -1.18000E+00
#          -1.17500E+00 -1.17000E+00 -1.16500E+00 -1.16000E+00 -1.15500E+00
#          -1.15000E+00 -1.14500E+00 -1.14000E+00 -1.13500E+00 -1.13000E+00
#          -1.12500E+00 -1.12000E+00 -1.11500E+00 -1.11000E+00 -1.10500E+00
#          -1.10000E+00 -1.09500E+00 -1.09000E+00 -1.08500E+00 -1.08000E+00
#          -1.07500E+00 -1.07000E+00 -1.06500E+00 -1.06000E+00 -1.05500E+00
#          -1.05000E+00 -1.04500E+00 -1.04000E+00 -1.03500E+00 -1.03000E+00
#          -1.02500E+00 -1.02000E+00 -1.01500E+00 -1.01000E+00 -1.00500E+00
#          -1.00000E+00 -9.95000E-01 -9.90000E-01 -9.85000E-01 -9.80000E-01
#          -9.75000E-01 -9.70000E-01 -9.65000E-01 -9.60000E-01 -9.55000E-01
#          -9.50000E-01 -9.45000E-01 -9.40000E-01 -9.35000E-01 -9.30000E-01
#          -9.25000E-01 -9.20000E-01 -9.15000E-01 -9.10000E-01 -9.05000E-01
#          -9.00000E-01 -8.95000E-01 -8.90000E-01 -8.85000E-01 -8.80000E-01
#          -8.75000E-01 -8.70000E-01 -8.65000E-01 -8.60000E-01 -8.55000E-01
#          -8.50000E-01 -8.45000E-01 -8.40000E-01 -8.35000E-01 -8.30000E-01
#          -8.25000E-01 -8.20000E-01 -8.15000E-01 -8.10000E-01 -8.05000E-01
#          -8.00000E-01 -7.95000E-01 -7.90000E-01 -7.85000E-01 -7.80000E-01
#          -7.75000E-01 -7.70000E-01 -7.65000E-01 -7.60000E-01 -7.55000E-01
#          -7.50000E-01 -7.45000E-01 -7.40000E-01 -7.35000E-01 -7.30000E-01
#          -7.25000E-01 -7.20000E-01 -7.15000E-01 -7.10000E-01 -7.05000E-01
#          -7.00000E-01 -6.95000E-01 -6.90000E-01 -6.85000E-01 -6.80000E-01
#          -6.75000E-01 -6.70000E-01 -6.65000E-01 -6.60000E-01 -6.55000E-01
#          -6.50000E-01 -6.45000E-01 -6.40000E-01 -6.35000E-01 -6.30000E-01
#          -6.25000E-01 -6.20000E-01 -6.15000E-01 -6.10000E-01 -6.05000E-01
#          -6.00000E-01 -5.95000E-01 -5.90000E-01 -5.85000E-01 -5.80000E-01
#          -5.75000E-01 -5.70000E-01 -5.65000E-01 -5.60000E-01 -5.55000E-01
#          -5.50000E-01 -5.45000E-01 -5.40000E-01 -5.35000E-01 -5.30000E-01
#          -5.25000E-01 -5.20000E-01 -5.15000E-01 -5.10000E-01 -5.05000E-01
#          -5.00000E-01 -4.95000E-01 -4.90000E-01 -4.85000E-01 -4.80000E-01
#          -4.75000E-01 -4.70000E-01 -4.65000E-01 -4.60000E-01 -4.55000E-01
#          -4.50000E-01 -4.45000E-01 -4.40000E-01 -4.35000E-01 -4.30000E-01
#          -4.25000E-01 -4.20000E-01 -4.15000E-01 -4.10000E-01 -4.05000E-01
#          -4.00000E-01 -3.95000E-01 -3.90000E-01 -3.85000E-01 -3.80000E-01
#          -3.75000E-01 -3.70000E-01 -3.65000E-01 -3.60000E-01 -3.55000E-01
#          -3.50000E-01 -3.45000E-01 -3.40000E-01 -3.35000E-01 -3.30000E-01
#          -3.25000E-01 -3.20000E-01 -3.15000E-01 -3.10000E-01 -3.05000E-01
#          -3.00000E-01 -2.95000E-01 -2.90000E-01 -2.85000E-01 -2.80000E-01
#          -2.75000E-01 -2.70000E-01 -2.65000E-01 -2.60000E-01 -2.55000E-01
#          -2.50000E-01 -2.45000E-01 -2.40000E-01 -2.35000E-01 -2.30000E-01
#          -2.25000E-01 -2.20000E-01 -2.15000E-01 -2.10000E-01 -2.05000E-01
#          -2.00000E-01 -1.95000E-01 -1.90000E-01 -1.85000E-01 -1.80000E-01
#          -1.75000E-01 -1.70000E-01 -1.65000E-01 -1.60000E-01 -1.55000E-01
#          -1.50000E-01 -1.45000E-01 -1.40000E-01 -1.35000E-01 -1.30000E-01
#          -1.25000E-01 -1.20000E-01 -1.15000E-01 -1.10000E-01 -1.05000E-01
#          -1.00000E-01 -9.50000E-02 -9.00000E-02 -8.50000E-02 -8.00000E-02
#          -7.50000E-02 -7.00000E-02 -6.50000E-02 -6.00000E-02 -5.50000E-02
#          -5.00000E-02 -4.50000E-02 -4.00000E-02 -3.50000E-02 -3.00000E-02
#          -2.50000E-02 -2.00000E-02 -1.50000E-02 -1.00000E-02 -5.00000E-03
#           0.00000E+00  5.00000E-03  1.00000E-02  1.50000E-02  2.00000E-02
#           2.50000E-02  3.00000E-02  3.50000E-02  4.00000E-02  4.50000E-02
#           5.00000E-02  5.50000E-02  6.00000E-02  6.50000E-02  7.00000E-02
#           7.50000E-02  8.00000E-02  8.50000E-02  9.00000E-02  9.50000E-02
#           1.00000E-01  1.05000E-01  1.10000E-01  1.15000E-01  1.20000E-01
#           1.25000E-01  1.30000E-01  1.35000E-01  1.40000E-01  1.45000E-01
#           1.50000E-01  1.55000E-01  1.60000E-01  1.65000E-01  1.70000E-01
#           1.75000E-01  1.80000E-01  1.85000E-01  1.90000E-01  1.95000E-01
#           2.00000E-01  2.05000E-01  2.10000E-01  2.15000E-01  2.20000E-01
#           2.25000E-01  2.30000E-01  2.35000E-01  2.40000E-01  2.45000E-01
#           2.50000E-01  2.55000E-01  2.60000E-01  2.65000E-01  2.70000E-01
#           2.75000E-01  2.80000E-01  2.85000E-01  2.90000E-01  2.95000E-01
#           3.00000E-01  3.05000E-01  3.10000E-01  3.15000E-01  3.20000E-01
#           3.25000E-01  3.30000E-01  3.35000E-01  3.40000E-01  3.45000E-01
#           3.50000E-01  3.55000E-01  3.60000E-01  3.65000E-01  3.70000E-01
#           3.75000E-01  3.80000E-01  3.85000E-01  3.90000E-01  3.95000E-01
#           4.00000E-01  4.05000E-01  4.10000E-01  4.15000E-01  4.20000E-01
#           4.25000E-01  4.30000E-01  4.35000E-01  4.40000E-01  4.45000E-01
#           4.50000E-01  4.55000E-01  4.60000E-01  4.65000E-01  4.70000E-01
#           4.75000E-01  4.80000E-01  4.85000E-01  4.90000E-01  4.95000E-01
#           5.00000E-01  5.05000E-01  5.10000E-01  5.15000E-01  5.20000E-01
#           5.25000E-01  5.30000E-01  5.35000E-01  5.40000E-01  5.45000E-01
#           5.50000E-01  5.55000E-01  5.60000E-01  5.65000E-01  5.70000E-01
#           5.75000E-01  5.80000E-01  5.85000E-01  5.90000E-01  5.95000E-01
#           6.00000E-01  6.05000E-01  6.10000E-01  6.15000E-01  6.20000E-01
#           6.25000E-01  6.30000E-01  6.35000E-01  6.40000E-01  6.45000E-01
#           6.50000E-01  6.55000E-01  6.60000E-01  6.65000E-01  6.70000E-01
#           6.75000E-01  6.80000E-01  6.85000E-01  6.90000E-01  6.95000E-01
#           7.00000E-01  7.05000E-01  7.10000E-01  7.15000E-01  7.20000E-01
#           7.25000E-01  7.30000E-01  7.35000E-01  7.40000E-01  7.45000E-01
#           7.50000E-01  7.55000E-01  7.60000E-01  7.65000E-01  7.70000E-01
#           7.75000E-01  7.80000E-01  7.85000E-01  7.90000E-01  7.95000E-01
#           8.00000E-01  8.05000E-01  8.10000E-01  8.15000E-01  8.20000E-01
#           8.25000E-01  8.30000E-01  8.35000E-01  8.40000E-01  8.45000E-01
#           8.50000E-01  8.55000E-01  8.60000E-01  8.65000E-01  8.70000E-01
#           8.75000E-01  8.80000E-01  8.85000E-01  8.90000E-01  8.95000E-01
#           9.00000E-01  9.05000E-01  9.10000E-01  9.15000E-01  9.20000E-01
#           9.25000E-01  9.30000E-01  9.35000E-01  9.40000E-01  9.45000E-01
#           9.50000E-01  9.55000E-01  9.60000E-01  9.65000E-01  9.70000E-01
#           9.75000E-01  9.80000E-01  9.85000E-01  9.90000E-01  9.95000E-01
#           1.00000E+00  1.00500E+00  1.01000E+00  1.01500E+00  1.02000E+00
#           1.02500E+00  1.03000E+00  1.03500E+00  1.04000E+00  1.04500E+00
#           1.05000E+00  1.05500E+00  1.06000E+00  1.06500E+00  1.07000E+00
#           1.07500E+00  1.08000E+00  1.08500E+00  1.09000E+00  1.09500E+00
#           1.10000E+00  1.10500E+00  1.11000E+00  1.11500E+00  1.12000E+00
#           1.12500E+00  1.13000E+00  1.13500E+00  1.14000E+00  1.14500E+00
#           1.15000E+00  1.15500E+00  1.16000E+00  1.16500E+00  1.17000E+00
#           1.17500E+00  1.18000E+00  1.18500E+00  1.19000E+00  1.19500E+00
#           1.20000E+00  1.20500E+00  1.21000E+00  1.21500E+00  1.22000E+00
#           1.22500E+00  1.23000E+00  1.23500E+00  1.24000E+00  1.24500E+00
#           1.25000E+00  1.25500E+00  1.26000E+00  1.26500E+00  1.27000E+00
#           1.27500E+00  1.28000E+00  1.28500E+00  1.29000E+00  1.29500E+00
#           1.30000E+00  1.30500E+00  1.31000E+00  1.31500E+00  1.32000E+00
#           1.32500E+00  1.33000E+00  1.33500E+00  1.34000E+00  1.34500E+00
#           1.35000E+00  1.35500E+00  1.36000E+00  1.36500E+00  1.37000E+00
#           1.37500E+00  1.38000E+00  1.38500E+00  1.39000E+00  1.39500E+00
#           1.40000E+00  1.40500E+00  1.41000E+00  1.41500E+00  1.42000E+00
#           1.42500E+00  1.43000E+00  1.43500E+00  1.44000E+00  1.44500E+00
#           1.45000E+00  1.45500E+00  1.46000E+00  1.46500E+00  1.47000E+00
#           1.47500E+00  1.48000E+00  1.48500E+00  1.49000E+00  1.49500E+00
#           1.50000E+00  1.50500E+00  1.51000E+00  1.51500E+00  1.52000E+00
#           1.52500E+00  1.53000E+00  1.53500E+00  1.54000E+00  1.54500E+00
#           1.55000E+00  1.55500E+00  1.56000E+00  1.56500E+00  1.57000E+00
#           1.57500E+00  1.58000E+00  1.58500E+00  1.59000E+00  1.59500E+00
#           1.60000E+00  1.60500E+00  1.61000E+00  1.61500E+00  1.62000E+00
#           1.62500E+00  1.63000E+00  1.63500E+00  1.64000E+00  1.64500E+00
#           1.65000E+00  1.65500E+00  1.66000E+00  1.66500E+00  1.67000E+00
#           1.67500E+00  1.68000E+00  1.68500E+00  1.69000E+00  1.69500E+00
#           1.70000E+00  1.70500E+00  1.71000E+00  1.71500E+00  1.72000E+00
#           1.72500E+00  1.73000E+00  1.73500E+00  1.74000E+00  1.74500E+00
#           1.75000E+00  1.75500E+00  1.76000E+00  1.76500E+00  1.77000E+00
#           1.77500E+00  1.78000E+00  1.78500E+00  1.79000E+00  1.79500E+00
#           1.80000E+00  1.80500E+00  1.81000E+00  1.81500E+00  1.82000E+00
#           1.82500E+00  1.83000E+00  1.83500E+00  1.84000E+00  1.84500E+00
#           1.85000E+00  1.85500E+00  1.86000E+00  1.86500E+00  1.87000E+00
#           1.87500E+00  1.88000E+00  1.88500E+00  1.89000E+00  1.89500E+00
#           1.90000E+00  1.90500E+00  1.91000E+00  1.91500E+00  1.92000E+00
#           1.92500E+00  1.93000E+00  1.93500E+00  1.94000E+00  1.94500E+00
#           1.95000E+00  1.95500E+00  1.96000E+00  1.96500E+00  1.97000E+00
#           1.97500E+00  1.98000E+00  1.98500E+00  1.99000E+00  1.99500E+00
#           2.00000E+00  2.00500E+00  2.01000E+00  2.01500E+00  2.02000E+00
#           2.02500E+00  2.03000E+00  2.03500E+00  2.04000E+00  2.04500E+00
#           2.05000E+00  2.05500E+00  2.06000E+00  2.06500E+00  2.07000E+00
#           2.07500E+00  2.08000E+00  2.08500E+00  2.09000E+00  2.09500E+00
#           2.10000E+00  2.10500E+00  2.11000E+00  2.11500E+00  2.12000E+00
#           2.12500E+00  2.13000E+00  2.13500E+00  2.14000E+00  2.14500E+00
#           2.15000E+00  2.15500E+00  2.16000E+00  2.16500E+00  2.17000E+00
#           2.17500E+00  2.18000E+00  2.18500E+00  2.19000E+00  2.19500E+00
#           2.20000E+00  2.20500E+00  2.21000E+00  2.21500E+00  2.22000E+00
#           2.22500E+00  2.23000E+00  2.23500E+00  2.24000E+00  2.24500E+00
#           2.25000E+00  2.25500E+00  2.26000E+00  2.26500E+00  2.27000E+00
#           2.27500E+00  2.28000E+00  2.28500E+00  2.29000E+00  2.29500E+00
#           2.30000E+00  2.30500E+00  2.31000E+00  2.31500E+00  2.32000E+00
#           2.32500E+00  2.33000E+00  2.33500E+00  2.34000E+00  2.34500E+00
#           2.35000E+00  2.35500E+00  2.36000E+00  2.36500E+00  2.37000E+00
#           2.37500E+00  2.38000E+00  2.38500E+00  2.39000E+00  2.39500E+00
#           2.40000E+00  2.40500E+00  2.41000E+00  2.41500E+00  2.42000E+00
#           2.42500E+00  2.43000E+00  2.43500E+00  2.44000E+00  2.44500E+00
#           2.45000E+00  2.45500E+00  2.46000E+00  2.46500E+00  2.47000E+00
#           2.47500E+00  2.48000E+00  2.48500E+00  2.49000E+00  2.49500E+00
#           2.50000E+00
     unit =    2            # unit is [MeV/source)]
   letmat =    0            # (D=0) mat ID for LET, 0:real mat, <0: electron for H2O
  dedxfnc =    0            # (D=0) user defined multiplier, 0(no), 1, 2
 material =  all            # (D=all) number of specific material
   output =  dose           # total deposit energy
  deposit =    0            # (D=0) 0-> total deposit dist, 1-> each process
     axis =     z           # axis of output
     file = dose.out        # file name of output for the above axis
     part =  all      
# kf/name :  0        
   epsout =    1            # (D=0) generate eps file by ANGEL
#    used :        main (  %)        temp (  %)       total (  %)
#  memory :        1006 (  0)           0 (  0)        1006 (  0)

#------------------------------------------------------------------------------
#newpage:
#   no. =  1   ir  =  1
#   r = (   0.0000E+00  -   1.0000E+00  )

x: z [cm]
y: Dose [MeV/source]     
p: xlin ylog afac(0.8) form(0.9)
h: n            x            y(all     ),hh0l n 
#  z-lower      z-upper        all       r.err 
  -2.5000E+00  -2.4950E+00   2.6767E-02  0.0008
  -2.4950E+00  -2.4900E+00   2.6870E-02  0.0009
  -2.4900E+00  -2.4850E+00   2.6930E-02  0.0008
  -2.4850E+00  -2.4800E+00   2.7014E-02  0.0009
  -2.4800E+00  -2.4750E+00   2.7088E-02  0.0009
  -2.4750E+00  -2.4700E+00   2.7155E-02  0.0009
  -2.4700E+00  -2.4650E+00   2.7211E-02  0.0009
  -2.4650E+00  -2.4600E+00   2.7302E-02  0.0009
  -2.4600E+00  -2.4550E+00   2.7347E-02  0.0009
  -2.4550E+00  -2.4500E+00   2.7423E-02  0.0009
  -2.4500E+00  -2.4450E+00   2.7466E-02  0.0009
  -2.4450E+00  -2.4400E+00   2.7545E-02  0.0009
  -2.4400E+00  -2.4350E+00   2.7613E-02  0.0009
  -2.4350E+00  -2.4300E+00   2.7673E-02  0.0009
  -2.4300E+00  -2.4250E+00   2.7732E-02  0.0009
  -2.4250E+00  -2.4200E+00   2.7815E-02  0.0009
  -2.4200E+00  -2.4150E+00   2.7857E-02  0.0009
  -2.4150E+00  -2.4100E+00   2.7902E-02  0.0008
  -2.4100E+00  -2.4050E+00   2.7982E-02  0.0009
  -2.4050E+00  -2.4000E+00   2.8050E-02  0.0009
  -2.4000E+00  -2.3950E+00   2.8105E-02  0.0009
  -2.3950E+00  -2.3900E+00   2.8154E-02  0.0008
  -2.3900E+00  -2.3850E+00   2.8234E-02  0.0009
  -2.3850E+00  -2.3800E+00   2.8319E-02  0.0009
  -2.3800E+00  -2.3750E+00   2.8375E-02  0.0009
  -2.3750E+00  -2.3700E+00   2.8446E-02  0.0009
  -2.3700E+00  -2.3650E+00   2.8522E-02  0.0009
  -2.3650E+00  -2.3600E+00   2.8585E-02  0.0009
  -2.3600E+00  -2.3550E+00   2.8637E-02  0.0009
  -2.3550E+00  -2.3500E+00   2.8711E-02  0.0009
  -2.3500E+00  -2.3450E+00   2.8765E-02  0.0008
  -2.3450E+00  -2.3400E+00   2.8854E-02  0.0009
  -2.3400E+00  -2.3350E+00   2.8918E-02  0.0009
  -2.3350E+00  -2.3300E+00   2.8977E-02  0.0008
  -2.3300E+00  -2.3250E+00   2.9050E-02  0.0009
  -2.3250E+00  -2.3200E+00   2.9132E-02  0.0009
  -2.3200E+00  -2.3150E+00   2.9189E-02  0.0009
  -2.3150E+00  -2.3100E+00   2.9265E-02  0.0009
  -2.3100E+00  -2.3050E+00   2.9336E-02  0.0009
  -2.3050E+00  -2.3000E+00   2.9386E-02  0.0008
  -2.3000E+00  -2.2950E+00   2.9457E-02  0.0008
  -2.2950E+00  -2.2900E+00   2.9529E-02  0.0008
  -2.2900E+00  -2.2850E+00   2.9608E-02  0.0008
  -2.2850E+00  -2.2800E+00   2.9710E-02  0.0009
  -2.2800E+00  -2.2750E+00   2.9759E-02  0.0008
  -2.2750E+00  -2.2700E+00   2.9834E-02  0.0009
  -2.2700E+00  -2.2650E+00   2.9900E-02  0.0008
  -2.2650E+00  -2.2600E+00   2.9978E-02  0.0009
  -2.2600E+00  -2.2550E+00   3.0063E-02  0.0009
  -2.2550E+00  -2.2500E+00   3.0119E-02  0.0008
  -2.2500E+00  -2.2450E+00   3.0210E-02  0.0008
  -2.2450E+00  -2.2400E+00   3.0296E-02  0.0008
  -2.2400E+00  -2.2350E+00   3.0367E-02  0.0008
  -2.2350E+00  -2.2300E+00   3.0440E-02  0.0008
  -2.2300E+00  -2.2250E+00   3.0519E-02  0.0008
  -2.2250E+00  -2.2200E+00   3.0607E-02  0.0008
  -2.2200E+00  -2.2150E+00   3.0690E-02  0.0008
  -2.2150E+00  -2.2100E+00   3.0758E-02  0.0008
  -2.2100E+00  -2.2050E+00   3.0835E-02  0.0008
  -2.2050E+00  -2.2000E+00   3.0928E-02  0.0008
  -2.2000E+00  -2.1950E+00   3.1021E-02  0.0008
  -2.1950E+00  -2.1900E+00   3.1097E-02  0.0008
  -2.1900E+00  -2.1850E+00   3.1186E-02  0.0008
  -2.1850E+00  -2.1800E+00   3.1278E-02  0.0008
  -2.1800E+00  -2.1750E+00   3.1350E-02  0.0008
  -2.1750E+00  -2.1700E+00   3.1455E-02  0.0008
  -2.1700E+00  -2.1650E+00   3.1521E-02  0.0008
  -2.1650E+00  -2.1600E+00   3.1624E-02  0.0008
  -2.1600E+00  -2.1550E+00   3.1706E-02  0.0008
  -2.1550E+00  -2.1500E+00   3.1795E-02  0.0008
  -2.1500E+00  -2.1450E+00   3.1892E-02  0.0008
  -2.1450E+00  -2.1400E+00   3.1981E-02  0.0008
  -2.1400E+00  -2.1350E+00   3.2073E-02  0.0008
  -2.1350E+00  -2.1300E+00   3.2145E-02  0.0008
  -2.1300E+00  -2.1250E+00   3.2249E-02  0.0008
  -2.1250E+00  -2.1200E+00   3.2344E-02  0.0008
  -2.1200E+00  -2.1150E+00   3.2449E-02  0.0008
  -2.1150E+00  -2.1100E+00   3.2543E-02  0.0008
  -2.1100E+00  -2.1050E+00   3.2632E-02  0.0008
  -2.1050E+00  -2.1000E+00   3.2735E-02  0.0008
  -2.1000E+00  -2.0950E+00   3.2839E-02  0.0008
  -2.0950E+00  -2.0900E+00   3.2956E-02  0.0008
  -2.0900E+00  -2.0850E+00   3.3054E-02  0.0008
  -2.0850E+00  -2.0800E+00   3.3169E-02  0.0008
  -2.0800E+00  -2.0750E+00   3.3275E-02  0.0008
  -2.0750E+00  -2.0700E+00   3.3379E-02  0.0008
  -2.0700E+00  -2.0650E+00   3.3502E-02  0.0008
  -2.0650E+00  -2.0600E+00   3.3617E-02  0.0008
  -2.0600E+00  -2.0550E+00   3.3710E-02  0.0008
  -2.0550E+00  -2.0500E+00   3.3824E-02  0.0008
  -2.0500E+00  -2.0450E+00   3.3922E-02  0.0008
  -2.0450E+00  -2.0400E+00   3.4026E-02  0.0008
  -2.0400E+00  -2.0350E+00   3.4159E-02  0.0008
  -2.0350E+00  -2.0300E+00   3.4269E-02  0.0008
  -2.0300E+00  -2.0250E+00   3.4380E-02  0.0008
  -2.0250E+00  -2.0200E+00   3.4504E-02  0.0008
  -2.0200E+00  -2.0150E+00   3.4652E-02  0.0008
  -2.0150E+00  -2.0100E+00   3.4753E-02  0.0008
  -2.0100E+00  -2.0050E+00   3.4891E-02  0.0008
  -2.0050E+00  -2.0000E+00   3.4983E-02  0.0008
  -2.0000E+00  -1.9950E+00   3.5142E-02  0.0008
  -1.9950E+00  -1.9900E+00   3.5252E-02  0.0008
  -1.9900E+00  -1.9850E+00   3.5382E-02  0.0008
  -1.9850E+00  -1.9800E+00   3.5502E-02  0.0008
  -1.9800E+00  -1.9750E+00   3.5639E-02  0.0008
  -1.9750E+00  -1.9700E+00   3.5783E-02  0.0008
  -1.9700E+00  -1.9650E+00   3.5918E-02  0.0008
  -1.9650E+00  -1.9600E+00   3.6056E-02  0.0008
  -1.9600E+00  -1.9550E+00   3.6202E-02  0.0008
  -1.9550E+00  -1.9500E+00   3.6348E-02  0.0008
  -1.9500E+00  -1.9450E+00   3.6482E-02  0.0008
  -1.9450E+00  -1.9400E+00   3.6642E-02  0.0008
  -1.9400E+00  -1.9350E+00   3.6767E-02  0.0008
  -1.9350E+00  -1.9300E+00   3.6940E-02  0.0008
  -1.9300E+00  -1.9250E+00   3.7084E-02  0.0008
  -1.9250E+00  -1.9200E+00   3.7252E-02  0.0008
  -1.9200E+00  -1.9150E+00   3.7417E-02  0.0008
  -1.9150E+00  -1.9100E+00   3.7569E-02  0.0008
  -1.9100E+00  -1.9050E+00   3.7724E-02  0.0008
  -1.9050E+00  -1.9000E+00   3.7879E-02  0.0008
  -1.9000E+00  -1.8950E+00   3.8048E-02  0.0008
  -1.8950E+00  -1.8900E+00   3.8210E-02  0.0008
  -1.8900E+00  -1.8850E+00   3.8380E-02  0.0008
  -1.8850E+00  -1.8800E+00   3.8571E-02  0.0008
  -1.8800E+00  -1.8750E+00   3.8737E-02  0.0008
  -1.8750E+00  -1.8700E+00   3.8921E-02  0.0008
  -1.8700E+00  -1.8650E+00   3.9119E-02  0.0008
  -1.8650E+00  -1.8600E+00   3.9285E-02  0.0008
  -1.8600E+00  -1.8550E+00   3.9482E-02  0.0008
  -1.8550E+00  -1.8500E+00   3.9701E-02  0.0008
  -1.8500E+00  -1.8450E+00   3.9885E-02  0.0008
  -1.8450E+00  -1.8400E+00   4.0101E-02  0.0008
  -1.8400E+00  -1.8350E+00   4.0313E-02  0.0008
  -1.8350E+00  -1.8300E+00   4.0534E-02  0.0008
  -1.8300E+00  -1.8250E+00   4.0730E-02  0.0008
  -1.8250E+00  -1.8200E+00   4.0954E-02  0.0008
  -1.8200E+00  -1.8150E+00   4.1158E-02  0.0008
  -1.8150E+00  -1.8100E+00   4.1369E-02  0.0008
  -1.8100E+00  -1.8050E+00   4.1619E-02  0.0008
  -1.8050E+00  -1.8000E+00   4.1861E-02  0.0008
  -1.8000E+00  -1.7950E+00   4.2106E-02  0.0008
  -1.7950E+00  -1.7900E+00   4.2333E-02  0.0008
  -1.7900E+00  -1.7850E+00   4.2593E-02  0.0008
  -1.7850E+00  -1.7800E+00   4.2828E-02  0.0008
  -1.7800E+00  -1.7750E+00   4.3103E-02  0.0008
  -1.7750E+00  -1.7700E+00   4.3386E-02  0.0008
  -1.7700E+00  -1.7650E+00   4.3656E-02  0.0008
  -1.7650E+00  -1.7600E+00   4.3942E-02  0.0008
  -1.7600E+00  -1.7550E+00   4.4215E-02  0.0008
  -1.7550E+00  -1.7500E+00   4.4508E-02  0.0008
  -1.7500E+00  -1.7450E+00   4.4801E-02  0.0008
  -1.7450E+00  -1.7400E+00   4.5099E-02  0.0008
  -1.7400E+00  -1.7350E+00   4.5417E-02  0.0008
  -1.7350E+00  -1.7300E+00   4.5697E-02  0.0008
  -1.7300E+00  -1.7250E+00   4.6004E-02  0.0008
  -1.7250E+00  -1.7200E+00   4.6316E-02  0.0008
  -1.7200E+00  -1.7150E+00   4.6630E-02  0.0008
  -1.7150E+00  -1.7100E+00   4.6972E-02  0.0008
  -1.7100E+00  -1.7050E+00   4.7302E-02  0.0008
  -1.7050E+00  -1.7000E+00   4.7653E-02  0.0008
  -1.7000E+00  -1.6950E+00   4.8013E-02  0.0008
  -1.6950E+00  -1.6900E+00   4.8398E-02  0.0008
  -1.6900E+00  -1.6850E+00   4.8777E-02  0.0008
  -1.6850E+00  -1.6800E+00   4.9157E-02  0.0008
  -1.6800E+00  -1.6750E+00   4.9567E-02  0.0008
  -1.6750E+00  -1.6700E+00   4.9996E-02  0.0008
  -1.6700E+00  -1.6650E+00   5.0410E-02  0.0008
  -1.6650E+00  -1.6600E+00   5.0856E-02  0.0008
  -1.6600E+00  -1.6550E+00   5.1318E-02  0.0008
  -1.6550E+00  -1.6500E+00   5.1802E-02  0.0008
  -1.6500E+00  -1.6450E+00   5.2306E-02  0.0008
  -1.6450E+00  -1.6400E+00   5.2804E-02  0.0008
  -1.6400E+00  -1.6350E+00   5.3339E-02  0.0008
  -1.6350E+00  -1.6300E+00   5.3881E-02  0.0008
  -1.6300E+00  -1.6250E+00   5.4454E-02  0.0008
  -1.6250E+00  -1.6200E+00   5.5047E-02  0.0008
  -1.6200E+00  -1.6150E+00   5.5661E-02  0.0008
  -1.6150E+00  -1.6100E+00   5.6313E-02  0.0008
  -1.6100E+00  -1.6050E+00   5.6997E-02  0.0008
  -1.6050E+00  -1.6000E+00   5.7713E-02  0.0008
  -1.6000E+00  -1.5950E+00   5.8459E-02  0.0008
  -1.5950E+00  -1.5900E+00   5.9229E-02  0.0008
  -1.5900E+00  -1.5850E+00   6.0025E-02  0.0008
  -1.5850E+00  -1.5800E+00   6.0881E-02  0.0008
  -1.5800E+00  -1.5750E+00   6.1752E-02  0.0008
  -1.5750E+00  -1.5700E+00   6.2701E-02  0.0008
  -1.5700E+00  -1.5650E+00   6.3677E-02  0.0008
  -1.5650E+00  -1.5600E+00   6.4753E-02  0.0008
  -1.5600E+00  -1.5550E+00   6.5875E-02  0.0008
  -1.5550E+00  -1.5500E+00   6.7065E-02  0.0008
  -1.5500E+00  -1.5450E+00   6.8342E-02  0.0008
  -1.5450E+00  -1.5400E+00   6.9701E-02  0.0008
  -1.5400E+00  -1.5350E+00   7.1147E-02  0.0008
  -1.5350E+00  -1.5300E+00   7.2725E-02  0.0008
  -1.5300E+00  -1.5250E+00   7.4416E-02  0.0008
  -1.5250E+00  -1.5200E+00   7.6272E-02  0.0008
  -1.5200E+00  -1.5150E+00   7.8322E-02  0.0008
  -1.5150E+00  -1.5100E+00   8.0570E-02  0.0008
  -1.5100E+00  -1.5050E+00   8.3049E-02  0.0008
  -1.5050E+00  -1.5000E+00   8.5831E-02  0.0008
  -1.5000E+00  -1.4950E+00   8.8953E-02  0.0008
  -1.4950E+00  -1.4900E+00   9.2507E-02  0.0008
  -1.4900E+00  -1.4850E+00   9.6556E-02  0.0008
  -1.4850E+00  -1.4800E+00   1.0127E-01  0.0008
  -1.4800E+00  -1.4750E+00   1.0688E-01  0.0008
  -1.4750E+00  -1.4700E+00   1.1362E-01  0.0008
  -1.4700E+00  -1.4650E+00   1.2192E-01  0.0008
  -1.4650E+00  -1.4600E+00   1.3246E-01  0.0008
  -1.4600E+00  -1.4550E+00   1.4653E-01  0.0008
  -1.4550E+00  -1.4500E+00   1.6692E-01  0.0008
  -1.4500E+00  -1.4450E+00   2.0159E-01  0.0008
  -1.4450E+00  -1.4400E+00   2.9861E-01  0.0008
  -1.4400E+00  -1.4350E+00   1.5374E-01  0.0008
  -1.4350E+00  -1.4300E+00   1.7312E-05  0.0404
  -1.4300E+00  -1.4250E+00   1.7614E-05  0.0563
  -1.4250E+00  -1.4200E+00   1.7773E-05  0.0500
  -1.4200E+00  -1.4150E+00   1.6496E-05  0.0367
  -1.4150E+00  -1.4100E+00   1.6777E-05  0.0399
  -1.4100E+00  -1.4050E+00   1.7688E-05  0.0844
  -1.4050E+00  -1.4000E+00   1.6247E-05  0.0456
  -1.4000E+00  -1.3950E+00   1.6653E-05  0.0412
  -1.3950E+00  -1.3900E+00   1.6997E-05  0.0444
  -1.3900E+00  -1.3850E+00   1.7327E-05  0.0507
  -1.3850E+00  -1.3800E+00   1.6232E-05  0.0437
  -1.3800E+00  -1.3750E+00   1.6703E-05  0.0491
  -1.3750E+00  -1.3700E+00   1.7062E-05  0.0525
  -1.3700E+00  -1.3650E+00   1.6021E-05  0.0502
  -1.3650E+00  -1.3600E+00   1.5628E-05  0.0459
  -1.3600E+00  -1.3550E+00   1.5132E-05  0.0448
  -1.3550E+00  -1.3500E+00   1.6084E-05  0.0613
  -1.3500E+00  -1.3450E+00   1.5174E-05  0.0448
  -1.3450E+00  -1.3400E+00   1.5032E-05  0.0796
  -1.3400E+00  -1.3350E+00   1.4036E-05  0.0438
  -1.3350E+00  -1.3300E+00   1.4456E-05  0.0495
  -1.3300E+00  -1.3250E+00   1.4751E-05  0.0426
  -1.3250E+00  -1.3200E+00   1.5087E-05  0.0606
  -1.3200E+00  -1.3150E+00   1.4720E-05  0.0540
  -1.3150E+00  -1.3100E+00   1.3949E-05  0.0425
  -1.3100E+00  -1.3050E+00   1.3826E-05  0.0419
  -1.3050E+00  -1.3000E+00   1.4265E-05  0.0419
  -1.3000E+00  -1.2950E+00   1.5332E-05  0.0544
  -1.2950E+00  -1.2900E+00   1.4629E-05  0.0594
  -1.2900E+00  -1.2850E+00   1.4382E-05  0.0497
  -1.2850E+00  -1.2800E+00   1.5616E-05  0.0755
  -1.2800E+00  -1.2750E+00   1.4368E-05  0.0649
  -1.2750E+00  -1.2700E+00   1.4341E-05  0.0636
  -1.2700E+00  -1.2650E+00   1.5426E-05  0.0990
  -1.2650E+00  -1.2600E+00   1.3340E-05  0.0478
  -1.2600E+00  -1.2550E+00   1.3633E-05  0.0540
  -1.2550E+00  -1.2500E+00   1.4799E-05  0.0609
  -1.2500E+00  -1.2450E+00   1.7316E-05  0.1095
  -1.2450E+00  -1.2400E+00   1.4586E-05  0.0477
  -1.2400E+00  -1.2350E+00   1.4942E-05  0.0505
  -1.2350E+00  -1.2300E+00   1.5371E-05  0.0508
  -1.2300E+00  -1.2250E+00   1.5474E-05  0.0738
  -1.2250E+00  -1.2200E+00   1.5997E-05  0.0964
  -1.2200E+00  -1.2150E+00   1.5393E-05  0.0636
  -1.2150E+00  -1.2100E+00   1.4297E-05  0.0531
  -1.2100E+00  -1.2050E+00   1.4096E-05  0.0689
  -1.2050E+00  -1.2000E+00   1.4311E-05  0.0637
  -1.2000E+00  -1.1950E+00   1.3394E-05  0.0626
  -1.1950E+00  -1.1900E+00   1.2773E-05  0.0508
  -1.1900E+00  -1.1850E+00   1.3027E-05  0.0547
  -1.1850E+00  -1.1800E+00   1.2318E-05  0.0436
  -1.1800E+00  -1.1750E+00   1.4244E-05  0.0888
  -1.1750E+00  -1.1700E+00   1.3805E-05  0.0487
  -1.1700E+00  -1.1650E+00   1.3043E-05  0.0410
  -1.1650E+00  -1.1600E+00   1.2412E-05  0.0484
  -1.1600E+00  -1.1550E+00   1.1915E-05  0.0404
  -1.1550E+00  -1.1500E+00   1.2164E-05  0.0543
  -1.1500E+00  -1.1450E+00   1.2529E-05  0.0564
  -1.1450E+00  -1.1400E+00   1.2272E-05  0.0508
  -1.1400E+00  -1.1350E+00   1.3605E-05  0.1112
  -1.1350E+00  -1.1300E+00   1.2157E-05  0.0472
  -1.1300E+00  -1.1250E+00   1.2356E-05  0.0492
  -1.1250E+00  -1.1200E+00   1.2444E-05  0.0457
  -1.1200E+00  -1.1150E+00   1.2653E-05  0.0490
  -1.1150E+00  -1.1100E+00   1.2937E-05  0.0509
  -1.1100E+00  -1.1050E+00   1.3197E-05  0.0593
  -1.1050E+00  -1.1000E+00   1.3350E-05  0.0537
  -1.1000E+00  -1.0950E+00   1.2288E-05  0.0475
  -1.0950E+00  -1.0900E+00   1.3214E-05  0.0592
  -1.0900E+00  -1.0850E+00   1.2954E-05  0.0618
  -1.0850E+00  -1.0800E+00   1.3128E-05  0.0600
  -1.0800E+00  -1.0750E+00   1.3452E-05  0.0632
  -1.0750E+00  -1.0700E+00   1.2743E-05  0.0739
  -1.0700E+00  -1.0650E+00   1.2811E-05  0.0690
  -1.0650E+00  -1.0600E+00   1.1899E-05  0.0615
  -1.0600E+00  -1.0550E+00   1.1361E-05  0.0623
  -1.0550E+00  -1.0500E+00   1.3257E-05  0.0989
  -1.0500E+00  -1.0450E+00   1.1158E-05  0.0555
  -1.0450E+00  -1.0400E+00   1.1842E-05  0.0879
  -1.0400E+00  -1.0350E+00   1.0146E-05  0.0476
  -1.0350E+00  -1.0300E+00   1.0934E-05  0.0534
  -1.0300E+00  -1.0250E+00   1.1651E-05  0.0560
  -1.0250E+00  -1.0200E+00   1.1803E-05  0.0677
  -1.0200E+00  -1.0150E+00   1.0951E-05  0.0488
  -1.0150E+00  -1.0100E+00   1.0822E-05  0.0570
  -1.0100E+00  -1.0050E+00   1.1095E-05  0.0524
  -1.0050E+00  -1.0000E+00   1.0587E-05  0.0449
  -1.0000E+00  -9.9500E-01   1.1506E-05  0.0570
  -9.9500E-01  -9.9000E-01   1.1141E-05  0.0564
  -9.9000E-01  -9.8500E-01   1.3884E-05  0.1257
  -9.8500E-01  -9.8000E-01   1.2359E-05  0.1105
  -9.8000E-01  -9.7500E-01   1.1329E-05  0.0596
  -9.7500E-01  -9.7000E-01   1.1225E-05  0.0691
  -9.7000E-01  -9.6500E-01   1.0551E-05  0.0549
  -9.6500E-01  -9.6000E-01   1.1293E-05  0.0673
  -9.6000E-01  -9.5500E-01   1.0237E-05  0.0620
  -9.5500E-01  -9.5000E-01   1.0300E-05  0.0675
  -9.5000E-01  -9.4500E-01   1.0809E-05  0.0595
  -9.4500E-01  -9.4000E-01   1.0791E-05  0.0624
  -9.4000E-01  -9.3500E-01   1.0967E-05  0.0644
  -9.3500E-01  -9.3000E-01   1.1209E-05  0.0587
  -9.3000E-01  -9.2500E-01   1.2453E-05  0.1107
  -9.2500E-01  -9.2000E-01   1.0633E-05  0.0525
  -9.2000E-01  -9.1500E-01   1.0894E-05  0.0640
  -9.1500E-01  -9.1000E-01   1.0632E-05  0.0520
  -9.1000E-01  -9.0500E-01   1.0102E-05  0.0516
  -9.0500E-01  -9.0000E-01   1.1331E-05  0.0680
  -9.0000E-01  -8.9500E-01   1.1257E-05  0.0581
  -8.9500E-01  -8.9000E-01   1.0594E-05  0.0558
  -8.9000E-01  -8.8500E-01   1.0904E-05  0.0511
  -8.8500E-01  -8.8000E-01   1.1362E-05  0.0761
  -8.8000E-01  -8.7500E-01   1.0206E-05  0.0505
  -8.7500E-01  -8.7000E-01   1.2001E-05  0.1171
  -8.7000E-01  -8.6500E-01   1.0298E-05  0.0526
  -8.6500E-01  -8.6000E-01   9.8815E-06  0.0552
  -8.6000E-01  -8.5500E-01   1.0154E-05  0.0742
  -8.5500E-01  -8.5000E-01   9.4723E-06  0.0715
  -8.5000E-01  -8.4500E-01   1.1197E-05  0.1229
  -8.4500E-01  -8.4000E-01   9.3294E-06  0.0552
  -8.4000E-01  -8.3500E-01   9.9717E-06  0.0660
  -8.3500E-01  -8.3000E-01   1.2527E-05  0.1145
  -8.3000E-01  -8.2500E-01   1.0914E-05  0.0720
  -8.2500E-01  -8.2000E-01   1.0684E-05  0.0688
  -8.2000E-01  -8.1500E-01   1.0447E-05  0.0941
  -8.1500E-01  -8.1000E-01   1.0476E-05  0.1098
  -8.1000E-01  -8.0500E-01   1.0517E-05  0.0663
  -8.0500E-01  -8.0000E-01   1.0761E-05  0.0745
  -8.0000E-01  -7.9500E-01   9.8718E-06  0.0727
  -7.9500E-01  -7.9000E-01   8.8393E-06  0.0532
  -7.9000E-01  -7.8500E-01   1.0641E-05  0.1116
  -7.8500E-01  -7.8000E-01   8.7819E-06  0.0615
  -7.8000E-01  -7.7500E-01   1.0076E-05  0.0858
  -7.7500E-01  -7.7000E-01   9.1993E-06  0.0639
  -7.7000E-01  -7.6500E-01   1.0070E-05  0.0668
  -7.6500E-01  -7.6000E-01   1.2095E-05  0.0980
  -7.6000E-01  -7.5500E-01   1.2069E-05  0.1156
  -7.5500E-01  -7.5000E-01   1.0259E-05  0.0653
  -7.5000E-01  -7.4500E-01   1.1995E-05  0.1072
  -7.4500E-01  -7.4000E-01   1.0394E-05  0.0569
  -7.4000E-01  -7.3500E-01   9.9717E-06  0.0609
  -7.3500E-01  -7.3000E-01   9.5523E-06  0.0634
  -7.3000E-01  -7.2500E-01   9.0094E-06  0.0542
  -7.2500E-01  -7.2000E-01   9.0249E-06  0.0538
  -7.2000E-01  -7.1500E-01   9.9137E-06  0.0900
  -7.1500E-01  -7.1000E-01   9.8729E-06  0.0707
  -7.1000E-01  -7.0500E-01   1.0325E-05  0.1337
  -7.0500E-01  -7.0000E-01   8.7531E-06  0.0717
  -7.0000E-01  -6.9500E-01   1.0498E-05  0.1070
  -6.9500E-01  -6.9000E-01   9.7756E-06  0.0697
  -6.9000E-01  -6.8500E-01   9.1915E-06  0.0589
  -6.8500E-01  -6.8000E-01   9.1256E-06  0.0598
  -6.8000E-01  -6.7500E-01   1.0645E-05  0.0765
  -6.7500E-01  -6.7000E-01   9.9898E-06  0.0751
  -6.7000E-01  -6.6500E-01   9.3167E-06  0.0632
  -6.6500E-01  -6.6000E-01   1.0770E-05  0.1135
  -6.6000E-01  -6.5500E-01   8.3158E-06  0.0586
  -6.5500E-01  -6.5000E-01   9.1821E-06  0.0690
  -6.5000E-01  -6.4500E-01   8.3256E-06  0.0740
  -6.4500E-01  -6.4000E-01   8.3828E-06  0.0601
  -6.4000E-01  -6.3500E-01   8.4800E-06  0.0723
  -6.3500E-01  -6.3000E-01   8.4346E-06  0.0699
  -6.3000E-01  -6.2500E-01   9.5007E-06  0.0823
  -6.2500E-01  -6.2000E-01   8.9530E-06  0.0677
  -6.2000E-01  -6.1500E-01   9.0067E-06  0.0664
  -6.1500E-01  -6.1000E-01   9.3986E-06  0.0677
  -6.1000E-01  -6.0500E-01   9.8001E-06  0.0902
  -6.0500E-01  -6.0000E-01   7.9088E-06  0.0583
  -6.0000E-01  -5.9500E-01   8.1677E-06  0.0690
  -5.9500E-01  -5.9000E-01   8.8966E-06  0.0765
  -5.9000E-01  -5.8500E-01   9.1146E-06  0.0948
  -5.8500E-01  -5.8000E-01   9.1177E-06  0.0855
  -5.8000E-01  -5.7500E-01   9.8704E-06  0.1207
  -5.7500E-01  -5.7000E-01   8.3268E-06  0.0776
  -5.7000E-01  -5.6500E-01   8.5285E-06  0.0700
  -5.6500E-01  -5.6000E-01   9.4312E-06  0.0965
  -5.6000E-01  -5.5500E-01   9.2724E-06  0.0920
  -5.5500E-01  -5.5000E-01   8.9544E-06  0.0898
  -5.5000E-01  -5.4500E-01   8.5739E-06  0.0727
  -5.4500E-01  -5.4000E-01   8.2999E-06  0.0742
  -5.4000E-01  -5.3500E-01   7.8512E-06  0.0704
  -5.3500E-01  -5.3000E-01   9.8854E-06  0.1118
  -5.3000E-01  -5.2500E-01   8.4280E-06  0.0699
  -5.2500E-01  -5.2000E-01   8.8176E-06  0.0739
  -5.2000E-01  -5.1500E-01   9.4709E-06  0.1235
  -5.1500E-01  -5.1000E-01   7.8717E-06  0.0664
  -5.1000E-01  -5.0500E-01   9.3976E-06  0.1834
  -5.0500E-01  -5.0000E-01   7.6799E-06  0.0673
  -5.0000E-01  -4.9500E-01   8.4633E-06  0.1171
  -4.9500E-01  -4.9000E-01   8.0036E-06  0.0687
  -4.9000E-01  -4.8500E-01   7.2332E-06  0.0616
  -4.8500E-01  -4.8000E-01   7.6444E-06  0.0710
  -4.8000E-01  -4.7500E-01   9.7030E-06  0.1508
  -4.7500E-01  -4.7000E-01   7.6366E-06  0.0675
  -4.7000E-01  -4.6500E-01   7.3893E-06  0.0814
  -4.6500E-01  -4.6000E-01   7.2167E-06  0.0598
  -4.6000E-01  -4.5500E-01   7.8021E-06  0.0866
  -4.5500E-01  -4.5000E-01   8.3680E-06  0.0893
  -4.5000E-01  -4.4500E-01   7.3084E-06  0.0735
  -4.4500E-01  -4.4000E-01   7.2189E-06  0.0864
  -4.4000E-01  -4.3500E-01   6.5786E-06  0.0685
  -4.3500E-01  -4.3000E-01   9.0304E-06  0.1053
  -4.3000E-01  -4.2500E-01   8.3879E-06  0.0817
  -4.2500E-01  -4.2000E-01   7.7426E-06  0.0735
  -4.2000E-01  -4.1500E-01   7.6365E-06  0.0819
  -4.1500E-01  -4.1000E-01   8.1583E-06  0.0863
  -4.1000E-01  -4.0500E-01   7.2668E-06  0.0639
  -4.0500E-01  -4.0000E-01   8.8750E-06  0.1640
  -4.0000E-01  -3.9500E-01   7.5046E-06  0.0655
  -3.9500E-01  -3.9000E-01   7.7720E-06  0.0734
  -3.9000E-01  -3.8500E-01   9.2915E-06  0.1320
  -3.8500E-01  -3.8000E-01   1.0247E-05  0.1389
  -3.8000E-01  -3.7500E-01   8.7472E-06  0.1037
  -3.7500E-01  -3.7000E-01   7.5047E-06  0.0823
  -3.7000E-01  -3.6500E-01   7.8066E-06  0.1127
  -3.6500E-01  -3.6000E-01   7.6673E-06  0.1043
  -3.6000E-01  -3.5500E-01   6.2208E-06  0.0597
  -3.5500E-01  -3.5000E-01   7.4158E-06  0.1012
  -3.5000E-01  -3.4500E-01   7.3168E-06  0.0908
  -3.4500E-01  -3.4000E-01   6.8354E-06  0.0658
  -3.4000E-01  -3.3500E-01   7.9122E-06  0.0970
  -3.3500E-01  -3.3000E-01   7.7871E-06  0.0905
  -3.3000E-01  -3.2500E-01   6.8894E-06  0.0739
  -3.2500E-01  -3.2000E-01   6.8970E-06  0.0684
  -3.2000E-01  -3.1500E-01   6.7365E-06  0.0634
  -3.1500E-01  -3.1000E-01   6.7411E-06  0.0633
  -3.1000E-01  -3.0500E-01   6.5128E-06  0.0603
  -3.0500E-01  -3.0000E-01   6.3773E-06  0.0610
  -3.0000E-01  -2.9500E-01   6.9086E-06  0.0615
  -2.9500E-01  -2.9000E-01   8.2061E-06  0.1259
  -2.9000E-01  -2.8500E-01   8.2267E-06  0.1295
  -2.8500E-01  -2.8000E-01   7.0298E-06  0.0920
  -2.8000E-01  -2.7500E-01   6.2260E-06  0.0713
  -2.7500E-01  -2.7000E-01   6.0157E-06  0.0583
  -2.7000E-01  -2.6500E-01   7.5307E-06  0.1372
  -2.6500E-01  -2.6000E-01   6.4249E-06  0.0795
  -2.6000E-01  -2.5500E-01   7.9559E-06  0.1367
  -2.5500E-01  -2.5000E-01   7.2855E-06  0.1135
  -2.5000E-01  -2.4500E-01   7.4747E-06  0.1050
  -2.4500E-01  -2.4000E-01   7.1368E-06  0.1001
  -2.4000E-01  -2.3500E-01   6.5945E-06  0.0852
  -2.3500E-01  -2.3000E-01   6.8099E-06  0.1161
  -2.3000E-01  -2.2500E-01   6.5804E-06  0.0757
  -2.2500E-01  -2.2000E-01   7.2017E-06  0.1434
  -2.2000E-01  -2.1500E-01   6.3823E-06  0.0875
  -2.1500E-01  -2.1000E-01   6.6314E-06  0.0892
  -2.1000E-01  -2.0500E-01   6.6717E-06  0.0809
  -2.0500E-01  -2.0000E-01   6.6072E-06  0.0907
  -2.0000E-01  -1.9500E-01   6.3206E-06  0.0671
  -1.9500E-01  -1.9000E-01   6.0267E-06  0.0643
  -1.9000E-01  -1.8500E-01   7.6081E-06  0.1406
  -1.8500E-01  -1.8000E-01   7.6667E-06  0.0886
  -1.8000E-01  -1.7500E-01   7.2316E-06  0.0893
  -1.7500E-01  -1.7000E-01   5.9664E-06  0.0772
  -1.7000E-01  -1.6500E-01   6.4201E-06  0.0683
  -1.6500E-01  -1.6000E-01   6.5591E-06  0.0707
  -1.6000E-01  -1.5500E-01   6.6237E-06  0.0995
  -1.5500E-01  -1.5000E-01   8.2063E-06  0.1442
  -1.5000E-01  -1.4500E-01   5.4966E-06  0.0822
  -1.4500E-01  -1.4000E-01   5.3127E-06  0.0704
  -1.4000E-01  -1.3500E-01   5.5984E-06  0.0767
  -1.3500E-01  -1.3000E-01   5.6728E-06  0.0988
  -1.3000E-01  -1.2500E-01   6.6448E-06  0.1155
  -1.2500E-01  -1.2000E-01   7.5935E-06  0.1850
  -1.2000E-01  -1.1500E-01   5.9890E-06  0.0735
  -1.1500E-01  -1.1000E-01   5.5874E-06  0.0770
  -1.1000E-01  -1.0500E-01   5.8931E-06  0.0745
  -1.0500E-01  -1.0000E-01   5.8734E-06  0.0876
  -1.0000E-01  -9.5000E-02   7.0673E-06  0.0998
  -9.5000E-02  -9.0000E-02   6.1634E-06  0.0976
  -9.0000E-02  -8.5000E-02   5.9236E-06  0.0752
  -8.5000E-02  -8.0000E-02   5.7911E-06  0.0680
  -8.0000E-02  -7.5000E-02   6.7550E-06  0.0927
  -7.5000E-02  -7.0000E-02   6.3156E-06  0.0935
  -7.0000E-02  -6.5000E-02   6.2177E-06  0.0818
  -6.5000E-02  -6.0000E-02   6.5097E-06  0.1052
  -6.0000E-02  -5.5000E-02   6.3042E-06  0.0879
  -5.5000E-02  -5.0000E-02   6.6181E-06  0.0958
  -5.0000E-02  -4.5000E-02   5.8849E-06  0.0921
  -4.5000E-02  -4.0000E-02   5.0600E-06  0.0703
  -4.0000E-02  -3.5000E-02   5.3561E-06  0.0730
  -3.5000E-02  -3.0000E-02   6.2104E-06  0.0998
  -3.0000E-02  -2.5000E-02   6.2908E-06  0.0923
  -2.5000E-02  -2.0000E-02   6.2845E-06  0.1206
  -2.0000E-02  -1.5000E-02   6.0644E-06  0.0927
  -1.5000E-02  -1.0000E-02   6.1660E-06  0.0930
  -1.0000E-02  -5.0000E-03   5.1300E-06  0.0718
  -5.0000E-03   0.0000E+00   5.1135E-06  0.0674
   0.0000E+00   5.0000E-03   6.4610E-06  0.1865
   5.0000E-03   1.0000E-02   6.0077E-06  0.0866
   1.0000E-02   1.5000E-02   6.0931E-06  0.1003
   1.5000E-02   2.0000E-02   5.3685E-06  0.0663
   2.0000E-02   2.5000E-02   6.1695E-06  0.1413
   2.5000E-02   3.0000E-02   5.7370E-06  0.1086
   3.0000E-02   3.5000E-02   8.3580E-06  0.1736
   3.5000E-02   4.0000E-02   6.2690E-06  0.1075
   4.0000E-02   4.5000E-02   6.3214E-06  0.1606
   4.5000E-02   5.0000E-02   6.0377E-06  0.1595
   5.0000E-02   5.5000E-02   5.6294E-06  0.0927
   5.5000E-02   6.0000E-02   6.6250E-06  0.1155
   6.0000E-02   6.5000E-02   5.7196E-06  0.0981
   6.5000E-02   7.0000E-02   5.1257E-06  0.0652
   7.0000E-02   7.5000E-02   5.2533E-06  0.0652
   7.5000E-02   8.0000E-02   5.6274E-06  0.0818
   8.0000E-02   8.5000E-02   6.3206E-06  0.1203
   8.5000E-02   9.0000E-02   5.4419E-06  0.0778
   9.0000E-02   9.5000E-02   5.4999E-06  0.0805
   9.5000E-02   1.0000E-01   5.3413E-06  0.0806
   1.0000E-01   1.0500E-01   6.0173E-06  0.1031
   1.0500E-01   1.1000E-01   6.9992E-06  0.1407
   1.1000E-01   1.1500E-01   6.1792E-06  0.0898
   1.1500E-01   1.2000E-01   7.2266E-06  0.1389
   1.2000E-01   1.2500E-01   5.7864E-06  0.0960
   1.2500E-01   1.3000E-01   5.9274E-06  0.0972
   1.3000E-01   1.3500E-01   5.6014E-06  0.1207
   1.3500E-01   1.4000E-01   6.4689E-06  0.1533
   1.4000E-01   1.4500E-01   4.9675E-06  0.0723
   1.4500E-01   1.5000E-01   4.9486E-06  0.0777
   1.5000E-01   1.5500E-01   4.8559E-06  0.0735
   1.5500E-01   1.6000E-01   5.7323E-06  0.1364
   1.6000E-01   1.6500E-01   6.4435E-06  0.1177
   1.6500E-01   1.7000E-01   5.0005E-06  0.0877
   1.7000E-01   1.7500E-01   5.3806E-06  0.1033
   1.7500E-01   1.8000E-01   4.8871E-06  0.0800
   1.8000E-01   1.8500E-01   5.3529E-06  0.0745
   1.8500E-01   1.9000E-01   5.2612E-06  0.0792
   1.9000E-01   1.9500E-01   6.0095E-06  0.0939
   1.9500E-01   2.0000E-01   6.0124E-06  0.1192
   2.0000E-01   2.0500E-01   6.0649E-06  0.0923
   2.0500E-01   2.1000E-01   6.9186E-06  0.1552
   2.1000E-01   2.1500E-01   7.8070E-06  0.1721
   2.1500E-01   2.2000E-01   6.3745E-06  0.1449
   2.2000E-01   2.2500E-01   5.4888E-06  0.1027
   2.2500E-01   2.3000E-01   5.4098E-06  0.0955
   2.3000E-01   2.3500E-01   5.1829E-06  0.1103
   2.3500E-01   2.4000E-01   5.3702E-06  0.0970
   2.4000E-01   2.4500E-01   5.6976E-06  0.0965
   2.4500E-01   2.5000E-01   5.6232E-06  0.1002
   2.5000E-01   2.5500E-01   5.5973E-06  0.0830
   2.5500E-01   2.6000E-01   5.9594E-06  0.0909
   2.6000E-01   2.6500E-01   5.8925E-06  0.1216
   2.6500E-01   2.7000E-01   4.6199E-06  0.0834
   2.7000E-01   2.7500E-01   4.3334E-06  0.0833
   2.7500E-01   2.8000E-01   4.5691E-06  0.1013
   2.8000E-01   2.8500E-01   4.5970E-06  0.0937
   2.8500E-01   2.9000E-01   4.8428E-06  0.0986
   2.9000E-01   2.9500E-01   5.2853E-06  0.0910
   2.9500E-01   3.0000E-01   5.0937E-06  0.1075
   3.0000E-01   3.0500E-01   5.1109E-06  0.1029
   3.0500E-01   3.1000E-01   4.6047E-06  0.0912
   3.1000E-01   3.1500E-01   5.2804E-06  0.1371
   3.1500E-01   3.2000E-01   4.7409E-06  0.1099
   3.2000E-01   3.2500E-01   4.5582E-06  0.1771
   3.2500E-01   3.3000E-01   4.0409E-06  0.0836
   3.3000E-01   3.3500E-01   4.3320E-06  0.0714
   3.3500E-01   3.4000E-01   5.8767E-06  0.1800
   3.4000E-01   3.4500E-01   4.3857E-06  0.0855
   3.4500E-01   3.5000E-01   4.8765E-06  0.1093
   3.5000E-01   3.5500E-01   5.0395E-06  0.0979
   3.5500E-01   3.6000E-01   5.8735E-06  0.1614
   3.6000E-01   3.6500E-01   5.2314E-06  0.1009
   3.6500E-01   3.7000E-01   5.0425E-06  0.0971
   3.7000E-01   3.7500E-01   5.0685E-06  0.1089
   3.7500E-01   3.8000E-01   4.4411E-06  0.0945
   3.8000E-01   3.8500E-01   4.2148E-06  0.0768
   3.8500E-01   3.9000E-01   4.2047E-06  0.0701
   3.9000E-01   3.9500E-01   5.3119E-06  0.1718
   3.9500E-01   4.0000E-01   5.2049E-06  0.1375
   4.0000E-01   4.0500E-01   3.9677E-06  0.0839
   4.0500E-01   4.1000E-01   4.4303E-06  0.1010
   4.1000E-01   4.1500E-01   4.9189E-06  0.0944
   4.1500E-01   4.2000E-01   4.5843E-06  0.0906
   4.2000E-01   4.2500E-01   4.3144E-06  0.0890
   4.2500E-01   4.3000E-01   4.0906E-06  0.1083
   4.3000E-01   4.3500E-01   6.3699E-06  0.2117
   4.3500E-01   4.4000E-01   5.5048E-06  0.1476
   4.4000E-01   4.4500E-01   3.8470E-06  0.0950
   4.4500E-01   4.5000E-01   4.1678E-06  0.0879
   4.5000E-01   4.5500E-01   4.0628E-06  0.0763
   4.5500E-01   4.6000E-01   4.4025E-06  0.0938
   4.6000E-01   4.6500E-01   4.4746E-06  0.1191
   4.6500E-01   4.7000E-01   4.0755E-06  0.0808
   4.7000E-01   4.7500E-01   4.0431E-06  0.1058
   4.7500E-01   4.8000E-01   4.5674E-06  0.1253
   4.8000E-01   4.8500E-01   5.0257E-06  0.1304
   4.8500E-01   4.9000E-01   5.2577E-06  0.1247
   4.9000E-01   4.9500E-01   4.6163E-06  0.1193
   4.9500E-01   5.0000E-01   4.5164E-06  0.1233
   5.0000E-01   5.0500E-01   4.2274E-06  0.1121
   5.0500E-01   5.1000E-01   4.0653E-06  0.0893
   5.1000E-01   5.1500E-01   4.3496E-06  0.0797
   5.1500E-01   5.2000E-01   4.3280E-06  0.0946
   5.2000E-01   5.2500E-01   4.5703E-06  0.1134
   5.2500E-01   5.3000E-01   4.1736E-06  0.1128
   5.3000E-01   5.3500E-01   4.7913E-06  0.1289
   5.3500E-01   5.4000E-01   5.8298E-06  0.2444
   5.4000E-01   5.4500E-01   4.6728E-06  0.1036
   5.4500E-01   5.5000E-01   4.8046E-06  0.1185
   5.5000E-01   5.5500E-01   5.0355E-06  0.1319
   5.5500E-01   5.6000E-01   5.3428E-06  0.1708
   5.6000E-01   5.6500E-01   4.3070E-06  0.1190
   5.6500E-01   5.7000E-01   4.3554E-06  0.1108
   5.7000E-01   5.7500E-01   4.5491E-06  0.1093
   5.7500E-01   5.8000E-01   4.1992E-06  0.1183
   5.8000E-01   5.8500E-01   4.3497E-06  0.1327
   5.8500E-01   5.9000E-01   3.9506E-06  0.0852
   5.9000E-01   5.9500E-01   4.3543E-06  0.0981
   5.9500E-01   6.0000E-01   4.7172E-06  0.1365
   6.0000E-01   6.0500E-01   4.0377E-06  0.0864
   6.0500E-01   6.1000E-01   4.7083E-06  0.1357
   6.1000E-01   6.1500E-01   4.2951E-06  0.1015
   6.1500E-01   6.2000E-01   4.2837E-06  0.1371
   6.2000E-01   6.2500E-01   4.2378E-06  0.1256
   6.2500E-01   6.3000E-01   4.2710E-06  0.0968
   6.3000E-01   6.3500E-01   5.3476E-06  0.1948
   6.3500E-01   6.4000E-01   4.8206E-06  0.1326
   6.4000E-01   6.4500E-01   4.6192E-06  0.1106
   6.4500E-01   6.5000E-01   5.0182E-06  0.1702
   6.5000E-01   6.5500E-01   3.3125E-06  0.0814
   6.5500E-01   6.6000E-01   3.4004E-06  0.0913
   6.6000E-01   6.6500E-01   3.5833E-06  0.1263
   6.6500E-01   6.7000E-01   3.3394E-06  0.0781
   6.7000E-01   6.7500E-01   3.3949E-06  0.0822
   6.7500E-01   6.8000E-01   3.1805E-06  0.0768
   6.8000E-01   6.8500E-01   3.6158E-06  0.0751
   6.8500E-01   6.9000E-01   3.7721E-06  0.0939
   6.9000E-01   6.9500E-01   3.4937E-06  0.0805
   6.9500E-01   7.0000E-01   3.4930E-06  0.0879
   7.0000E-01   7.0500E-01   3.8103E-06  0.0910
   7.0500E-01   7.1000E-01   5.1373E-06  0.1974
   7.1000E-01   7.1500E-01   5.1119E-06  0.1370
   7.1500E-01   7.2000E-01   4.1396E-06  0.1233
   7.2000E-01   7.2500E-01   4.2548E-06  0.1368
   7.2500E-01   7.3000E-01   4.5215E-06  0.1507
   7.3000E-01   7.3500E-01   4.1142E-06  0.1147
   7.3500E-01   7.4000E-01   3.8926E-06  0.0988
   7.4000E-01   7.4500E-01   3.9776E-06  0.1285
   7.4500E-01   7.5000E-01   4.2457E-06  0.1648
   7.5000E-01   7.5500E-01   3.6494E-06  0.1190
   7.5500E-01   7.6000E-01   3.3220E-06  0.0906
   7.6000E-01   7.6500E-01   3.5613E-06  0.1068
   7.6500E-01   7.7000E-01   4.1402E-06  0.1097
   7.7000E-01   7.7500E-01   3.8254E-06  0.1054
   7.7500E-01   7.8000E-01   3.4434E-06  0.1042
   7.8000E-01   7.8500E-01   3.2887E-06  0.1026
   7.8500E-01   7.9000E-01   4.2219E-06  0.1341
   7.9000E-01   7.9500E-01   3.9018E-06  0.1337
   7.9500E-01   8.0000E-01   3.7182E-06  0.1081
   8.0000E-01   8.0500E-01   3.5313E-06  0.1173
   8.0500E-01   8.1000E-01   4.2008E-06  0.1885
   8.1000E-01   8.1500E-01   4.1855E-06  0.1136
   8.1500E-01   8.2000E-01   3.8175E-06  0.0913
   8.2000E-01   8.2500E-01   3.7704E-06  0.0962
   8.2500E-01   8.3000E-01   3.7041E-06  0.1096
   8.3000E-01   8.3500E-01   4.1650E-06  0.1162
   8.3500E-01   8.4000E-01   4.6323E-06  0.1807
   8.4000E-01   8.4500E-01   3.9828E-06  0.1284
   8.4500E-01   8.5000E-01   3.5439E-06  0.1366
   8.5000E-01   8.5500E-01   3.1979E-06  0.1120
   8.5500E-01   8.6000E-01   3.7634E-06  0.1236
   8.6000E-01   8.6500E-01   4.3484E-06  0.1303
   8.6500E-01   8.7000E-01   4.1432E-06  0.1472
   8.7000E-01   8.7500E-01   4.1698E-06  0.1581
   8.7500E-01   8.8000E-01   3.6460E-06  0.0940
   8.8000E-01   8.8500E-01   3.6128E-06  0.1019
   8.8500E-01   8.9000E-01   5.0155E-06  0.1890
   8.9000E-01   8.9500E-01   4.0722E-06  0.1248
   8.9500E-01   9.0000E-01   4.5099E-06  0.1300
   9.0000E-01   9.0500E-01   5.1142E-06  0.1980
   9.0500E-01   9.1000E-01   4.4632E-06  0.1452
   9.1000E-01   9.1500E-01   4.7515E-06  0.1800
   9.1500E-01   9.2000E-01   3.5116E-06  0.1231
   9.2000E-01   9.2500E-01   3.2046E-06  0.1186
   9.2500E-01   9.3000E-01   3.6115E-06  0.1412
   9.3000E-01   9.3500E-01   3.6147E-06  0.1273
   9.3500E-01   9.4000E-01   2.9953E-06  0.0967
   9.4000E-01   9.4500E-01   3.4879E-06  0.1457
   9.4500E-01   9.5000E-01   3.7628E-06  0.1390
   9.5000E-01   9.5500E-01   3.5460E-06  0.1399
   9.5500E-01   9.6000E-01   4.2404E-06  0.2523
   9.6000E-01   9.6500E-01   3.3112E-06  0.1079
   9.6500E-01   9.7000E-01   3.5860E-06  0.1094
   9.7000E-01   9.7500E-01   3.7178E-06  0.1134
   9.7500E-01   9.8000E-01   3.6445E-06  0.1381
   9.8000E-01   9.8500E-01   3.4580E-06  0.1392
   9.8500E-01   9.9000E-01   3.5847E-06  0.0980
   9.9000E-01   9.9500E-01   3.2303E-06  0.1007
   9.9500E-01   1.0000E+00   3.5099E-06  0.1185
   1.0000E+00   1.0050E+00   5.3066E-06  0.2606
   1.0050E+00   1.0100E+00   4.7315E-06  0.2737
   1.0100E+00   1.0150E+00   4.0954E-06  0.1525
   1.0150E+00   1.0200E+00   3.3667E-06  0.1026
   1.0200E+00   1.0250E+00   3.9112E-06  0.1260
   1.0250E+00   1.0300E+00   3.3216E-06  0.1222
   1.0300E+00   1.0350E+00   4.5056E-06  0.1708
   1.0350E+00   1.0400E+00   3.2664E-06  0.1928
   1.0400E+00   1.0450E+00   3.2472E-06  0.1690
   1.0450E+00   1.0500E+00   2.9986E-06  0.1058
   1.0500E+00   1.0550E+00   3.6661E-06  0.1621
   1.0550E+00   1.0600E+00   4.6409E-06  0.1608
   1.0600E+00   1.0650E+00   3.6102E-06  0.1434
   1.0650E+00   1.0700E+00   3.4004E-06  0.1299
   1.0700E+00   1.0750E+00   3.2876E-06  0.1301
   1.0750E+00   1.0800E+00   3.7153E-06  0.1430
   1.0800E+00   1.0850E+00   3.0303E-06  0.0892
   1.0850E+00   1.0900E+00   3.6025E-06  0.2220
   1.0900E+00   1.0950E+00   2.6457E-06  0.0847
   1.0950E+00   1.1000E+00   2.7849E-06  0.0822
   1.1000E+00   1.1050E+00   3.3139E-06  0.1581
   1.1050E+00   1.1100E+00   3.1062E-06  0.0988
   1.1100E+00   1.1150E+00   3.3331E-06  0.1249
   1.1150E+00   1.1200E+00   3.5955E-06  0.1301
   1.1200E+00   1.1250E+00   3.9633E-06  0.1170
   1.1250E+00   1.1300E+00   3.1469E-06  0.1137
   1.1300E+00   1.1350E+00   3.6801E-06  0.1664
   1.1350E+00   1.1400E+00   4.6590E-06  0.1584
   1.1400E+00   1.1450E+00   4.2105E-06  0.2329
   1.1450E+00   1.1500E+00   3.6041E-06  0.1408
   1.1500E+00   1.1550E+00   3.4874E-06  0.1427
   1.1550E+00   1.1600E+00   3.4232E-06  0.1536
   1.1600E+00   1.1650E+00   4.1376E-06  0.1149
   1.1650E+00   1.1700E+00   3.8107E-06  0.1081
   1.1700E+00   1.1750E+00   3.8156E-06  0.1149
   1.1750E+00   1.1800E+00   3.7311E-06  0.1403
   1.1800E+00   1.1850E+00   3.4214E-06  0.1208
   1.1850E+00   1.1900E+00   4.2720E-06  0.2219
   1.1900E+00   1.1950E+00   3.2283E-06  0.1285
   1.1950E+00   1.2000E+00   3.4879E-06  0.1319
   1.2000E+00   1.2050E+00   4.2385E-06  0.1705
   1.2050E+00   1.2100E+00   5.2272E-06  0.2609
   1.2100E+00   1.2150E+00   3.0901E-06  0.1290
   1.2150E+00   1.2200E+00   4.4586E-06  0.2366
   1.2200E+00   1.2250E+00   3.6471E-06  0.2379
   1.2250E+00   1.2300E+00   2.9846E-06  0.1334
   1.2300E+00   1.2350E+00   2.6450E-06  0.1055
   1.2350E+00   1.2400E+00   2.6532E-06  0.1175
   1.2400E+00   1.2450E+00   2.2429E-06  0.0904
   1.2450E+00   1.2500E+00   2.4845E-06  0.0853
   1.2500E+00   1.2550E+00   3.0316E-06  0.2299
   1.2550E+00   1.2600E+00   2.8176E-06  0.1484
   1.2600E+00   1.2650E+00   2.7914E-06  0.1006
   1.2650E+00   1.2700E+00   2.6327E-06  0.1098
   1.2700E+00   1.2750E+00   2.9223E-06  0.1204
   1.2750E+00   1.2800E+00   3.7545E-06  0.2696
   1.2800E+00   1.2850E+00   2.7149E-06  0.1110
   1.2850E+00   1.2900E+00   3.2831E-06  0.2469
   1.2900E+00   1.2950E+00   2.4017E-06  0.1423
   1.2950E+00   1.3000E+00   2.5824E-06  0.1746
   1.3000E+00   1.3050E+00   2.7286E-06  0.1668
   1.3050E+00   1.3100E+00   3.3693E-06  0.1589
   1.3100E+00   1.3150E+00   2.4796E-06  0.1223
   1.3150E+00   1.3200E+00   2.5253E-06  0.1173
   1.3200E+00   1.3250E+00   3.5839E-06  0.2536
   1.3250E+00   1.3300E+00   2.7934E-06  0.1244
   1.3300E+00   1.3350E+00   2.6643E-06  0.1258
   1.3350E+00   1.3400E+00   3.1601E-06  0.1585
   1.3400E+00   1.3450E+00   4.1103E-06  0.2479
   1.3450E+00   1.3500E+00   3.6894E-06  0.2670
   1.3500E+00   1.3550E+00   2.9179E-06  0.1014
   1.3550E+00   1.3600E+00   2.9030E-06  0.1189
   1.3600E+00   1.3650E+00   3.4449E-06  0.1460
   1.3650E+00   1.3700E+00   3.1106E-06  0.1444
   1.3700E+00   1.3750E+00   2.5420E-06  0.1015
   1.3750E+00   1.3800E+00   3.5895E-06  0.2669
   1.3800E+00   1.3850E+00   2.4096E-06  0.1209
   1.3850E+00   1.3900E+00   2.8346E-06  0.1644
   1.3900E+00   1.3950E+00   2.6434E-06  0.1173
   1.3950E+00   1.4000E+00   3.0606E-06  0.1958
   1.4000E+00   1.4050E+00   2.7533E-06  0.2306
   1.4050E+00   1.4100E+00   2.7171E-06  0.1266
   1.4100E+00   1.4150E+00   2.5808E-06  0.1264
   1.4150E+00   1.4200E+00   2.3853E-06  0.1243
   1.4200E+00   1.4250E+00   2.8913E-06  0.1442
   1.4250E+00   1.4300E+00   3.4236E-06  0.1599
   1.4300E+00   1.4350E+00   2.8133E-06  0.1609
   1.4350E+00   1.4400E+00   2.9169E-06  0.1848
   1.4400E+00   1.4450E+00   3.8777E-06  0.2311
   1.4450E+00   1.4500E+00   3.5343E-06  0.2245
   1.4500E+00   1.4550E+00   2.9997E-06  0.1192
   1.4550E+00   1.4600E+00   3.3317E-06  0.1952
   1.4600E+00   1.4650E+00   2.6926E-06  0.0956
   1.4650E+00   1.4700E+00   2.9108E-06  0.1602
   1.4700E+00   1.4750E+00   2.7216E-06  0.1060
   1.4750E+00   1.4800E+00   2.6518E-06  0.1120
   1.4800E+00   1.4850E+00   2.7794E-06  0.1169
   1.4850E+00   1.4900E+00   2.8629E-06  0.1490
   1.4900E+00   1.4950E+00   2.7016E-06  0.1262
   1.4950E+00   1.5000E+00   2.6246E-06  0.1217
   1.5000E+00   1.5050E+00   3.0977E-06  0.1387
   1.5050E+00   1.5100E+00   2.6203E-06  0.1336
   1.5100E+00   1.5150E+00   3.1489E-06  0.1678
   1.5150E+00   1.5200E+00   3.1913E-06  0.1476
   1.5200E+00   1.5250E+00   2.8763E-06  0.1072
   1.5250E+00   1.5300E+00   2.7058E-06  0.1226
   1.5300E+00   1.5350E+00   2.9601E-06  0.1000
   1.5350E+00   1.5400E+00   2.9540E-06  0.1079
   1.5400E+00   1.5450E+00   3.0044E-06  0.1128
   1.5450E+00   1.5500E+00   2.8145E-06  0.1151
   1.5500E+00   1.5550E+00   2.7958E-06  0.1395
   1.5550E+00   1.5600E+00   2.9892E-06  0.1690
   1.5600E+00   1.5650E+00   2.7602E-06  0.1230
   1.5650E+00   1.5700E+00   2.9845E-06  0.1557
   1.5700E+00   1.5750E+00   3.0578E-06  0.1396
   1.5750E+00   1.5800E+00   2.9747E-06  0.1344
   1.5800E+00   1.5850E+00   2.8048E-06  0.1170
   1.5850E+00   1.5900E+00   2.8849E-06  0.1139
   1.5900E+00   1.5950E+00   3.0315E-06  0.1386
   1.5950E+00   1.6000E+00   3.2748E-06  0.1855
   1.6000E+00   1.6050E+00   2.1791E-06  0.1271
   1.6050E+00   1.6100E+00   2.8413E-06  0.1266
   1.6100E+00   1.6150E+00   2.7302E-06  0.1203
   1.6150E+00   1.6200E+00   2.4738E-06  0.1574
   1.6200E+00   1.6250E+00   3.5319E-06  0.1937
   1.6250E+00   1.6300E+00   3.2645E-06  0.1950
   1.6300E+00   1.6350E+00   2.6872E-06  0.1574
   1.6350E+00   1.6400E+00   2.6412E-06  0.1902
   1.6400E+00   1.6450E+00   2.9637E-06  0.1667
   1.6450E+00   1.6500E+00   3.6367E-06  0.3204
   1.6500E+00   1.6550E+00   2.3345E-06  0.1612
   1.6550E+00   1.6600E+00   2.0190E-06  0.0940
   1.6600E+00   1.6650E+00   2.1276E-06  0.0975
   1.6650E+00   1.6700E+00   1.9667E-06  0.0971
   1.6700E+00   1.6750E+00   2.3681E-06  0.1921
   1.6750E+00   1.6800E+00   2.1157E-06  0.1112
   1.6800E+00   1.6850E+00   2.5015E-06  0.1395
   1.6850E+00   1.6900E+00   2.4458E-06  0.1761
   1.6900E+00   1.6950E+00   2.4628E-06  0.1126
   1.6950E+00   1.7000E+00   2.6877E-06  0.1565
   1.7000E+00   1.7050E+00   3.0822E-06  0.1871
   1.7050E+00   1.7100E+00   3.5207E-06  0.2925
   1.7100E+00   1.7150E+00   3.7270E-06  0.2624
   1.7150E+00   1.7200E+00   2.2544E-06  0.1575
   1.7200E+00   1.7250E+00   3.5584E-06  0.2297
   1.7250E+00   1.7300E+00   2.4107E-06  0.1161
   1.7300E+00   1.7350E+00   2.1743E-06  0.1173
   1.7350E+00   1.7400E+00   2.1862E-06  0.1062
   1.7400E+00   1.7450E+00   2.0315E-06  0.1111
   1.7450E+00   1.7500E+00   3.1155E-06  0.1829
   1.7500E+00   1.7550E+00   2.9499E-06  0.1421
   1.7550E+00   1.7600E+00   2.9403E-06  0.1531
   1.7600E+00   1.7650E+00   2.6240E-06  0.1092
   1.7650E+00   1.7700E+00   2.5835E-06  0.1057
   1.7700E+00   1.7750E+00   2.4624E-06  0.1275
   1.7750E+00   1.7800E+00   2.9697E-06  0.1403
   1.7800E+00   1.7850E+00   3.2890E-06  0.2393
   1.7850E+00   1.7900E+00   2.8753E-06  0.1396
   1.7900E+00   1.7950E+00   3.2255E-06  0.2132
   1.7950E+00   1.8000E+00   3.4062E-06  0.2952
   1.8000E+00   1.8050E+00   2.4003E-06  0.1608
   1.8050E+00   1.8100E+00   2.7323E-06  0.1358
   1.8100E+00   1.8150E+00   2.3526E-06  0.1472
   1.8150E+00   1.8200E+00   2.0211E-06  0.1582
   1.8200E+00   1.8250E+00   2.4689E-06  0.1584
   1.8250E+00   1.8300E+00   4.8180E-06  0.4507
   1.8300E+00   1.8350E+00   2.3060E-06  0.1202
   1.8350E+00   1.8400E+00   2.9215E-06  0.2910
   1.8400E+00   1.8450E+00   2.7245E-06  0.1505
   1.8450E+00   1.8500E+00   2.7188E-06  0.1206
   1.8500E+00   1.8550E+00   2.8423E-06  0.1269
   1.8550E+00   1.8600E+00   3.0075E-06  0.1511
   1.8600E+00   1.8650E+00   3.1522E-06  0.1713
   1.8650E+00   1.8700E+00   2.6171E-06  0.1293
   1.8700E+00   1.8750E+00   3.0459E-06  0.1478
   1.8750E+00   1.8800E+00   3.2568E-06  0.1632
   1.8800E+00   1.8850E+00   2.8310E-06  0.1534
   1.8850E+00   1.8900E+00   3.8320E-06  0.2607
   1.8900E+00   1.8950E+00   3.0439E-06  0.1140
   1.8950E+00   1.9000E+00   3.8529E-06  0.1953
   1.9000E+00   1.9050E+00   4.0145E-06  0.3212
   1.9050E+00   1.9100E+00   3.8667E-06  0.2770
   1.9100E+00   1.9150E+00   2.7687E-06  0.1291
   1.9150E+00   1.9200E+00   3.2561E-06  0.1799
   1.9200E+00   1.9250E+00   3.2031E-06  0.1413
   1.9250E+00   1.9300E+00   2.8802E-06  0.1387
   1.9300E+00   1.9350E+00   2.6533E-06  0.1586
   1.9350E+00   1.9400E+00   2.6985E-06  0.1393
   1.9400E+00   1.9450E+00   2.7009E-06  0.1652
   1.9450E+00   1.9500E+00   3.5240E-06  0.1933
   1.9500E+00   1.9550E+00   2.2636E-06  0.1340
   1.9550E+00   1.9600E+00   2.6940E-06  0.1448
   1.9600E+00   1.9650E+00   2.7384E-06  0.1554
   1.9650E+00   1.9700E+00   2.9842E-06  0.1716
   1.9700E+00   1.9750E+00   2.8201E-06  0.2137
   1.9750E+00   1.9800E+00   1.9117E-06  0.1070
   1.9800E+00   1.9850E+00   1.9134E-06  0.0942
   1.9850E+00   1.9900E+00   2.3660E-06  0.1067
   1.9900E+00   1.9950E+00   2.1507E-06  0.1093
   1.9950E+00   2.0000E+00   1.8911E-06  0.1110
   2.0000E+00   2.0050E+00   2.0990E-06  0.1217
   2.0050E+00   2.0100E+00   3.4310E-06  0.2804
   2.0100E+00   2.0150E+00   2.6675E-06  0.2063
   2.0150E+00   2.0200E+00   3.9773E-06  0.2967
   2.0200E+00   2.0250E+00   2.6172E-06  0.1463
   2.0250E+00   2.0300E+00   2.6359E-06  0.1483
   2.0300E+00   2.0350E+00   2.8838E-06  0.1599
   2.0350E+00   2.0400E+00   3.2049E-06  0.2288
   2.0400E+00   2.0450E+00   3.2275E-06  0.1893
   2.0450E+00   2.0500E+00   3.2401E-06  0.2173
   2.0500E+00   2.0550E+00   3.2553E-06  0.2093
   2.0550E+00   2.0600E+00   2.4816E-06  0.1836
   2.0600E+00   2.0650E+00   2.4550E-06  0.1540
   2.0650E+00   2.0700E+00   2.4565E-06  0.1418
   2.0700E+00   2.0750E+00   2.6213E-06  0.1804
   2.0750E+00   2.0800E+00   2.3919E-06  0.1846
   2.0800E+00   2.0850E+00   2.7073E-06  0.1838
   2.0850E+00   2.0900E+00   2.5902E-06  0.1852
   2.0900E+00   2.0950E+00   2.0718E-06  0.1632
   2.0950E+00   2.1000E+00   2.2039E-06  0.1698
   2.1000E+00   2.1050E+00   1.9921E-06  0.1390
   2.1050E+00   2.1100E+00   2.0444E-06  0.1236
   2.1100E+00   2.1150E+00   2.6040E-06  0.1299
   2.1150E+00   2.1200E+00   3.8473E-06  0.2329
   2.1200E+00   2.1250E+00   2.5560E-06  0.1537
   2.1250E+00   2.1300E+00   2.4470E-06  0.1565
   2.1300E+00   2.1350E+00   2.3153E-06  0.1394
   2.1350E+00   2.1400E+00   2.2615E-06  0.1441
   2.1400E+00   2.1450E+00   2.5379E-06  0.1428
   2.1450E+00   2.1500E+00   2.4755E-06  0.1586
   2.1500E+00   2.1550E+00   2.6545E-06  0.1963
   2.1550E+00   2.1600E+00   2.5037E-06  0.1699
   2.1600E+00   2.1650E+00   2.4658E-06  0.1717
   2.1650E+00   2.1700E+00   2.0756E-06  0.1615
   2.1700E+00   2.1750E+00   2.1599E-06  0.1926
   2.1750E+00   2.1800E+00   2.2334E-06  0.1704
   2.1800E+00   2.1850E+00   2.6580E-06  0.3517
   2.1850E+00   2.1900E+00   1.7208E-06  0.1324
   2.1900E+00   2.1950E+00   1.8215E-06  0.1409
   2.1950E+00   2.2000E+00   1.8908E-06  0.1429
   2.2000E+00   2.2050E+00   2.0177E-06  0.1737
   2.2050E+00   2.2100E+00   1.7732E-06  0.1398
   2.2100E+00   2.2150E+00   1.7234E-06  0.1467
   2.2150E+00   2.2200E+00   1.8873E-06  0.1703
   2.2200E+00   2.2250E+00   2.0503E-06  0.1734
   2.2250E+00   2.2300E+00   1.7035E-06  0.1260
   2.2300E+00   2.2350E+00   1.5320E-06  0.1464
   2.2350E+00   2.2400E+00   1.5993E-06  0.1400
   2.2400E+00   2.2450E+00   1.6284E-06  0.1518
   2.2450E+00   2.2500E+00   1.5880E-06  0.1848
   2.2500E+00   2.2550E+00   2.2948E-06  0.1858
   2.2550E+00   2.2600E+00   1.8924E-06  0.2573
   2.2600E+00   2.2650E+00   1.8199E-06  0.2429
   2.2650E+00   2.2700E+00   1.5607E-06  0.1845
   2.2700E+00   2.2750E+00   2.6736E-06  0.2800
   2.2750E+00   2.2800E+00   1.6591E-06  0.2202
   2.2800E+00   2.2850E+00   1.6458E-06  0.1933
   2.2850E+00   2.2900E+00   1.5141E-06  0.1355
   2.2900E+00   2.2950E+00   1.8298E-06  0.2293
   2.2950E+00   2.3000E+00   1.9199E-06  0.1697
   2.3000E+00   2.3050E+00   2.8677E-06  0.3400
   2.3050E+00   2.3100E+00   1.5225E-06  0.1482
   2.3100E+00   2.3150E+00   1.5682E-06  0.1996
   2.3150E+00   2.3200E+00   2.5665E-06  0.3552
   2.3200E+00   2.3250E+00   2.2110E-06  0.2426
   2.3250E+00   2.3300E+00   2.1654E-06  0.3655
   2.3300E+00   2.3350E+00   1.9658E-06  0.2256
   2.3350E+00   2.3400E+00   1.4862E-06  0.1349
   2.3400E+00   2.3450E+00   1.6525E-06  0.1406
   2.3450E+00   2.3500E+00   2.3258E-06  0.2844
   2.3500E+00   2.3550E+00   2.3920E-06  0.1963
   2.3550E+00   2.3600E+00   2.4415E-06  0.2256
   2.3600E+00   2.3650E+00   2.8147E-06  0.3492
   2.3650E+00   2.3700E+00   1.2971E-06  0.1222
   2.3700E+00   2.3750E+00   1.4700E-06  0.1189
   2.3750E+00   2.3800E+00   1.5921E-06  0.1263
   2.3800E+00   2.3850E+00   1.5739E-06  0.1239
   2.3850E+00   2.3900E+00   1.8071E-06  0.1689
   2.3900E+00   2.3950E+00   1.7312E-06  0.1505
   2.3950E+00   2.4000E+00   1.5886E-06  0.1440
   2.4000E+00   2.4050E+00   1.8349E-06  0.1367
   2.4050E+00   2.4100E+00   2.0233E-06  0.1524
   2.4100E+00   2.4150E+00   1.9265E-06  0.1691
   2.4150E+00   2.4200E+00   2.3144E-06  0.1837
   2.4200E+00   2.4250E+00   2.0791E-06  0.2112
   2.4250E+00   2.4300E+00   2.0685E-06  0.2107
   2.4300E+00   2.4350E+00   1.8217E-06  0.1497
   2.4350E+00   2.4400E+00   1.6120E-06  0.1545
   2.4400E+00   2.4450E+00   1.4913E-06  0.1950
   2.4450E+00   2.4500E+00   2.5089E-06  0.3859
   2.4500E+00   2.4550E+00   2.5561E-06  0.4257
   2.4550E+00   2.4600E+00   1.4713E-06  0.3166
   2.4600E+00   2.4650E+00   1.1907E-06  0.1307
   2.4650E+00   2.4700E+00   2.0749E-06  0.4135
   2.4700E+00   2.4750E+00   1.3181E-06  0.1311
   2.4750E+00   2.4800E+00   1.1446E-06  0.1366
   2.4800E+00   2.4850E+00   1.1501E-06  0.1408
   2.4850E+00   2.4900E+00   1.3208E-06  0.1606
   2.4900E+00   2.4950E+00   1.6020E-06  0.2313
   2.4950E+00   2.5000E+00   1.5005E-06  0.1971

#   sum over                 9.7206E+00

'no. =  1,  ir =  1'
msuc: {\huge depth-dose distribution}
msdr: {\it plotted by \ANGEL \version}
msdl: {\it calculated by \PHITS  3.32}
wt: s(0.7)
\vspace{-3}
  rmin  &=&   0.0000E+00 [cm]
  rmax  &=&   1.0000E+00 [cm]
e:
 
# Information for Restart Calculation
# This calculation was newly started
# istdev =  2 # 1:Batch variance, 2:History variance
# resc2  = 1.00000000000000000E+07 # Total source weight or Total source weight / maxcas
# resc3  = 1.00000000000000000E+07 # Total history number or Total batch number
# maxcas =     1000000 # History / Batch, only used for istdev=1
# bitrseed = 1000110000001000111111101100101001110101110010000011011101101000 # bit data of rseed
