           _________________________________________________________
          |                                                         |
          |       _/_/_/_/                                          |
          |      _/      _/                  _/_/_/_/_/_/           |
          |     _/      _/  _/      _/   _/      _/      _/_/_/_/_/ |
          |    _/_/_/_/    _/      _/   _/      _/      _/          |
          |   _/          _/_/_/_/_/   _/      _/       _/_/_/_/    |
          |  _/          _/      _/   _/      _/              _/    |
          | _/          _/      _/   _/      _/      _/_/_/_/_/     |
          |                                                         |
          |                                                         |
          |       Particle and Heavy Ion Transport code System      |
          |                      Version =  3.320                   |
          |                       developed by                      |
          |                                                         |
          |  Tatsuhiko SATO, Yosuke IWAMOTO, Shintaro HASHIMOTO,    |
          |    Tatsuhiko OGAWA, Takuya FURUTA, Shinichiro ABE,      |
          |    Takeshi KAI, Norihiro MATSUDA, Yusuke MATSUYA,       |
          | Yuho HIRATA, Lan YAO, Pi-En TSAI, Hunter RATLIFF (JAEA),|
          |                                                         |
          |            Hiroshi IWASE, Yasuhito SAKAKI (KEK),        |
          |                                                         |
          |           Nobuhiro SHIGYO (Kyushu University),          |
          |                                                         |
          |      Lembit SIHVER (Technische Universitat Wien), and   |
          |                                                         |
          |                     Koji NIITA (RIST)                   |
          |                                                         |
          |                 Last Revised  2023-05-16                |
          |_________________________________________________________|

    __________________________ [ Job Title ] _________________________ 
   |                                                                  |
   |  Sample input for dose calculation for charged particle therapy  |
   |__________________________________________________________________|

                        Starting Date = 2024-04-15
                        Starting Time = 21h 49m 44

>>> Input Echo >>>=============================================================

[ Title ]
Sample input for dose calculation for charged particle therapy

[ Parameters ]
 icntl    =           0     # (D=0) 3:ECH 5:NOR 6:SRC 7,8:GSH 11:DSH 12:DUMP
 maxcas   =     1000000     # (D=10) number of particles per one batch
 maxbch   =          10     # (D=10) number of batches
 e-mode   =           2     # (D=0) 0: Normal, 1: Event generator mode Ver.1, 2: Ver.2
 negs     =           1     # (D=-1) =-1:original, =0:No, =1:EGS, =2:EGS(HE)
 epstfl   =           1     # [EGS](D=0) 0:no, 1:consider density effect based on ICRU90

[ Source ]
  totfact =   1.0000        # (D=1.0) global factor
   s-type =   1             # cylindrical source
     proj =  proton         # kind of incident particle         
       e0 =   62.000        # energy of beam [MeV/n]
       r0 =   2.5000        # radius [cm]
       r1 =   0.0000        # minimum radius [cm]
       x0 =   0.0000        # (D=0.0) center position of x-axis [cm]
       y0 =   0.0000        # (D=0.0) center position of y-axis [cm]
       z0 =  -5.0000        # minimum position of z-axis [cm]
       z1 =  -5.0000        # maximum position of z-axis [cm]
      dir =   1.0000        # z-direction of beam [cosine]

[ Material ]
MAT[ 1 ] 
            H         2.0000000E+00
            O         1.0000000E+00
mt1      lwtr.20t  
dedxfile = water_liquid_icru90.txt
MAT[ 2 ] 
            H        -1.0100000E-01
            C        -7.7600000E-01
            N        -3.5000000E-02
            O        -5.2000000E-02
            F        -1.7000000E-02
           Ca        -1.8000000E-02
MAT[ 3 ] 
            H        -1.0300000E+01
            C        -5.6900000E+01
            N        -3.5000000E+00
            O        -2.9300000E+01
MAT[ 5 ] 
           1H         6.6832156E-02
          16O         3.3416078E-02
dedxfile = water_liquid_icru90.txt
MAT[ 10 ] 
           Ti         1.0000000E+00
MAT[ 12 ] 
           Au         1.0000000E+00

[ Cell ]
 1           3 -3.9370079E-05  -7 
 14         10 -4.5200000E+00  -3 
 98          0                 7 3 -999 
 99         -1                 999 

[ Surface ]
 2             rcc  -1.2700000E+00  0.0000000E+00  3.7700000E+00
                     1.3000000E+00  0.0000000E+00  0.0000000E+00
                     1.2700000E+00
 1             s     0.0000000E+00  0.0000000E+00  7.5500000E+00
                     1.9100000E+00
 3             rpp  -5.0000000E+00  5.0000000E+00 -5.0000000E+00
                     5.0000000E+00 -2.5000000E+00  2.5000000E+00
 4             rpp  -5.0000000E+00  5.0000000E+00 -5.0000000E+00
                     5.0000000E+00 -5.0000000E+00  5.0000000E+00
 7             s     0.0000000E+00  0.0000000E+00  7.5500000E+00
                     1.2700000E+00
 999           so    1.0000000E+03

[ T-Deposit ]
    title = depth-dose distribution
     mesh =  r-z            # mesh type is r-z scoring mesh
       x0 =   0.000000      # center x-position of r-z mesh
       y0 =   0.000000      # center y-position of r-z mesh
   r-type =    2            # r-mesh is linear given by rmin, rmax and nr
     rmin =   0.000000      # minimum value of r-mesh points
     rmax =   1.000000      # maximum value of r-mesh points
#    rdel =   1.000000      # mesh width of r-mesh points
       nr =      1          # number of r-mesh points
#    data = ( r(i), i = 1, nr + 1 )
#           0.00000E+00  1.00000E+00
   z-type =    2            # z-mesh is linear given by zmin, zmax and nz
     zmin =  -2.500000      # minimum value of z-mesh points
     zmax =   2.500000      # maximum value of z-mesh points
#    zdel =  5.0000000E-03  # mesh width of z-mesh points
       nz =   1000          # number of z-mesh points
#    data = ( z(i), i = 1, nz + 1 )
#          -2.50000E+00 -2.49500E+00 -2.49000E+00 -2.48500E+00 -2.48000E+00
#          -2.47500E+00 -2.47000E+00 -2.46500E+00 -2.46000E+00 -2.45500E+00
#          -2.45000E+00 -2.44500E+00 -2.44000E+00 -2.43500E+00 -2.43000E+00
#          -2.42500E+00 -2.42000E+00 -2.41500E+00 -2.41000E+00 -2.40500E+00
#          -2.40000E+00 -2.39500E+00 -2.39000E+00 -2.38500E+00 -2.38000E+00
#          -2.37500E+00 -2.37000E+00 -2.36500E+00 -2.36000E+00 -2.35500E+00
#          -2.35000E+00 -2.34500E+00 -2.34000E+00 -2.33500E+00 -2.33000E+00
#          -2.32500E+00 -2.32000E+00 -2.31500E+00 -2.31000E+00 -2.30500E+00
#          -2.30000E+00 -2.29500E+00 -2.29000E+00 -2.28500E+00 -2.28000E+00
#          -2.27500E+00 -2.27000E+00 -2.26500E+00 -2.26000E+00 -2.25500E+00
#          -2.25000E+00 -2.24500E+00 -2.24000E+00 -2.23500E+00 -2.23000E+00
#          -2.22500E+00 -2.22000E+00 -2.21500E+00 -2.21000E+00 -2.20500E+00
#          -2.20000E+00 -2.19500E+00 -2.19000E+00 -2.18500E+00 -2.18000E+00
#          -2.17500E+00 -2.17000E+00 -2.16500E+00 -2.16000E+00 -2.15500E+00
#          -2.15000E+00 -2.14500E+00 -2.14000E+00 -2.13500E+00 -2.13000E+00
#          -2.12500E+00 -2.12000E+00 -2.11500E+00 -2.11000E+00 -2.10500E+00
#          -2.10000E+00 -2.09500E+00 -2.09000E+00 -2.08500E+00 -2.08000E+00
#          -2.07500E+00 -2.07000E+00 -2.06500E+00 -2.06000E+00 -2.05500E+00
#          -2.05000E+00 -2.04500E+00 -2.04000E+00 -2.03500E+00 -2.03000E+00
#          -2.02500E+00 -2.02000E+00 -2.01500E+00 -2.01000E+00 -2.00500E+00
#          -2.00000E+00 -1.99500E+00 -1.99000E+00 -1.98500E+00 -1.98000E+00
#          -1.97500E+00 -1.97000E+00 -1.96500E+00 -1.96000E+00 -1.95500E+00
#          -1.95000E+00 -1.94500E+00 -1.94000E+00 -1.93500E+00 -1.93000E+00
#          -1.92500E+00 -1.92000E+00 -1.91500E+00 -1.91000E+00 -1.90500E+00
#          -1.90000E+00 -1.89500E+00 -1.89000E+00 -1.88500E+00 -1.88000E+00
#          -1.87500E+00 -1.87000E+00 -1.86500E+00 -1.86000E+00 -1.85500E+00
#          -1.85000E+00 -1.84500E+00 -1.84000E+00 -1.83500E+00 -1.83000E+00
#          -1.82500E+00 -1.82000E+00 -1.81500E+00 -1.81000E+00 -1.80500E+00
#          -1.80000E+00 -1.79500E+00 -1.79000E+00 -1.78500E+00 -1.78000E+00
#          -1.77500E+00 -1.77000E+00 -1.76500E+00 -1.76000E+00 -1.75500E+00
#          -1.75000E+00 -1.74500E+00 -1.74000E+00 -1.73500E+00 -1.73000E+00
#          -1.72500E+00 -1.72000E+00 -1.71500E+00 -1.71000E+00 -1.70500E+00
#          -1.70000E+00 -1.69500E+00 -1.69000E+00 -1.68500E+00 -1.68000E+00
#          -1.67500E+00 -1.67000E+00 -1.66500E+00 -1.66000E+00 -1.65500E+00
#          -1.65000E+00 -1.64500E+00 -1.64000E+00 -1.63500E+00 -1.63000E+00
#          -1.62500E+00 -1.62000E+00 -1.61500E+00 -1.61000E+00 -1.60500E+00
#          -1.60000E+00 -1.59500E+00 -1.59000E+00 -1.58500E+00 -1.58000E+00
#          -1.57500E+00 -1.57000E+00 -1.56500E+00 -1.56000E+00 -1.55500E+00
#          -1.55000E+00 -1.54500E+00 -1.54000E+00 -1.53500E+00 -1.53000E+00
#          -1.52500E+00 -1.52000E+00 -1.51500E+00 -1.51000E+00 -1.50500E+00
#          -1.50000E+00 -1.49500E+00 -1.49000E+00 -1.48500E+00 -1.48000E+00
#          -1.47500E+00 -1.47000E+00 -1.46500E+00 -1.46000E+00 -1.45500E+00
#          -1.45000E+00 -1.44500E+00 -1.44000E+00 -1.43500E+00 -1.43000E+00
#          -1.42500E+00 -1.42000E+00 -1.41500E+00 -1.41000E+00 -1.40500E+00
#          -1.40000E+00 -1.39500E+00 -1.39000E+00 -1.38500E+00 -1.38000E+00
#          -1.37500E+00 -1.37000E+00 -1.36500E+00 -1.36000E+00 -1.35500E+00
#          -1.35000E+00 -1.34500E+00 -1.34000E+00 -1.33500E+00 -1.33000E+00
#          -1.32500E+00 -1.32000E+00 -1.31500E+00 -1.31000E+00 -1.30500E+00
#          -1.30000E+00 -1.29500E+00 -1.29000E+00 -1.28500E+00 -1.28000E+00
#          -1.27500E+00 -1.27000E+00 -1.26500E+00 -1.26000E+00 -1.25500E+00
#          -1.25000E+00 -1.24500E+00 -1.24000E+00 -1.23500E+00 -1.23000E+00
#          -1.22500E+00 -1.22000E+00 -1.21500E+00 -1.21000E+00 -1.20500E+00
#          -1.20000E+00 -1.19500E+00 -1.19000E+00 -1.18500E+00 -1.18000E+00
#          -1.17500E+00 -1.17000E+00 -1.16500E+00 -1.16000E+00 -1.15500E+00
#          -1.15000E+00 -1.14500E+00 -1.14000E+00 -1.13500E+00 -1.13000E+00
#          -1.12500E+00 -1.12000E+00 -1.11500E+00 -1.11000E+00 -1.10500E+00
#          -1.10000E+00 -1.09500E+00 -1.09000E+00 -1.08500E+00 -1.08000E+00
#          -1.07500E+00 -1.07000E+00 -1.06500E+00 -1.06000E+00 -1.05500E+00
#          -1.05000E+00 -1.04500E+00 -1.04000E+00 -1.03500E+00 -1.03000E+00
#          -1.02500E+00 -1.02000E+00 -1.01500E+00 -1.01000E+00 -1.00500E+00
#          -1.00000E+00 -9.95000E-01 -9.90000E-01 -9.85000E-01 -9.80000E-01
#          -9.75000E-01 -9.70000E-01 -9.65000E-01 -9.60000E-01 -9.55000E-01
#          -9.50000E-01 -9.45000E-01 -9.40000E-01 -9.35000E-01 -9.30000E-01
#          -9.25000E-01 -9.20000E-01 -9.15000E-01 -9.10000E-01 -9.05000E-01
#          -9.00000E-01 -8.95000E-01 -8.90000E-01 -8.85000E-01 -8.80000E-01
#          -8.75000E-01 -8.70000E-01 -8.65000E-01 -8.60000E-01 -8.55000E-01
#          -8.50000E-01 -8.45000E-01 -8.40000E-01 -8.35000E-01 -8.30000E-01
#          -8.25000E-01 -8.20000E-01 -8.15000E-01 -8.10000E-01 -8.05000E-01
#          -8.00000E-01 -7.95000E-01 -7.90000E-01 -7.85000E-01 -7.80000E-01
#          -7.75000E-01 -7.70000E-01 -7.65000E-01 -7.60000E-01 -7.55000E-01
#          -7.50000E-01 -7.45000E-01 -7.40000E-01 -7.35000E-01 -7.30000E-01
#          -7.25000E-01 -7.20000E-01 -7.15000E-01 -7.10000E-01 -7.05000E-01
#          -7.00000E-01 -6.95000E-01 -6.90000E-01 -6.85000E-01 -6.80000E-01
#          -6.75000E-01 -6.70000E-01 -6.65000E-01 -6.60000E-01 -6.55000E-01
#          -6.50000E-01 -6.45000E-01 -6.40000E-01 -6.35000E-01 -6.30000E-01
#          -6.25000E-01 -6.20000E-01 -6.15000E-01 -6.10000E-01 -6.05000E-01
#          -6.00000E-01 -5.95000E-01 -5.90000E-01 -5.85000E-01 -5.80000E-01
#          -5.75000E-01 -5.70000E-01 -5.65000E-01 -5.60000E-01 -5.55000E-01
#          -5.50000E-01 -5.45000E-01 -5.40000E-01 -5.35000E-01 -5.30000E-01
#          -5.25000E-01 -5.20000E-01 -5.15000E-01 -5.10000E-01 -5.05000E-01
#          -5.00000E-01 -4.95000E-01 -4.90000E-01 -4.85000E-01 -4.80000E-01
#          -4.75000E-01 -4.70000E-01 -4.65000E-01 -4.60000E-01 -4.55000E-01
#          -4.50000E-01 -4.45000E-01 -4.40000E-01 -4.35000E-01 -4.30000E-01
#          -4.25000E-01 -4.20000E-01 -4.15000E-01 -4.10000E-01 -4.05000E-01
#          -4.00000E-01 -3.95000E-01 -3.90000E-01 -3.85000E-01 -3.80000E-01
#          -3.75000E-01 -3.70000E-01 -3.65000E-01 -3.60000E-01 -3.55000E-01
#          -3.50000E-01 -3.45000E-01 -3.40000E-01 -3.35000E-01 -3.30000E-01
#          -3.25000E-01 -3.20000E-01 -3.15000E-01 -3.10000E-01 -3.05000E-01
#          -3.00000E-01 -2.95000E-01 -2.90000E-01 -2.85000E-01 -2.80000E-01
#          -2.75000E-01 -2.70000E-01 -2.65000E-01 -2.60000E-01 -2.55000E-01
#          -2.50000E-01 -2.45000E-01 -2.40000E-01 -2.35000E-01 -2.30000E-01
#          -2.25000E-01 -2.20000E-01 -2.15000E-01 -2.10000E-01 -2.05000E-01
#          -2.00000E-01 -1.95000E-01 -1.90000E-01 -1.85000E-01 -1.80000E-01
#          -1.75000E-01 -1.70000E-01 -1.65000E-01 -1.60000E-01 -1.55000E-01
#          -1.50000E-01 -1.45000E-01 -1.40000E-01 -1.35000E-01 -1.30000E-01
#          -1.25000E-01 -1.20000E-01 -1.15000E-01 -1.10000E-01 -1.05000E-01
#          -1.00000E-01 -9.50000E-02 -9.00000E-02 -8.50000E-02 -8.00000E-02
#          -7.50000E-02 -7.00000E-02 -6.50000E-02 -6.00000E-02 -5.50000E-02
#          -5.00000E-02 -4.50000E-02 -4.00000E-02 -3.50000E-02 -3.00000E-02
#          -2.50000E-02 -2.00000E-02 -1.50000E-02 -1.00000E-02 -5.00000E-03
#           0.00000E+00  5.00000E-03  1.00000E-02  1.50000E-02  2.00000E-02
#           2.50000E-02  3.00000E-02  3.50000E-02  4.00000E-02  4.50000E-02
#           5.00000E-02  5.50000E-02  6.00000E-02  6.50000E-02  7.00000E-02
#           7.50000E-02  8.00000E-02  8.50000E-02  9.00000E-02  9.50000E-02
#           1.00000E-01  1.05000E-01  1.10000E-01  1.15000E-01  1.20000E-01
#           1.25000E-01  1.30000E-01  1.35000E-01  1.40000E-01  1.45000E-01
#           1.50000E-01  1.55000E-01  1.60000E-01  1.65000E-01  1.70000E-01
#           1.75000E-01  1.80000E-01  1.85000E-01  1.90000E-01  1.95000E-01
#           2.00000E-01  2.05000E-01  2.10000E-01  2.15000E-01  2.20000E-01
#           2.25000E-01  2.30000E-01  2.35000E-01  2.40000E-01  2.45000E-01
#           2.50000E-01  2.55000E-01  2.60000E-01  2.65000E-01  2.70000E-01
#           2.75000E-01  2.80000E-01  2.85000E-01  2.90000E-01  2.95000E-01
#           3.00000E-01  3.05000E-01  3.10000E-01  3.15000E-01  3.20000E-01
#           3.25000E-01  3.30000E-01  3.35000E-01  3.40000E-01  3.45000E-01
#           3.50000E-01  3.55000E-01  3.60000E-01  3.65000E-01  3.70000E-01
#           3.75000E-01  3.80000E-01  3.85000E-01  3.90000E-01  3.95000E-01
#           4.00000E-01  4.05000E-01  4.10000E-01  4.15000E-01  4.20000E-01
#           4.25000E-01  4.30000E-01  4.35000E-01  4.40000E-01  4.45000E-01
#           4.50000E-01  4.55000E-01  4.60000E-01  4.65000E-01  4.70000E-01
#           4.75000E-01  4.80000E-01  4.85000E-01  4.90000E-01  4.95000E-01
#           5.00000E-01  5.05000E-01  5.10000E-01  5.15000E-01  5.20000E-01
#           5.25000E-01  5.30000E-01  5.35000E-01  5.40000E-01  5.45000E-01
#           5.50000E-01  5.55000E-01  5.60000E-01  5.65000E-01  5.70000E-01
#           5.75000E-01  5.80000E-01  5.85000E-01  5.90000E-01  5.95000E-01
#           6.00000E-01  6.05000E-01  6.10000E-01  6.15000E-01  6.20000E-01
#           6.25000E-01  6.30000E-01  6.35000E-01  6.40000E-01  6.45000E-01
#           6.50000E-01  6.55000E-01  6.60000E-01  6.65000E-01  6.70000E-01
#           6.75000E-01  6.80000E-01  6.85000E-01  6.90000E-01  6.95000E-01
#           7.00000E-01  7.05000E-01  7.10000E-01  7.15000E-01  7.20000E-01
#           7.25000E-01  7.30000E-01  7.35000E-01  7.40000E-01  7.45000E-01
#           7.50000E-01  7.55000E-01  7.60000E-01  7.65000E-01  7.70000E-01
#           7.75000E-01  7.80000E-01  7.85000E-01  7.90000E-01  7.95000E-01
#           8.00000E-01  8.05000E-01  8.10000E-01  8.15000E-01  8.20000E-01
#           8.25000E-01  8.30000E-01  8.35000E-01  8.40000E-01  8.45000E-01
#           8.50000E-01  8.55000E-01  8.60000E-01  8.65000E-01  8.70000E-01
#           8.75000E-01  8.80000E-01  8.85000E-01  8.90000E-01  8.95000E-01
#           9.00000E-01  9.05000E-01  9.10000E-01  9.15000E-01  9.20000E-01
#           9.25000E-01  9.30000E-01  9.35000E-01  9.40000E-01  9.45000E-01
#           9.50000E-01  9.55000E-01  9.60000E-01  9.65000E-01  9.70000E-01
#           9.75000E-01  9.80000E-01  9.85000E-01  9.90000E-01  9.95000E-01
#           1.00000E+00  1.00500E+00  1.01000E+00  1.01500E+00  1.02000E+00
#           1.02500E+00  1.03000E+00  1.03500E+00  1.04000E+00  1.04500E+00
#           1.05000E+00  1.05500E+00  1.06000E+00  1.06500E+00  1.07000E+00
#           1.07500E+00  1.08000E+00  1.08500E+00  1.09000E+00  1.09500E+00
#           1.10000E+00  1.10500E+00  1.11000E+00  1.11500E+00  1.12000E+00
#           1.12500E+00  1.13000E+00  1.13500E+00  1.14000E+00  1.14500E+00
#           1.15000E+00  1.15500E+00  1.16000E+00  1.16500E+00  1.17000E+00
#           1.17500E+00  1.18000E+00  1.18500E+00  1.19000E+00  1.19500E+00
#           1.20000E+00  1.20500E+00  1.21000E+00  1.21500E+00  1.22000E+00
#           1.22500E+00  1.23000E+00  1.23500E+00  1.24000E+00  1.24500E+00
#           1.25000E+00  1.25500E+00  1.26000E+00  1.26500E+00  1.27000E+00
#           1.27500E+00  1.28000E+00  1.28500E+00  1.29000E+00  1.29500E+00
#           1.30000E+00  1.30500E+00  1.31000E+00  1.31500E+00  1.32000E+00
#           1.32500E+00  1.33000E+00  1.33500E+00  1.34000E+00  1.34500E+00
#           1.35000E+00  1.35500E+00  1.36000E+00  1.36500E+00  1.37000E+00
#           1.37500E+00  1.38000E+00  1.38500E+00  1.39000E+00  1.39500E+00
#           1.40000E+00  1.40500E+00  1.41000E+00  1.41500E+00  1.42000E+00
#           1.42500E+00  1.43000E+00  1.43500E+00  1.44000E+00  1.44500E+00
#           1.45000E+00  1.45500E+00  1.46000E+00  1.46500E+00  1.47000E+00
#           1.47500E+00  1.48000E+00  1.48500E+00  1.49000E+00  1.49500E+00
#           1.50000E+00  1.50500E+00  1.51000E+00  1.51500E+00  1.52000E+00
#           1.52500E+00  1.53000E+00  1.53500E+00  1.54000E+00  1.54500E+00
#           1.55000E+00  1.55500E+00  1.56000E+00  1.56500E+00  1.57000E+00
#           1.57500E+00  1.58000E+00  1.58500E+00  1.59000E+00  1.59500E+00
#           1.60000E+00  1.60500E+00  1.61000E+00  1.61500E+00  1.62000E+00
#           1.62500E+00  1.63000E+00  1.63500E+00  1.64000E+00  1.64500E+00
#           1.65000E+00  1.65500E+00  1.66000E+00  1.66500E+00  1.67000E+00
#           1.67500E+00  1.68000E+00  1.68500E+00  1.69000E+00  1.69500E+00
#           1.70000E+00  1.70500E+00  1.71000E+00  1.71500E+00  1.72000E+00
#           1.72500E+00  1.73000E+00  1.73500E+00  1.74000E+00  1.74500E+00
#           1.75000E+00  1.75500E+00  1.76000E+00  1.76500E+00  1.77000E+00
#           1.77500E+00  1.78000E+00  1.78500E+00  1.79000E+00  1.79500E+00
#           1.80000E+00  1.80500E+00  1.81000E+00  1.81500E+00  1.82000E+00
#           1.82500E+00  1.83000E+00  1.83500E+00  1.84000E+00  1.84500E+00
#           1.85000E+00  1.85500E+00  1.86000E+00  1.86500E+00  1.87000E+00
#           1.87500E+00  1.88000E+00  1.88500E+00  1.89000E+00  1.89500E+00
#           1.90000E+00  1.90500E+00  1.91000E+00  1.91500E+00  1.92000E+00
#           1.92500E+00  1.93000E+00  1.93500E+00  1.94000E+00  1.94500E+00
#           1.95000E+00  1.95500E+00  1.96000E+00  1.96500E+00  1.97000E+00
#           1.97500E+00  1.98000E+00  1.98500E+00  1.99000E+00  1.99500E+00
#           2.00000E+00  2.00500E+00  2.01000E+00  2.01500E+00  2.02000E+00
#           2.02500E+00  2.03000E+00  2.03500E+00  2.04000E+00  2.04500E+00
#           2.05000E+00  2.05500E+00  2.06000E+00  2.06500E+00  2.07000E+00
#           2.07500E+00  2.08000E+00  2.08500E+00  2.09000E+00  2.09500E+00
#           2.10000E+00  2.10500E+00  2.11000E+00  2.11500E+00  2.12000E+00
#           2.12500E+00  2.13000E+00  2.13500E+00  2.14000E+00  2.14500E+00
#           2.15000E+00  2.15500E+00  2.16000E+00  2.16500E+00  2.17000E+00
#           2.17500E+00  2.18000E+00  2.18500E+00  2.19000E+00  2.19500E+00
#           2.20000E+00  2.20500E+00  2.21000E+00  2.21500E+00  2.22000E+00
#           2.22500E+00  2.23000E+00  2.23500E+00  2.24000E+00  2.24500E+00
#           2.25000E+00  2.25500E+00  2.26000E+00  2.26500E+00  2.27000E+00
#           2.27500E+00  2.28000E+00  2.28500E+00  2.29000E+00  2.29500E+00
#           2.30000E+00  2.30500E+00  2.31000E+00  2.31500E+00  2.32000E+00
#           2.32500E+00  2.33000E+00  2.33500E+00  2.34000E+00  2.34500E+00
#           2.35000E+00  2.35500E+00  2.36000E+00  2.36500E+00  2.37000E+00
#           2.37500E+00  2.38000E+00  2.38500E+00  2.39000E+00  2.39500E+00
#           2.40000E+00  2.40500E+00  2.41000E+00  2.41500E+00  2.42000E+00
#           2.42500E+00  2.43000E+00  2.43500E+00  2.44000E+00  2.44500E+00
#           2.45000E+00  2.45500E+00  2.46000E+00  2.46500E+00  2.47000E+00
#           2.47500E+00  2.48000E+00  2.48500E+00  2.49000E+00  2.49500E+00
#           2.50000E+00
     unit =    2            # unit is [MeV/source)]
   letmat =    0            # (D=0) mat ID for LET, 0:real mat, <0: electron for H2O
  dedxfnc =    0            # (D=0) user defined multiplier, 0(no), 1, 2
 material =  all            # (D=all) number of specific material
   output =  dose           # total deposit energy
  deposit =    0            # (D=0) 0-> total deposit dist, 1-> each process
     axis =     z           # axis of output
     file = dose.out        # file name of output for the above axis
     part =  all      
# kf/name :  0        
   epsout =    1            # (D=0) generate eps file by ANGEL
#    used :        main (  %)        temp (  %)       total (  %)
#  memory :        1006 (  0)           0 (  0)        1006 (  0)

[END] of Input Echo <<<========================================================

<<< Report of real Geometry memory >>>
*           GG/CG memory =        2
*     total memory: mdas = 80000000
*                percent =     0.00 %

<<< Report of material memory for high energy>>>
*   high energy material =        1
*     total memory: mdas = 80000000
*                percent =     0.00 %

<<< Report of material memory for low energy>>>
*    low energy material =     5371
*     total memory: mdas = 80000000
*                percent =     0.01 %

<<< Report of real tally memory >>>
*      real tally memory =     1006
*     total memory: mdas = 80000000
*                percent =     0.00 %

<<< Report of temporary tally memory >>>
* temporary tally memory =      376
*     total memory: mdas = 80000000
*                percent =     0.00 %

<<< Report of total memory >>>
*      used total memory =     5377
*     total memory: mdas = 80000000
*                percent =     0.01 %
*                ---------------------

-------------------------------------------------------------------------------
bat[       1] ncas =        1000000.
 bitrseed = 0100001010011000001011101100011110011000110110100110010000000000
          cpu time =   5 m.  0.91 s.

-------------------------------------------------------------------------------
bat[       2] ncas =        2000000.
 bitrseed = 0101101000001110011101111011110101001001010001111010111000101101
          cpu time =   2 m. 20.77 s.

-------------------------------------------------------------------------------
bat[       3] ncas =        3000000.
 bitrseed = 0000111001110000100000000101110001100100110011010001011101101101
          cpu time =   3 m. 15.08 s.

-------------------------------------------------------------------------------
bat[       4] ncas =        4000000.
 bitrseed = 0001111010010101100111110011000000011100001100110000010100000010
          cpu time =   3 m. 10.34 s.

-------------------------------------------------------------------------------
bat[       5] ncas =        5000000.
 bitrseed = 1010101001111100000000100111110100111101110011001011111110101011
          cpu time =   2 m.  3.01 s.

-------------------------------------------------------------------------------
bat[       6] ncas =        6000000.
 bitrseed = 0110111011001101101010001011110101111001001101001110111111100011
          cpu time =   4 m.  2.05 s.

-------------------------------------------------------------------------------
bat[       7] ncas =        7000000.
 bitrseed = 1000001101001111111010001110011000000010111010110011001100011111
          cpu time =   2 m. 49.48 s.

-------------------------------------------------------------------------------
bat[       8] ncas =        8000000.
 bitrseed = 0100100110001011110001100101100111010001000111001110111010010011
          cpu time =   2 m. 49.62 s.

-------------------------------------------------------------------------------
bat[       9] ncas =        9000000.
 bitrseed = 0111100000001011101111000100001111010000101000001011011000101111
          cpu time =   3 m. 31.27 s.

-------------------------------------------------------------------------------
bat[      10] ncas =       10000000.
 bitrseed = 0110011101000010001011101011101101010010110110000011011000100001
          cpu time =   4 m.  0.60 s.

===============================================================================

 Summary for the end of job

-------------------------------------------------------------------------------
 number of analyz call vs ncol
-------------------------------------------------------------------------------
     ncol          number
        1              1.   : start of calculation            
        2              1.   : end of calculation              
        3             10.   : end of a batch                  
        4       10000000.   : source                          
        5              0.   : detection of geometry error/warn
        6              0.   : recovery from geometry warning  
        7              0.   : termination by geometry error   
        8              0.   : termination by weight cut-off   
        9              0.   : termination by time cut-off     
       10       11803487.   : geometry boundary crossing      
       11       12162275.   : termination by energy cut-off   
       12        1780671.   : termination by escape or leakage
       13         876796.   : reaction : (n,x) type           
       14       68098969.   : reaction : (n,n'x) type         
       15         119168.   : sequential transport for tally  

-------------------------------------------------------------------------------
 List of transport particles (not including source)
-------------------------------------------------------------------------------
     Name      kf-code        mass       charge   baryon
     proton       2212        938.3         1       1
     neutron      2112        939.6         0       1
     electron       11          0.5        -1       0
     positron      -11          0.5         1       0
     photon         22          0.0         0       0
     deuteron  1000002       1875.6         1       2
     triton    1000003       2808.9         1       3
     3he       2000003       2808.4         2       3
     alpha     2000004       3727.4         2       4

-------------------------------------------------------------------------------
 prod. particles       number        weight        weight per source
-------------------------------------------------------------------------------
     photon          1634310.     1.6343100E+06     1.6343100E-01
     proton          1248765.     1.2487650E+06     1.2487650E-01
     neutron         1170718.     1.1707180E+06     1.1707180E-01
     alpha             35645.     3.5645000E+04     3.5645000E-03
     positron          24783.     2.4783000E+04     2.4783000E-03
     deuteron          24635.     2.4635000E+04     2.4635000E-03
     triton             2226.     2.2260000E+03     2.2260000E-04
     3he                1508.     1.5080000E+03     1.5080000E-04
     electron            987.     9.8700000E+02     9.8700000E-05

-------------------------------------------------------------------------------
 particle decays       number        weight        weight per source
-------------------------------------------------------------------------------
     positron          24786.     2.4786000E+04     2.4786000E-03

-------------------------------------------------------------------------------
 stop. particles.    number        weight        weight per source
-------------------------------------------------------------------------------
     proton          9991724.     9.9917240E+06     9.9917240E-01
     electron        6580890.     6.5808900E+06     6.5808900E-01
     nucleus         1760546.     1.7605460E+06     1.7605460E-01
     alpha             35610.     3.5610000E+04     3.5610000E-03
     positron          24786.     2.4786000E+04     2.4786000E-03
     deuteron          24455.     2.4455000E+04     2.4455000E-03
     triton             2214.     2.2140000E+03     2.2140000E-04
     photon             2012.     2.0120000E+03     2.0120000E-04
     3he                1507.     1.5070000E+03     1.5070000E-04
     neutron               7.     7.0000000E+00     7.0000000E-07

-------------------------------------------------------------------------------
 leak. particles       number        weight        weight per source
-------------------------------------------------------------------------------
     photon          1186305.     1.1863050E+06     1.1863050E-01
     neutron          580142.     5.8014200E+05     5.8014200E-02
     electron          11235.     1.1235000E+04     1.1235000E-03
     proton             1996.     1.9960000E+03     1.9960000E-04
     positron            897.     8.9700000E+02     8.9700000E-05
     deuteron             59.     5.9000000E+01     5.9000000E-06
     alpha                34.     3.4000000E+01     3.4000000E-06
     3he                   1.     1.0000000E+00     1.0000000E-07
     triton                1.     1.0000000E+00     1.0000000E-07
     nucleus               1.     1.0000000E+00     1.0000000E-07

-------------------------------------------------------------------------------
 source: maxcas    maxbch      irskip   average weight          total source
-------------------------------------------------------------------------------
     1000000          10           0    1.0000000E+00    1.0000000000000E+07

-------------------------------------------------------------------------------
 used ATIMA database
-------------------------------------------------------------------------------
     for dedx  =       76 / mdbatima =      500

-------------------------------------------------------------------------------
 Geometry error summary
-------------------------------------------------------------------------------
 Number of lost particles     =     0 / nlost =       10
 Number of geometry recovering =     0
 Number of unrecovered errors =     0

-------------------------------------------------------------------------------
 initial random seed:
   bitrseed = 0100001010011000001011101100011110011000110110100110010000000000
 next initial random seed:
   bitrseed = 1000110000001000111111101100101001110101110010000011011101101000

-------------------------------------------------------------------------------
 job termination date : 2024/04/15
                 time :   22:23:10

-------------------------------------------------------------------------------
    CPU time and number of event called in PHITS
-------------------------------------------------------------------------------

                             sec
total cpu time =         2006.08


                           count
      analysis =      104841376.  : data processing
         nevap =        1419753.  : evaporation
        dexgam =         643472.  : de-excitation
         nreac =       68975780.  : atomic and nuclear reactions
         dklos =          24786.  : particle decay
         hydro =              0.  : nucleon-nucleon scattering
        n-data =         471140.  : neutron data library
        h-data =              0.  : p, d, a data library
        p-data =              0.  : photon data library
        e-data =              0.  : electron data library
        p-egs5 =        2616508.  : photon interaction with EGS5
        e-egs5 =       64573944.  : electron interaction with EGS5
      e-tsmode =              0.  : electron track structure mode
    ion-tsmode =              0.  : ion track structure mode
     photonucl =              0.  : photo-nuclear reaction
 photonucl lib =              0.  : photo-nuclear reaction with library
       mu-reac =              0.  : muon-induced nuclear reaction
       mu-brem =              0.  : muon-induced bremsstrahlung
       mu-pprd =              0.  : muon-induced pair production
        mu-cap =              0.  : muon capture in nucleus
         elast =         752347.  : elastic scattering
         ncasc =        1579455.  : nuclear reaction model

       bertini =             11.  : Bertini model
        isobar =              0.  : isobar model
           JAM =              0.  : JAM model
           QMD =              0.  : JQMD model
        JAMQMD =              0.  : JAMQMD model
          INCL =        1579444.  : INCL model
        INCELF =              0.  : INCELF model
     frag data =              0.  : user defined cross section
       SCINFUL =              0.  : SCINFUL mode

>>> Citation Request >>>=======================================================

 This execution uses model(s) that must be explicitly cited in addition to
 the PHITS original document: T.Sato et al., J.Nucl.Sci.Technol.55, 684-690 (2018).
 Please refer the following document(s) in your publication using this result

 The INCL model:
    A. Boudard et al., Phys. Rev C87, 014606 (2013).

 The EGS5 code:
    H. Hirayama et al., SLAC-R-730 (2005) and KEK Report 2005-8 (2005)

 The KUROTAMA model:
    K. Iida, A. Kohama, and K. Oyamatsu, J. Phys. Soc. Japan 76, 044201 (2007).

 END 
