           _________________________________________________________
          |                                                         |
          |       _/_/_/_/                                          |
          |      _/      _/                  _/_/_/_/_/_/           |
          |     _/      _/  _/      _/   _/      _/      _/_/_/_/_/ |
          |    _/_/_/_/    _/      _/   _/      _/      _/          |
          |   _/          _/_/_/_/_/   _/      _/       _/_/_/_/    |
          |  _/          _/      _/   _/      _/              _/    |
          | _/          _/      _/   _/      _/      _/_/_/_/_/     |
          |                                                         |
          |                                                         |
          |       Particle and Heavy Ion Transport code System      |
          |                      Version =  3.320                   |
          |                       developed by                      |
          |                                                         |
          |  Tatsuhiko SATO, Yosuke IWAMOTO, Shintaro HASHIMOTO,    |
          |    Tatsuhiko OGAWA, Takuya FURUTA, Shinichiro ABE,      |
          |    Takeshi KAI, Norihiro MATSUDA, Yusuke MATSUYA,       |
          | Yuho HIRATA, Lan YAO, Pi-En TSAI, Hunter RATLIFF (JAEA),|
          |                                                         |
          |            Hiroshi IWASE, Yasuhito SAKAKI (KEK),        |
          |                                                         |
          |           Nobuhiro SHIGYO (Kyushu University),          |
          |                                                         |
          |      Lembit SIHVER (Technische Universitat Wien), and   |
          |                                                         |
          |                     Koji NIITA (RIST)                   |
          |                                                         |
          |                 Last Revised  2023-05-16                |
          |_________________________________________________________|

    __________________________ [ Job Title ] _________________________ 
   |                                                                  |
   |  Sample input for dose calculation for charged particle therapy  |
   |__________________________________________________________________|

                        Starting Date = 2024-04-11
                        Starting Time = 10h 47m 02

>>> Input Echo >>>=============================================================

[ Title ]
Sample input for dose calculation for charged particle therapy

[ Parameters ]
 icntl    =           0     # (D=0) 3:ECH 5:NOR 6:SRC 7,8:GSH 11:DSH 12:DUMP
 maxcas   =    10000000     # (D=10) number of particles per one batch
 maxbch   =         100     # (D=10) number of batches
 e-mode   =           2     # (D=0) 0: Normal, 1: Event generator mode Ver.1, 2: Ver.2
 negs     =           1     # (D=-1) =-1:original, =0:No, =1:EGS, =2:EGS(HE)
 epstfl   =           1     # [EGS](D=0) 0:no, 1:consider density effect based on ICRU90
 emin(1)  = 0.100000000     # (D=1.0e-3) cut-off energy of proton (MeV)

[ Source ]
  totfact =   1.0000        # (D=1.0) global factor
   s-type =   1             # cylindrical source
     proj =  proton         # kind of incident particle         
       e0 =   62.000        # energy of beam [MeV/n]
       r0 =   2.5000        # radius [cm]
       r1 =   0.0000        # minimum radius [cm]
       x0 =   0.0000        # (D=0.0) center position of x-axis [cm]
       y0 =   0.0000        # (D=0.0) center position of y-axis [cm]
       z0 =  -5.0000        # minimum position of z-axis [cm]
       z1 =  -5.0000        # maximum position of z-axis [cm]
      dir =   1.0000        # z-direction of beam [cosine]

[ Material ]
MAT[ 1 ] 
            H         2.0000000E+00
            O         1.0000000E+00
mt1      lwtr.20t  
dedxfile = water_liquid_icru90.txt
MAT[ 2 ] 
            H        -1.0100000E-01
            C        -7.7600000E-01
            N        -3.5000000E-02
            O        -5.2000000E-02
            F        -1.7000000E-02
           Ca        -1.8000000E-02
MAT[ 3 ] 
            H        -1.0300000E+01
            C        -5.6900000E+01
            N        -3.5000000E+00
            O        -2.9300000E+01
MAT[ 5 ] 
           1H         6.6832156E-02
          16O         3.3416078E-02
dedxfile = water_liquid_icru90.txt
MAT[ 6 ] 
            C         5.0000000E+00
            O         2.0000000E+00
            H         8.0000000E+00
MAT[ 10 ] 
           Ti         1.0000000E+00
MAT[ 12 ] 
           Au         1.0000000E+00

[ Cell ]
 1           3 -3.9370079E-05  -7 
 14          6 -1.1800000E+00  -3 
 98          0                 7 3 -999 
 99         -1                 999 

[ Surface ]
 2             rcc  -1.2700000E+00  0.0000000E+00  2.7200000E+00
                     1.3000000E+00  0.0000000E+00  0.0000000E+00
                     1.2700000E+00
 1             s     0.0000000E+00  0.0000000E+00  5.4500000E+00
                     1.9100000E+00
 3             rpp  -5.0000000E+00  5.0000000E+00 -5.0000000E+00
                     5.0000000E+00 -1.4500000E+00  1.4500000E+00
 4             rpp  -5.0000000E+00  5.0000000E+00 -5.0000000E+00
                     5.0000000E+00 -5.0000000E+00  5.0000000E+00
 7             s     0.0000000E+00  0.0000000E+00  5.4500000E+00
                     1.2700000E+00
 999           so    1.0000000E+03

[ T-SED ]
    title = microdosimetric_spectra_water_photon_PHITS
     mesh =  reg            # mesh type is region-wise
      reg = 1
  se-type =    3            # se-mesh is log given by emin, emax and ne
     emin =  1.0000000E-02  # minimum value of e-mesh points
     emax =   10000.00      # maximum value of e-mesh points
#    edel =  7.6752836E-02  # mesh width of e-mesh points
       ne =  180            # number of e-mesh points
#    data = ( e(i), i = 1, ne + 1 )
#           1.00000E-02  1.07978E-02  1.16591E-02  1.25893E-02  1.35936E-02
#           1.46780E-02  1.58489E-02  1.71133E-02  1.84785E-02  1.99526E-02
#           2.15443E-02  2.32631E-02  2.51189E-02  2.71227E-02  2.92864E-02
#           3.16228E-02  3.41455E-02  3.68695E-02  3.98107E-02  4.29866E-02
#           4.64159E-02  5.01187E-02  5.41170E-02  5.84341E-02  6.30957E-02
#           6.81292E-02  7.35642E-02  7.94328E-02  8.57696E-02  9.26119E-02
#           1.00000E-01  1.07978E-01  1.16591E-01  1.25893E-01  1.35936E-01
#           1.46780E-01  1.58489E-01  1.71133E-01  1.84785E-01  1.99526E-01
#           2.15443E-01  2.32631E-01  2.51189E-01  2.71227E-01  2.92864E-01
#           3.16228E-01  3.41455E-01  3.68695E-01  3.98107E-01  4.29866E-01
#           4.64159E-01  5.01187E-01  5.41170E-01  5.84341E-01  6.30957E-01
#           6.81292E-01  7.35642E-01  7.94328E-01  8.57696E-01  9.26119E-01
#           1.00000E+00  1.07978E+00  1.16591E+00  1.25893E+00  1.35936E+00
#           1.46780E+00  1.58489E+00  1.71133E+00  1.84785E+00  1.99526E+00
#           2.15443E+00  2.32631E+00  2.51189E+00  2.71227E+00  2.92864E+00
#           3.16228E+00  3.41455E+00  3.68695E+00  3.98107E+00  4.29866E+00
#           4.64159E+00  5.01187E+00  5.41170E+00  5.84341E+00  6.30957E+00
#           6.81292E+00  7.35642E+00  7.94328E+00  8.57696E+00  9.26119E+00
#           1.00000E+01  1.07978E+01  1.16591E+01  1.25893E+01  1.35936E+01
#           1.46780E+01  1.58489E+01  1.71133E+01  1.84785E+01  1.99526E+01
#           2.15443E+01  2.32631E+01  2.51189E+01  2.71227E+01  2.92864E+01
#           3.16228E+01  3.41455E+01  3.68695E+01  3.98107E+01  4.29866E+01
#           4.64159E+01  5.01187E+01  5.41170E+01  5.84341E+01  6.30957E+01
#           6.81292E+01  7.35642E+01  7.94328E+01  8.57696E+01  9.26119E+01
#           1.00000E+02  1.07978E+02  1.16591E+02  1.25893E+02  1.35936E+02
#           1.46780E+02  1.58489E+02  1.71133E+02  1.84785E+02  1.99526E+02
#           2.15443E+02  2.32631E+02  2.51189E+02  2.71227E+02  2.92864E+02
#           3.16228E+02  3.41455E+02  3.68695E+02  3.98107E+02  4.29866E+02
#           4.64159E+02  5.01187E+02  5.41170E+02  5.84341E+02  6.30957E+02
#           6.81292E+02  7.35642E+02  7.94328E+02  8.57696E+02  9.26119E+02
#           1.00000E+03  1.07978E+03  1.16591E+03  1.25893E+03  1.35936E+03
#           1.46780E+03  1.58489E+03  1.71133E+03  1.84785E+03  1.99526E+03
#           2.15443E+03  2.32631E+03  2.51189E+03  2.71227E+03  2.92864E+03
#           3.16228E+03  3.41455E+03  3.68695E+03  3.98107E+03  4.29866E+03
#           4.64159E+03  5.01187E+03  5.41170E+03  5.84341E+03  6.30957E+03
#           6.81292E+03  7.35642E+03  7.94328E+03  8.57696E+03  9.26119E+03
#           1.00000E+04
  se-unit =    2            # se-unit is [keV/um]
     unit =    8            # unit is z*d(z) [Gy]
    model =    1            # (D=0) Model type 0:old, 1:new
    cdiam = -1.000000       # (D=1.0) diameter of target sphere [um]
   letmat =   -5            # (D=0) mat ID for LET, 0:real mat, <0: electron for H2O
 material =  all            # (D=all) number of specific material
     axis =  sed            # axis of output
     file = ydy_PMMA.out    # file name of output for the above axis
     part =  all      
# kf/name :  0        
#    used :        main (  %)        temp (  %)       total (  %)
#  memory :         183 (  0)           0 (  0)         183 (  0)

[END] of Input Echo <<<========================================================

<<< Report of real Geometry memory >>>
*           GG/CG memory =        2
*     total memory: mdas = 80000000
*                percent =     0.00 %

<<< Report of material memory for high energy>>>
*   high energy material =        1
*     total memory: mdas = 80000000
*                percent =     0.00 %

<<< Report of material memory for low energy>>>
*    low energy material =     5477
*     total memory: mdas = 80000000
*                percent =     0.01 %

<<< Report of real tally memory >>>
*      real tally memory =      183
*     total memory: mdas = 80000000
*                percent =     0.00 %

<<< Report of temporary tally memory >>>
* temporary tally memory =      482
*     total memory: mdas = 80000000
*                percent =     0.00 %

<<< Report of total memory >>>
*      used total memory =     5483
*     total memory: mdas = 80000000
*                percent =     0.01 %
*                ---------------------

-------------------------------------------------------------------------------
bat[       1] ncas =       10000000.
 bitrseed = 0100001010011000001011101100011110011000110110100110010000000000
          cpu time =   7 m. 44.90 s.

-------------------------------------------------------------------------------
bat[       2] ncas =       20000000.
 bitrseed = 1000110000001000111111101100101001110101110010000011011101101000
          cpu time =   7 m. 29.55 s.

-------------------------------------------------------------------------------
bat[       3] ncas =       30000000.
 bitrseed = 1100101110101011010100101011000101100001110011100000110110110010
          cpu time =   6 m. 16.78 s.

-------------------------------------------------------------------------------
bat[       4] ncas =       40000000.
 bitrseed = 0011100111001000100101100110110010101011101011100101001110011110
          cpu time =   6 m. 13.27 s.

-------------------------------------------------------------------------------
bat[       5] ncas =       50000000.
 bitrseed = 0101001101111000100111010100100100100000111001011001010000100001
          cpu time =   7 m. 21.54 s.

-------------------------------------------------------------------------------
bat[       6] ncas =       60000000.
 bitrseed = 1011011100110000010011010001101010111111010111000100110010000110
          cpu time =   5 m. 46.70 s.

-------------------------------------------------------------------------------
bat[       7] ncas =       70000000.
 bitrseed = 1111010001100110101111001000100001001100100111000111011111011001
          cpu time =   6 m. 55.41 s.

-------------------------------------------------------------------------------
bat[       8] ncas =       80000000.
 bitrseed = 1000000100110011110101011000010011000011101101111011000010000100
          cpu time =   6 m. 41.37 s.

-------------------------------------------------------------------------------
bat[       9] ncas =       90000000.
 bitrseed = 1100101101011011011011110000110001100101101111010011110111001000
          cpu time =   6 m. 23.71 s.

-------------------------------------------------------------------------------
bat[      10] ncas =      100000000.
 bitrseed = 1101001110101001111101010000010011000001100110111011011001110011
          cpu time =   6 m. 50.61 s.

-------------------------------------------------------------------------------
bat[      11] ncas =      110000000.
 bitrseed = 1101111110010001010110101011011001110100110101001100011110000101
          cpu time =   7 m. 26.04 s.

-------------------------------------------------------------------------------
bat[      12] ncas =      120000000.
 bitrseed = 0010111011011111100110010111010111100011011000101000110100100001
          cpu time =   7 m. 30.45 s.

-------------------------------------------------------------------------------
bat[      13] ncas =      130000000.
 bitrseed = 0101100101111000001001011001100111001001000001011010110111010110
          cpu time =   7 m. 37.48 s.

-------------------------------------------------------------------------------
bat[      14] ncas =      140000000.
 bitrseed = 1110100000110000001000101100100100110010111001100001001010001111
          cpu time =   6 m. 58.72 s.

-------------------------------------------------------------------------------
bat[      15] ncas =      150000000.
 bitrseed = 0011001010001010111010010101011101011011010001111010111000011101
          cpu time =   6 m. 39.84 s.

-------------------------------------------------------------------------------
bat[      16] ncas =      160000000.
 bitrseed = 0000000010101100111111000000110011111010101000110000100110111001
          cpu time =   6 m. 27.37 s.

-------------------------------------------------------------------------------
bat[      17] ncas =      170000000.
 bitrseed = 1011001111111001110110011011011100000001101001001000011011000001
          cpu time =   6 m. 10.31 s.

-------------------------------------------------------------------------------
bat[      18] ncas =      180000000.
 bitrseed = 1000000100101100000111100010001111101110011110001101000100000010
          cpu time =   6 m. 23.27 s.

-------------------------------------------------------------------------------
bat[      19] ncas =      190000000.
 bitrseed = 0001000110110110011010000100001011110100111010011001110100001000
          cpu time =   6 m. 28.46 s.

-------------------------------------------------------------------------------
bat[      20] ncas =      200000000.
 bitrseed = 0101000001000001011010101101101000110010101110111000011100101101
          cpu time =   7 m. 57.43 s.

-------------------------------------------------------------------------------
bat[      21] ncas =      210000000.
 bitrseed = 0010001011100111100100010010010011010010001011000110110101110101
          cpu time =   6 m. 17.77 s.

-------------------------------------------------------------------------------
bat[      22] ncas =      220000000.
 bitrseed = 1111111101110101100111110110000010110111010111101111010111010011
          cpu time =   6 m. 46.19 s.

-------------------------------------------------------------------------------
bat[      23] ncas =      230000000.
 bitrseed = 0001100101101111110000000011111111000101010011101101010111011011
          cpu time =   6 m.  9.79 s.

-------------------------------------------------------------------------------
bat[      24] ncas =      240000000.
 bitrseed = 1110000001101101000010001101010010010100010110011101000001100111
          cpu time =   7 m. 21.75 s.

-------------------------------------------------------------------------------
bat[      25] ncas =      250000000.
 bitrseed = 0100100100101101110110000001011010000101111001010101100110001010
          cpu time =   6 m.  1.20 s.

-------------------------------------------------------------------------------
bat[      26] ncas =      260000000.
 bitrseed = 1000100010001110110000010010110010100000000011111100001001111011
          cpu time =   7 m. 11.96 s.

-------------------------------------------------------------------------------
bat[      27] ncas =      270000000.
 bitrseed = 1010001000001101110101111111111011000111001000000101111001111101
          cpu time =   5 m. 45.27 s.

-------------------------------------------------------------------------------
bat[      28] ncas =      280000000.
 bitrseed = 1100010000110001001111010011011100010110101111100111001111111100
          cpu time =   6 m. 15.97 s.

-------------------------------------------------------------------------------
bat[      29] ncas =      290000000.
 bitrseed = 1010000001111000001000101110001110010100100111110010100010001100
          cpu time =   7 m. 20.18 s.

-------------------------------------------------------------------------------
bat[      30] ncas =      300000000.
 bitrseed = 1010111100100000010010010001101111011010010001000011000011110011
          cpu time =   6 m. 34.43 s.

-------------------------------------------------------------------------------
bat[      31] ncas =      310000000.
 bitrseed = 0000000100111110011111010001101111100010000110011110100111001100
          cpu time =   6 m. 43.61 s.

-------------------------------------------------------------------------------
bat[      32] ncas =      320000000.
 bitrseed = 1100011110110000110100000100001000000111101001001111101111011001
          cpu time =   6 m. 29.77 s.

-------------------------------------------------------------------------------
bat[      33] ncas =      330000000.
 bitrseed = 1110110000001100111100101001110101110110000100010010001000101001
          cpu time =   7 m.  3.07 s.

-------------------------------------------------------------------------------
bat[      34] ncas =      340000000.
 bitrseed = 0001101100101001111001011111101011010001100110110111001100000111
          cpu time =   6 m. 56.05 s.

-------------------------------------------------------------------------------
bat[      35] ncas =      350000000.
 bitrseed = 0100100011001010111001110100011000000110001101010011101100011111
          cpu time =   6 m. 37.84 s.

-------------------------------------------------------------------------------
bat[      36] ncas =      360000000.
 bitrseed = 0011101111011010011111010101010110111001101001001101001111011101
          cpu time =   6 m. 28.05 s.

-------------------------------------------------------------------------------
bat[      37] ncas =      370000000.
 bitrseed = 0100001111000110110111101110010111110111000000111001010110001010
          cpu time =   7 m. 42.45 s.

-------------------------------------------------------------------------------
bat[      38] ncas =      380000000.
 bitrseed = 1001010100010011001110111101110010101001101001000101100010111100
          cpu time =   5 m. 56.19 s.

-------------------------------------------------------------------------------
bat[      39] ncas =      390000000.
 bitrseed = 1000110111101001100001110010110010011111011000101101100111101010
          cpu time =   6 m. 20.54 s.

-------------------------------------------------------------------------------
bat[      40] ncas =      400000000.
 bitrseed = 1000001111111100111001101010010110001101111001011000100011000110
          cpu time =   7 m. 24.35 s.

-------------------------------------------------------------------------------
bat[      41] ncas =      410000000.
 bitrseed = 0100011101001100100011011110101100000000010011010111110110001100
          cpu time =   7 m. 20.80 s.

-------------------------------------------------------------------------------
bat[      42] ncas =      420000000.
 bitrseed = 0011001011011100110011100101000010010110010110010010001001001010
          cpu time =   6 m. 33.69 s.

-------------------------------------------------------------------------------
bat[      43] ncas =      430000000.
 bitrseed = 1100101001011110001000010110000011011101110101010001111011111001
          cpu time =   5 m. 49.91 s.

-------------------------------------------------------------------------------
bat[      44] ncas =      440000000.
 bitrseed = 0000110011101000111000100110011101101110010110000010101010100100
          cpu time =   5 m. 26.24 s.

-------------------------------------------------------------------------------
bat[      45] ncas =      450000000.
 bitrseed = 1001010100000100001111101001111101001110101000100010111110100001
          cpu time =   6 m. 22.57 s.

-------------------------------------------------------------------------------
bat[      46] ncas =      460000000.
 bitrseed = 1001100000000110010110010010011110110100001110010111001100110110
          cpu time =   5 m. 50.08 s.

-------------------------------------------------------------------------------
bat[      47] ncas =      470000000.
 bitrseed = 1101000110010010110100010110111110000111000000111001100010110000
          cpu time =   6 m. 32.56 s.

-------------------------------------------------------------------------------
bat[      48] ncas =      480000000.
 bitrseed = 0000100001101101011001110101010101000001011101010111101110001010
          cpu time =   6 m. 49.26 s.

-------------------------------------------------------------------------------
bat[      49] ncas =      490000000.
 bitrseed = 1011111011101101011001000100010111011011111110010111000111111110
          cpu time =   7 m.  8.74 s.

-------------------------------------------------------------------------------
bat[      50] ncas =      500000000.
 bitrseed = 1010001001011111010101100011100000001011001101010000001011110110
          cpu time =   6 m. 35.02 s.

-------------------------------------------------------------------------------
bat[      51] ncas =      510000000.
 bitrseed = 1101101111010011011000101101110001100110110010110001010100010001
          cpu time =   6 m. 28.46 s.

-------------------------------------------------------------------------------
bat[      52] ncas =      520000000.
 bitrseed = 1010001010100101001110011001100000101011101101011110111110011110
          cpu time =   6 m. 17.49 s.

-------------------------------------------------------------------------------
bat[      53] ncas =      530000000.
 bitrseed = 1001100000100001010000001110101100000110111100100100010110110111
          cpu time =   7 m. 19.87 s.

-------------------------------------------------------------------------------
bat[      54] ncas =      540000000.
 bitrseed = 1111000010001100011000110000001011111011011111000111011000000000
          cpu time =   6 m. 43.75 s.

-------------------------------------------------------------------------------
bat[      55] ncas =      550000000.
 bitrseed = 0111100000001100000101101101011011111000110010000111011010000001
          cpu time =   5 m. 49.85 s.

-------------------------------------------------------------------------------
bat[      56] ncas =      560000000.
 bitrseed = 0010010110101011010001001010111101010001000111001010101110010101
          cpu time =   7 m. 12.32 s.

-------------------------------------------------------------------------------
bat[      57] ncas =      570000000.
 bitrseed = 0011001100110100000011101101111010111010111101000101100101001110
          cpu time =   6 m. 34.21 s.

-------------------------------------------------------------------------------
bat[      58] ncas =      580000000.
 bitrseed = 0001000010100000111101110010010000110000101000110110010000000010
          cpu time =   6 m. 33.27 s.

-------------------------------------------------------------------------------
bat[      59] ncas =      590000000.
 bitrseed = 0001101110100001000010110100111111101111111011011011001001101101
          cpu time =   6 m. 34.88 s.

-------------------------------------------------------------------------------
bat[      60] ncas =      600000000.
 bitrseed = 1110000110000011110011101111001101110001110010011000101101001101
          cpu time =   7 m.  1.64 s.

-------------------------------------------------------------------------------
bat[      61] ncas =      610000000.
 bitrseed = 0110000111011010110101010111000111000010001011110111101110101011
          cpu time =   6 m.  3.16 s.

-------------------------------------------------------------------------------
bat[      62] ncas =      620000000.
 bitrseed = 0101001111010000100101000011001011010010001000100010101110011110
          cpu time =   6 m. 39.70 s.

-------------------------------------------------------------------------------
bat[      63] ncas =      630000000.
 bitrseed = 1110100011101011110000101101001100101000001000110110000100001011
          cpu time =   6 m. 46.79 s.

-------------------------------------------------------------------------------
bat[      64] ncas =      640000000.
 bitrseed = 0001101100000111111010101001101000010011111110011111001101110000
          cpu time =   6 m. 17.68 s.

-------------------------------------------------------------------------------
bat[      65] ncas =      650000000.
 bitrseed = 0011111111011110111100010001010001100101100000001100100011111110
          cpu time =   6 m. 24.00 s.

-------------------------------------------------------------------------------
bat[      66] ncas =      660000000.
 bitrseed = 1001110000011101110110101010111001100010110111011100011010101111
          cpu time =   6 m. 57.97 s.

-------------------------------------------------------------------------------
bat[      67] ncas =      670000000.
 bitrseed = 0011111011111010010101101001010011011100111100000100111001000101
          cpu time =   6 m. 14.55 s.

-------------------------------------------------------------------------------
bat[      68] ncas =      680000000.
 bitrseed = 0001010001100110100000101100101010011100010100100100000110011110
          cpu time =   5 m. 34.92 s.

-------------------------------------------------------------------------------
bat[      69] ncas =      690000000.
 bitrseed = 1101111110011100100110110111100011100001111101011101100011101010
          cpu time =   6 m. 42.19 s.

-------------------------------------------------------------------------------
bat[      70] ncas =      700000000.
 bitrseed = 0010000000111101000110000001000010110010100000110000100100111000
          cpu time =   6 m. 26.96 s.

-------------------------------------------------------------------------------
bat[      71] ncas =      710000000.
 bitrseed = 0001110000011001000000011001000100101001110010111011000100011101
          cpu time =   6 m. 15.45 s.

-------------------------------------------------------------------------------
bat[      72] ncas =      720000000.
 bitrseed = 1110111000011101111011100010001001010010011111110111010110101000
          cpu time =   5 m.  0.93 s.

-------------------------------------------------------------------------------
bat[      73] ncas =      730000000.
 bitrseed = 1110000111010010100010100101000101100010111100110001110110011111
          cpu time =   5 m. 55.70 s.

-------------------------------------------------------------------------------
bat[      74] ncas =      740000000.
 bitrseed = 1111110110010000000111100001001110101000001000111011100010001010
          cpu time =   6 m. 26.97 s.

-------------------------------------------------------------------------------
bat[      75] ncas =      750000000.
 bitrseed = 0011100000001110010011110011111111010011000111000110110100000010
          cpu time =   6 m. 18.73 s.

-------------------------------------------------------------------------------
bat[      76] ncas =      760000000.
 bitrseed = 1101011101001010111101100010100101001011111111111011011101001000
          cpu time =   6 m. 56.67 s.

-------------------------------------------------------------------------------
bat[      77] ncas =      770000000.
 bitrseed = 0100001100000110100001001111000010011000010110010000000001111001
          cpu time =   6 m. 18.62 s.

-------------------------------------------------------------------------------
bat[      78] ncas =      780000000.
 bitrseed = 1110100001100010000000000000110110101100001011101000001101110101
          cpu time =   6 m.  5.46 s.

-------------------------------------------------------------------------------
bat[      79] ncas =      790000000.
 bitrseed = 0111110100000100011100011010111010100101001111101111000000001001
          cpu time =   5 m. 58.66 s.

-------------------------------------------------------------------------------
bat[      80] ncas =      800000000.
 bitrseed = 0000100101110100010000111001010001101101010000101111101000100011
          cpu time =   5 m. 53.30 s.

-------------------------------------------------------------------------------
bat[      81] ncas =      810000000.
 bitrseed = 0100001000001110010000000000111111001100010000001010100011010001
          cpu time =   5 m. 31.30 s.

-------------------------------------------------------------------------------
bat[      82] ncas =      820000000.
 bitrseed = 0101001101110100011100101101011110100100101100000000001100010000
          cpu time =   6 m. 17.98 s.

-------------------------------------------------------------------------------
bat[      83] ncas =      830000000.
 bitrseed = 1101000001111000100000100011100010110010100101011001111100110000
          cpu time =   7 m. 50.83 s.

-------------------------------------------------------------------------------
bat[      84] ncas =      840000000.
 bitrseed = 0011001111110001101011010100111110001011100111111101000001001011
          cpu time =   7 m. 39.80 s.

-------------------------------------------------------------------------------
bat[      85] ncas =      850000000.
 bitrseed = 1000001110011011000110101001100101111001110011011011011000110100
          cpu time =   7 m. 23.32 s.

-------------------------------------------------------------------------------
bat[      86] ncas =      860000000.
 bitrseed = 0101000101101001101101101011000111000010010000011000010110111001
          cpu time =   7 m. 48.66 s.

-------------------------------------------------------------------------------
bat[      87] ncas =      870000000.
 bitrseed = 1110010000100000010001101101001110000011001001000001010000100011
          cpu time =   7 m. 39.62 s.

-------------------------------------------------------------------------------
bat[      88] ncas =      880000000.
 bitrseed = 1011000101101111001101100100100111001111101100101101011011100010
          cpu time =   7 m. 41.70 s.

-------------------------------------------------------------------------------
bat[      89] ncas =      890000000.
 bitrseed = 0010110000011010010101000111100011110011101110011110011111001100
          cpu time =   7 m. 50.04 s.

-------------------------------------------------------------------------------
bat[      90] ncas =      900000000.
 bitrseed = 1111101001100000010001100101110101001101011100101011100001000010
          cpu time =   7 m. 40.05 s.

-------------------------------------------------------------------------------
bat[      91] ncas =      910000000.
 bitrseed = 0011101100110001100100111011101011010110001110100100000001110110
          cpu time =   7 m. 22.02 s.

-------------------------------------------------------------------------------
bat[      92] ncas =      920000000.
 bitrseed = 1101000110000101011110111001011001101100001111101010011010110010
          cpu time =   7 m. 24.80 s.

-------------------------------------------------------------------------------
bat[      93] ncas =      930000000.
 bitrseed = 1000111011001110110011001111011111000010001011100100001111011000
          cpu time =   7 m. 51.06 s.

-------------------------------------------------------------------------------
bat[      94] ncas =      940000000.
 bitrseed = 0101110001000111010001111110000011000111000101110011011010111001
          cpu time =   7 m. 18.20 s.

-------------------------------------------------------------------------------
bat[      95] ncas =      950000000.
 bitrseed = 0010001110010111001010001111111101011000101000001101011100010100
          cpu time =   7 m. 29.34 s.

-------------------------------------------------------------------------------
bat[      96] ncas =      960000000.
 bitrseed = 1101000010110111011011110011001101001110000010000001001110111111
          cpu time =   7 m. 56.70 s.

-------------------------------------------------------------------------------
bat[      97] ncas =      970000000.
 bitrseed = 0011010101101011110111111001001001001011001100011010010100010000
          cpu time =   7 m. 44.76 s.

-------------------------------------------------------------------------------
bat[      98] ncas =      980000000.
 bitrseed = 0011100010110101101011111110010101010111111100011110111110001101
          cpu time =   6 m. 36.18 s.

-------------------------------------------------------------------------------
bat[      99] ncas =      990000000.
 bitrseed = 0111011010111101010111011110101100001001000001001111111101011001
          cpu time =   7 m. 19.80 s.

-------------------------------------------------------------------------------
bat[     100] ncas =     1000000000.
 bitrseed = 0011011111000101001011001000101011001010101001110001001110001000
          cpu time =   7 m. 31.74 s.

===============================================================================

 Summary for the end of job

-------------------------------------------------------------------------------
 number of analyz call vs ncol
-------------------------------------------------------------------------------
     ncol          number
        1              1.   : start of calculation            
        2              1.   : end of calculation              
        3            100.   : end of a batch                  
        4     1000000000.   : source                          
        5              0.   : detection of geometry error/warn
        6              0.   : recovery from geometry warning  
        7              0.   : termination by geometry error   
        8              0.   : termination by weight cut-off   
        9              0.   : termination by time cut-off     
       10     1052949501.   : geometry boundary crossing      
       11     1221036896.   : termination by energy cut-off   
       12       50687061.   : termination by escape or leakage
       13        5469427.   : reaction : (n,x) type           
       14      642338758.   : reaction : (n,n'x) type         
       15       42521754.   : sequential transport for tally  

-------------------------------------------------------------------------------
 List of transport particles (not including source)
-------------------------------------------------------------------------------
     Name      kf-code        mass       charge   baryon
     proton       2212        938.3         1       1
     neutron      2112        939.6         0       1
     positron      -11          0.5         1       0
     photon         22          0.0         0       0
     deuteron  1000002       1875.6         1       2
     triton    1000003       2808.9         1       3
     3he       2000003       2808.4         2       3
     alpha     2000004       3727.4         2       4

-------------------------------------------------------------------------------
 prod. particles       number        weight        weight per source
-------------------------------------------------------------------------------
     proton        177998261.     1.7799826E+08     1.7799826E-01
     alpha          63627457.     6.3627457E+07     6.3627457E-02
     photon         39108224.     3.9108224E+07     3.9108224E-02
     neutron        20992449.     2.0992449E+07     2.0992449E-02
     deuteron        5646186.     5.6461860E+06     5.6461860E-03
     3he             1981992.     1.9819920E+06     1.9819920E-03
     triton           374410.     3.7441000E+05     3.7441000E-04
     positron         103458.     1.0345800E+05     1.0345800E-04

-------------------------------------------------------------------------------
 particle decays       number        weight        weight per source
-------------------------------------------------------------------------------
     positron         103466.     1.0346600E+05     1.0346600E-04

-------------------------------------------------------------------------------
 stop. particles.    number        weight        weight per source
-------------------------------------------------------------------------------
     proton       1018472611.     1.0184726E+09     1.0184726E+00
     nucleus       132611339.     1.3261134E+08     1.3261134E-01
     alpha          63613774.     6.3613774E+07     6.3613774E-02
     electron       15949625.     1.5949625E+07     1.5949625E-02
     deuteron        5609687.     5.6096870E+06     5.6096870E-03
     3he             1980694.     1.9806940E+06     1.9806940E-03
     triton           373366.     3.7336600E+05     3.7336600E-04
     positron         103466.     1.0346600E+05     1.0346600E-04
     photon            21175.     2.1175000E+04     2.1175000E-05
     neutron             519.     5.1900000E+02     5.1900000E-07

-------------------------------------------------------------------------------
 leak. particles       number        weight        weight per source
-------------------------------------------------------------------------------
     photon         38780306.     3.8780306E+07     3.8780306E-02
     neutron        11073196.     1.1073196E+07     1.1073196E-02
     electron         682607.     6.8260700E+05     6.8260700E-04
     proton           111454.     1.1145400E+05     1.1145400E-04
     positron          24941.     2.4941000E+04     2.4941000E-05
     alpha              7782.     7.7820000E+03     7.7820000E-06
     deuteron           5528.     5.5280000E+03     5.5280000E-06
     3he                 633.     6.3300000E+02     6.3300000E-07
     triton              412.     4.1200000E+02     4.1200000E-07
     nucleus             202.     2.0200000E+02     2.0200000E-07

-------------------------------------------------------------------------------
 source: maxcas    maxbch      irskip   average weight          total source
-------------------------------------------------------------------------------
    10000000         100           0    1.0000000E+00    1.0000000000000E+09

-------------------------------------------------------------------------------
 used ATIMA database
-------------------------------------------------------------------------------
     for dedx  =       56 / mdbatima =      500

-------------------------------------------------------------------------------
 Geometry error summary
-------------------------------------------------------------------------------
 Number of lost particles     =     0 / nlost =       10
 Number of geometry recovering =     0
 Number of unrecovered errors =     0

-------------------------------------------------------------------------------
 initial random seed:
   bitrseed = 0100001010011000001011101100011110011000110110100110010000000000
 next initial random seed:
   bitrseed = 0001001110011001001001110000100100110111001111011100001000101100

-------------------------------------------------------------------------------
 job termination date : 2024/04/11
                 time :   22:02:22

-------------------------------------------------------------------------------
    CPU time and number of event called in PHITS
-------------------------------------------------------------------------------

                             sec
total cpu time =        40519.86


                           count
      analysis =     4015003497.  : data processing
         nevap =      151939976.  : evaporation
        dexgam =       29887696.  : de-excitation
         nreac =      647811177.  : atomic and nuclear reactions
         dklos =         103466.  : particle decay
         hydro =            405.  : nucleon-nucleon scattering
        n-data =        9266692.  : neutron data library
        h-data =              0.  : p, d, a data library
        p-data =              0.  : photon data library
        e-data =              0.  : electron data library
        p-egs5 =       10255682.  : photon interaction with EGS5
        e-egs5 =      468336089.  : electron interaction with EGS5
      e-tsmode =              0.  : electron track structure mode
    ion-tsmode =              0.  : ion track structure mode
     photonucl =              0.  : photo-nuclear reaction
 photonucl lib =              0.  : photo-nuclear reaction with library
       mu-reac =              0.  : muon-induced nuclear reaction
       mu-brem =              0.  : muon-induced bremsstrahlung
       mu-pprd =              0.  : muon-induced pair production
        mu-cap =              0.  : muon capture in nucleus
         elast =      110190678.  : elastic scattering
         ncasc =      201109814.  : nuclear reaction model

       bertini =            762.  : Bertini model
        isobar =              0.  : isobar model
           JAM =           1919.  : JAM model
           QMD =              0.  : JQMD model
        JAMQMD =              0.  : JAMQMD model
          INCL =      201106703.  : INCL model
        INCELF =              0.  : INCELF model
     frag data =              0.  : user defined cross section
       SCINFUL =              0.  : SCINFUL mode

>>> Citation Request >>>=======================================================

 This execution uses model(s) that must be explicitly cited in addition to
 the PHITS original document: T.Sato et al., J.Nucl.Sci.Technol.55, 684-690 (2018).
 Please refer the following document(s) in your publication using this result

 The INCL model:
    A. Boudard et al., Phys. Rev C87, 014606 (2013).

 The EGS5 code:
    H. Hirayama et al., SLAC-R-730 (2005) and KEK Report 2005-8 (2005)

 The KUROTAMA model:
    K. Iida, A. Kohama, and K. Oyamatsu, J. Phys. Soc. Japan 76, 044201 (2007).

 END 
