[ T-SED ]
    title = microdosimetric_spectra_water_photon_PHITS
     mesh =  reg            # mesh type is region-wise
      reg = 1
  se-type =    3            # se-mesh is log given by emin, emax and ne
     emin =  1.0000000E-02  # minimum value of e-mesh points
     emax =   10000.00      # maximum value of e-mesh points
#    edel =  7.6752836E-02  # mesh width of e-mesh points
       ne =  180            # number of e-mesh points
#    data = ( e(i), i = 1, ne + 1 )
#           1.00000E-02  1.07978E-02  1.16591E-02  1.25893E-02  1.35936E-02
#           1.46780E-02  1.58489E-02  1.71133E-02  1.84785E-02  1.99526E-02
#           2.15443E-02  2.32631E-02  2.51189E-02  2.71227E-02  2.92864E-02
#           3.16228E-02  3.41455E-02  3.68695E-02  3.98107E-02  4.29866E-02
#           4.64159E-02  5.01187E-02  5.41170E-02  5.84341E-02  6.30957E-02
#           6.81292E-02  7.35642E-02  7.94328E-02  8.57696E-02  9.26119E-02
#           1.00000E-01  1.07978E-01  1.16591E-01  1.25893E-01  1.35936E-01
#           1.46780E-01  1.58489E-01  1.71133E-01  1.84785E-01  1.99526E-01
#           2.15443E-01  2.32631E-01  2.51189E-01  2.71227E-01  2.92864E-01
#           3.16228E-01  3.41455E-01  3.68695E-01  3.98107E-01  4.29866E-01
#           4.64159E-01  5.01187E-01  5.41170E-01  5.84341E-01  6.30957E-01
#           6.81292E-01  7.35642E-01  7.94328E-01  8.57696E-01  9.26119E-01
#           1.00000E+00  1.07978E+00  1.16591E+00  1.25893E+00  1.35936E+00
#           1.46780E+00  1.58489E+00  1.71133E+00  1.84785E+00  1.99526E+00
#           2.15443E+00  2.32631E+00  2.51189E+00  2.71227E+00  2.92864E+00
#           3.16228E+00  3.41455E+00  3.68695E+00  3.98107E+00  4.29866E+00
#           4.64159E+00  5.01187E+00  5.41170E+00  5.84341E+00  6.30957E+00
#           6.81292E+00  7.35642E+00  7.94328E+00  8.57696E+00  9.26119E+00
#           1.00000E+01  1.07978E+01  1.16591E+01  1.25893E+01  1.35936E+01
#           1.46780E+01  1.58489E+01  1.71133E+01  1.84785E+01  1.99526E+01
#           2.15443E+01  2.32631E+01  2.51189E+01  2.71227E+01  2.92864E+01
#           3.16228E+01  3.41455E+01  3.68695E+01  3.98107E+01  4.29866E+01
#           4.64159E+01  5.01187E+01  5.41170E+01  5.84341E+01  6.30957E+01
#           6.81292E+01  7.35642E+01  7.94328E+01  8.57696E+01  9.26119E+01
#           1.00000E+02  1.07978E+02  1.16591E+02  1.25893E+02  1.35936E+02
#           1.46780E+02  1.58489E+02  1.71133E+02  1.84785E+02  1.99526E+02
#           2.15443E+02  2.32631E+02  2.51189E+02  2.71227E+02  2.92864E+02
#           3.16228E+02  3.41455E+02  3.68695E+02  3.98107E+02  4.29866E+02
#           4.64159E+02  5.01187E+02  5.41170E+02  5.84341E+02  6.30957E+02
#           6.81292E+02  7.35642E+02  7.94328E+02  8.57696E+02  9.26119E+02
#           1.00000E+03  1.07978E+03  1.16591E+03  1.25893E+03  1.35936E+03
#           1.46780E+03  1.58489E+03  1.71133E+03  1.84785E+03  1.99526E+03
#           2.15443E+03  2.32631E+03  2.51189E+03  2.71227E+03  2.92864E+03
#           3.16228E+03  3.41455E+03  3.68695E+03  3.98107E+03  4.29866E+03
#           4.64159E+03  5.01187E+03  5.41170E+03  5.84341E+03  6.30957E+03
#           6.81292E+03  7.35642E+03  7.94328E+03  8.57696E+03  9.26119E+03
#           1.00000E+04
  se-unit =    2            # se-unit is [keV/um]
     unit =    8            # unit is z*d(z) [Gy]
    model =    1            # (D=0) Model type 0:old, 1:new
    cdiam = -1.000000       # (D=1.0) diameter of target sphere [um]
   letmat =   -5            # (D=0) mat ID for LET, 0:real mat, <0: electron for H2O
 material =  all            # (D=all) number of specific material
     axis =  sed            # axis of output
     file = ydy_PMMA.out    # file name of output for the above axis
     part =  all      
# kf/name :  0        
#    used :        main (  %)        temp (  %)       total (  %)
#  memory :         183 (  0)           0 (  0)         183 (  0)

#------------------------------------------------------------------------------
#newpage:
#   no. =  1   reg =      1

x: y [keV/um]  
y: y*d(y) [keV/um]               
p: xlog ylog afac(0.8) form(0.9)
h: n            x            y(all     ),hh0l n  
#  sed-lwr      sed-upr        all       r.err 
   1.0000E-02   1.0798E-02   2.6378E-04  0.0035
   1.0798E-02   1.1659E-02   3.0978E-04  0.0035
   1.1659E-02   1.2589E-02   3.6400E-04  0.0035
   1.2589E-02   1.3594E-02   4.2798E-04  0.0035
   1.3594E-02   1.4678E-02   5.0353E-04  0.0035
   1.4678E-02   1.5849E-02   5.9283E-04  0.0035
   1.5849E-02   1.7113E-02   6.9849E-04  0.0035
   1.7113E-02   1.8478E-02   8.2365E-04  0.0035
   1.8478E-02   1.9953E-02   9.7206E-04  0.0035
   1.9953E-02   2.1544E-02   1.1483E-03  0.0035
   2.1544E-02   2.3263E-02   1.3578E-03  0.0035
   2.3263E-02   2.5119E-02   1.6072E-03  0.0034
   2.5119E-02   2.7123E-02   1.9045E-03  0.0034
   2.7123E-02   2.9286E-02   2.2596E-03  0.0034
   2.9286E-02   3.1623E-02   2.6841E-03  0.0034
   3.1623E-02   3.4145E-02   3.1927E-03  0.0034
   3.4145E-02   3.6869E-02   3.8029E-03  0.0034
   3.6869E-02   3.9811E-02   4.5362E-03  0.0034
   3.9811E-02   4.2987E-02   5.4190E-03  0.0034
   4.2987E-02   4.6416E-02   6.4832E-03  0.0034
   4.6416E-02   5.0119E-02   7.7679E-03  0.0034
   5.0119E-02   5.4117E-02   9.3198E-03  0.0034
   5.4117E-02   5.8434E-02   1.1193E-02  0.0034
   5.8434E-02   6.3096E-02   1.3441E-02  0.0034
   6.3096E-02   6.8129E-02   1.5672E-02  0.0034
   6.8129E-02   7.3564E-02   1.8053E-02  0.0034
   7.3564E-02   7.9433E-02   2.0738E-02  0.0034
   7.9433E-02   8.5770E-02   2.3705E-02  0.0034
   8.5770E-02   9.2612E-02   2.6636E-02  0.0034
   9.2612E-02   1.0000E-01   2.9717E-02  0.0035
   1.0000E-01   1.0798E-01   3.2835E-02  0.0035
   1.0798E-01   1.1659E-01   3.6032E-02  0.0036
   1.1659E-01   1.2589E-01   3.9266E-02  0.0037
   1.2589E-01   1.3594E-01   4.2444E-02  0.0038
   1.3594E-01   1.4678E-01   4.5417E-02  0.0040
   1.4678E-01   1.5849E-01   4.8159E-02  0.0042
   1.5849E-01   1.7113E-01   5.0580E-02  0.0045
   1.7113E-01   1.8478E-01   5.2590E-02  0.0049
   1.8478E-01   1.9953E-01   5.4101E-02  0.0055
   1.9953E-01   2.1544E-01   5.5023E-02  0.0062
   2.1544E-01   2.3263E-01   5.5219E-02  0.0072
   2.3263E-01   2.5119E-01   5.4709E-02  0.0085
   2.5119E-01   2.7123E-01   5.3501E-02  0.0102
   2.7123E-01   2.9286E-01   5.1543E-02  0.0120
   2.9286E-01   3.1623E-01   4.8975E-02  0.0139
   3.1623E-01   3.4145E-01   4.5961E-02  0.0162
   3.4145E-01   3.6869E-01   4.2691E-02  0.0190
   3.6869E-01   3.9811E-01   3.9389E-02  0.0221
   3.9811E-01   4.2987E-01   3.6297E-02  0.0257
   4.2987E-01   4.6416E-01   3.3652E-02  0.0293
   4.6416E-01   5.0119E-01   3.1657E-02  0.0326
   5.0119E-01   5.4117E-01   3.0359E-02  0.0352
   5.4117E-01   5.8434E-01   2.9688E-02  0.0369
   5.8434E-01   6.3096E-01   2.9419E-02  0.0377
   6.3096E-01   6.8129E-01   2.9630E-02  0.0375
   6.8129E-01   7.3564E-01   3.0262E-02  0.0364
   7.3564E-01   7.9433E-01   3.1252E-02  0.0347
   7.9433E-01   8.5770E-01   3.2516E-02  0.0326
   8.5770E-01   9.2612E-01   3.3932E-02  0.0306
   9.2612E-01   1.0000E+00   3.5467E-02  0.0288
   1.0000E+00   1.0798E+00   3.7117E-02  0.0273
   1.0798E+00   1.1659E+00   3.8881E-02  0.0261
   1.1659E+00   1.2589E+00   4.0730E-02  0.0245
   1.2589E+00   1.3594E+00   4.2806E-02  0.0231
   1.3594E+00   1.4678E+00   4.5231E-02  0.0217
   1.4678E+00   1.5849E+00   4.8131E-02  0.0204
   1.5849E+00   1.7113E+00   5.1629E-02  0.0192
   1.7113E+00   1.8478E+00   5.5832E-02  0.0179
   1.8478E+00   1.9953E+00   6.0820E-02  0.0167
   1.9953E+00   2.1544E+00   6.6644E-02  0.0155
   2.1544E+00   2.3263E+00   7.3320E-02  0.0145
   2.3263E+00   2.5119E+00   8.0842E-02  0.0135
   2.5119E+00   2.7123E+00   8.9182E-02  0.0127
   2.7123E+00   2.9286E+00   9.8305E-02  0.0121
   2.9286E+00   3.1623E+00   1.0817E-01  0.0117
   3.1623E+00   3.4145E+00   1.1872E-01  0.0113
   3.4145E+00   3.6869E+00   1.2989E-01  0.0111
   3.6869E+00   3.9811E+00   1.4158E-01  0.0110
   3.9811E+00   4.2987E+00   1.5366E-01  0.0109
   4.2987E+00   4.6416E+00   1.6596E-01  0.0108
   4.6416E+00   5.0119E+00   1.7824E-01  0.0109
   5.0119E+00   5.4117E+00   1.9025E-01  0.0109
   5.4117E+00   5.8434E+00   2.0172E-01  0.0110
   5.8434E+00   6.3096E+00   2.1236E-01  0.0111
   6.3096E+00   6.8129E+00   2.2191E-01  0.0113
   6.8129E+00   7.3564E+00   2.3014E-01  0.0115
   7.3564E+00   7.9433E+00   2.3688E-01  0.0118
   7.9433E+00   8.5770E+00   2.4202E-01  0.0121
   8.5770E+00   9.2612E+00   2.4557E-01  0.0126
   9.2612E+00   1.0000E+01   2.4762E-01  0.0130
   1.0000E+01   1.0798E+01   2.4837E-01  0.0136
   1.0798E+01   1.1659E+01   2.4811E-01  0.0142
   1.1659E+01   1.2589E+01   2.4719E-01  0.0148
   1.2589E+01   1.3594E+01   2.4590E-01  0.0156
   1.3594E+01   1.4678E+01   2.4440E-01  0.0165
   1.4678E+01   1.5849E+01   2.4267E-01  0.0174
   1.5849E+01   1.7113E+01   2.4066E-01  0.0185
   1.7113E+01   1.8478E+01   2.3829E-01  0.0197
   1.8478E+01   1.9953E+01   2.3536E-01  0.0210
   1.9953E+01   2.1544E+01   2.3129E-01  0.0225
   2.1544E+01   2.3263E+01   2.2514E-01  0.0240
   2.3263E+01   2.5119E+01   2.1641E-01  0.0258
   2.5119E+01   2.7123E+01   2.0564E-01  0.0278
   2.7123E+01   2.9286E+01   1.9404E-01  0.0302
   2.9286E+01   3.1623E+01   1.8272E-01  0.0330
   3.1623E+01   3.4145E+01   1.7243E-01  0.0360
   3.4145E+01   3.6869E+01   1.6318E-01  0.0393
   3.6869E+01   3.9811E+01   1.5434E-01  0.0426
   3.9811E+01   4.2987E+01   1.4582E-01  0.0462
   4.2987E+01   4.6416E+01   1.3866E-01  0.0502
   4.6416E+01   5.0119E+01   1.3381E-01  0.0544
   5.0119E+01   5.4117E+01   1.3014E-01  0.0581
   5.4117E+01   5.8434E+01   1.2497E-01  0.0618
   5.8434E+01   6.3096E+01   1.1969E-01  0.0663
   6.3096E+01   6.8129E+01   1.1589E-01  0.0714
   6.8129E+01   7.3564E+01   1.1328E-01  0.0763
   7.3564E+01   7.9433E+01   1.0847E-01  0.0809
   7.9433E+01   8.5770E+01   1.0208E-01  0.0872
   8.5770E+01   9.2612E+01   1.0105E-01  0.0931
   9.2612E+01   1.0000E+02   1.0040E-01  0.0963
   1.0000E+02   1.0798E+02   9.3903E-02  0.0982
   1.0798E+02   1.1659E+02   7.7577E-02  0.0988
   1.1659E+02   1.2589E+02   6.1880E-02  0.1148
   1.2589E+02   1.3594E+02   6.2002E-02  0.1212
   1.3594E+02   1.4678E+02   6.3778E-02  0.1238
   1.4678E+02   1.5849E+02   6.6834E-02  0.1252
   1.5849E+02   1.7113E+02   7.0208E-02  0.1256
   1.7113E+02   1.8478E+02   7.3647E-02  0.1303
   1.8478E+02   1.9953E+02   8.0375E-02  0.1352
   1.9953E+02   2.1544E+02   8.8170E-02  0.1387
   2.1544E+02   2.3263E+02   9.4548E-02  0.1422
   2.3263E+02   2.5119E+02   9.8892E-02  0.1483
   2.5119E+02   2.7123E+02   1.0549E-01  0.1539
   2.7123E+02   2.9286E+02   1.0820E-01  0.1563
   2.9286E+02   3.1623E+02   9.8832E-02  0.1699
   3.1623E+02   3.4145E+02   6.1286E-02  0.1698
   3.4145E+02   3.6869E+02   3.8823E-02  0.2105
   3.6869E+02   3.9811E+02   4.0919E-02  0.2174
   3.9811E+02   4.2987E+02   4.4986E-02  0.2204
   4.2987E+02   4.6416E+02   5.0099E-02  0.2258
   4.6416E+02   5.0119E+02   5.5575E-02  0.2337
   5.0119E+02   5.4117E+02   6.1949E-02  0.2416
   5.4117E+02   5.8434E+02   6.8294E-02  0.2505
   5.8434E+02   6.3096E+02   7.3277E-02  0.2647
   6.3096E+02   6.8129E+02   7.8063E-02  0.2798
   6.8129E+02   7.3564E+02   6.4923E-02  0.2735
   7.3564E+02   7.9433E+02   5.2983E-02  0.2923
   7.9433E+02   8.5770E+02   5.5146E-02  0.3340
   8.5770E+02   9.2612E+02   6.8067E-02  0.3401
   9.2612E+02   1.0000E+03   8.0309E-02  0.3397
   1.0000E+03   1.0798E+03   7.7190E-02  0.3510
   1.0798E+03   1.1659E+03   7.0914E-02  0.4038
   1.1659E+03   1.2589E+03   6.3201E-02  0.4668
   1.2589E+03   1.3594E+03   1.2171E-02  0.6837
   1.3594E+03   1.4678E+03   9.7743E-06  0.8961
   1.4678E+03   1.5849E+03   0.0000E+00  0.0000
   1.5849E+03   1.7113E+03   0.0000E+00  0.0000
   1.7113E+03   1.8478E+03   0.0000E+00  0.0000
   1.8478E+03   1.9953E+03   0.0000E+00  0.0000
   1.9953E+03   2.1544E+03   0.0000E+00  0.0000
   2.1544E+03   2.3263E+03   0.0000E+00  0.0000
   2.3263E+03   2.5119E+03   0.0000E+00  0.0000
   2.5119E+03   2.7123E+03   0.0000E+00  0.0000
   2.7123E+03   2.9286E+03   0.0000E+00  0.0000
   2.9286E+03   3.1623E+03   0.0000E+00  0.0000
   3.1623E+03   3.4145E+03   0.0000E+00  0.0000
   3.4145E+03   3.6869E+03   0.0000E+00  0.0000
   3.6869E+03   3.9811E+03   0.0000E+00  0.0000
   3.9811E+03   4.2987E+03   0.0000E+00  0.0000
   4.2987E+03   4.6416E+03   0.0000E+00  0.0000
   4.6416E+03   5.0119E+03   0.0000E+00  0.0000
   5.0119E+03   5.4117E+03   0.0000E+00  0.0000
   5.4117E+03   5.8434E+03   0.0000E+00  0.0000
   5.8434E+03   6.3096E+03   0.0000E+00  0.0000
   6.3096E+03   6.8129E+03   0.0000E+00  0.0000
   6.8129E+03   7.3564E+03   0.0000E+00  0.0000
   7.3564E+03   7.9433E+03   0.0000E+00  0.0000
   7.9433E+03   8.5770E+03   0.0000E+00  0.0000
   8.5770E+03   9.2612E+03   0.0000E+00  0.0000
   9.2612E+03   1.0000E+04   0.0000E+00  0.0000

#               Dose mean    9.6407E+01

'no. =  1,  reg  =      1'
msuc: {\huge microdosimetric_spectra_water_photon_PHITS}
msdr: {\it plotted by \ANGEL \version}
msdl: {\it calculated by \PHITS  3.32}
 
# Information for Restart Calculation
# This calculation was newly started
# istdev =  2 # 1:Batch variance, 2:History variance
# resc2  = 1.00000000000000000E+10 # Total source weight or Total source weight / maxcas
# resc3  = 1.00000000000000000E+10 # Total history number or Total batch number
# maxcas =   100000000 # History / Batch, only used for istdev=1
# bitrseed = 0010000011001111010110011001111001111011001011010111110001110101 # bit data of rseed
