[ T-SED ]
    title = microdosimetric_spectra_water_photon_PHITS
     mesh =  reg            # mesh type is region-wise
      reg = 1
  se-type =    3            # se-mesh is log given by emin, emax and ne
     emin =  1.0000000E-02  # minimum value of e-mesh points
     emax =   10000.00      # maximum value of e-mesh points
#    edel =  7.6752836E-02  # mesh width of e-mesh points
       ne =  180            # number of e-mesh points
#    data = ( e(i), i = 1, ne + 1 )
#           1.00000E-02  1.07978E-02  1.16591E-02  1.25893E-02  1.35936E-02
#           1.46780E-02  1.58489E-02  1.71133E-02  1.84785E-02  1.99526E-02
#           2.15443E-02  2.32631E-02  2.51189E-02  2.71227E-02  2.92864E-02
#           3.16228E-02  3.41455E-02  3.68695E-02  3.98107E-02  4.29866E-02
#           4.64159E-02  5.01187E-02  5.41170E-02  5.84341E-02  6.30957E-02
#           6.81292E-02  7.35642E-02  7.94328E-02  8.57696E-02  9.26119E-02
#           1.00000E-01  1.07978E-01  1.16591E-01  1.25893E-01  1.35936E-01
#           1.46780E-01  1.58489E-01  1.71133E-01  1.84785E-01  1.99526E-01
#           2.15443E-01  2.32631E-01  2.51189E-01  2.71227E-01  2.92864E-01
#           3.16228E-01  3.41455E-01  3.68695E-01  3.98107E-01  4.29866E-01
#           4.64159E-01  5.01187E-01  5.41170E-01  5.84341E-01  6.30957E-01
#           6.81292E-01  7.35642E-01  7.94328E-01  8.57696E-01  9.26119E-01
#           1.00000E+00  1.07978E+00  1.16591E+00  1.25893E+00  1.35936E+00
#           1.46780E+00  1.58489E+00  1.71133E+00  1.84785E+00  1.99526E+00
#           2.15443E+00  2.32631E+00  2.51189E+00  2.71227E+00  2.92864E+00
#           3.16228E+00  3.41455E+00  3.68695E+00  3.98107E+00  4.29866E+00
#           4.64159E+00  5.01187E+00  5.41170E+00  5.84341E+00  6.30957E+00
#           6.81292E+00  7.35642E+00  7.94328E+00  8.57696E+00  9.26119E+00
#           1.00000E+01  1.07978E+01  1.16591E+01  1.25893E+01  1.35936E+01
#           1.46780E+01  1.58489E+01  1.71133E+01  1.84785E+01  1.99526E+01
#           2.15443E+01  2.32631E+01  2.51189E+01  2.71227E+01  2.92864E+01
#           3.16228E+01  3.41455E+01  3.68695E+01  3.98107E+01  4.29866E+01
#           4.64159E+01  5.01187E+01  5.41170E+01  5.84341E+01  6.30957E+01
#           6.81292E+01  7.35642E+01  7.94328E+01  8.57696E+01  9.26119E+01
#           1.00000E+02  1.07978E+02  1.16591E+02  1.25893E+02  1.35936E+02
#           1.46780E+02  1.58489E+02  1.71133E+02  1.84785E+02  1.99526E+02
#           2.15443E+02  2.32631E+02  2.51189E+02  2.71227E+02  2.92864E+02
#           3.16228E+02  3.41455E+02  3.68695E+02  3.98107E+02  4.29866E+02
#           4.64159E+02  5.01187E+02  5.41170E+02  5.84341E+02  6.30957E+02
#           6.81292E+02  7.35642E+02  7.94328E+02  8.57696E+02  9.26119E+02
#           1.00000E+03  1.07978E+03  1.16591E+03  1.25893E+03  1.35936E+03
#           1.46780E+03  1.58489E+03  1.71133E+03  1.84785E+03  1.99526E+03
#           2.15443E+03  2.32631E+03  2.51189E+03  2.71227E+03  2.92864E+03
#           3.16228E+03  3.41455E+03  3.68695E+03  3.98107E+03  4.29866E+03
#           4.64159E+03  5.01187E+03  5.41170E+03  5.84341E+03  6.30957E+03
#           6.81292E+03  7.35642E+03  7.94328E+03  8.57696E+03  9.26119E+03
#           1.00000E+04
  se-unit =    2            # se-unit is [keV/um]
     unit =    8            # unit is z*d(z) [Gy]
    model =    1            # (D=0) Model type 0:old, 1:new
    cdiam = -1.000000       # (D=1.0) diameter of target sphere [um]
   letmat =   -5            # (D=0) mat ID for LET, 0:real mat, <0: electron for H2O
 material =  all            # (D=all) number of specific material
     axis =  sed            # axis of output
     file = ydy_Ti.out      # file name of output for the above axis
     part =  all      
# kf/name :  0        
#    used :        main (  %)        temp (  %)       total (  %)
#  memory :         183 (  0)           0 (  0)         183 (  0)

#------------------------------------------------------------------------------
#newpage:
#   no. =  1   reg =      1

x: y [keV/um]  
y: y*d(y) [keV/um]               
p: xlog ylog afac(0.8) form(0.9)
h: n            x            y(all     ),hh0l n  
#  sed-lwr      sed-upr        all       r.err 
   1.0000E-02   1.0798E-02   6.6110E-06  0.0020
   1.0798E-02   1.1659E-02   7.7536E-06  0.0020
   1.1659E-02   1.2589E-02   9.0976E-06  0.0020
   1.2589E-02   1.3594E-02   1.0679E-05  0.0020
   1.3594E-02   1.4678E-02   1.2541E-05  0.0020
   1.4678E-02   1.5849E-02   1.4734E-05  0.0020
   1.5849E-02   1.7113E-02   1.7319E-05  0.0020
   1.7113E-02   1.8478E-02   2.0366E-05  0.0020
   1.8478E-02   1.9953E-02   2.3958E-05  0.0020
   1.9953E-02   2.1544E-02   2.8195E-05  0.0020
   2.1544E-02   2.3263E-02   3.3192E-05  0.0020
   2.3263E-02   2.5119E-02   3.9086E-05  0.0020
   2.5119E-02   2.7123E-02   4.6038E-05  0.0020
   2.7123E-02   2.9286E-02   5.4238E-05  0.0020
   2.9286E-02   3.1623E-02   6.3914E-05  0.0020
   3.1623E-02   3.4145E-02   7.5340E-05  0.0020
   3.4145E-02   3.6869E-02   8.8859E-05  0.0020
   3.6869E-02   3.9811E-02   1.0490E-04  0.0021
   3.9811E-02   4.2987E-02   1.2400E-04  0.0021
   4.2987E-02   4.6416E-02   1.4684E-04  0.0021
   4.6416E-02   5.0119E-02   1.7427E-04  0.0021
   5.0119E-02   5.4117E-02   2.0729E-04  0.0021
   5.4117E-02   5.8434E-02   2.4706E-04  0.0021
   5.8434E-02   6.3096E-02   2.9497E-04  0.0021
   6.3096E-02   6.8129E-02   3.5261E-04  0.0021
   6.8129E-02   7.3564E-02   4.2203E-04  0.0020
   7.3564E-02   7.9433E-02   5.0573E-04  0.0020
   7.9433E-02   8.5770E-02   6.0677E-04  0.0020
   8.5770E-02   9.2612E-02   7.2882E-04  0.0020
   9.2612E-02   1.0000E-01   8.7646E-04  0.0020
   1.0000E-01   1.0798E-01   1.0553E-03  0.0020
   1.0798E-01   1.1659E-01   1.2720E-03  0.0020
   1.1659E-01   1.2589E-01   1.5351E-03  0.0019
   1.2589E-01   1.3594E-01   1.8547E-03  0.0019
   1.3594E-01   1.4678E-01   2.2432E-03  0.0019
   1.4678E-01   1.5849E-01   2.7160E-03  0.0019
   1.5849E-01   1.7113E-01   3.2916E-03  0.0019
   1.7113E-01   1.8478E-01   3.9929E-03  0.0019
   1.8478E-01   1.9953E-01   4.8477E-03  0.0019
   1.9953E-01   2.1544E-01   5.8899E-03  0.0019
   2.1544E-01   2.3263E-01   7.1607E-03  0.0019
   2.3263E-01   2.5119E-01   8.7102E-03  0.0019
   2.5119E-01   2.7123E-01   1.0599E-02  0.0019
   2.7123E-01   2.9286E-01   1.2901E-02  0.0019
   2.9286E-01   3.1623E-01   1.5703E-02  0.0019
   3.1623E-01   3.4145E-01   1.9111E-02  0.0019
   3.4145E-01   3.6869E-01   2.3251E-02  0.0019
   3.6869E-01   3.9811E-01   2.8271E-02  0.0019
   3.9811E-01   4.2987E-01   3.4344E-02  0.0019
   4.2987E-01   4.6416E-01   4.1671E-02  0.0019
   4.6416E-01   5.0119E-01   5.0482E-02  0.0019
   5.0119E-01   5.4117E-01   6.1037E-02  0.0019
   5.4117E-01   5.8434E-01   7.3618E-02  0.0019
   5.8434E-01   6.3096E-01   8.8531E-02  0.0019
   6.3096E-01   6.8129E-01   1.0609E-01  0.0019
   6.8129E-01   7.3564E-01   1.2659E-01  0.0019
   7.3564E-01   7.9433E-01   1.5030E-01  0.0019
   7.9433E-01   8.5770E-01   1.7742E-01  0.0019
   8.5770E-01   9.2612E-01   2.0803E-01  0.0019
   9.2612E-01   1.0000E+00   2.4202E-01  0.0019
   1.0000E+00   1.0798E+00   2.7908E-01  0.0019
   1.0798E+00   1.1659E+00   3.1862E-01  0.0019
   1.1659E+00   1.2589E+00   3.5971E-01  0.0019
   1.2589E+00   1.3594E+00   4.0111E-01  0.0019
   1.3594E+00   1.4678E+00   4.4130E-01  0.0019
   1.4678E+00   1.5849E+00   4.7856E-01  0.0019
   1.5849E+00   1.7113E+00   5.1110E-01  0.0019
   1.7113E+00   1.8478E+00   5.3729E-01  0.0019
   1.8478E+00   1.9953E+00   5.5575E-01  0.0019
   1.9953E+00   2.1544E+00   5.6561E-01  0.0019
   2.1544E+00   2.3263E+00   5.6657E-01  0.0019
   2.3263E+00   2.5119E+00   5.5888E-01  0.0019
   2.5119E+00   2.7123E+00   5.4338E-01  0.0019
   2.7123E+00   2.9286E+00   5.2129E-01  0.0019
   2.9286E+00   3.1623E+00   4.9411E-01  0.0019
   3.1623E+00   3.4145E+00   4.6342E-01  0.0019
   3.4145E+00   3.6869E+00   4.3075E-01  0.0019
   3.6869E+00   3.9811E+00   3.9740E-01  0.0019
   3.9811E+00   4.2987E+00   3.6445E-01  0.0019
   4.2987E+00   4.6416E+00   3.3265E-01  0.0019
   4.6416E+00   5.0119E+00   3.0247E-01  0.0019
   5.0119E+00   5.4117E+00   2.7414E-01  0.0019
   5.4117E+00   5.8434E+00   2.4772E-01  0.0020
   5.8434E+00   6.3096E+00   2.2312E-01  0.0020
   6.3096E+00   6.8129E+00   2.0022E-01  0.0020
   6.8129E+00   7.3564E+00   1.7882E-01  0.0021
   7.3564E+00   7.9433E+00   1.5873E-01  0.0021
   7.9433E+00   8.5770E+00   1.3980E-01  0.0022
   8.5770E+00   9.2612E+00   1.2190E-01  0.0024
   9.2612E+00   1.0000E+01   1.0498E-01  0.0025
   1.0000E+01   1.0798E+01   8.9061E-02  0.0028
   1.0798E+01   1.1659E+01   7.4243E-02  0.0032
   1.1659E+01   1.2589E+01   6.0669E-02  0.0038
   1.2589E+01   1.3594E+01   4.8496E-02  0.0046
   1.3594E+01   1.4678E+01   3.7857E-02  0.0059
   1.4678E+01   1.5849E+01   2.8829E-02  0.0077
   1.5849E+01   1.7113E+01   2.1412E-02  0.0105
   1.7113E+01   1.8478E+01   1.5535E-02  0.0147
   1.8478E+01   1.9953E+01   1.1057E-02  0.0215
   1.9953E+01   2.1544E+01   7.7887E-03  0.0327
   2.1544E+01   2.3263E+01   5.5050E-03  0.0499
   2.3263E+01   2.5119E+01   3.9681E-03  0.0737
   2.5119E+01   2.7123E+01   2.9605E-03  0.1031
   2.7123E+01   2.9286E+01   2.3146E-03  0.1367
   2.9286E+01   3.1623E+01   1.9093E-03  0.1719
   3.1623E+01   3.4145E+01   1.6444E-03  0.2045
   3.4145E+01   3.6869E+01   1.4333E-03  0.2311
   3.6869E+01   3.9811E+01   1.2171E-03  0.2520
   3.9811E+01   4.2987E+01   1.0134E-03  0.2800
   4.2987E+01   4.6416E+01   8.8242E-04  0.3094
   4.6416E+01   5.0119E+01   7.8896E-04  0.3171
   5.0119E+01   5.4117E+01   7.2672E-04  0.3336
   5.4117E+01   5.8434E+01   7.4413E-04  0.3662
   5.8434E+01   6.3096E+01   8.2658E-04  0.3912
   6.3096E+01   6.8129E+01   9.2659E-04  0.4182
   6.8129E+01   7.3564E+01   1.0470E-03  0.4427
   7.3564E+01   7.9433E+01   1.1275E-03  0.4689
   7.9433E+01   8.5770E+01   1.2141E-03  0.5018
   8.5770E+01   9.2612E+01   1.2446E-03  0.5181
   9.2612E+01   1.0000E+02   1.2324E-03  0.5734
   1.0000E+02   1.0798E+02   1.2829E-03  0.5915
   1.0798E+02   1.1659E+02   1.2721E-03  0.5895
   1.1659E+02   1.2589E+02   1.2196E-03  0.5832
   1.2589E+02   1.3594E+02   1.1863E-03  0.5820
   1.3594E+02   1.4678E+02   1.1889E-03  0.5802
   1.4678E+02   1.5849E+02   1.0179E-03  0.5916
   1.5849E+02   1.7113E+02   7.3825E-04  0.6780
   1.7113E+02   1.8478E+02   5.1951E-04  0.8702
   1.8478E+02   1.9953E+02   4.8138E-04  0.9809
   1.9953E+02   2.1544E+02   4.9716E-04  0.9982
   2.1544E+02   2.3263E+02   5.1911E-04  0.9999
   2.3263E+02   2.5119E+02   5.3954E-04  1.0000
   2.5119E+02   2.7123E+02   5.5645E-04  1.0000
   2.7123E+02   2.9286E+02   5.6799E-04  1.0000
   2.9286E+02   3.1623E+02   5.7194E-04  1.0000
   3.1623E+02   3.4145E+02   5.6562E-04  1.0000
   3.4145E+02   3.6869E+02   5.4511E-04  1.0000
   3.6869E+02   3.9811E+02   5.0540E-04  1.0000
   3.9811E+02   4.2987E+02   4.4118E-04  1.0000
   4.2987E+02   4.6416E+02   3.4482E-04  1.0000
   4.6416E+02   5.0119E+02   2.0511E-04  1.0000
   5.0119E+02   5.4117E+02   1.4521E-05  1.0000
   5.4117E+02   5.8434E+02   1.3434E-08  1.0000
   5.8434E+02   6.3096E+02   0.0000E+00  0.0000
   6.3096E+02   6.8129E+02   0.0000E+00  0.0000
   6.8129E+02   7.3564E+02   0.0000E+00  0.0000
   7.3564E+02   7.9433E+02   0.0000E+00  0.0000
   7.9433E+02   8.5770E+02   0.0000E+00  0.0000
   8.5770E+02   9.2612E+02   0.0000E+00  0.0000
   9.2612E+02   1.0000E+03   0.0000E+00  0.0000
   1.0000E+03   1.0798E+03   0.0000E+00  0.0000
   1.0798E+03   1.1659E+03   0.0000E+00  0.0000
   1.1659E+03   1.2589E+03   0.0000E+00  0.0000
   1.2589E+03   1.3594E+03   0.0000E+00  0.0000
   1.3594E+03   1.4678E+03   0.0000E+00  0.0000
   1.4678E+03   1.5849E+03   0.0000E+00  0.0000
   1.5849E+03   1.7113E+03   0.0000E+00  0.0000
   1.7113E+03   1.8478E+03   0.0000E+00  0.0000
   1.8478E+03   1.9953E+03   0.0000E+00  0.0000
   1.9953E+03   2.1544E+03   0.0000E+00  0.0000
   2.1544E+03   2.3263E+03   0.0000E+00  0.0000
   2.3263E+03   2.5119E+03   0.0000E+00  0.0000
   2.5119E+03   2.7123E+03   0.0000E+00  0.0000
   2.7123E+03   2.9286E+03   0.0000E+00  0.0000
   2.9286E+03   3.1623E+03   0.0000E+00  0.0000
   3.1623E+03   3.4145E+03   0.0000E+00  0.0000
   3.4145E+03   3.6869E+03   0.0000E+00  0.0000
   3.6869E+03   3.9811E+03   0.0000E+00  0.0000
   3.9811E+03   4.2987E+03   0.0000E+00  0.0000
   4.2987E+03   4.6416E+03   0.0000E+00  0.0000
   4.6416E+03   5.0119E+03   0.0000E+00  0.0000
   5.0119E+03   5.4117E+03   0.0000E+00  0.0000
   5.4117E+03   5.8434E+03   0.0000E+00  0.0000
   5.8434E+03   6.3096E+03   0.0000E+00  0.0000
   6.3096E+03   6.8129E+03   0.0000E+00  0.0000
   6.8129E+03   7.3564E+03   0.0000E+00  0.0000
   7.3564E+03   7.9433E+03   0.0000E+00  0.0000
   7.9433E+03   8.5770E+03   0.0000E+00  0.0000
   8.5770E+03   9.2612E+03   0.0000E+00  0.0000
   9.2612E+03   1.0000E+04   0.0000E+00  0.0000

#               Dose mean    4.4438E+00

'no. =  1,  reg  =      1'
msuc: {\huge microdosimetric_spectra_water_photon_PHITS}
msdr: {\it plotted by \ANGEL \version}
msdl: {\it calculated by \PHITS  3.32}
 
# Information for Restart Calculation
# This calculation was newly started
# istdev =  2 # 1:Batch variance, 2:History variance
# resc2  = 1.00000000000000000E+06 # Total source weight or Total source weight / maxcas
# resc3  = 1.00000000000000000E+06 # Total history number or Total batch number
# maxcas =      100000 # History / Batch, only used for istdev=1
# bitrseed = 0101101000001110011101111011110101001001010001111010111000101101 # bit data of rseed
