[ T-SED ]
    title = microdosimetric_spectra_water_photon_PHITS
     mesh =  reg            # mesh type is region-wise
      reg = 1
  se-type =    3            # se-mesh is log given by emin, emax and ne
     emin =  1.0000000E-02  # minimum value of e-mesh points
     emax =   10000.00      # maximum value of e-mesh points
#    edel =  7.6752836E-02  # mesh width of e-mesh points
       ne =  180            # number of e-mesh points
#    data = ( e(i), i = 1, ne + 1 )
#           1.00000E-02  1.07978E-02  1.16591E-02  1.25893E-02  1.35936E-02
#           1.46780E-02  1.58489E-02  1.71133E-02  1.84785E-02  1.99526E-02
#           2.15443E-02  2.32631E-02  2.51189E-02  2.71227E-02  2.92864E-02
#           3.16228E-02  3.41455E-02  3.68695E-02  3.98107E-02  4.29866E-02
#           4.64159E-02  5.01187E-02  5.41170E-02  5.84341E-02  6.30957E-02
#           6.81292E-02  7.35642E-02  7.94328E-02  8.57696E-02  9.26119E-02
#           1.00000E-01  1.07978E-01  1.16591E-01  1.25893E-01  1.35936E-01
#           1.46780E-01  1.58489E-01  1.71133E-01  1.84785E-01  1.99526E-01
#           2.15443E-01  2.32631E-01  2.51189E-01  2.71227E-01  2.92864E-01
#           3.16228E-01  3.41455E-01  3.68695E-01  3.98107E-01  4.29866E-01
#           4.64159E-01  5.01187E-01  5.41170E-01  5.84341E-01  6.30957E-01
#           6.81292E-01  7.35642E-01  7.94328E-01  8.57696E-01  9.26119E-01
#           1.00000E+00  1.07978E+00  1.16591E+00  1.25893E+00  1.35936E+00
#           1.46780E+00  1.58489E+00  1.71133E+00  1.84785E+00  1.99526E+00
#           2.15443E+00  2.32631E+00  2.51189E+00  2.71227E+00  2.92864E+00
#           3.16228E+00  3.41455E+00  3.68695E+00  3.98107E+00  4.29866E+00
#           4.64159E+00  5.01187E+00  5.41170E+00  5.84341E+00  6.30957E+00
#           6.81292E+00  7.35642E+00  7.94328E+00  8.57696E+00  9.26119E+00
#           1.00000E+01  1.07978E+01  1.16591E+01  1.25893E+01  1.35936E+01
#           1.46780E+01  1.58489E+01  1.71133E+01  1.84785E+01  1.99526E+01
#           2.15443E+01  2.32631E+01  2.51189E+01  2.71227E+01  2.92864E+01
#           3.16228E+01  3.41455E+01  3.68695E+01  3.98107E+01  4.29866E+01
#           4.64159E+01  5.01187E+01  5.41170E+01  5.84341E+01  6.30957E+01
#           6.81292E+01  7.35642E+01  7.94328E+01  8.57696E+01  9.26119E+01
#           1.00000E+02  1.07978E+02  1.16591E+02  1.25893E+02  1.35936E+02
#           1.46780E+02  1.58489E+02  1.71133E+02  1.84785E+02  1.99526E+02
#           2.15443E+02  2.32631E+02  2.51189E+02  2.71227E+02  2.92864E+02
#           3.16228E+02  3.41455E+02  3.68695E+02  3.98107E+02  4.29866E+02
#           4.64159E+02  5.01187E+02  5.41170E+02  5.84341E+02  6.30957E+02
#           6.81292E+02  7.35642E+02  7.94328E+02  8.57696E+02  9.26119E+02
#           1.00000E+03  1.07978E+03  1.16591E+03  1.25893E+03  1.35936E+03
#           1.46780E+03  1.58489E+03  1.71133E+03  1.84785E+03  1.99526E+03
#           2.15443E+03  2.32631E+03  2.51189E+03  2.71227E+03  2.92864E+03
#           3.16228E+03  3.41455E+03  3.68695E+03  3.98107E+03  4.29866E+03
#           4.64159E+03  5.01187E+03  5.41170E+03  5.84341E+03  6.30957E+03
#           6.81292E+03  7.35642E+03  7.94328E+03  8.57696E+03  9.26119E+03
#           1.00000E+04
  se-unit =    2            # se-unit is [keV/um]
     unit =    7            # unit is z*f(z) [dimensionless]
    model =    1            # (D=0) Model type 0:old, 1:new
    cdiam = -1.000000       # (D=1.0) diameter of target sphere [um]
   letmat =   -5            # (D=0) mat ID for LET, 0:real mat, <0: electron for H2O
 material =  all            # (D=all) number of specific material
     axis =  sed            # axis of output
     file = yfy_PMMA.out    # file name of output for the above axis
     part =  all      
# kf/name :  0        
#    used :        main (  %)        temp (  %)       total (  %)
#  memory :         183 (  0)           0 (  0)         183 (  0)

#------------------------------------------------------------------------------
#newpage:
#   no. =  1   reg =      1

x: y [keV/um]  
y: y*f(y) [dimensionless]        
p: xlog ylog afac(0.8) form(0.9)
h: n            x            y(all     ),hh0l n  
#  sed-lwr      sed-upr        all       r.err 
   1.0000E-02   1.0798E-02   1.9783E-03  0.0020
   1.0798E-02   1.1659E-02   2.0850E-03  0.0020
   1.1659E-02   1.2589E-02   2.1970E-03  0.0020
   1.2589E-02   1.3594E-02   2.3129E-03  0.0020
   1.3594E-02   1.4678E-02   2.4323E-03  0.0020
   1.4678E-02   1.5849E-02   2.5547E-03  0.0020
   1.5849E-02   1.7113E-02   2.6798E-03  0.0020
   1.7113E-02   1.8478E-02   2.8073E-03  0.0020
   1.8478E-02   1.9953E-02   2.9373E-03  0.0020
   1.9953E-02   2.1544E-02   3.0697E-03  0.0020
   2.1544E-02   2.3263E-02   3.2052E-03  0.0021
   2.3263E-02   2.5119E-02   3.3432E-03  0.0021
   2.5119E-02   2.7123E-02   3.4824E-03  0.0021
   2.7123E-02   2.9286E-02   3.6204E-03  0.0021
   2.9286E-02   3.1623E-02   3.7537E-03  0.0021
   3.1623E-02   3.4145E-02   3.8767E-03  0.0021
   3.4145E-02   3.6869E-02   3.9813E-03  0.0021
   3.6869E-02   3.9811E-02   4.0572E-03  0.0021
   3.9811E-02   4.2987E-02   4.0914E-03  0.0021
   4.2987E-02   4.6416E-02   4.0707E-03  0.0021
   4.6416E-02   5.0119E-02   3.9848E-03  0.0022
   5.0119E-02   5.4117E-02   3.8323E-03  0.0022
   5.4117E-02   5.8434E-02   3.6268E-03  0.0023
   5.8434E-02   6.3096E-02   3.4007E-03  0.0024
   6.3096E-02   6.8129E-02   3.2008E-03  0.0025
   6.8129E-02   7.3564E-02   3.0741E-03  0.0026
   7.3564E-02   7.9433E-02   3.0469E-03  0.0027
   7.9433E-02   8.5770E-02   3.1143E-03  0.0027
   8.5770E-02   9.2612E-02   3.2502E-03  0.0027
   9.2612E-02   1.0000E-01   3.4296E-03  0.0026
   1.0000E-01   1.0798E-01   3.6397E-03  0.0026
   1.0798E-01   1.1659E-01   3.8777E-03  0.0025
   1.1659E-01   1.2589E-01   4.1441E-03  0.0025
   1.2589E-01   1.3594E-01   4.4398E-03  0.0024
   1.3594E-01   1.4678E-01   4.7658E-03  0.0023
   1.4678E-01   1.5849E-01   5.1232E-03  0.0023
   1.5849E-01   1.7113E-01   5.5132E-03  0.0022
   1.7113E-01   1.8478E-01   5.9370E-03  0.0022
   1.8478E-01   1.9953E-01   6.3962E-03  0.0021
   1.9953E-01   2.1544E-01   6.8929E-03  0.0021
   2.1544E-01   2.3263E-01   7.4293E-03  0.0021
   2.3263E-01   2.5119E-01   8.0079E-03  0.0021
   2.5119E-01   2.7123E-01   8.6317E-03  0.0020
   2.7123E-01   2.9286E-01   9.3039E-03  0.0020
   2.9286E-01   3.1623E-01   1.0028E-02  0.0020
   3.1623E-01   3.4145E-01   1.0808E-02  0.0020
   3.4145E-01   3.6869E-01   1.1648E-02  0.0020
   3.6869E-01   3.9811E-01   1.2552E-02  0.0020
   3.9811E-01   4.2987E-01   1.3526E-02  0.0020
   4.2987E-01   4.6416E-01   1.4574E-02  0.0020
   4.6416E-01   5.0119E-01   1.5702E-02  0.0020
   5.0119E-01   5.4117E-01   1.6915E-02  0.0020
   5.4117E-01   5.8434E-01   1.8221E-02  0.0020
   5.8434E-01   6.3096E-01   1.9627E-02  0.0020
   6.3096E-01   6.8129E-01   2.1139E-02  0.0020
   6.8129E-01   7.3564E-01   2.2766E-02  0.0020
   7.3564E-01   7.9433E-01   2.4518E-02  0.0020
   7.9433E-01   8.5770E-01   2.6403E-02  0.0020
   8.5770E-01   9.2612E-01   2.8433E-02  0.0020
   9.2612E-01   1.0000E+00   3.0620E-02  0.0020
   1.0000E+00   1.0798E+00   3.2978E-02  0.0020
   1.0798E+00   1.1659E+00   3.5521E-02  0.0020
   1.1659E+00   1.2589E+00   3.8267E-02  0.0020
   1.2589E+00   1.3594E+00   4.1235E-02  0.0020
   1.3594E+00   1.4678E+00   4.4447E-02  0.0020
   1.4678E+00   1.5849E+00   4.7929E-02  0.0020
   1.5849E+00   1.7113E+00   5.1711E-02  0.0020
   1.7113E+00   1.8478E+00   5.5826E-02  0.0020
   1.8478E+00   1.9953E+00   6.0317E-02  0.0020
   1.9953E+00   2.1544E+00   6.5230E-02  0.0020
   2.1544E+00   2.3263E+00   7.0623E-02  0.0020
   2.3263E+00   2.5119E+00   7.6562E-02  0.0020
   2.5119E+00   2.7123E+00   8.3127E-02  0.0020
   2.7123E+00   2.9286E+00   9.0413E-02  0.0020
   2.9286E+00   3.1623E+00   9.8535E-02  0.0020
   3.1623E+00   3.4145E+00   1.0763E-01  0.0020
   3.4145E+00   3.6869E+00   1.1785E-01  0.0020
   3.6869E+00   3.9811E+00   1.2940E-01  0.0020
   3.9811E+00   4.2987E+00   1.4251E-01  0.0020
   4.2987E+00   4.6416E+00   1.5744E-01  0.0020
   4.6416E+00   5.0119E+00   1.7451E-01  0.0020
   5.0119E+00   5.4117E+00   1.9410E-01  0.0020
   5.4117E+00   5.8434E+00   2.1665E-01  0.0020
   5.8434E+00   6.3096E+00   2.4265E-01  0.0020
   6.3096E+00   6.8129E+00   2.7266E-01  0.0020
   6.8129E+00   7.3564E+00   3.0731E-01  0.0020
   7.3564E+00   7.9433E+00   3.4725E-01  0.0020
   7.9433E+00   8.5770E+00   3.9314E-01  0.0020
   8.5770E+00   9.2612E+00   4.4551E-01  0.0020
   9.2612E+00   1.0000E+01   5.0463E-01  0.0020
   1.0000E+01   1.0798E+01   5.7020E-01  0.0020
   1.0798E+01   1.1659E+01   6.4080E-01  0.0020
   1.1659E+01   1.2589E+01   7.1309E-01  0.0020
   1.2589E+01   1.3594E+01   7.8070E-01  0.0020
   1.3594E+01   1.4678E+01   8.3319E-01  0.0020
   1.4678E+01   1.5849E+01   8.5614E-01  0.0020
   1.5849E+01   1.7113E+01   8.3434E-01  0.0020
   1.7113E+01   1.8478E+01   7.5878E-01  0.0020
   1.8478E+01   1.9953E+01   6.3454E-01  0.0020
   1.9953E+01   2.1544E+01   4.8278E-01  0.0020
   2.1544E+01   2.3263E+01   3.3299E-01  0.0020
   2.3263E+01   2.5119E+01   2.0927E-01  0.0021
   2.5119E+01   2.7123E+01   1.2121E-01  0.0023
   2.7123E+01   2.9286E+01   6.5651E-02  0.0029
   2.9286E+01   3.1623E+01   3.3832E-02  0.0044
   3.1623E+01   3.4145E+01   1.7001E-02  0.0075
   3.4145E+01   3.6869E+01   8.6702E-03  0.0133
   3.6869E+01   3.9811E+01   4.7503E-03  0.0223
   3.9811E+01   4.2987E+01   2.9419E-03  0.0333
   4.2987E+01   4.6416E+01   2.0784E-03  0.0440
   4.6416E+01   5.0119E+01   1.6218E-03  0.0533
   5.0119E+01   5.4117E+01   1.3412E-03  0.0616
   5.4117E+01   5.8434E+01   1.1362E-03  0.0693
   5.8434E+01   6.3096E+01   9.3876E-04  0.0762
   6.3096E+01   6.8129E+01   7.5934E-04  0.0859
   6.8129E+01   7.3564E+01   6.3342E-04  0.0967
   7.3564E+01   7.9433E+01   5.2269E-04  0.1074
   7.9433E+01   8.5770E+01   4.2243E-04  0.1216
   8.5770E+01   9.2612E+01   3.3626E-04  0.1364
   9.2612E+01   1.0000E+02   2.5681E-04  0.1555
   1.0000E+02   1.0798E+02   1.7830E-04  0.1781
   1.0798E+02   1.1659E+02   8.1238E-05  0.2040
   1.1659E+02   1.2589E+02   8.6374E-06  0.2164
   1.2589E+02   1.3594E+02   2.6482E-07  0.2172
   1.3594E+02   1.4678E+02   5.5760E-09  0.2175
   1.4678E+02   1.5849E+02   7.5192E-11  0.2278
   1.5849E+02   1.7113E+02   0.0000E+00  0.0000
   1.7113E+02   1.8478E+02   0.0000E+00  0.0000
   1.8478E+02   1.9953E+02   0.0000E+00  0.0000
   1.9953E+02   2.1544E+02   0.0000E+00  0.0000
   2.1544E+02   2.3263E+02   0.0000E+00  0.0000
   2.3263E+02   2.5119E+02   0.0000E+00  0.0000
   2.5119E+02   2.7123E+02   0.0000E+00  0.0000
   2.7123E+02   2.9286E+02   0.0000E+00  0.0000
   2.9286E+02   3.1623E+02   0.0000E+00  0.0000
   3.1623E+02   3.4145E+02   0.0000E+00  0.0000
   3.4145E+02   3.6869E+02   0.0000E+00  0.0000
   3.6869E+02   3.9811E+02   0.0000E+00  0.0000
   3.9811E+02   4.2987E+02   0.0000E+00  0.0000
   4.2987E+02   4.6416E+02   0.0000E+00  0.0000
   4.6416E+02   5.0119E+02   0.0000E+00  0.0000
   5.0119E+02   5.4117E+02   0.0000E+00  0.0000
   5.4117E+02   5.8434E+02   0.0000E+00  0.0000
   5.8434E+02   6.3096E+02   0.0000E+00  0.0000
   6.3096E+02   6.8129E+02   0.0000E+00  0.0000
   6.8129E+02   7.3564E+02   0.0000E+00  0.0000
   7.3564E+02   7.9433E+02   0.0000E+00  0.0000
   7.9433E+02   8.5770E+02   0.0000E+00  0.0000
   8.5770E+02   9.2612E+02   0.0000E+00  0.0000
   9.2612E+02   1.0000E+03   0.0000E+00  0.0000
   1.0000E+03   1.0798E+03   0.0000E+00  0.0000
   1.0798E+03   1.1659E+03   0.0000E+00  0.0000
   1.1659E+03   1.2589E+03   0.0000E+00  0.0000
   1.2589E+03   1.3594E+03   0.0000E+00  0.0000
   1.3594E+03   1.4678E+03   0.0000E+00  0.0000
   1.4678E+03   1.5849E+03   0.0000E+00  0.0000
   1.5849E+03   1.7113E+03   0.0000E+00  0.0000
   1.7113E+03   1.8478E+03   0.0000E+00  0.0000
   1.8478E+03   1.9953E+03   0.0000E+00  0.0000
   1.9953E+03   2.1544E+03   0.0000E+00  0.0000
   2.1544E+03   2.3263E+03   0.0000E+00  0.0000
   2.3263E+03   2.5119E+03   0.0000E+00  0.0000
   2.5119E+03   2.7123E+03   0.0000E+00  0.0000
   2.7123E+03   2.9286E+03   0.0000E+00  0.0000
   2.9286E+03   3.1623E+03   0.0000E+00  0.0000
   3.1623E+03   3.4145E+03   0.0000E+00  0.0000
   3.4145E+03   3.6869E+03   0.0000E+00  0.0000
   3.6869E+03   3.9811E+03   0.0000E+00  0.0000
   3.9811E+03   4.2987E+03   0.0000E+00  0.0000
   4.2987E+03   4.6416E+03   0.0000E+00  0.0000
   4.6416E+03   5.0119E+03   0.0000E+00  0.0000
   5.0119E+03   5.4117E+03   0.0000E+00  0.0000
   5.4117E+03   5.8434E+03   0.0000E+00  0.0000
   5.8434E+03   6.3096E+03   0.0000E+00  0.0000
   6.3096E+03   6.8129E+03   0.0000E+00  0.0000
   6.8129E+03   7.3564E+03   0.0000E+00  0.0000
   7.3564E+03   7.9433E+03   0.0000E+00  0.0000
   7.9433E+03   8.5770E+03   0.0000E+00  0.0000
   8.5770E+03   9.2612E+03   0.0000E+00  0.0000
   9.2612E+03   1.0000E+04   0.0000E+00  0.0000

#          Frequency mean    2.3712E+01

'no. =  1,  reg  =      1'
msuc: {\huge microdosimetric_spectra_water_photon_PHITS}
msdr: {\it plotted by \ANGEL \version}
msdl: {\it calculated by \PHITS  3.32}
 
# Information for Restart Calculation
# This calculation was newly started
# istdev =  2 # 1:Batch variance, 2:History variance
# resc2  = 1.00000000000000000E+06 # Total source weight or Total source weight / maxcas
# resc3  = 1.00000000000000000E+06 # Total history number or Total batch number
# maxcas =      100000 # History / Batch, only used for istdev=1
# bitrseed = 0101101000001110011101111011110101001001010001111010111000101101 # bit data of rseed
